Log file open, 11/08/22 09:13:27
LogWindows: Failed to load 'aqProf.dll' (GetLastError=126)
LogWindows: File 'aqProf.dll' does not exist
LogWindows: Failed to load 'VtuneApi.dll' (GetLastError=126)
LogWindows: File 'VtuneApi.dll' does not exist
LogWindows: Failed to load 'VtuneApi32e.dll' (GetLastError=126)
LogWindows: File 'VtuneApi32e.dll' does not exist
LogConsoleResponse: Display: Failed to find resolution value strings in scalability ini. Falling back to default.
LogConsoleResponse: Display: Failed to find resolution value strings in scalability ini. Falling back to default.
LogInit: Display: Running engine for game: UE_Course_HW2
LogPlatformFile: Not using cached read wrapper
LogTaskGraph: Started task graph with 5 named threads and 23 total threads with 3 sets of task threads.
LogStats: Stats thread started at 0.501134
LogICUInternationalization: ICU TimeZone Detection - Raw Offset: +2:00, Platform Override: ''
LogInit: Display: Loading text-based GConfig....
LogPluginManager: Mounting plugin MeshPainting
LogPluginManager: Mounting plugin XGEController
LogPluginManager: Mounting plugin Paper2D
LogPluginManager: Mounting plugin LiveLink
LogPluginManager: Mounting plugin AISupport
LogPluginManager: Mounting plugin EnvironmentQueryEditor
LogPluginManager: Mounting plugin LightPropagationVolume
LogPluginManager: Mounting plugin OodleData
LogPluginManager: Mounting plugin GameplayCameras
LogPluginManager: Mounting plugin OodleNetwork
LogPluginManager: Mounting plugin CameraShakePreviewer
LogPluginManager: Mounting plugin AnimationSharing
LogPluginManager: Mounting plugin CLionSourceCodeAccess
LogPluginManager: Mounting plugin CodeLiteSourceCodeAccess
LogPluginManager: Mounting plugin GitSourceControl
LogPluginManager: Mounting plugin KDevelopSourceCodeAccess
LogPluginManager: Mounting plugin NullSourceCodeAccess
LogPluginManager: Mounting plugin PixWinPlugin
LogPluginManager: Mounting plugin PlasticSourceControl
LogPluginManager: Mounting plugin PropertyAccessNode
LogPluginManager: Mounting plugin PluginUtils
LogPluginManager: Mounting plugin SubversionSourceControl
LogPluginManager: Mounting plugin RiderSourceCodeAccess
LogPluginManager: Mounting plugin UObjectPlugin
LogPluginManager: Mounting plugin VisualStudioCodeSourceCodeAccess
LogPluginManager: Mounting plugin VisualStudioSourceCodeAccess
LogPluginManager: Mounting plugin XCodeSourceCodeAccess
LogPluginManager: Mounting plugin AssetManagerEditor
LogPluginManager: Mounting plugin CryptoKeys
LogPluginManager: Mounting plugin CurveEditorTools
LogPluginManager: Mounting plugin DataValidation
LogPluginManager: Mounting plugin FacialAnimation
LogPluginManager: Mounting plugin GameplayTagsEditor
LogPluginManager: Mounting plugin GeometryMode
LogPluginManager: Mounting plugin MacGraphicsSwitching
LogPluginManager: Mounting plugin MaterialAnalyzer
LogPluginManager: Mounting plugin MobileLauncherProfileWizard
LogPluginManager: Mounting plugin PluginBrowser
LogPluginManager: Mounting plugin SpeedTreeImporter
LogPluginManager: Mounting plugin DatasmithContent
LogPluginManager: Mounting plugin VariantManagerContent
LogPluginManager: Mounting plugin Niagara
LogPluginManager: Mounting plugin AlembicImporter
LogPluginManager: Mounting plugin AutomationUtils
LogPluginManager: Mounting plugin BackChannel
LogPluginManager: Mounting plugin ChaosCloth
LogPluginManager: Mounting plugin TextureFormatOodle
LogPluginManager: Mounting plugin ChaosClothEditor
LogPluginManager: Mounting plugin ChaosEditor
LogPluginManager: Mounting plugin ChaosSolverPlugin
LogPluginManager: Mounting plugin ChaosNiagara
LogPluginManager: Mounting plugin CharacterAI
LogPluginManager: Mounting plugin GeometryCache
LogPluginManager: Mounting plugin GeometryCollectionPlugin
LogPluginManager: Mounting plugin GeometryProcessing
LogPluginManager: Mounting plugin MotoSynth
LogPluginManager: Mounting plugin OpenImageDenoise
LogPluginManager: Mounting plugin PlanarCut
LogPluginManager: Mounting plugin PlatformCrypto
LogPluginManager: Mounting plugin ProxyLODPlugin
LogPluginManager: Mounting plugin PythonScriptPlugin
LogPluginManager: Mounting plugin LuminPlatformFeatures
LogPluginManager: Mounting plugin MagicLeap
LogPluginManager: Mounting plugin SkeletalReduction
LogPluginManager: Mounting plugin MagicLeapLightEstimation
LogPluginManager: Mounting plugin MagicLeapMedia
LogPluginManager: Mounting plugin MagicLeapPassableWorld
LogPluginManager: Mounting plugin MLSDK
LogPluginManager: Mounting plugin AndroidMedia
LogPluginManager: Mounting plugin AvfMedia
LogPluginManager: Mounting plugin ImgMedia
LogPluginManager: Mounting plugin MediaCompositing
LogPluginManager: Mounting plugin MediaPlayerEditor
LogPluginManager: Mounting plugin WebMMedia
LogPluginManager: Mounting plugin TcpMessaging
LogPluginManager: Mounting plugin UdpMessaging
LogPluginManager: Mounting plugin ActorSequence
LogPluginManager: Mounting plugin LevelSequenceEditor
LogPluginManager: Mounting plugin MatineeToLevelSequence
LogPluginManager: Mounting plugin TemplateSequence
LogPluginManager: Mounting plugin ActorLayerUtilities
LogPluginManager: Mounting plugin LauncherChunkInstaller
LogPluginManager: Mounting plugin AndroidDeviceProfileSelector
LogPluginManager: Mounting plugin AndroidMoviePlayer
LogPluginManager: Mounting plugin AndroidPermission
LogPluginManager: Mounting plugin AppleImageUtils
LogPluginManager: Mounting plugin WmfMedia
LogPluginManager: Mounting plugin AppleMoviePlayer
LogPluginManager: Mounting plugin ArchVisCharacter
LogPluginManager: Mounting plugin AssetTags
LogPluginManager: Mounting plugin AudioCapture
LogPluginManager: Mounting plugin AudioSynesthesia
LogPluginManager: Mounting plugin CableComponent
LogPluginManager: Mounting plugin ChunkDownloader
LogPluginManager: Mounting plugin CustomMeshComponent
LogPluginManager: Mounting plugin EditableMesh
LogPluginManager: Mounting plugin ExampleDeviceProfileSelector
LogPluginManager: Mounting plugin GoogleCloudMessaging
LogPluginManager: Mounting plugin GooglePAD
LogPluginManager: Mounting plugin IOSDeviceProfileSelector
LogPluginManager: Mounting plugin LinuxDeviceProfileSelector
LogPluginManager: Mounting plugin MobilePatchingUtils
LogPluginManager: Mounting plugin OpenXR
LogPluginManager: Mounting plugin OpenXREyeTracker
LogPluginManager: Mounting plugin OpenXRHandTracking
LogPluginManager: Mounting plugin PhysXVehicles
LogPluginManager: Mounting plugin PostSplashScreen
LogPluginManager: Mounting plugin LocationServicesBPLibrary
LogPluginManager: Mounting plugin ProceduralMeshComponent
LogPluginManager: Mounting plugin PropertyAccessEditor
LogPluginManager: Mounting plugin RuntimePhysXCooking
LogPluginManager: Mounting plugin SignificanceManager
LogPluginManager: Mounting plugin SoundFields
LogPluginManager: Mounting plugin OnlineSubsystem
LogPluginManager: Mounting plugin Synthesis
LogPluginManager: Mounting plugin OnlineSubsystemNull
LogPluginManager: Mounting plugin OnlineSubsystemUtils
LogPluginManager: Mounting plugin WindowsMoviePlayer
LogPluginManager: Mounting plugin WebMMoviePlayer
LogPluginManager: Mounting plugin ScreenshotTools
LogPluginManager: Mounting plugin Takes
LogPluginManager: Mounting plugin PerforceSourceControl
LogPluginManager: Mounting plugin ContentBrowserAssetDataSource
LogPluginManager: Mounting plugin ContentBrowserClassDataSource
LogPluginManager: Mounting plugin ContentBrowserFileDataSource
LogPluginManager: Mounting plugin OnlineSubsystemGooglePlay
LogPluginManager: Mounting plugin OculusVR
LogPluginManager: Mounting plugin OnlineSubsystemIOS
LogPluginManager: Mounting plugin SteamVR
PixWinPlugin: PIX capture plugin failed to initialize! Check that the process is launched from PIX.
LogInit: Using libcurl 7.55.1-DEV
LogInit:  - built for x86_64-pc-win32
LogInit:  - supports SSL with OpenSSL/1.1.1
LogInit:  - supports HTTP deflate (compression) using libz 1.2.8
LogInit:  - other features:
LogInit:      CURL_VERSION_SSL
LogInit:      CURL_VERSION_LIBZ
LogInit:      CURL_VERSION_IPV6
LogInit:      CURL_VERSION_ASYNCHDNS
LogInit:      CURL_VERSION_LARGEFILE
LogInit:      CURL_VERSION_IDN
LogInit:  CurlRequestOptions (configurable via config and command line):
LogInit:  - bVerifyPeer = true  - Libcurl will verify peer certificate
LogInit:  - bUseHttpProxy = false  - Libcurl will NOT use HTTP proxy
LogInit:  - bDontReuseConnections = false  - Libcurl will reuse connections
LogInit:  - MaxHostConnections = 16  - Libcurl will limit the number of connections to a host
LogInit:  - LocalHostAddr = Default
LogInit:  - BufferSize = 65536
LogOnline: OSS: Creating online subsystem instance for: NULL
LogInit: WinSock: version 1.1 (2.2), MaxSocks=32767, MaxUdp=65467
LogOnline: OSS: TryLoadSubsystemAndSetDefault: Loaded subsystem for module [NULL]
LogOculusPluginWrapper: OculusPlugin initialized successfully
LogHMD: Failed initializing OVRPlugin 1.59.0
LogInit: Build: ++UE4+Release-4.27-CL-18319896
LogInit: Engine Version: 4.27.2-18319896+++UE4+Release-4.27
LogInit: Compatible Engine Version: 4.27.0-17155196+++UE4+Release-4.27
LogInit: Net CL: 17155196
LogInit: OS: Windows 10 (Release 2009) (), CPU: 11th Gen Intel(R) Core(TM) i5-1135G7 @ 2.40GHz, GPU: Intel(R) Iris(R) Xe Graphics
LogInit: Compiled (64-bit): Nov 30 2021 07:12:08
LogInit: Compiled with Visual C++: 19.24.28315.00
LogInit: Build Configuration: Development
LogInit: Branch Name: ++UE4+Release-4.27
LogInit: Command Line:  -skipcompile
LogInit: Base Directory: C:/Program Files/Epic Games/UE_4.27/Engine/Binaries/Win64/
LogInit: Allocator: TBB
LogInit: Installed Engine Build: 1
LogDevObjectVersion: Number of dev versions registered: 29
LogDevObjectVersion:   Dev-Blueprints (B0D832E4-1F89-4F0D-ACCF-7EB736FD4AA2): 10
LogDevObjectVersion:   Dev-Build (E1C64328-A22C-4D53-A36C-8E866417BD8C): 0
LogDevObjectVersion:   Dev-Core (375EC13C-06E4-48FB-B500-84F0262A717E): 4
LogDevObjectVersion:   Dev-Editor (E4B068ED-F494-42E9-A231-DA0B2E46BB41): 40
LogDevObjectVersion:   Dev-Framework (CFFC743F-43B0-4480-9391-14DF171D2073): 37
LogDevObjectVersion:   Dev-Mobile (B02B49B5-BB20-44E9-A304-32B752E40360): 3
LogDevObjectVersion:   Dev-Networking (A4E4105C-59A1-49B5-A7C5-40C4547EDFEE): 0
LogDevObjectVersion:   Dev-Online (39C831C9-5AE6-47DC-9A44-9C173E1C8E7C): 0
LogDevObjectVersion:   Dev-Physics (78F01B33-EBEA-4F98-B9B4-84EACCB95AA2): 14
LogDevObjectVersion:   Dev-Platform (6631380F-2D4D-43E0-8009-CF276956A95A): 0
LogDevObjectVersion:   Dev-Rendering (12F88B9F-8875-4AFC-A67C-D90C383ABD29): 45
LogDevObjectVersion:   Dev-Sequencer (7B5AE74C-D270-4C10-A958-57980B212A5A): 13
LogDevObjectVersion:   Dev-VR (D7296918-1DD6-4BDD-9DE2-64A83CC13884): 3
LogDevObjectVersion:   Dev-LoadTimes (C2A15278-BFE7-4AFE-6C17-90FF531DF755): 1
LogDevObjectVersion:   Private-Geometry (6EACA3D4-40EC-4CC1-B786-8BED09428FC5): 3
LogDevObjectVersion:   Dev-AnimPhys (29E575DD-E0A3-4627-9D10-D276232CDCEA): 17
LogDevObjectVersion:   Dev-Anim (AF43A65D-7FD3-4947-9873-3E8ED9C1BB05): 15
LogDevObjectVersion:   Dev-ReflectionCapture (6B266CEC-1EC7-4B8F-A30B-E4D90942FC07): 1
LogDevObjectVersion:   Dev-Automation (0DF73D61-A23F-47EA-B727-89E90C41499A): 1
LogDevObjectVersion:   FortniteMain (601D1886-AC64-4F84-AA16-D3DE0DEAC7D6): 47
LogDevObjectVersion:   FortniteRelease (E7086368-6B23-4C58-8439-1B7016265E91): 1
LogDevObjectVersion:   Dev-Enterprise (9DFFBCD6-494F-0158-E221-12823C92A888): 10
LogDevObjectVersion:   Dev-Niagara (F2AED0AC-9AFE-416F-8664-AA7FFA26D6FC): 1
LogDevObjectVersion:   Dev-Destruction (174F1F0B-B4C6-45A5-B13F-2EE8D0FB917D): 10
LogDevObjectVersion:   Dev-Physics-Ext (35F94A83-E258-406C-A318-09F59610247C): 41
LogDevObjectVersion:   Dev-PhysicsMaterial-Chaos (B68FC16E-8B1B-42E2-B453-215C058844FE): 1
LogDevObjectVersion:   Dev-CineCamera (B2E18506-4273-CFC2-A54E-F4BB758BBA07): 1
LogDevObjectVersion:   Dev-VirtualProduction (64F58936-FD1B-42BA-BA96-7289D5D0FA4E): 1
LogDevObjectVersion:   Dev-MediaFramework (6F0ED827-A609-4895-9C91-998D90180EA4): 2
LogInit: Presizing for max 25165824 objects, including 0 objects not considered by GC, pre-allocating 0 bytes for permanent pool.
LogConfig: Applying CVar settings from Section [/Script/Engine.StreamingSettings] File [C:/Users/Anastasia/Documents/Unreal Projects/UE_Course_HW2/Saved/Config/Windows/Engine.ini]
LogConfig: Setting CVar [[s.MinBulkDataSizeForAsyncLoading:131072]]
LogConfig: Setting CVar [[s.AsyncLoadingThreadEnabled:0]]
LogConfig: Setting CVar [[s.EventDrivenLoaderEnabled:1]]
LogConfig: Setting CVar [[s.WarnIfTimeLimitExceeded:0]]
LogConfig: Setting CVar [[s.TimeLimitExceededMultiplier:1.5]]
LogConfig: Setting CVar [[s.TimeLimitExceededMinTime:0.005]]
LogConfig: Setting CVar [[s.UseBackgroundLevelStreaming:1]]
LogConfig: Setting CVar [[s.PriorityAsyncLoadingExtraTime:15.0]]
LogConfig: Setting CVar [[s.LevelStreamingActorsUpdateTimeLimit:5.0]]
LogConfig: Setting CVar [[s.PriorityLevelStreamingActorsUpdateExtraTime:5.0]]
LogConfig: Setting CVar [[s.LevelStreamingComponentsRegistrationGranularity:10]]
LogConfig: Setting CVar [[s.UnregisterComponentsTimeLimit:1.0]]
LogConfig: Setting CVar [[s.LevelStreamingComponentsUnregistrationGranularity:5]]
LogConfig: Setting CVar [[s.FlushStreamingOnExit:1]]
LogInit: Object subsystem initialized
LogConfig: Setting CVar [[con.DebugEarlyDefault:1]]
LogConfig: Setting CVar [[r.setres:1280x720]]
[2022.11.08-07.13.28:870][  0]LogConfig: Setting CVar [[r.VSync:0]]
[2022.11.08-07.13.28:870][  0]LogConfig: Setting CVar [[r.RHICmdBypass:0]]
[2022.11.08-07.13.28:871][  0]LogConfig: Applying CVar settings from Section [/Script/Engine.RendererSettings] File [C:/Users/Anastasia/Documents/Unreal Projects/UE_Course_HW2/Saved/Config/Windows/Engine.ini]
[2022.11.08-07.13.28:871][  0]LogConfig: Setting CVar [[r.GPUCrashDebugging:0]]
[2022.11.08-07.13.28:871][  0]LogConfig: Applying CVar settings from Section [/Script/Engine.RendererOverrideSettings] File [C:/Users/Anastasia/Documents/Unreal Projects/UE_Course_HW2/Saved/Config/Windows/Engine.ini]
[2022.11.08-07.13.28:871][  0]LogConfig: Applying CVar settings from Section [/Script/Engine.StreamingSettings] File [C:/Users/Anastasia/Documents/Unreal Projects/UE_Course_HW2/Saved/Config/Windows/Engine.ini]
[2022.11.08-07.13.28:871][  0]LogConfig: Setting CVar [[s.MinBulkDataSizeForAsyncLoading:131072]]
[2022.11.08-07.13.28:871][  0]LogConfig: Setting CVar [[s.AsyncLoadingThreadEnabled:0]]
[2022.11.08-07.13.28:871][  0]LogConfig: Setting CVar [[s.EventDrivenLoaderEnabled:1]]
[2022.11.08-07.13.28:871][  0]LogConfig: Setting CVar [[s.WarnIfTimeLimitExceeded:0]]
[2022.11.08-07.13.28:871][  0]LogConfig: Setting CVar [[s.TimeLimitExceededMultiplier:1.5]]
[2022.11.08-07.13.28:871][  0]LogConfig: Setting CVar [[s.TimeLimitExceededMinTime:0.005]]
[2022.11.08-07.13.28:871][  0]LogConfig: Setting CVar [[s.UseBackgroundLevelStreaming:1]]
[2022.11.08-07.13.28:871][  0]LogConfig: Setting CVar [[s.PriorityAsyncLoadingExtraTime:15.0]]
[2022.11.08-07.13.28:871][  0]LogConfig: Setting CVar [[s.LevelStreamingActorsUpdateTimeLimit:5.0]]
[2022.11.08-07.13.28:871][  0]LogConfig: Setting CVar [[s.PriorityLevelStreamingActorsUpdateExtraTime:5.0]]
[2022.11.08-07.13.28:871][  0]LogConfig: Setting CVar [[s.LevelStreamingComponentsRegistrationGranularity:10]]
[2022.11.08-07.13.28:871][  0]LogConfig: Setting CVar [[s.UnregisterComponentsTimeLimit:1.0]]
[2022.11.08-07.13.28:871][  0]LogConfig: Setting CVar [[s.LevelStreamingComponentsUnregistrationGranularity:5]]
[2022.11.08-07.13.28:872][  0]LogConfig: Setting CVar [[s.FlushStreamingOnExit:1]]
[2022.11.08-07.13.28:872][  0]LogConfig: Applying CVar settings from Section [/Script/Engine.GarbageCollectionSettings] File [C:/Users/Anastasia/Documents/Unreal Projects/UE_Course_HW2/Saved/Config/Windows/Engine.ini]
[2022.11.08-07.13.28:872][  0]LogConfig: Setting CVar [[gc.MaxObjectsNotConsideredByGC:1]]
[2022.11.08-07.13.28:872][  0]LogConfig: Setting CVar [[gc.SizeOfPermanentObjectPool:0]]
[2022.11.08-07.13.28:872][  0]LogConfig: Setting CVar [[gc.FlushStreamingOnGC:0]]
[2022.11.08-07.13.28:872][  0]LogConfig: Setting CVar [[gc.NumRetriesBeforeForcingGC:10]]
[2022.11.08-07.13.28:872][  0]LogConfig: Setting CVar [[gc.AllowParallelGC:1]]
[2022.11.08-07.13.28:872][  0]LogConfig: Setting CVar [[gc.TimeBetweenPurgingPendingKillObjects:61.1]]
[2022.11.08-07.13.28:872][  0]LogConfig: Setting CVar [[gc.MaxObjectsInEditor:25165824]]
[2022.11.08-07.13.28:872][  0]LogConfig: Setting CVar [[gc.IncrementalBeginDestroyEnabled:1]]
[2022.11.08-07.13.28:872][  0]LogConfig: Setting CVar [[gc.CreateGCClusters:1]]
[2022.11.08-07.13.28:872][  0]LogConfig: Setting CVar [[gc.MinGCClusterSize:5]]
[2022.11.08-07.13.28:872][  0]LogConfig: Setting CVar [[gc.ActorClusteringEnabled:0]]
[2022.11.08-07.13.28:872][  0]LogConfig: Setting CVar [[gc.BlueprintClusteringEnabled:0]]
[2022.11.08-07.13.28:872][  0]LogConfig: Setting CVar [[gc.UseDisregardForGCOnDedicatedServers:0]]
[2022.11.08-07.13.28:872][  0]LogConfig: Setting CVar [[gc.MultithreadedDestructionEnabled:1]]
[2022.11.08-07.13.28:872][  0]LogConfig: Applying CVar settings from Section [/Script/Engine.NetworkSettings] File [C:/Users/Anastasia/Documents/Unreal Projects/UE_Course_HW2/Saved/Config/Windows/Engine.ini]
[2022.11.08-07.13.28:872][  0]LogConfig: Applying CVar settings from Section [/Script/UnrealEd.CookerSettings] File [C:/Users/Anastasia/Documents/Unreal Projects/UE_Course_HW2/Saved/Config/Windows/Engine.ini]
[2022.11.08-07.13.28:882][  0]LogConfig: Applying CVar settings from Section [ViewDistanceQuality@3] File [C:/Users/Anastasia/Documents/Unreal Projects/UE_Course_HW2/Saved/Config/Windows/Scalability.ini]
[2022.11.08-07.13.28:882][  0]LogConfig: Setting CVar [[r.SkeletalMeshLODBias:0]]
[2022.11.08-07.13.28:882][  0]LogConfig: Setting CVar [[r.ViewDistanceScale:1.0]]
[2022.11.08-07.13.28:882][  0]LogConfig: Applying CVar settings from Section [AntiAliasingQuality@3] File [C:/Users/Anastasia/Documents/Unreal Projects/UE_Course_HW2/Saved/Config/Windows/Scalability.ini]
[2022.11.08-07.13.28:882][  0]LogConfig: Setting CVar [[r.PostProcessAAQuality:4]]
[2022.11.08-07.13.28:882][  0]LogConfig: Applying CVar settings from Section [ShadowQuality@3] File [C:/Users/Anastasia/Documents/Unreal Projects/UE_Course_HW2/Saved/Config/Windows/Scalability.ini]
[2022.11.08-07.13.28:882][  0]LogConfig: Setting CVar [[r.LightFunctionQuality:1]]
[2022.11.08-07.13.28:882][  0]LogConfig: Setting CVar [[r.ShadowQuality:5]]
[2022.11.08-07.13.28:882][  0]LogConfig: Setting CVar [[r.Shadow.CSM.MaxCascades:10]]
[2022.11.08-07.13.28:883][  0]LogConfig: Setting CVar [[r.Shadow.MaxResolution:2048]]
[2022.11.08-07.13.28:883][  0]LogConfig: Setting CVar [[r.Shadow.MaxCSMResolution:2048]]
[2022.11.08-07.13.28:883][  0]LogConfig: Setting CVar [[r.Shadow.RadiusThreshold:0.01]]
[2022.11.08-07.13.28:883][  0]LogConfig: Setting CVar [[r.Shadow.DistanceScale:1.0]]
[2022.11.08-07.13.28:883][  0]LogConfig: Setting CVar [[r.Shadow.CSM.TransitionScale:1.0]]
[2022.11.08-07.13.28:883][  0]LogConfig: Setting CVar [[r.Shadow.PreShadowResolutionFactor:1.0]]
[2022.11.08-07.13.28:883][  0]LogConfig: Setting CVar [[r.DistanceFieldShadowing:1]]
[2022.11.08-07.13.28:883][  0]LogConfig: Setting CVar [[r.DistanceFieldAO:1]]
[2022.11.08-07.13.28:883][  0]LogConfig: Setting CVar [[r.AOQuality:2]]
[2022.11.08-07.13.28:883][  0]LogConfig: Setting CVar [[r.VolumetricFog:1]]
[2022.11.08-07.13.28:883][  0]LogConfig: Setting CVar [[r.VolumetricFog.GridPixelSize:8]]
[2022.11.08-07.13.28:883][  0]LogConfig: Setting CVar [[r.VolumetricFog.GridSizeZ:128]]
[2022.11.08-07.13.28:883][  0]LogConfig: Setting CVar [[r.VolumetricFog.HistoryMissSupersampleCount:4]]
[2022.11.08-07.13.28:883][  0]LogConfig: Setting CVar [[r.LightMaxDrawDistanceScale:1]]
[2022.11.08-07.13.28:883][  0]LogConfig: Setting CVar [[r.CapsuleShadows:1]]
[2022.11.08-07.13.28:883][  0]LogConfig: Applying CVar settings from Section [PostProcessQuality@3] File [C:/Users/Anastasia/Documents/Unreal Projects/UE_Course_HW2/Saved/Config/Windows/Scalability.ini]
[2022.11.08-07.13.28:883][  0]LogConfig: Setting CVar [[r.MotionBlurQuality:4]]
[2022.11.08-07.13.28:883][  0]LogConfig: Setting CVar [[r.AmbientOcclusionMipLevelFactor:0.4]]
[2022.11.08-07.13.28:883][  0]LogConfig: Setting CVar [[r.AmbientOcclusionMaxQuality:100]]
[2022.11.08-07.13.28:883][  0]LogConfig: Setting CVar [[r.AmbientOcclusionLevels:-1]]
[2022.11.08-07.13.28:884][  0]LogConfig: Setting CVar [[r.AmbientOcclusionRadiusScale:1.0]]
[2022.11.08-07.13.28:884][  0]LogConfig: Setting CVar [[r.DepthOfFieldQuality:2]]
[2022.11.08-07.13.28:884][  0]LogConfig: Setting CVar [[r.RenderTargetPoolMin:400]]
[2022.11.08-07.13.28:884][  0]LogConfig: Setting CVar [[r.LensFlareQuality:2]]
[2022.11.08-07.13.28:884][  0]LogConfig: Setting CVar [[r.SceneColorFringeQuality:1]]
[2022.11.08-07.13.28:884][  0]LogConfig: Setting CVar [[r.EyeAdaptationQuality:2]]
[2022.11.08-07.13.28:884][  0]LogConfig: Setting CVar [[r.BloomQuality:5]]
[2022.11.08-07.13.28:884][  0]LogConfig: Setting CVar [[r.FastBlurThreshold:100]]
[2022.11.08-07.13.28:884][  0]LogConfig: Setting CVar [[r.Upscale.Quality:3]]
[2022.11.08-07.13.28:884][  0]LogConfig: Setting CVar [[r.Tonemapper.GrainQuantization:1]]
[2022.11.08-07.13.28:884][  0]LogConfig: Setting CVar [[r.LightShaftQuality:1]]
[2022.11.08-07.13.28:884][  0]LogConfig: Setting CVar [[r.Filter.SizeScale:1]]
[2022.11.08-07.13.28:884][  0]LogConfig: Setting CVar [[r.Tonemapper.Quality:5]]
[2022.11.08-07.13.28:884][  0]LogConfig: Setting CVar [[r.DOF.Gather.AccumulatorQuality:1        ; higher gathering accumulator quality]]
[2022.11.08-07.13.28:884][  0]LogConfig: Setting CVar [[r.DOF.Gather.PostfilterMethod:1          ; Median3x3 postfilering method]]
[2022.11.08-07.13.28:884][  0]LogConfig: Setting CVar [[r.DOF.Gather.EnableBokehSettings:0       ; no bokeh simulation when gathering]]
[2022.11.08-07.13.28:884][  0]LogConfig: Setting CVar [[r.DOF.Gather.RingCount:4                 ; medium number of samples when gathering]]
[2022.11.08-07.13.28:884][  0]LogConfig: Setting CVar [[r.DOF.Scatter.ForegroundCompositing:1    ; additive foreground scattering]]
[2022.11.08-07.13.28:884][  0]LogConfig: Setting CVar [[r.DOF.Scatter.BackgroundCompositing:2    ; additive background scattering]]
[2022.11.08-07.13.28:885][  0]LogConfig: Setting CVar [[r.DOF.Scatter.EnableBokehSettings:1      ; bokeh simulation when scattering]]
[2022.11.08-07.13.28:885][  0]LogConfig: Setting CVar [[r.DOF.Scatter.MaxSpriteRatio:0.1         ; only a maximum of 10% of scattered bokeh]]
[2022.11.08-07.13.28:885][  0]LogConfig: Setting CVar [[r.DOF.Recombine.Quality:1                ; cheap slight out of focus]]
[2022.11.08-07.13.28:885][  0]LogConfig: Setting CVar [[r.DOF.Recombine.EnableBokehSettings:0    ; no bokeh simulation on slight out of focus]]
[2022.11.08-07.13.28:886][  0]LogConfig: Setting CVar [[r.DOF.TemporalAAQuality:1                ; more stable temporal accumulation]]
[2022.11.08-07.13.28:886][  0]LogConfig: Setting CVar [[r.DOF.Kernel.MaxForegroundRadius:0.025]]
[2022.11.08-07.13.28:886][  0]LogConfig: Setting CVar [[r.DOF.Kernel.MaxBackgroundRadius:0.025]]
[2022.11.08-07.13.28:886][  0]LogConfig: Applying CVar settings from Section [TextureQuality@3] File [C:/Users/Anastasia/Documents/Unreal Projects/UE_Course_HW2/Saved/Config/Windows/Scalability.ini]
[2022.11.08-07.13.28:886][  0]LogConfig: Setting CVar [[r.Streaming.MipBias:0]]
[2022.11.08-07.13.28:886][  0]LogConfig: Setting CVar [[r.Streaming.AmortizeCPUToGPUCopy:0]]
[2022.11.08-07.13.28:886][  0]LogConfig: Setting CVar [[r.Streaming.MaxNumTexturesToStreamPerFrame:0]]
[2022.11.08-07.13.28:886][  0]LogConfig: Setting CVar [[r.Streaming.Boost:1]]
[2022.11.08-07.13.28:886][  0]LogConfig: Setting CVar [[r.MaxAnisotropy:8]]
[2022.11.08-07.13.28:886][  0]LogConfig: Setting CVar [[r.VT.MaxAnisotropy:8]]
[2022.11.08-07.13.28:886][  0]LogConfig: Setting CVar [[r.Streaming.LimitPoolSizeToVRAM:0]]
[2022.11.08-07.13.28:886][  0]LogConfig: Setting CVar [[r.Streaming.PoolSize:1000]]
[2022.11.08-07.13.28:886][  0]LogConfig: Setting CVar [[r.Streaming.MaxEffectiveScreenSize:0]]
[2022.11.08-07.13.28:886][  0]LogConfig: Applying CVar settings from Section [EffectsQuality@3] File [C:/Users/Anastasia/Documents/Unreal Projects/UE_Course_HW2/Saved/Config/Windows/Scalability.ini]
[2022.11.08-07.13.28:886][  0]LogConfig: Setting CVar [[r.TranslucencyLightingVolumeDim:64]]
[2022.11.08-07.13.28:886][  0]LogConfig: Setting CVar [[r.RefractionQuality:2]]
[2022.11.08-07.13.28:886][  0]LogConfig: Setting CVar [[r.SSR.Quality:3]]
[2022.11.08-07.13.28:886][  0]LogConfig: Setting CVar [[r.SSR.HalfResSceneColor:0]]
[2022.11.08-07.13.28:886][  0]LogConfig: Setting CVar [[r.SceneColorFormat:4]]
[2022.11.08-07.13.28:886][  0]LogConfig: Setting CVar [[r.DetailMode:2]]
[2022.11.08-07.13.28:886][  0]LogConfig: Setting CVar [[r.TranslucencyVolumeBlur:1]]
[2022.11.08-07.13.28:886][  0]LogConfig: Setting CVar [[r.MaterialQualityLevel:1 ; High quality]]
[2022.11.08-07.13.28:886][  0]LogConfig: Setting CVar [[r.AnisotropicMaterials:1]]
[2022.11.08-07.13.28:887][  0]LogConfig: Setting CVar [[r.SSS.Scale:1]]
[2022.11.08-07.13.28:887][  0]LogConfig: Setting CVar [[r.SSS.SampleSet:2]]
[2022.11.08-07.13.28:887][  0]LogConfig: Setting CVar [[r.SSS.Quality:1]]
[2022.11.08-07.13.28:887][  0]LogConfig: Setting CVar [[r.SSS.HalfRes:0]]
[2022.11.08-07.13.28:887][  0]LogConfig: Setting CVar [[r.SSGI.Quality:3]]
[2022.11.08-07.13.28:887][  0]LogConfig: Setting CVar [[r.EmitterSpawnRateScale:1.0]]
[2022.11.08-07.13.28:887][  0]LogConfig: Setting CVar [[r.ParticleLightQuality:2]]
[2022.11.08-07.13.28:887][  0]LogConfig: Setting CVar [[r.SkyAtmosphere.AerialPerspectiveLUT.FastApplyOnOpaque:1 ; Always have FastSkyLUT 1 in this case to avoid wrong sky]]
[2022.11.08-07.13.28:887][  0]LogConfig: Setting CVar [[r.SkyAtmosphere.AerialPerspectiveLUT.SampleCountMaxPerSlice:4]]
[2022.11.08-07.13.28:887][  0]LogConfig: Setting CVar [[r.SkyAtmosphere.AerialPerspectiveLUT.DepthResolution:16.0]]
[2022.11.08-07.13.28:887][  0]LogConfig: Setting CVar [[r.SkyAtmosphere.FastSkyLUT:1]]
[2022.11.08-07.13.28:887][  0]LogConfig: Setting CVar [[r.SkyAtmosphere.FastSkyLUT.SampleCountMin:4.0]]
[2022.11.08-07.13.28:887][  0]LogConfig: Setting CVar [[r.SkyAtmosphere.FastSkyLUT.SampleCountMax:128.0]]
[2022.11.08-07.13.28:887][  0]LogConfig: Setting CVar [[r.SkyAtmosphere.SampleCountMin:4.0]]
[2022.11.08-07.13.28:887][  0]LogConfig: Setting CVar [[r.SkyAtmosphere.SampleCountMax:128.0]]
[2022.11.08-07.13.28:887][  0]LogConfig: Setting CVar [[r.SkyAtmosphere.TransmittanceLUT.UseSmallFormat:0]]
[2022.11.08-07.13.28:887][  0]LogConfig: Setting CVar [[r.SkyAtmosphere.TransmittanceLUT.SampleCount:10.0]]
[2022.11.08-07.13.28:888][  0]LogConfig: Setting CVar [[r.SkyAtmosphere.MultiScatteringLUT.SampleCount:15.0]]
[2022.11.08-07.13.28:888][  0]LogConfig: Setting CVar [[r.SkyLight.RealTimeReflectionCapture:1]]
[2022.11.08-07.13.28:888][  0]LogConfig: Applying CVar settings from Section [FoliageQuality@3] File [C:/Users/Anastasia/Documents/Unreal Projects/UE_Course_HW2/Saved/Config/Windows/Scalability.ini]
[2022.11.08-07.13.28:888][  0]LogConfig: Setting CVar [[foliage.DensityScale:1.0]]
[2022.11.08-07.13.28:888][  0]LogConfig: Setting CVar [[grass.DensityScale:1.0]]
[2022.11.08-07.13.28:888][  0]LogConfig: Applying CVar settings from Section [ShadingQuality@3] File [C:/Users/Anastasia/Documents/Unreal Projects/UE_Course_HW2/Saved/Config/Windows/Scalability.ini]
[2022.11.08-07.13.28:888][  0]LogConfig: Setting CVar [[r.HairStrands.SkyLighting.IntegrationType:2]]
[2022.11.08-07.13.28:888][  0]LogConfig: Setting CVar [[r.HairStrands.SkyAO.SampleCount:4]]
[2022.11.08-07.13.28:888][  0]LogConfig: Setting CVar [[r.HairStrands.Visibility.MSAA.SamplePerPixel:4]]
[2022.11.08-07.13.28:888][  0]LogInit: Selected Device Profile: [Windows]
[2022.11.08-07.13.28:888][  0]LogInit: Applying CVar settings loaded from the selected device profile: [Windows]
[2022.11.08-07.13.28:888][  0]LogHAL: Display: Platform has ~ 16 GB [16859586560 / 17179869184 / 16], which maps to Larger [LargestMinGB=32, LargerMinGB=12, DefaultMinGB=8, SmallerMinGB=6, SmallestMinGB=0)
[2022.11.08-07.13.28:888][  0]LogInit: Going up to parent DeviceProfile []
[2022.11.08-07.13.28:888][  0]LogConfig: Applying CVar settings from Section [ViewDistanceQuality@3] File [C:/Users/Anastasia/Documents/Unreal Projects/UE_Course_HW2/Saved/Config/Windows/Scalability.ini]
[2022.11.08-07.13.28:889][  0]LogConfig: Setting CVar [[r.SkeletalMeshLODBias:0]]
[2022.11.08-07.13.28:889][  0]LogConfig: Setting CVar [[r.ViewDistanceScale:1.0]]
[2022.11.08-07.13.28:889][  0]LogConfig: Applying CVar settings from Section [AntiAliasingQuality@3] File [C:/Users/Anastasia/Documents/Unreal Projects/UE_Course_HW2/Saved/Config/Windows/Scalability.ini]
[2022.11.08-07.13.28:889][  0]LogConfig: Setting CVar [[r.PostProcessAAQuality:4]]
[2022.11.08-07.13.28:889][  0]LogConfig: Applying CVar settings from Section [ShadowQuality@3] File [C:/Users/Anastasia/Documents/Unreal Projects/UE_Course_HW2/Saved/Config/Windows/Scalability.ini]
[2022.11.08-07.13.28:889][  0]LogConfig: Setting CVar [[r.LightFunctionQuality:1]]
[2022.11.08-07.13.28:889][  0]LogConfig: Setting CVar [[r.ShadowQuality:5]]
[2022.11.08-07.13.28:889][  0]LogConfig: Setting CVar [[r.Shadow.CSM.MaxCascades:10]]
[2022.11.08-07.13.28:889][  0]LogConfig: Setting CVar [[r.Shadow.MaxResolution:2048]]
[2022.11.08-07.13.28:889][  0]LogConfig: Setting CVar [[r.Shadow.MaxCSMResolution:2048]]
[2022.11.08-07.13.28:889][  0]LogConfig: Setting CVar [[r.Shadow.RadiusThreshold:0.01]]
[2022.11.08-07.13.28:889][  0]LogConfig: Setting CVar [[r.Shadow.DistanceScale:1.0]]
[2022.11.08-07.13.28:889][  0]LogConfig: Setting CVar [[r.Shadow.CSM.TransitionScale:1.0]]
[2022.11.08-07.13.28:889][  0]LogConfig: Setting CVar [[r.Shadow.PreShadowResolutionFactor:1.0]]
[2022.11.08-07.13.28:889][  0]LogConfig: Setting CVar [[r.DistanceFieldShadowing:1]]
[2022.11.08-07.13.28:889][  0]LogConfig: Setting CVar [[r.DistanceFieldAO:1]]
[2022.11.08-07.13.28:889][  0]LogConfig: Setting CVar [[r.AOQuality:2]]
[2022.11.08-07.13.28:889][  0]LogConfig: Setting CVar [[r.VolumetricFog:1]]
[2022.11.08-07.13.28:889][  0]LogConfig: Setting CVar [[r.VolumetricFog.GridPixelSize:8]]
[2022.11.08-07.13.28:889][  0]LogConfig: Setting CVar [[r.VolumetricFog.GridSizeZ:128]]
[2022.11.08-07.13.28:889][  0]LogConfig: Setting CVar [[r.VolumetricFog.HistoryMissSupersampleCount:4]]
[2022.11.08-07.13.28:890][  0]LogConfig: Setting CVar [[r.LightMaxDrawDistanceScale:1]]
[2022.11.08-07.13.28:890][  0]LogConfig: Setting CVar [[r.CapsuleShadows:1]]
[2022.11.08-07.13.28:890][  0]LogConfig: Applying CVar settings from Section [PostProcessQuality@3] File [C:/Users/Anastasia/Documents/Unreal Projects/UE_Course_HW2/Saved/Config/Windows/Scalability.ini]
[2022.11.08-07.13.28:890][  0]LogConfig: Setting CVar [[r.MotionBlurQuality:4]]
[2022.11.08-07.13.28:890][  0]LogConfig: Setting CVar [[r.AmbientOcclusionMipLevelFactor:0.4]]
[2022.11.08-07.13.28:890][  0]LogConfig: Setting CVar [[r.AmbientOcclusionMaxQuality:100]]
[2022.11.08-07.13.28:890][  0]LogConfig: Setting CVar [[r.AmbientOcclusionLevels:-1]]
[2022.11.08-07.13.28:890][  0]LogConfig: Setting CVar [[r.AmbientOcclusionRadiusScale:1.0]]
[2022.11.08-07.13.28:890][  0]LogConfig: Setting CVar [[r.DepthOfFieldQuality:2]]
[2022.11.08-07.13.28:890][  0]LogConfig: Setting CVar [[r.RenderTargetPoolMin:400]]
[2022.11.08-07.13.28:890][  0]LogConfig: Setting CVar [[r.LensFlareQuality:2]]
[2022.11.08-07.13.28:890][  0]LogConfig: Setting CVar [[r.SceneColorFringeQuality:1]]
[2022.11.08-07.13.28:890][  0]LogConfig: Setting CVar [[r.EyeAdaptationQuality:2]]
[2022.11.08-07.13.28:890][  0]LogConfig: Setting CVar [[r.BloomQuality:5]]
[2022.11.08-07.13.28:890][  0]LogConfig: Setting CVar [[r.FastBlurThreshold:100]]
[2022.11.08-07.13.28:890][  0]LogConfig: Setting CVar [[r.Upscale.Quality:3]]
[2022.11.08-07.13.28:890][  0]LogConfig: Setting CVar [[r.Tonemapper.GrainQuantization:1]]
[2022.11.08-07.13.28:890][  0]LogConfig: Setting CVar [[r.LightShaftQuality:1]]
[2022.11.08-07.13.28:890][  0]LogConfig: Setting CVar [[r.Filter.SizeScale:1]]
[2022.11.08-07.13.28:890][  0]LogConfig: Setting CVar [[r.Tonemapper.Quality:5]]
[2022.11.08-07.13.28:890][  0]LogConfig: Setting CVar [[r.DOF.Gather.AccumulatorQuality:1        ; higher gathering accumulator quality]]
[2022.11.08-07.13.28:891][  0]LogConfig: Setting CVar [[r.DOF.Gather.PostfilterMethod:1          ; Median3x3 postfilering method]]
[2022.11.08-07.13.28:891][  0]LogConfig: Setting CVar [[r.DOF.Gather.EnableBokehSettings:0       ; no bokeh simulation when gathering]]
[2022.11.08-07.13.28:891][  0]LogConfig: Setting CVar [[r.DOF.Gather.RingCount:4                 ; medium number of samples when gathering]]
[2022.11.08-07.13.28:891][  0]LogConfig: Setting CVar [[r.DOF.Scatter.ForegroundCompositing:1    ; additive foreground scattering]]
[2022.11.08-07.13.28:891][  0]LogConfig: Setting CVar [[r.DOF.Scatter.BackgroundCompositing:2    ; additive background scattering]]
[2022.11.08-07.13.28:891][  0]LogConfig: Setting CVar [[r.DOF.Scatter.EnableBokehSettings:1      ; bokeh simulation when scattering]]
[2022.11.08-07.13.28:891][  0]LogConfig: Setting CVar [[r.DOF.Scatter.MaxSpriteRatio:0.1         ; only a maximum of 10% of scattered bokeh]]
[2022.11.08-07.13.28:891][  0]LogConfig: Setting CVar [[r.DOF.Recombine.Quality:1                ; cheap slight out of focus]]
[2022.11.08-07.13.28:891][  0]LogConfig: Setting CVar [[r.DOF.Recombine.EnableBokehSettings:0    ; no bokeh simulation on slight out of focus]]
[2022.11.08-07.13.28:891][  0]LogConfig: Setting CVar [[r.DOF.TemporalAAQuality:1                ; more stable temporal accumulation]]
[2022.11.08-07.13.28:891][  0]LogConfig: Setting CVar [[r.DOF.Kernel.MaxForegroundRadius:0.025]]
[2022.11.08-07.13.28:891][  0]LogConfig: Setting CVar [[r.DOF.Kernel.MaxBackgroundRadius:0.025]]
[2022.11.08-07.13.28:891][  0]LogConfig: Applying CVar settings from Section [TextureQuality@3] File [C:/Users/Anastasia/Documents/Unreal Projects/UE_Course_HW2/Saved/Config/Windows/Scalability.ini]
[2022.11.08-07.13.28:891][  0]LogConfig: Setting CVar [[r.Streaming.MipBias:0]]
[2022.11.08-07.13.28:891][  0]LogConfig: Setting CVar [[r.Streaming.AmortizeCPUToGPUCopy:0]]
[2022.11.08-07.13.28:891][  0]LogConfig: Setting CVar [[r.Streaming.MaxNumTexturesToStreamPerFrame:0]]
[2022.11.08-07.13.28:891][  0]LogConfig: Setting CVar [[r.Streaming.Boost:1]]
[2022.11.08-07.13.28:891][  0]LogConfig: Setting CVar [[r.MaxAnisotropy:8]]
[2022.11.08-07.13.28:891][  0]LogConfig: Setting CVar [[r.VT.MaxAnisotropy:8]]
[2022.11.08-07.13.28:892][  0]LogConfig: Setting CVar [[r.Streaming.LimitPoolSizeToVRAM:0]]
[2022.11.08-07.13.28:892][  0]LogConfig: Setting CVar [[r.Streaming.PoolSize:1000]]
[2022.11.08-07.13.28:892][  0]LogConfig: Setting CVar [[r.Streaming.MaxEffectiveScreenSize:0]]
[2022.11.08-07.13.28:892][  0]LogConfig: Applying CVar settings from Section [EffectsQuality@3] File [C:/Users/Anastasia/Documents/Unreal Projects/UE_Course_HW2/Saved/Config/Windows/Scalability.ini]
[2022.11.08-07.13.28:892][  0]LogConfig: Setting CVar [[r.TranslucencyLightingVolumeDim:64]]
[2022.11.08-07.13.28:892][  0]LogConfig: Setting CVar [[r.RefractionQuality:2]]
[2022.11.08-07.13.28:892][  0]LogConfig: Setting CVar [[r.SSR.Quality:3]]
[2022.11.08-07.13.28:892][  0]LogConfig: Setting CVar [[r.SSR.HalfResSceneColor:0]]
[2022.11.08-07.13.28:892][  0]LogConfig: Setting CVar [[r.SceneColorFormat:4]]
[2022.11.08-07.13.28:892][  0]LogConfig: Setting CVar [[r.DetailMode:2]]
[2022.11.08-07.13.28:892][  0]LogConfig: Setting CVar [[r.TranslucencyVolumeBlur:1]]
[2022.11.08-07.13.28:892][  0]LogConfig: Setting CVar [[r.MaterialQualityLevel:1 ; High quality]]
[2022.11.08-07.13.28:892][  0]LogConfig: Setting CVar [[r.AnisotropicMaterials:1]]
[2022.11.08-07.13.28:892][  0]LogConfig: Setting CVar [[r.SSS.Scale:1]]
[2022.11.08-07.13.28:892][  0]LogConfig: Setting CVar [[r.SSS.SampleSet:2]]
[2022.11.08-07.13.28:892][  0]LogConfig: Setting CVar [[r.SSS.Quality:1]]
[2022.11.08-07.13.28:892][  0]LogConfig: Setting CVar [[r.SSS.HalfRes:0]]
[2022.11.08-07.13.28:892][  0]LogConfig: Setting CVar [[r.SSGI.Quality:3]]
[2022.11.08-07.13.28:892][  0]LogConfig: Setting CVar [[r.EmitterSpawnRateScale:1.0]]
[2022.11.08-07.13.28:892][  0]LogConfig: Setting CVar [[r.ParticleLightQuality:2]]
[2022.11.08-07.13.28:892][  0]LogConfig: Setting CVar [[r.SkyAtmosphere.AerialPerspectiveLUT.FastApplyOnOpaque:1 ; Always have FastSkyLUT 1 in this case to avoid wrong sky]]
[2022.11.08-07.13.28:892][  0]LogConfig: Setting CVar [[r.SkyAtmosphere.AerialPerspectiveLUT.SampleCountMaxPerSlice:4]]
[2022.11.08-07.13.28:893][  0]LogConfig: Setting CVar [[r.SkyAtmosphere.AerialPerspectiveLUT.DepthResolution:16.0]]
[2022.11.08-07.13.28:893][  0]LogConfig: Setting CVar [[r.SkyAtmosphere.FastSkyLUT:1]]
[2022.11.08-07.13.28:893][  0]LogConfig: Setting CVar [[r.SkyAtmosphere.FastSkyLUT.SampleCountMin:4.0]]
[2022.11.08-07.13.28:893][  0]LogConfig: Setting CVar [[r.SkyAtmosphere.FastSkyLUT.SampleCountMax:128.0]]
[2022.11.08-07.13.28:893][  0]LogConfig: Setting CVar [[r.SkyAtmosphere.SampleCountMin:4.0]]
[2022.11.08-07.13.28:893][  0]LogConfig: Setting CVar [[r.SkyAtmosphere.SampleCountMax:128.0]]
[2022.11.08-07.13.28:893][  0]LogConfig: Setting CVar [[r.SkyAtmosphere.TransmittanceLUT.UseSmallFormat:0]]
[2022.11.08-07.13.28:893][  0]LogConfig: Setting CVar [[r.SkyAtmosphere.TransmittanceLUT.SampleCount:10.0]]
[2022.11.08-07.13.28:893][  0]LogConfig: Setting CVar [[r.SkyAtmosphere.MultiScatteringLUT.SampleCount:15.0]]
[2022.11.08-07.13.28:893][  0]LogConfig: Setting CVar [[r.SkyLight.RealTimeReflectionCapture:1]]
[2022.11.08-07.13.28:893][  0]LogConfig: Applying CVar settings from Section [FoliageQuality@3] File [C:/Users/Anastasia/Documents/Unreal Projects/UE_Course_HW2/Saved/Config/Windows/Scalability.ini]
[2022.11.08-07.13.28:893][  0]LogConfig: Setting CVar [[foliage.DensityScale:1.0]]
[2022.11.08-07.13.28:893][  0]LogConfig: Setting CVar [[grass.DensityScale:1.0]]
[2022.11.08-07.13.28:893][  0]LogConfig: Applying CVar settings from Section [ShadingQuality@3] File [C:/Users/Anastasia/Documents/Unreal Projects/UE_Course_HW2/Saved/Config/Windows/Scalability.ini]
[2022.11.08-07.13.28:893][  0]LogConfig: Setting CVar [[r.HairStrands.SkyLighting.IntegrationType:2]]
[2022.11.08-07.13.28:893][  0]LogConfig: Setting CVar [[r.HairStrands.SkyAO.SampleCount:4]]
[2022.11.08-07.13.28:893][  0]LogConfig: Setting CVar [[r.HairStrands.Visibility.MSAA.SamplePerPixel:4]]
[2022.11.08-07.13.28:893][  0]LogConfig: Applying CVar settings from Section [Startup] File [../../../Engine/Config/ConsoleVariables.ini]
[2022.11.08-07.13.28:895][  0]LogConfig: Setting CVar [[net.UseAdaptiveNetUpdateFrequency:0]]
[2022.11.08-07.13.28:895][  0]LogConfig: Setting CVar [[p.chaos.AllowCreatePhysxBodies:1]]
[2022.11.08-07.13.28:895][  0]LogConfig: Setting CVar [[fx.SkipVectorVMBackendOptimizations:1]]
[2022.11.08-07.13.28:895][  0]LogConfig: Applying CVar settings from Section [ConsoleVariables] File [C:/Users/Anastasia/Documents/Unreal Projects/UE_Course_HW2/Saved/Config/Windows/Engine.ini]
[2022.11.08-07.13.28:895][  0]LogConfig: Applying CVar settings from Section [ConsoleVariables] File [C:/Users/Anastasia/Documents/Unreal Projects/UE_Course_HW2/Saved/Config/Windows/Editor.ini]
[2022.11.08-07.13.28:895][  0]LogInit: Computer: DESKTOP-69AEL7H
[2022.11.08-07.13.28:895][  0]LogInit: User: Anastasia
[2022.11.08-07.13.28:895][  0]LogInit: CPU Page size=4096, Cores=4
[2022.11.08-07.13.28:895][  0]LogInit: High frequency timer resolution =10.000000 MHz
[2022.11.08-07.13.28:895][  0]LogMemory: Memory total: Physical=15.7GB (16GB approx)
[2022.11.08-07.13.28:895][  0]LogMemory: Platform Memory Stats for Windows
[2022.11.08-07.13.28:895][  0]LogMemory: Process Physical Memory: 142.26 MB used, 142.27 MB peak
[2022.11.08-07.13.28:895][  0]LogMemory: Process Virtual Memory: 114.41 MB used, 114.41 MB peak
[2022.11.08-07.13.28:895][  0]LogMemory: Physical Memory: 8806.55 MB used,  7272.00 MB free, 16078.55 MB total
[2022.11.08-07.13.28:895][  0]LogMemory: Virtual Memory: 134208968.00 MB used,  8762.79 MB free, 134217728.00 MB total
[2022.11.08-07.13.28:905][  0]LogWindows: WindowsPlatformFeatures enabled
[2022.11.08-07.13.29:058][  0]LogInit: Physics initialised using underlying interface: PhysX
[2022.11.08-07.13.29:060][  0]LogInit: Using OS detected language (en-US).
[2022.11.08-07.13.29:060][  0]LogInit: Using OS detected locale (en-US).
[2022.11.08-07.13.29:068][  0]LogTextLocalizationManager: No specific localization for 'en-US' exists, so the 'en' localization will be used.
[2022.11.08-07.13.29:374][  0]LogInit: Setting process to per monitor DPI aware
[2022.11.08-07.13.29:412][  0]LogWindowsTextInputMethodSystem: Display: IME system deactivated.
[2022.11.08-07.13.29:435][  0]LogSlate: New Slate User Created.  User Index 0, Is Virtual User: 0
[2022.11.08-07.13.29:436][  0]LogSlate: Slate User Registered.  User Index 0, Is Virtual User: 0
[2022.11.08-07.13.29:705][  0]LogD3D11RHI: Loaded GFSDK_Aftermath_Lib.x64.dll
[2022.11.08-07.13.29:712][  0]LogHMD: Failed to initialize OpenVR with code 110
[2022.11.08-07.13.29:712][  0]LogD3D11RHI: D3D11 min allowed feature level: 11_0
[2022.11.08-07.13.29:712][  0]LogD3D11RHI: D3D11 max allowed feature level: 11_0
[2022.11.08-07.13.29:712][  0]LogD3D11RHI: D3D11 adapters:
[2022.11.08-07.13.29:874][  0]LogD3D11RHI:    0. 'Intel(R) Iris(R) Xe Graphics' (Feature Level 11_0)
[2022.11.08-07.13.29:874][  0]LogD3D11RHI:       128/0/8039 MB DedicatedVideo/DedicatedSystem/SharedSystem, Outputs:1, VendorId:0x8086
[2022.11.08-07.13.29:886][  0]LogD3D11RHI:    1. 'Microsoft Basic Render Driver' (Feature Level 11_0)
[2022.11.08-07.13.29:886][  0]LogD3D11RHI:       0/0/8039 MB DedicatedVideo/DedicatedSystem/SharedSystem, Outputs:0, VendorId:0x1414
[2022.11.08-07.13.29:887][  0]LogD3D11RHI: Chosen D3D11 Adapter:
[2022.11.08-07.13.29:887][  0]LogD3D11RHI:     Description : Intel(R) Iris(R) Xe Graphics
[2022.11.08-07.13.29:887][  0]LogD3D11RHI:     VendorId    : 8086
[2022.11.08-07.13.29:887][  0]LogD3D11RHI:     DeviceId    : 9a49
[2022.11.08-07.13.29:887][  0]LogD3D11RHI:     SubSysId    : 15cc1043
[2022.11.08-07.13.29:887][  0]LogD3D11RHI:     Revision    : 0001
[2022.11.08-07.13.29:887][  0]LogD3D11RHI:     DedicatedVideoMemory : 134217728 bytes
[2022.11.08-07.13.29:887][  0]LogD3D11RHI:     DedicatedSystemMemory : 0 bytes
[2022.11.08-07.13.29:887][  0]LogD3D11RHI:     SharedSystemMemory : 8429793280 bytes
[2022.11.08-07.13.29:887][  0]LogD3D11RHI:     AdapterLuid : 0 62433
[2022.11.08-07.13.29:894][  0]LogD3D11RHI: Creating new Direct3DDevice
[2022.11.08-07.13.29:894][  0]LogD3D11RHI:     GPU DeviceId: 0x9a49 (for the marketing name, search the web for "GPU Device Id")
[2022.11.08-07.13.29:895][  0]LogWindows: EnumDisplayDevices:
[2022.11.08-07.13.29:895][  0]LogWindows:    0. 'Intel(R) Iris(R) Xe Graphics' (P:1 D:1)
[2022.11.08-07.13.29:895][  0]LogWindows:    1. 'Intel(R) Iris(R) Xe Graphics' (P:0 D:0)
[2022.11.08-07.13.29:896][  0]LogWindows:    2. 'Intel(R) Iris(R) Xe Graphics' (P:0 D:0)
[2022.11.08-07.13.29:896][  0]LogWindows:    3. 'Intel(R) Iris(R) Xe Graphics' (P:0 D:0)
[2022.11.08-07.13.29:898][  0]LogWindows: DebugString: FoundDriverCount:4 
[2022.11.08-07.13.29:898][  0]LogD3D11RHI:     Adapter Name: Intel(R) Iris(R) Xe Graphics
[2022.11.08-07.13.29:898][  0]LogD3D11RHI:   Driver Version: 27.20.100.9268 (internal:27.20.100.9268, unified:27.20.100.9268)
[2022.11.08-07.13.29:899][  0]LogD3D11RHI:      Driver Date: 2-5-2021
[2022.11.08-07.13.29:899][  0]LogRHI: Texture pool is 1523 MB (70% of 2176 MB)
[2022.11.08-07.13.29:943][  0]LogD3D11RHI: Creating D3DDevice using adapter:
[2022.11.08-07.13.29:944][  0]LogD3D11RHI:     Description : Intel(R) Iris(R) Xe Graphics
[2022.11.08-07.13.29:944][  0]LogD3D11RHI:     VendorId    : 8086
[2022.11.08-07.13.29:944][  0]LogD3D11RHI:     DeviceId    : 9a49
[2022.11.08-07.13.29:944][  0]LogD3D11RHI:     SubSysId    : 15cc1043
[2022.11.08-07.13.29:944][  0]LogD3D11RHI:     Revision    : 0001
[2022.11.08-07.13.29:944][  0]LogD3D11RHI:     DedicatedVideoMemory : 134217728 bytes
[2022.11.08-07.13.29:944][  0]LogD3D11RHI:     DedicatedSystemMemory : 0 bytes
[2022.11.08-07.13.29:944][  0]LogD3D11RHI:     SharedSystemMemory : 8429793280 bytes
[2022.11.08-07.13.29:944][  0]LogD3D11RHI:     AdapterLuid : 0 62433
[2022.11.08-07.13.30:064][  0]LogD3D11RHI: RHI does not have support for 64 bit atomics
[2022.11.08-07.13.30:081][  0]LogD3D11RHI: Intel Extensions support version Full=16777216, Major=1, Minor=0, Revision=0
[2022.11.08-07.13.30:081][  0]LogD3D11RHI: Intel Extensions support version Full=16777217, Major=1, Minor=0, Revision=1
[2022.11.08-07.13.30:082][  0]LogD3D11RHI: Intel Extensions Framework enabled
[2022.11.08-07.13.30:084][  0]LogD3D11RHI: [IntelMetricsDiscovery] Started
[2022.11.08-07.13.30:084][  0]LogD3D11RHI: Async texture creation enabled
[2022.11.08-07.13.30:084][  0]LogD3D11RHI: Array index from any shader is supported
[2022.11.08-07.13.30:117][  0]LogD3D11RHI: GPU Timing Frequency: 19.200000 (Debug: 2 0)
[2022.11.08-07.13.30:453][  0]LogTargetPlatformManager: Display: Loaded TargetPlatform 'AllDesktop'
[2022.11.08-07.13.30:478][  0]LogTargetPlatformManager: Display: Loaded TargetPlatform 'Android'
[2022.11.08-07.13.30:478][  0]LogTargetPlatformManager: Display: Loaded TargetPlatform 'Android_ASTC'
[2022.11.08-07.13.30:478][  0]LogTargetPlatformManager: Display: Loaded TargetPlatform 'Android_DXT'
[2022.11.08-07.13.30:479][  0]LogTargetPlatformManager: Display: Loaded TargetPlatform 'Android_ETC2'
[2022.11.08-07.13.30:479][  0]LogTargetPlatformManager: Display: Loaded TargetPlatform 'AndroidClient'
[2022.11.08-07.13.30:480][  0]LogTargetPlatformManager: Display: Loaded TargetPlatform 'Android_ASTCClient'
[2022.11.08-07.13.30:480][  0]LogTargetPlatformManager: Display: Loaded TargetPlatform 'Android_DXTClient'
[2022.11.08-07.13.30:480][  0]LogTargetPlatformManager: Display: Loaded TargetPlatform 'Android_ETC2Client'
[2022.11.08-07.13.30:480][  0]LogTargetPlatformManager: Display: Loaded TargetPlatform 'Android_Multi'
[2022.11.08-07.13.30:480][  0]LogTargetPlatformManager: Display: Loaded TargetPlatform 'Android_MultiClient'
[2022.11.08-07.13.30:521][  0]LogTargetPlatformManager: Display: Loaded TargetPlatform 'IOSClient'
[2022.11.08-07.13.30:522][  0]LogTargetPlatformManager: Display: Loaded TargetPlatform 'IOS'
[2022.11.08-07.13.30:535][  0]LogTargetPlatformManager: Display: Loaded TargetPlatform 'Linux'
[2022.11.08-07.13.30:543][  0]LogTargetPlatformManager: Display: Loaded TargetPlatform 'LinuxNoEditor'
[2022.11.08-07.13.30:550][  0]LogTargetPlatformManager: Display: Loaded TargetPlatform 'LinuxClient'
[2022.11.08-07.13.30:557][  0]LogTargetPlatformManager: Display: Loaded TargetPlatform 'LinuxServer'
[2022.11.08-07.13.30:572][  0]LogTargetPlatformManager: Display: Loaded TargetPlatform 'LinuxAArch64NoEditor'
[2022.11.08-07.13.30:580][  0]LogTargetPlatformManager: Display: Loaded TargetPlatform 'LinuxAArch64Client'
[2022.11.08-07.13.30:588][  0]LogTargetPlatformManager: Display: Loaded TargetPlatform 'LinuxAArch64Server'
[2022.11.08-07.13.30:622][  0]LogTargetPlatformManager: Display: Loaded TargetPlatform 'Lumin'
[2022.11.08-07.13.30:622][  0]LogTargetPlatformManager: Display: Loaded TargetPlatform 'LuminClient'
[2022.11.08-07.13.30:636][  0]LogTargetPlatformManager: Display: Loaded TargetPlatform 'MacNoEditor'
[2022.11.08-07.13.30:643][  0]LogTargetPlatformManager: Display: Loaded TargetPlatform 'Mac'
[2022.11.08-07.13.30:651][  0]LogTargetPlatformManager: Display: Loaded TargetPlatform 'MacClient'
[2022.11.08-07.13.30:658][  0]LogTargetPlatformManager: Display: Loaded TargetPlatform 'MacServer'
[2022.11.08-07.13.30:674][  0]LogTargetPlatformManager: Display: Loaded TargetPlatform 'TVOSClient'
[2022.11.08-07.13.30:675][  0]LogTargetPlatformManager: Display: Loaded TargetPlatform 'TVOS'
[2022.11.08-07.13.30:691][  0]LogTargetPlatformManager: Display: Loaded TargetPlatform 'WindowsNoEditor'
[2022.11.08-07.13.30:701][  0]LogTargetPlatformManager: Display: Loaded TargetPlatform 'Windows'
[2022.11.08-07.13.30:712][  0]LogTargetPlatformManager: Display: Loaded TargetPlatform 'WindowsClient'
[2022.11.08-07.13.30:722][  0]LogTargetPlatformManager: Display: Loaded TargetPlatform 'WindowsServer'
[2022.11.08-07.13.30:722][  0]LogTargetPlatformManager: Display: Building Assets For Windows
[2022.11.08-07.13.30:747][  0]LogAudioDebug: Display: Lib vorbis DLL was dynamically loaded.
[2022.11.08-07.13.30:820][  0]LogTextureFormatOodle: Display: Oodle Texture 2.9.0 init RDO Off
[2022.11.08-07.13.30:908][  0]LogRendererCore: Ray tracing is disabled. Reason: r.RayTracing=0.
[2022.11.08-07.13.30:909][  0]LogShaderCompilers: Guid format shader working directory is -24 characters bigger than the processId version (../../../../../../Users/Anastasia/Documents/Unreal Projects/UE_Course_HW2/Intermediate/Shaders/WorkingDirectory/19932/).
[2022.11.08-07.13.30:909][  0]LogShaderCompilers: Cleaned the shader compiler working directory 'C:/Users/Anastasia/AppData/Local/Temp/UnrealShaderWorkingDir/14634B634ADA2279FA95188B408F0D60/'.
[2022.11.08-07.13.30:910][  0]LogXGEController: Cannot use XGE Controller as Incredibuild is not installed on this machine.
[2022.11.08-07.13.30:910][  0]LogShaderCompilers: Cannot use XGE Shader Compiler as Incredibuild is not installed on this machine.
[2022.11.08-07.13.30:910][  0]LogShaderCompilers: Display: Using Local Shader Compiler.
[2022.11.08-07.13.31:806][  0]LogDerivedDataCache: Display: Max Cache Size: 512 MB
[2022.11.08-07.13.31:867][  0]LogDerivedDataCache: Loaded boot cache 0.06s 103MB C:/Users/Anastasia/AppData/Local/UnrealEngine/4.27/DerivedDataCache/Boot.ddc.
[2022.11.08-07.13.31:868][  0]LogDerivedDataCache: Display: Loaded Boot cache: C:/Users/Anastasia/AppData/Local/UnrealEngine/4.27/DerivedDataCache/Boot.ddc
[2022.11.08-07.13.31:868][  0]LogDerivedDataCache: FDerivedDataBackendGraph:  Pak pak cache file ../../../../../../Users/Anastasia/Documents/Unreal Projects/UE_Course_HW2/DerivedDataCache/DDC.ddp not found, will not use a pak cache.
[2022.11.08-07.13.31:868][  0]LogDerivedDataCache: Unable to find inner node Pak for hierarchical cache Hierarchy.
[2022.11.08-07.13.31:869][  0]LogDerivedDataCache: FDerivedDataBackendGraph:  CompressedPak pak cache file ../../../../../../Users/Anastasia/Documents/Unreal Projects/UE_Course_HW2/DerivedDataCache/Compressed.ddp not found, will not use a pak cache.
[2022.11.08-07.13.31:869][  0]LogDerivedDataCache: Unable to find inner node CompressedPak for hierarchical cache Hierarchy.
[2022.11.08-07.13.31:889][  0]LogDerivedDataCache: Display: Pak cache opened for reading ../../../Engine/DerivedDataCache/Compressed.ddp.
[2022.11.08-07.13.31:889][  0]LogDerivedDataCache: FDerivedDataBackendGraph:  EnterprisePak pak cache file ../../../Enterprise/DerivedDataCache/Compressed.ddp not found, will not use a pak cache.
[2022.11.08-07.13.31:889][  0]LogDerivedDataCache: Unable to find inner node EnterprisePak for hierarchical cache Hierarchy.
[2022.11.08-07.13.31:907][  0]LogDerivedDataCache: Speed tests for C:/Users/Anastasia/AppData/Local/UnrealEngine/Common/DerivedDataCache took 0.02 seconds
[2022.11.08-07.13.31:908][  0]LogDerivedDataCache: Display: Performance to C:/Users/Anastasia/AppData/Local/UnrealEngine/Common/DerivedDataCache: Latency=0.05ms. RandomReadSpeed=79.80MBs, RandomWriteSpeed=171.36MBs. Assigned SpeedClass 'Local'
[2022.11.08-07.13.31:910][  0]LogDerivedDataCache: Using Local data cache path C:/Users/Anastasia/AppData/Local/UnrealEngine/Common/DerivedDataCache: Writable
[2022.11.08-07.13.31:910][  0]LogDerivedDataCache: Shared data cache path not found in *engine.ini, will not use an Shared cache.
[2022.11.08-07.13.31:910][  0]LogDerivedDataCache: Unable to find inner node Shared for hierarchical cache Hierarchy.
[2022.11.08-07.13.31:954][  0]LogSlate: Using FreeType 2.10.0
[2022.11.08-07.13.31:957][  0]LogSlate: SlateFontServices - WITH_FREETYPE: 1, WITH_HARFBUZZ: 1
[2022.11.08-07.13.32:005][  0]LogAssetRegistry: FAssetRegistry took 0.0082 seconds to start up
[2022.11.08-07.13.32:270][  0]LogInit: Selected Device Profile: [Windows]
[2022.11.08-07.13.32:270][  0]LogInit: Active device profile: [000001C15038AD00][000001C148577840 49] Windows
[2022.11.08-07.13.32:271][  0]LogInit: Profiles: [000001C15038AD00][000001C148577840 49] Windows, [000001C150321B00][000001C150AAF9C0 49] WindowsNoEditor, [000001C15038A000][000001C150AB3B40 49] WindowsServer, [000001C150322700][000001C150AB6140 49] WindowsClient, [000001C150389A00][000001C150ABA2C0 49] IOS, [000001C150321500][000001C150ABE440 49] iPadAir, [000001C15038B000][000001C150AC25C0 49] iPadAir2, [000001C1502CD200][000001C150ACA880 49] IPadPro, [000001C1502CD300][000001C150AC68C0 49] iPadAir3, [000001C150323400][000001C14E8BAA00 49] iPadAir4, [000001C1502CE000][000001C150ACEB40 49] iPadMini2, [000001C150321900][000001C150AD2C80 49] iPadMini3, [000001C1502CEB00][000001C150AD6DC0 49] iPadMini4, [000001C150323300][000001C150ADEF40 49] iPadMini5, [000001C1502F0B00][000001C150AE7200 49] iPhone6, [000001C1502F0C00][000001C150AE3240 49] iPodTouch6, [000001C150388500][000001C150AEF500 49] iPhone7, [000001C15038B800][000001C150AEB540 49] iPodTouch7, [000001C1502CFC00][000001C150AF36C0 49] iPhone5S, [000001C1502CDE00][000001C150AF7840 49] iPhone6Plus, [000001C1502F3D00][000001C150AFB9C0 49] iPhone6S, [000001C1502CCE00][000001C150AFFB40 49] iPhone6SPlus, [000001C1502F3600][000001C150B02140 49] iPhone7Plus, [000001C1502CEC00][000001C150B062C0 49] iPhoneSE, [000001C1502F2100][000001C150B0A440 49] iPhone8, [000001C1502CDB00][000001C150B0E5C0 49] iPhone8Plus, [000001C1502F2700][000001C150B12740 49] iPhoneX, [000001C1502CDF00][000001C150B168C0 49] iPhoneXS, [000001C1502F0D00][000001C150B1AA40 49] iPhoneXSMax, [000001C15038AA00][000001C150ADAB80 49] iPhoneXR, [000001C1502F2A00][000001C150B1ECC0 49] iPhone11, [000001C150389100][000001C150B22E00 49] iPhone11Pro, [000001C1502F3400][000001C150B26F40 49] iPhone11ProMax, [000001C15038B200][000001C150B2F0C0 49] iPhoneSE2, [000001C1502F1500][000001C150B33240 49] iPhone12Mini, [000001C150388F00][000001C150B373C0 49] iPhone12, [000001C1502F3700][000001C150B3B540 49] iPhone12Pro, [000001C15038B400][000001C150B3F6C0 49] iPhone12ProMax, [000001C1502F0600][000001C150B43840 49] iPadPro105, [000001C150389500][000001C150B479C0 49] iPadPro129, [000001C1502F0200][000001C150B4BB40 49] iPadPro97, [000001C150388100][000001C150B4E140 49] iPadPro2_129, [000001C1502F1700][000001C150B522C0 49] iPad5, [000001C15038B600][000001C150B56440 49] iPad6, [000001C1502F1800][000001C150B5A5C0 49] iPad7, [000001C150389400][000001C150B5E740 49] iPad8, [000001C1502F1900][000001C150B628C0 49] iPadPro11, [000001C15038A300][000001C150B66A40 49] iPadPro2_11, [000001C1502F2800][000001C150B6ABC0 49] iPadPro3_129, [000001C15038A400][000001C150B6ED40 49] iPadPro4_129, [000001C1502F0A00][000001C150B2AE80 49] AppleTV, [000001C15038BA00][000001C150B72FC0 49] AppleTV4K, [000001C1502F0500][000001C150B77100 49] TVOS, [000001C15038A800][000001C150B7F280 49] Mac, [000001C1502F2400][000001C150B83400 49] MacClient, [000001C15038A100][000001C150B87580 49] MacNoEditor, [000001C1502F0800][000001C150B8B700 49] MacServer, [000001C150389E00][000001C150B8F880 49] Linux, [000001C1502F2F00][000001C150B93A00 49] LinuxAArch64, [000001C15038A900][000001C150B97B80 49] LinuxNoEditor, [000001C1502F3300][000001C150B9A180 49] LinuxAArch64NoEditor, [000001C150389700][000001C150B9E300 49] LinuxClient, [000001C1502F1100][000001C150BA2480 49] LinuxAArch64Client, [000001C150389600][000001C150BA6600 49] LinuxServer, [000001C1502F0400][000001C150BAA780 49] LinuxAArch64Server, [000001C150388B00][000001C150BAE900 49] Android, [000001C1502F1F00][000001C150BB2A80 49] Android_Low, [000001C150388600][000001C150BB6C00 49] Android_Mid, [000001C1502F1600][000001C150BBAD80 49] Android_High, [000001C150389200][000001C150BBEF00 49] Android_Default, [000001C1502F2000][000001C150B7B040 49] Android_Adreno4xx, [000001C150388900][000001C150BC3180 49] Android_Adreno5xx_Low, [000001C1502F2900][000001C150BC72C0 49] Android_Adreno5xx, [000001C1502CD000][000001C150BCF440 49] Android_Adreno6xx, [000001C150321700][000001C150BD35C0 49] Android_Adreno6xx_Vulkan, [000001C1502CDA00][000001C150BD7740 49] Android_Mali_T6xx, [000001C150321E00][000001C150BDB8C0 49] Android_Mali_T7xx, [000001C1502CF500][000001C150BDFA40 49] Android_Mali_T8xx, [000001C150323E00][000001C150BE3BC0 49] Android_Mali_G71, [000001C1502CCB00][000001C150BE61C0 49] Android_Mali_G72, [000001C150322C00][000001C150BEA340 49] Android_Mali_G72_Vulkan, [000001C1502CE500][000001C150BEE4C0 49] Android_Mali_G76, [000001C150322100][000001C150BF2640 49] Android_Mali_G76_Vulkan, [000001C1502CC900][000001C150BF67C0 49] Android_Mali_G77, [000001C150321400][000001C150BFA940 49] Android_Mali_G77_Vulkan, [000001C1502CF800][000001C150BFEAC0 49] Android_Mali_G78, [000001C150322D00][000001C150C02C40 49] Android_Mali_G78_Vulkan, [000001C1502CCF00][000001C150C06DC0 49] Android_Mali_G710, [000001C150320100][000001C150C0AF40 49] Android_Mali_G710_Vulkan, [000001C1502CD500][000001C150C0F0C0 49] Android_Vulkan_SM5, [000001C150320700][000001C150BCB200 49] Android_PowerVR_G6xxx, [000001C1502CCC00][000001C150C13340 49] Android_PowerVR_GT7xxx, [000001C150323800][000001C150C17480 49] Android_PowerVR_GE8xxx, [000001C1502CF300][000001C150C1B5C0 49] Android_PowerVR_GM9xxx, [000001C150322500][000001C150C23740 49] Android_PowerVR_GM9xxx_Vulkan, [000001C1502CE200][000001C150C278C0 49] Android_TegraK1, [000001C150323B00][000001C150C2BA40 49] Android_Unknown_Vulkan, [000001C1502CD100][000001C150C2FBC0 49] Lumin, [000001C150322200][000001C150C321C0 49] Lumin_Desktop, [000001C1502CC700][000001C150C36340 49] HoloLens, 
[2022.11.08-07.13.32:469][  0]LogMeshReduction: Using QuadricMeshReduction for automatic static mesh reduction
[2022.11.08-07.13.32:469][  0]LogMeshReduction: Using SimplygonMeshReduction for automatic skeletal mesh reduction
[2022.11.08-07.13.32:470][  0]LogMeshReduction: Using ProxyLODMeshReduction for automatic mesh merging
[2022.11.08-07.13.32:470][  0]LogMeshReduction: No distributed automatic mesh merging module available
[2022.11.08-07.13.32:470][  0]LogMeshMerging: No distributed automatic mesh merging module available
[2022.11.08-07.13.32:492][  0]LogNetVersion: UE_Course_HW2 1.0.0, NetCL: 17155196, EngineNetVer: 17, GameNetVer: 0 (Checksum: 1455760978)
[2022.11.08-07.13.33:055][  0]LogTexture: Default maximum texture size for cubemaps generated from long-lat sources has been changed from 512 to unlimited. In order to preserve old behaiour for '/Engine/MapTemplates/Sky/DaylightAmbientCubemap.DaylightAmbientCubemap', its maximum texture size has been explicitly set to 512.
[2022.11.08-07.13.33:150][  0]LogHMD: PokeAHoleMaterial loaded successfully
[2022.11.08-07.13.33:158][  0]LogUObjectArray: 17178 objects as part of root set at end of initial load.
[2022.11.08-07.13.33:158][  0]LogUObjectAllocator: 4302048 out of 0 bytes used by permanent object pool.
[2022.11.08-07.13.33:158][  0]LogUObjectArray: CloseDisregardForGC: 0/0 objects in disregard for GC pool
[2022.11.08-07.13.33:711][  0]LogNiagaraDebuggerClient: Niagara Debugger Client Initialized | Session: 67B922D74CCBEFB7B5DA21B7C135AEBB | Instance: 1D62C49A4D1EADD9868DDBA1CE9D3295 (DESKTOP-69AEL7H-19932).
[2022.11.08-07.13.33:768][  0]LogPython: Using Python 3.7.7
[2022.11.08-07.13.34:407][  0]LogTcpMessaging: Initializing TcpMessaging bridge
[2022.11.08-07.13.34:419][  0]LogUdpMessaging: Initializing bridge on interface 0.0.0.0:0 to multicast group 230.0.0.1:6666.
[2022.11.08-07.13.34:951][  0]SourceControl: Source control is disabled
[2022.11.08-07.13.34:952][  0]SourceControl: Source control is disabled
[2022.11.08-07.13.34:958][  0]SourceControl: Source control is disabled
[2022.11.08-07.13.34:971][  0]SourceControl: Source control is disabled
[2022.11.08-07.13.34:991][  0]LogUProjectInfo: Found projects:
[2022.11.08-07.13.35:351][  0]LogOpenImageDenoise: OIDN starting up
[2022.11.08-07.13.35:429][  0]LogAndroidPermission: UAndroidPermissionCallbackProxy::GetInstance
[2022.11.08-07.13.35:472][  0]LogAudioCaptureCore: Display: No Audio Capture implementations found. Audio input will be silent.
[2022.11.08-07.13.35:473][  0]LogAudioCaptureCore: Display: No Audio Capture implementations found. Audio input will be silent.
[2022.11.08-07.13.35:618][  0]SourceControl: Source control is disabled
[2022.11.08-07.13.35:633][  0]LogCollectionManager: Loaded 0 collections in 0.001781 seconds
[2022.11.08-07.13.35:678][  0]LogFileCache: Scanning file cache for directory 'C:/Users/Anastasia/Documents/Unreal Projects/UE_Course_HW2/Saved/Collections/' took 0.00s
[2022.11.08-07.13.35:678][  0]LogFileCache: Scanning file cache for directory 'C:/Users/Anastasia/Documents/Unreal Projects/UE_Course_HW2/Content/Developers/Anastasia/Collections/' took 0.00s
[2022.11.08-07.13.35:678][  0]LogFileCache: Scanning file cache for directory 'C:/Users/Anastasia/Documents/Unreal Projects/UE_Course_HW2/Content/Collections/' took 0.00s
[2022.11.08-07.13.35:678][  0]LogOcInput: OculusInput pre-init called
[2022.11.08-07.13.35:957][  0]LogEngine: Initializing Engine...
[2022.11.08-07.13.35:965][  0]LogHMD: Failed to enumerate extensions. Please check that you have a valid OpenXR runtime installed.
[2022.11.08-07.13.35:966][  0]LogHMD: Failed to initialize OpenVR with code 110
[2022.11.08-07.13.35:966][  0]LogMagicLeap: Warning: VR disabled because ZI is not enabled.  To enable, in the editor, Edit -> Project Settings -> Plugins -> Magic Leap Plugin -> Enable Zero Iteration
[2022.11.08-07.13.35:968][  0]LogStats: UGameplayTagsManager::InitializeManager -  0.000 s
[2022.11.08-07.13.36:095][  0]LogInit: Initializing FReadOnlyCVARCache
[2022.11.08-07.13.36:108][  0]LogAIModule: Creating AISystem for world Untitled
[2022.11.08-07.13.36:114][  0]LogAudio: Display: Initializing Audio Device Manager...
[2022.11.08-07.13.36:120][  0]LogAudio: Display: Loading Default Audio Settings Objects...
[2022.11.08-07.13.36:121][  0]LogAudio: Display: No default SoundConcurrencyObject specified (or failed to load).
[2022.11.08-07.13.36:123][  0]LogAudio: Display: Audio Device Manager Initialized
[2022.11.08-07.13.36:123][  0]LogAudio: Display: Creating Audio Device:                 Id: 1, Scope: Shared, Realtime: True
[2022.11.08-07.13.36:123][  0]LogAudioMixer: Display: Audio Mixer Platform Settings:
[2022.11.08-07.13.36:123][  0]LogAudioMixer: Display: 	Sample Rate:						  48000
[2022.11.08-07.13.36:123][  0]LogAudioMixer: Display: 	Callback Buffer Frame Size Requested: 1024
[2022.11.08-07.13.36:123][  0]LogAudioMixer: Display: 	Callback Buffer Frame Size To Use:	  1024
[2022.11.08-07.13.36:123][  0]LogAudioMixer: Display: 	Number of buffers to queue:			  2
[2022.11.08-07.13.36:123][  0]LogAudioMixer: Display: 	Max Channels (voices):				  32
[2022.11.08-07.13.36:123][  0]LogAudioMixer: Display: 	Number of Async Source Workers:		  0
[2022.11.08-07.13.36:123][  0]LogAudio: Display: AudioDevice MaxSources: 32
[2022.11.08-07.13.36:124][  0]LogAudio: Display: Audio Spatialization Plugin: None (built-in).
[2022.11.08-07.13.36:124][  0]LogAudio: Display: Audio Reverb Plugin: None (built-in).
[2022.11.08-07.13.36:124][  0]LogAudio: Display: Audio Occlusion Plugin: None (built-in).
[2022.11.08-07.13.36:125][  0]LogAudioMixer: Display: Initializing audio mixer.
[2022.11.08-07.13.36:147][  0]LogAudioMixer: Display: 0: FrontLeft
[2022.11.08-07.13.36:148][  0]LogAudioMixer: Display: 1: FrontRight
[2022.11.08-07.13.36:595][  0]LogAudioMixer: Display: Using Audio Device Headphones (Realtek(R) Audio)
[2022.11.08-07.13.36:599][  0]LogAudioMixer: Display: Initializing Sound Submixes...
[2022.11.08-07.13.36:602][  0]LogAudioMixer: Display: Creating Master Submix 'MasterSubmixDefault'
[2022.11.08-07.13.36:602][  0]LogAudioMixer: Display: Creating Master Submix 'MasterReverbSubmixDefault'
[2022.11.08-07.13.36:603][  0]LogAudioMixer: Display: Creating Master Submix 'MasterEQSubmixDefault'
[2022.11.08-07.13.36:604][  0]LogAudioMixer: FMixerPlatformXAudio2::StartAudioStream() called
[2022.11.08-07.13.36:604][  0]LogAudioMixer: Display: Output buffers initialized: Frames=1024, Channels=2, Samples=2048
[2022.11.08-07.13.36:607][  0]LogAudioMixer: Display: Starting AudioMixerPlatformInterface::RunInternal()
[2022.11.08-07.13.36:607][  0]LogAudioMixer: Display: FMixerPlatformXAudio2::SubmitBuffer() called for the first time
[2022.11.08-07.13.36:607][  0]LogInit: FAudioDevice initialized.
[2022.11.08-07.13.36:608][  0]LogAudio: Display: Audio Device (ID: 1) registered with world 'Untitled'.
[2022.11.08-07.13.36:608][  0]LogNetVersion: Set ProjectVersion to 1.0.0.0. Version Checksum will be recalculated on next use.
[2022.11.08-07.13.36:670][  0]LogDerivedDataCache: Saved boot cache 0.06s 103MB C:/Users/Anastasia/AppData/Local/UnrealEngine/4.27/DerivedDataCache/Boot.ddc.
[2022.11.08-07.13.36:676][  0]LogInit: Texture streaming: Enabled
[2022.11.08-07.13.36:705][  0]LogAnalytics: Display: [UEEditor.Rocket.Release] APIServer = https://datarouter.ol.epicgames.com/. AppVersion = 4.27.2-18319896+++UE4+Release-4.27
[2022.11.08-07.13.36:712][  0]LogEngineSessionManager: EngineSessionManager initialized
[2022.11.08-07.13.36:713][  0]LogEditorSessionSummary: Verbose: Initializing EditorSessionSummaryWriter for editor session tracking
[2022.11.08-07.13.36:715][  0]LogEditorSessionSummary: EditorSessionSummaryWriter initialized
[2022.11.08-07.13.36:743][  0]LogInit: Transaction tracking system initialized
[2022.11.08-07.13.36:781][  0]BlueprintLog: New page: Editor Load
[2022.11.08-07.13.36:884][  0]LocalizationService: Localization service is disabled
[2022.11.08-07.13.36:929][  0]TimingProfiler: Initialize
[2022.11.08-07.13.36:930][  0]TimingProfiler: OnSessionChanged
[2022.11.08-07.13.36:930][  0]LoadingProfiler: Initialize
[2022.11.08-07.13.36:930][  0]LoadingProfiler: OnSessionChanged
[2022.11.08-07.13.36:930][  0]NetworkingProfiler: Initialize
[2022.11.08-07.13.36:930][  0]NetworkingProfiler: OnSessionChanged
[2022.11.08-07.13.36:930][  0]MemoryProfiler: Initialize
[2022.11.08-07.13.36:931][  0]MemoryProfiler: OnSessionChanged
[2022.11.08-07.13.37:126][  0]LogCook: Display: CookSettings for Memory: MemoryMaxUsedVirtual 0MiB, MemoryMaxUsedPhysical 16384MiB, MemoryMinFreeVirtual 0MiB, MemoryMinFreePhysical 1024MiB
[2022.11.08-07.13.37:127][  0]LogCook: Display: Mobile HDR setting 1
[2022.11.08-07.13.37:429][  0]LogFileCache: Scanning file cache for directory 'C:/Users/Anastasia/Documents/Unreal Projects/UE_Course_HW2/Content/' took 0.01s
[2022.11.08-07.13.37:642][  0]LogInit: Display: Engine is initialized. Leaving FEngineLoop::Init()
[2022.11.08-07.13.37:647][  0]SourceControl: Source control is disabled
[2022.11.08-07.13.37:647][  0]LogUnrealEdMisc: Loading editor; pre map load, took 11.258
[2022.11.08-07.13.37:647][  0]Cmd: MAP LOAD FILE="../../../../../../Users/Anastasia/Documents/Unreal Projects/UE_Course_HW2/Content/ThirdPersonCPP/Maps/ThirdPersonExampleMap.umap" TEMPLATE=0 SHOWPROGRESS=1 FEATURELEVEL=3
[2022.11.08-07.13.37:647][  0]LightingResults: New page: Lighting Build
[2022.11.08-07.13.37:649][  0]LogWorld: UWorld::CleanupWorld for Untitled, bSessionEnded=true, bCleanupResources=true
[2022.11.08-07.13.37:649][  0]LogSlate: InvalidateAllWidgets triggered.  All widgets were invalidated
[2022.11.08-07.13.37:650][  0]MapCheck: New page: Map Check
[2022.11.08-07.13.37:650][  0]LightingResults: New page: Lighting Build
[2022.11.08-07.13.37:656][  0]LogAudio: Display: Audio Device unregistered from world 'None'.
[2022.11.08-07.13.37:660][  0]LogUObjectHash: Compacting FUObjectHashTables data took   0.77ms
[2022.11.08-07.13.37:739][  0]LogAudio: Display: Audio Device (ID: 1) registered with world 'ThirdPersonExampleMap'.
[2022.11.08-07.13.37:741][  0]LogAIModule: Creating AISystem for world ThirdPersonExampleMap
[2022.11.08-07.13.37:748][  0]LogEditorServer: Finished looking for orphan Actors (0.000 secs)
[2022.11.08-07.13.37:836][  0]LogUObjectHash: Compacting FUObjectHashTables data took   0.73ms
[2022.11.08-07.13.37:836][  0]Cmd: MAP CHECKDEP NOCLEARLOG
[2022.11.08-07.13.37:837][  0]MapCheck: Map check complete: 0 Error(s), 0 Warning(s), took 0.302ms to complete.
[2022.11.08-07.13.37:837][  0]LogFileHelpers: Loading map 'ThirdPersonExampleMap' took 0.190
[2022.11.08-07.13.37:840][  0]LogUnrealEdMisc: Total Editor Startup Time, took 11.451
[2022.11.08-07.13.38:008][  0]LogSlate: Updating window title bar state: overlay mode, drag disabled, window buttons hidden, title bar hidden
[2022.11.08-07.13.38:014][  0]LogSlate: Updating window title bar state: overlay mode, drag disabled, window buttons hidden, title bar hidden
[2022.11.08-07.13.38:021][  0]LogSlate: Updating window title bar state: overlay mode, drag disabled, window buttons hidden, title bar hidden
[2022.11.08-07.13.38:028][  0]LogSlate: Updating window title bar state: overlay mode, drag disabled, window buttons hidden, title bar hidden
[2022.11.08-07.13.38:043][  0]LogNativeClassHierarchy: Verbose: Native class hierarchy populated in 0.0098 seconds. Added 3827 classes and 931 folders.
[2022.11.08-07.13.38:046][  0]LogNativeClassHierarchy: Verbose: Native class hierarchy updated for 'WidgetCarousel' in 0.0002 seconds. Added 0 classes and 0 folders.
[2022.11.08-07.13.38:048][  0]LogPakFile: PakFile PrimaryIndexSize=187
[2022.11.08-07.13.38:049][  0]LogPakFile: PakFile PathHashIndexSize=101
[2022.11.08-07.13.38:049][  0]LogPakFile: PakFile FullDirectoryIndexSize=148
[2022.11.08-07.13.38:049][  0]LogShaderLibrary: Display: ShaderCodeLibraryPakFileMountedCallback: PakFile 'C:/Program Files/Epic Games/UE_4.27/FeaturePacks/FP_FirstPerson.upack' (chunk index -1, root 'root:/') mounted
[2022.11.08-07.13.38:049][  0]LogShaderLibrary: Display: ShaderCodeLibraryPakFileMountedCallback: pending pak file info (ChunkID:-1 Root:root:/ File:C:/Program Files/Epic Games/UE_4.27/FeaturePacks/FP_FirstPerson.upack)
[2022.11.08-07.13.38:049][  0]LogPakFile: OnPakFileMounted2Time == 0.000259
[2022.11.08-07.13.38:049][  0]LogPakFile: PakFile PrimaryIndexSize=189
[2022.11.08-07.13.38:050][  0]LogPakFile: PakFile PathHashIndexSize=101
[2022.11.08-07.13.38:050][  0]LogPakFile: PakFile FullDirectoryIndexSize=152
[2022.11.08-07.13.38:050][  0]LogShaderLibrary: Display: ShaderCodeLibraryPakFileMountedCallback: PakFile 'C:/Program Files/Epic Games/UE_4.27/FeaturePacks/FP_FirstPersonBP.upack' (chunk index -1, root 'root:/') mounted
[2022.11.08-07.13.38:050][  0]LogShaderLibrary: Display: ShaderCodeLibraryPakFileMountedCallback: pending pak file info (ChunkID:-1 Root:root:/ File:C:/Program Files/Epic Games/UE_4.27/FeaturePacks/FP_FirstPersonBP.upack)
[2022.11.08-07.13.38:050][  0]LogPakFile: OnPakFileMounted2Time == 0.000259
[2022.11.08-07.13.38:051][  0]LogPakFile: PakFile PrimaryIndexSize=191
[2022.11.08-07.13.38:051][  0]LogPakFile: PakFile PathHashIndexSize=101
[2022.11.08-07.13.38:051][  0]LogPakFile: PakFile FullDirectoryIndexSize=160
[2022.11.08-07.13.38:051][  0]LogShaderLibrary: Display: ShaderCodeLibraryPakFileMountedCallback: PakFile 'C:/Program Files/Epic Games/UE_4.27/FeaturePacks/MobileStarterContent.upack' (chunk index -1, root 'root:/') mounted
[2022.11.08-07.13.38:051][  0]LogShaderLibrary: Display: ShaderCodeLibraryPakFileMountedCallback: pending pak file info (ChunkID:-1 Root:root:/ File:C:/Program Files/Epic Games/UE_4.27/FeaturePacks/MobileStarterContent.upack)
[2022.11.08-07.13.38:051][  0]LogPakFile: OnPakFileMounted2Time == 0.000277
[2022.11.08-07.13.38:052][  0]LogPakFile: PakFile PrimaryIndexSize=185
[2022.11.08-07.13.38:052][  0]LogPakFile: PakFile PathHashIndexSize=101
[2022.11.08-07.13.38:053][  0]LogPakFile: PakFile FullDirectoryIndexSize=148
[2022.11.08-07.13.38:053][  0]LogShaderLibrary: Display: ShaderCodeLibraryPakFileMountedCallback: PakFile 'C:/Program Files/Epic Games/UE_4.27/FeaturePacks/StarterContent.upack' (chunk index -1, root 'root:/') mounted
[2022.11.08-07.13.38:054][  0]LogShaderLibrary: Display: ShaderCodeLibraryPakFileMountedCallback: pending pak file info (ChunkID:-1 Root:root:/ File:C:/Program Files/Epic Games/UE_4.27/FeaturePacks/StarterContent.upack)
[2022.11.08-07.13.38:054][  0]LogPakFile: OnPakFileMounted2Time == 0.000493
[2022.11.08-07.13.38:055][  0]LogPakFile: PakFile PrimaryIndexSize=190
[2022.11.08-07.13.38:055][  0]LogPakFile: PakFile PathHashIndexSize=101
[2022.11.08-07.13.38:055][  0]LogPakFile: PakFile FullDirectoryIndexSize=154
[2022.11.08-07.13.38:055][  0]LogShaderLibrary: Display: ShaderCodeLibraryPakFileMountedCallback: PakFile 'C:/Program Files/Epic Games/UE_4.27/FeaturePacks/TP_2DSideScroller.upack' (chunk index -1, root 'root:/') mounted
[2022.11.08-07.13.38:056][  0]LogShaderLibrary: Display: ShaderCodeLibraryPakFileMountedCallback: pending pak file info (ChunkID:-1 Root:root:/ File:C:/Program Files/Epic Games/UE_4.27/FeaturePacks/TP_2DSideScroller.upack)
[2022.11.08-07.13.38:056][  0]LogPakFile: OnPakFileMounted2Time == 0.000683
[2022.11.08-07.13.38:057][  0]LogPakFile: PakFile PrimaryIndexSize=192
[2022.11.08-07.13.38:058][  0]LogPakFile: PakFile PathHashIndexSize=101
[2022.11.08-07.13.38:058][  0]LogPakFile: PakFile FullDirectoryIndexSize=158
[2022.11.08-07.13.38:058][  0]LogShaderLibrary: Display: ShaderCodeLibraryPakFileMountedCallback: PakFile 'C:/Program Files/Epic Games/UE_4.27/FeaturePacks/TP_2DSideScrollerBP.upack' (chunk index -1, root 'root:/') mounted
[2022.11.08-07.13.38:058][  0]LogShaderLibrary: Display: ShaderCodeLibraryPakFileMountedCallback: pending pak file info (ChunkID:-1 Root:root:/ File:C:/Program Files/Epic Games/UE_4.27/FeaturePacks/TP_2DSideScrollerBP.upack)
[2022.11.08-07.13.38:058][  0]LogPakFile: OnPakFileMounted2Time == 0.000254
[2022.11.08-07.13.38:058][  0]LogPakFile: PakFile PrimaryIndexSize=182
[2022.11.08-07.13.38:059][  0]LogPakFile: PakFile PathHashIndexSize=101
[2022.11.08-07.13.38:059][  0]LogPakFile: PakFile FullDirectoryIndexSize=138
[2022.11.08-07.13.38:059][  0]LogShaderLibrary: Display: ShaderCodeLibraryPakFileMountedCallback: PakFile 'C:/Program Files/Epic Games/UE_4.27/FeaturePacks/TP_Flying.upack' (chunk index -1, root 'root:/') mounted
[2022.11.08-07.13.38:059][  0]LogShaderLibrary: Display: ShaderCodeLibraryPakFileMountedCallback: pending pak file info (ChunkID:-1 Root:root:/ File:C:/Program Files/Epic Games/UE_4.27/FeaturePacks/TP_Flying.upack)
[2022.11.08-07.13.38:059][  0]LogPakFile: OnPakFileMounted2Time == 0.000257
[2022.11.08-07.13.38:060][  0]LogPakFile: PakFile PrimaryIndexSize=184
[2022.11.08-07.13.38:060][  0]LogPakFile: PakFile PathHashIndexSize=101
[2022.11.08-07.13.38:061][  0]LogPakFile: PakFile FullDirectoryIndexSize=142
[2022.11.08-07.13.38:061][  0]LogShaderLibrary: Display: ShaderCodeLibraryPakFileMountedCallback: PakFile 'C:/Program Files/Epic Games/UE_4.27/FeaturePacks/TP_FlyingBP.upack' (chunk index -1, root 'root:/') mounted
[2022.11.08-07.13.38:061][  0]LogShaderLibrary: Display: ShaderCodeLibraryPakFileMountedCallback: pending pak file info (ChunkID:-1 Root:root:/ File:C:/Program Files/Epic Games/UE_4.27/FeaturePacks/TP_FlyingBP.upack)
[2022.11.08-07.13.38:061][  0]LogPakFile: OnPakFileMounted2Time == 0.000315
[2022.11.08-07.13.38:061][  0]LogPakFile: PakFile PrimaryIndexSize=188
[2022.11.08-07.13.38:062][  0]LogPakFile: PakFile PathHashIndexSize=101
[2022.11.08-07.13.38:062][  0]LogPakFile: PakFile FullDirectoryIndexSize=150
[2022.11.08-07.13.38:062][  0]LogShaderLibrary: Display: ShaderCodeLibraryPakFileMountedCallback: PakFile 'C:/Program Files/Epic Games/UE_4.27/FeaturePacks/TP_HandheldARBP.upack' (chunk index -1, root 'root:/') mounted
[2022.11.08-07.13.38:062][  0]LogShaderLibrary: Display: ShaderCodeLibraryPakFileMountedCallback: pending pak file info (ChunkID:-1 Root:root:/ File:C:/Program Files/Epic Games/UE_4.27/FeaturePacks/TP_HandheldARBP.upack)
[2022.11.08-07.13.38:062][  0]LogPakFile: OnPakFileMounted2Time == 0.000211
[2022.11.08-07.13.38:063][  0]LogPakFile: PakFile PrimaryIndexSize=182
[2022.11.08-07.13.38:063][  0]LogPakFile: PakFile PathHashIndexSize=101
[2022.11.08-07.13.38:063][  0]LogPakFile: PakFile FullDirectoryIndexSize=138
[2022.11.08-07.13.38:063][  0]LogShaderLibrary: Display: ShaderCodeLibraryPakFileMountedCallback: PakFile 'C:/Program Files/Epic Games/UE_4.27/FeaturePacks/TP_Puzzle.upack' (chunk index -1, root 'root:/') mounted
[2022.11.08-07.13.38:063][  0]LogShaderLibrary: Display: ShaderCodeLibraryPakFileMountedCallback: pending pak file info (ChunkID:-1 Root:root:/ File:C:/Program Files/Epic Games/UE_4.27/FeaturePacks/TP_Puzzle.upack)
[2022.11.08-07.13.38:064][  0]LogPakFile: OnPakFileMounted2Time == 0.000325
[2022.11.08-07.13.38:064][  0]LogPakFile: PakFile PrimaryIndexSize=184
[2022.11.08-07.13.38:065][  0]LogPakFile: PakFile PathHashIndexSize=101
[2022.11.08-07.13.38:065][  0]LogPakFile: PakFile FullDirectoryIndexSize=142
[2022.11.08-07.13.38:065][  0]LogShaderLibrary: Display: ShaderCodeLibraryPakFileMountedCallback: PakFile 'C:/Program Files/Epic Games/UE_4.27/FeaturePacks/TP_PuzzleBP.upack' (chunk index -1, root 'root:/') mounted
[2022.11.08-07.13.38:065][  0]LogShaderLibrary: Display: ShaderCodeLibraryPakFileMountedCallback: pending pak file info (ChunkID:-1 Root:root:/ File:C:/Program Files/Epic Games/UE_4.27/FeaturePacks/TP_PuzzleBP.upack)
[2022.11.08-07.13.38:065][  0]LogPakFile: OnPakFileMounted2Time == 0.000171
[2022.11.08-07.13.38:065][  0]LogPakFile: PakFile PrimaryIndexSize=183
[2022.11.08-07.13.38:066][  0]LogPakFile: PakFile PathHashIndexSize=101
[2022.11.08-07.13.38:066][  0]LogPakFile: PakFile FullDirectoryIndexSize=140
[2022.11.08-07.13.38:066][  0]LogShaderLibrary: Display: ShaderCodeLibraryPakFileMountedCallback: PakFile 'C:/Program Files/Epic Games/UE_4.27/FeaturePacks/TP_Rolling.upack' (chunk index -1, root 'root:/') mounted
[2022.11.08-07.13.38:066][  0]LogShaderLibrary: Display: ShaderCodeLibraryPakFileMountedCallback: pending pak file info (ChunkID:-1 Root:root:/ File:C:/Program Files/Epic Games/UE_4.27/FeaturePacks/TP_Rolling.upack)
[2022.11.08-07.13.38:066][  0]LogPakFile: OnPakFileMounted2Time == 0.000167
[2022.11.08-07.13.38:066][  0]LogPakFile: PakFile PrimaryIndexSize=185
[2022.11.08-07.13.38:067][  0]LogPakFile: PakFile PathHashIndexSize=101
[2022.11.08-07.13.38:067][  0]LogPakFile: PakFile FullDirectoryIndexSize=144
[2022.11.08-07.13.38:067][  0]LogShaderLibrary: Display: ShaderCodeLibraryPakFileMountedCallback: PakFile 'C:/Program Files/Epic Games/UE_4.27/FeaturePacks/TP_RollingBP.upack' (chunk index -1, root 'root:/') mounted
[2022.11.08-07.13.38:067][  0]LogShaderLibrary: Display: ShaderCodeLibraryPakFileMountedCallback: pending pak file info (ChunkID:-1 Root:root:/ File:C:/Program Files/Epic Games/UE_4.27/FeaturePacks/TP_RollingBP.upack)
[2022.11.08-07.13.38:067][  0]LogPakFile: OnPakFileMounted2Time == 0.000255
[2022.11.08-07.13.38:068][  0]LogPakFile: PakFile PrimaryIndexSize=188
[2022.11.08-07.13.38:068][  0]LogPakFile: PakFile PathHashIndexSize=101
[2022.11.08-07.13.38:069][  0]LogPakFile: PakFile FullDirectoryIndexSize=150
[2022.11.08-07.13.38:069][  0]LogShaderLibrary: Display: ShaderCodeLibraryPakFileMountedCallback: PakFile 'C:/Program Files/Epic Games/UE_4.27/FeaturePacks/TP_SideScroller.upack' (chunk index -1, root 'root:/') mounted
[2022.11.08-07.13.38:069][  0]LogShaderLibrary: Display: ShaderCodeLibraryPakFileMountedCallback: pending pak file info (ChunkID:-1 Root:root:/ File:C:/Program Files/Epic Games/UE_4.27/FeaturePacks/TP_SideScroller.upack)
[2022.11.08-07.13.38:069][  0]LogPakFile: OnPakFileMounted2Time == 0.000194
[2022.11.08-07.13.38:069][  0]LogPakFile: PakFile PrimaryIndexSize=190
[2022.11.08-07.13.38:069][  0]LogPakFile: PakFile PathHashIndexSize=101
[2022.11.08-07.13.38:070][  0]LogPakFile: PakFile FullDirectoryIndexSize=154
[2022.11.08-07.13.38:070][  0]LogShaderLibrary: Display: ShaderCodeLibraryPakFileMountedCallback: PakFile 'C:/Program Files/Epic Games/UE_4.27/FeaturePacks/TP_SideScrollerBP.upack' (chunk index -1, root 'root:/') mounted
[2022.11.08-07.13.38:070][  0]LogShaderLibrary: Display: ShaderCodeLibraryPakFileMountedCallback: pending pak file info (ChunkID:-1 Root:root:/ File:C:/Program Files/Epic Games/UE_4.27/FeaturePacks/TP_SideScrollerBP.upack)
[2022.11.08-07.13.38:070][  0]LogPakFile: OnPakFileMounted2Time == 0.000210
[2022.11.08-07.13.38:070][  0]LogPakFile: PakFile PrimaryIndexSize=187
[2022.11.08-07.13.38:071][  0]LogPakFile: PakFile PathHashIndexSize=101
[2022.11.08-07.13.38:071][  0]LogPakFile: PakFile FullDirectoryIndexSize=148
[2022.11.08-07.13.38:071][  0]LogShaderLibrary: Display: ShaderCodeLibraryPakFileMountedCallback: PakFile 'C:/Program Files/Epic Games/UE_4.27/FeaturePacks/TP_ThirdPerson.upack' (chunk index -1, root 'root:/') mounted
[2022.11.08-07.13.38:071][  0]LogShaderLibrary: Display: ShaderCodeLibraryPakFileMountedCallback: pending pak file info (ChunkID:-1 Root:root:/ File:C:/Program Files/Epic Games/UE_4.27/FeaturePacks/TP_ThirdPerson.upack)
[2022.11.08-07.13.38:071][  0]LogPakFile: OnPakFileMounted2Time == 0.000194
[2022.11.08-07.13.38:071][  0]LogPakFile: PakFile PrimaryIndexSize=189
[2022.11.08-07.13.38:072][  0]LogPakFile: PakFile PathHashIndexSize=101
[2022.11.08-07.13.38:072][  0]LogPakFile: PakFile FullDirectoryIndexSize=152
[2022.11.08-07.13.38:072][  0]LogShaderLibrary: Display: ShaderCodeLibraryPakFileMountedCallback: PakFile 'C:/Program Files/Epic Games/UE_4.27/FeaturePacks/TP_ThirdPersonBP.upack' (chunk index -1, root 'root:/') mounted
[2022.11.08-07.13.38:072][  0]LogShaderLibrary: Display: ShaderCodeLibraryPakFileMountedCallback: pending pak file info (ChunkID:-1 Root:root:/ File:C:/Program Files/Epic Games/UE_4.27/FeaturePacks/TP_ThirdPersonBP.upack)
[2022.11.08-07.13.38:072][  0]LogPakFile: OnPakFileMounted2Time == 0.000239
[2022.11.08-07.13.38:073][  0]LogPakFile: PakFile PrimaryIndexSize=183
[2022.11.08-07.13.38:073][  0]LogPakFile: PakFile PathHashIndexSize=101
[2022.11.08-07.13.38:073][  0]LogPakFile: PakFile FullDirectoryIndexSize=140
[2022.11.08-07.13.38:073][  0]LogShaderLibrary: Display: ShaderCodeLibraryPakFileMountedCallback: PakFile 'C:/Program Files/Epic Games/UE_4.27/FeaturePacks/TP_TopDown.upack' (chunk index -1, root 'root:/') mounted
[2022.11.08-07.13.38:073][  0]LogShaderLibrary: Display: ShaderCodeLibraryPakFileMountedCallback: pending pak file info (ChunkID:-1 Root:root:/ File:C:/Program Files/Epic Games/UE_4.27/FeaturePacks/TP_TopDown.upack)
[2022.11.08-07.13.38:074][  0]LogPakFile: OnPakFileMounted2Time == 0.000188
[2022.11.08-07.13.38:074][  0]LogPakFile: PakFile PrimaryIndexSize=185
[2022.11.08-07.13.38:074][  0]LogPakFile: PakFile PathHashIndexSize=101
[2022.11.08-07.13.38:074][  0]LogPakFile: PakFile FullDirectoryIndexSize=144
[2022.11.08-07.13.38:074][  0]LogShaderLibrary: Display: ShaderCodeLibraryPakFileMountedCallback: PakFile 'C:/Program Files/Epic Games/UE_4.27/FeaturePacks/TP_TopDownBP.upack' (chunk index -1, root 'root:/') mounted
[2022.11.08-07.13.38:074][  0]LogShaderLibrary: Display: ShaderCodeLibraryPakFileMountedCallback: pending pak file info (ChunkID:-1 Root:root:/ File:C:/Program Files/Epic Games/UE_4.27/FeaturePacks/TP_TopDownBP.upack)
[2022.11.08-07.13.38:074][  0]LogPakFile: OnPakFileMounted2Time == 0.000177
[2022.11.08-07.13.38:075][  0]LogPakFile: PakFile PrimaryIndexSize=185
[2022.11.08-07.13.38:075][  0]LogPakFile: PakFile PathHashIndexSize=101
[2022.11.08-07.13.38:075][  0]LogPakFile: PakFile FullDirectoryIndexSize=144
[2022.11.08-07.13.38:076][  0]LogShaderLibrary: Display: ShaderCodeLibraryPakFileMountedCallback: PakFile 'C:/Program Files/Epic Games/UE_4.27/FeaturePacks/TP_TwinStick.upack' (chunk index -1, root 'root:/') mounted
[2022.11.08-07.13.38:076][  0]LogShaderLibrary: Display: ShaderCodeLibraryPakFileMountedCallback: pending pak file info (ChunkID:-1 Root:root:/ File:C:/Program Files/Epic Games/UE_4.27/FeaturePacks/TP_TwinStick.upack)
[2022.11.08-07.13.38:076][  0]LogPakFile: OnPakFileMounted2Time == 0.000154
[2022.11.08-07.13.38:076][  0]LogPakFile: PakFile PrimaryIndexSize=187
[2022.11.08-07.13.38:076][  0]LogPakFile: PakFile PathHashIndexSize=101
[2022.11.08-07.13.38:077][  0]LogPakFile: PakFile FullDirectoryIndexSize=148
[2022.11.08-07.13.38:077][  0]LogShaderLibrary: Display: ShaderCodeLibraryPakFileMountedCallback: PakFile 'C:/Program Files/Epic Games/UE_4.27/FeaturePacks/TP_TwinStickBP.upack' (chunk index -1, root 'root:/') mounted
[2022.11.08-07.13.38:077][  0]LogShaderLibrary: Display: ShaderCodeLibraryPakFileMountedCallback: pending pak file info (ChunkID:-1 Root:root:/ File:C:/Program Files/Epic Games/UE_4.27/FeaturePacks/TP_TwinStickBP.upack)
[2022.11.08-07.13.38:077][  0]LogPakFile: OnPakFileMounted2Time == 0.000149
[2022.11.08-07.13.38:077][  0]LogPakFile: PakFile PrimaryIndexSize=183
[2022.11.08-07.13.38:078][  0]LogPakFile: PakFile PathHashIndexSize=101
[2022.11.08-07.13.38:078][  0]LogPakFile: PakFile FullDirectoryIndexSize=140
[2022.11.08-07.13.38:078][  0]LogShaderLibrary: Display: ShaderCodeLibraryPakFileMountedCallback: PakFile 'C:/Program Files/Epic Games/UE_4.27/FeaturePacks/TP_Vehicle.upack' (chunk index -1, root 'root:/') mounted
[2022.11.08-07.13.38:078][  0]LogShaderLibrary: Display: ShaderCodeLibraryPakFileMountedCallback: pending pak file info (ChunkID:-1 Root:root:/ File:C:/Program Files/Epic Games/UE_4.27/FeaturePacks/TP_Vehicle.upack)
[2022.11.08-07.13.38:078][  0]LogPakFile: OnPakFileMounted2Time == 0.000173
[2022.11.08-07.13.38:078][  0]LogPakFile: PakFile PrimaryIndexSize=186
[2022.11.08-07.13.38:079][  0]LogPakFile: PakFile PathHashIndexSize=101
[2022.11.08-07.13.38:079][  0]LogPakFile: PakFile FullDirectoryIndexSize=146
[2022.11.08-07.13.38:079][  0]LogShaderLibrary: Display: ShaderCodeLibraryPakFileMountedCallback: PakFile 'C:/Program Files/Epic Games/UE_4.27/FeaturePacks/TP_VehicleAdv.upack' (chunk index -1, root 'root:/') mounted
[2022.11.08-07.13.38:079][  0]LogShaderLibrary: Display: ShaderCodeLibraryPakFileMountedCallback: pending pak file info (ChunkID:-1 Root:root:/ File:C:/Program Files/Epic Games/UE_4.27/FeaturePacks/TP_VehicleAdv.upack)
[2022.11.08-07.13.38:079][  0]LogPakFile: OnPakFileMounted2Time == 0.000169
[2022.11.08-07.13.38:079][  0]LogPakFile: PakFile PrimaryIndexSize=188
[2022.11.08-07.13.38:080][  0]LogPakFile: PakFile PathHashIndexSize=101
[2022.11.08-07.13.38:080][  0]LogPakFile: PakFile FullDirectoryIndexSize=150
[2022.11.08-07.13.38:080][  0]LogShaderLibrary: Display: ShaderCodeLibraryPakFileMountedCallback: PakFile 'C:/Program Files/Epic Games/UE_4.27/FeaturePacks/TP_VehicleAdvBP.upack' (chunk index -1, root 'root:/') mounted
[2022.11.08-07.13.38:080][  0]LogShaderLibrary: Display: ShaderCodeLibraryPakFileMountedCallback: pending pak file info (ChunkID:-1 Root:root:/ File:C:/Program Files/Epic Games/UE_4.27/FeaturePacks/TP_VehicleAdvBP.upack)
[2022.11.08-07.13.38:080][  0]LogPakFile: OnPakFileMounted2Time == 0.000191
[2022.11.08-07.13.38:080][  0]LogPakFile: PakFile PrimaryIndexSize=185
[2022.11.08-07.13.38:081][  0]LogPakFile: PakFile PathHashIndexSize=101
[2022.11.08-07.13.38:081][  0]LogPakFile: PakFile FullDirectoryIndexSize=144
[2022.11.08-07.13.38:081][  0]LogShaderLibrary: Display: ShaderCodeLibraryPakFileMountedCallback: PakFile 'C:/Program Files/Epic Games/UE_4.27/FeaturePacks/TP_VehicleBP.upack' (chunk index -1, root 'root:/') mounted
[2022.11.08-07.13.38:081][  0]LogShaderLibrary: Display: ShaderCodeLibraryPakFileMountedCallback: pending pak file info (ChunkID:-1 Root:root:/ File:C:/Program Files/Epic Games/UE_4.27/FeaturePacks/TP_VehicleBP.upack)
[2022.11.08-07.13.38:081][  0]LogPakFile: OnPakFileMounted2Time == 0.000140
[2022.11.08-07.13.38:081][  0]LogPakFile: PakFile PrimaryIndexSize=192
[2022.11.08-07.13.38:082][  0]LogPakFile: PakFile PathHashIndexSize=101
[2022.11.08-07.13.38:082][  0]LogPakFile: PakFile FullDirectoryIndexSize=158
[2022.11.08-07.13.38:082][  0]LogShaderLibrary: Display: ShaderCodeLibraryPakFileMountedCallback: PakFile 'C:/Program Files/Epic Games/UE_4.27/FeaturePacks/TP_VirtualRealityBP.upack' (chunk index -1, root 'root:/') mounted
[2022.11.08-07.13.38:082][  0]LogShaderLibrary: Display: ShaderCodeLibraryPakFileMountedCallback: pending pak file info (ChunkID:-1 Root:root:/ File:C:/Program Files/Epic Games/UE_4.27/FeaturePacks/TP_VirtualRealityBP.upack)
[2022.11.08-07.13.38:082][  0]LogPakFile: OnPakFileMounted2Time == 0.000131
[2022.11.08-07.13.38:128][  0]LogNativeClassHierarchy: Verbose: Native class hierarchy updated for 'AddContentDialog' in 0.0003 seconds. Added 0 classes and 0 folders.
[2022.11.08-07.13.38:129][  0]LogNativeClassHierarchy: Verbose: Native class hierarchy updated for 'SceneOutliner' in 0.0003 seconds. Added 2 classes and 0 folders.
[2022.11.08-07.13.38:171][  0]LogSlate: Took 0.000369 seconds to synchronously load lazily loaded font '../../../Engine/Content/Slate/Fonts/Roboto-Regular.ttf' (155K)
[2022.11.08-07.13.38:173][  0]LogSlate: Took 0.000409 seconds to synchronously load lazily loaded font '../../../Engine/Content/Editor/Slate/Fonts/FontAwesome.ttf' (139K)
[2022.11.08-07.13.38:174][  0]LogSlate: Took 0.000197 seconds to synchronously load lazily loaded font '../../../Engine/Content/Slate/Fonts/Roboto-Bold.ttf' (160K)
[2022.11.08-07.13.38:270][  0]LogRenderer: Reallocating scene render targets to support 964x432 Format 10 NumSamples 1 (Frame:1).
[2022.11.08-07.13.38:422][  0]LogSlate: Took 0.000454 seconds to synchronously load lazily loaded font '../../../Engine/Content/Slate/Fonts/Roboto-Light.ttf' (167K)
[2022.11.08-07.13.38:497][  0]LogNativeClassHierarchy: Verbose: Native class hierarchy updated for 'HierarchicalLODOutliner' in 0.0003 seconds. Added 0 classes and 0 folders.
[2022.11.08-07.13.38:497][  0]LogInput: Warning: Action Jump uses invalid key OculusGo_Left_Trigger_Click.
[2022.11.08-07.13.38:497][  0]LogInput: Warning: Action ResetVR uses invalid key OculusGo_Left_Trackpad_Click.
[2022.11.08-07.13.38:497][  0]LogInput: Warning: Use -RemoveInvalidKeys to remove instances of these keys from the action mapping.
[2022.11.08-07.13.38:498][  0]LogLoad: (Engine Initialization) Total time: 12.11 seconds
[2022.11.08-07.13.38:498][  0]LogLoad: (Engine Initialization) Total Blueprint compile time: 0.00 seconds
[2022.11.08-07.13.38:572][  0]LogContentStreaming: Texture pool size now 1000 MB
[2022.11.08-07.13.38:604][  1]LogAssetRegistry: Asset discovery search completed in 6.6049 seconds
[2022.11.08-07.13.38:614][  1]LogCollectionManager: Fixed up redirectors for 0 collections in 0.000005 seconds (updated 0 objects)
[2022.11.08-07.13.44:619][307]LogTemp: Repeating last play command: Selected Viewport
[2022.11.08-07.13.44:626][307]LogPlayLevel: PlayLevel: No blueprints needed recompiling
[2022.11.08-07.13.44:628][307]PIE: New page: PIE session: ThirdPersonExampleMap (Nov 8, 2022, 11:13:44 AM)
[2022.11.08-07.13.44:631][307]LogOnline: OSS: Creating online subsystem instance for: NULL
[2022.11.08-07.13.44:634][307]LogOnline: OSS: TryLoadSubsystemAndSetDefault: Loaded subsystem for module [NULL]
[2022.11.08-07.13.44:635][307]LogPlayLevel: Creating play world package: /Game/ThirdPersonCPP/Maps/UEDPIE_0_ThirdPersonExampleMap
[2022.11.08-07.13.44:651][307]LogPlayLevel: PIE: StaticDuplicateObject took: (0.016376s)
[2022.11.08-07.13.44:652][307]LogAIModule: Creating AISystem for world ThirdPersonExampleMap
[2022.11.08-07.13.44:653][307]LogPlayLevel: PIE: World Init took: (0.001896s)
[2022.11.08-07.13.44:654][307]LogPlayLevel: PIE: Created PIE world by copying editor world from /Game/ThirdPersonCPP/Maps/ThirdPersonExampleMap.ThirdPersonExampleMap to /Game/ThirdPersonCPP/Maps/UEDPIE_0_ThirdPersonExampleMap.ThirdPersonExampleMap (0.018941s)
[2022.11.08-07.13.44:662][307]LogUObjectHash: Compacting FUObjectHashTables data took   0.84ms
[2022.11.08-07.13.44:664][307]LogAudio: Display: Creating Audio Device:                 Id: 2, Scope: Unique, Realtime: True
[2022.11.08-07.13.44:664][307]LogAudioMixer: Display: Audio Mixer Platform Settings:
[2022.11.08-07.13.44:665][307]LogAudioMixer: Display: 	Sample Rate:						  48000
[2022.11.08-07.13.44:665][307]LogAudioMixer: Display: 	Callback Buffer Frame Size Requested: 1024
[2022.11.08-07.13.44:665][307]LogAudioMixer: Display: 	Callback Buffer Frame Size To Use:	  1024
[2022.11.08-07.13.44:665][307]LogAudioMixer: Display: 	Number of buffers to queue:			  2
[2022.11.08-07.13.44:665][307]LogAudioMixer: Display: 	Max Channels (voices):				  32
[2022.11.08-07.13.44:665][307]LogAudioMixer: Display: 	Number of Async Source Workers:		  0
[2022.11.08-07.13.44:665][307]LogAudio: Display: AudioDevice MaxSources: 32
[2022.11.08-07.13.44:666][307]LogAudio: Display: Audio Spatialization Plugin: None (built-in).
[2022.11.08-07.13.44:667][307]LogAudio: Display: Audio Reverb Plugin: None (built-in).
[2022.11.08-07.13.44:667][307]LogAudio: Display: Audio Occlusion Plugin: None (built-in).
[2022.11.08-07.13.44:667][307]LogAudioMixer: Display: Initializing audio mixer.
[2022.11.08-07.13.44:668][307]LogAudioMixer: Display: 0: FrontLeft
[2022.11.08-07.13.44:669][307]LogAudioMixer: Display: 1: FrontRight
[2022.11.08-07.13.44:800][307]LogAudioMixer: Display: Using Audio Device Headphones (Realtek(R) Audio)
[2022.11.08-07.13.44:801][307]LogAudioMixer: Display: Initializing Sound Submixes...
[2022.11.08-07.13.44:801][307]LogAudioMixer: Display: Creating Master Submix 'MasterSubmixDefault'
[2022.11.08-07.13.44:801][307]LogAudioMixer: Display: Creating Master Submix 'MasterReverbSubmixDefault'
[2022.11.08-07.13.44:802][307]LogAudioMixer: Display: Creating Master Submix 'MasterEQSubmixDefault'
[2022.11.08-07.13.44:802][307]LogAudioMixer: FMixerPlatformXAudio2::StartAudioStream() called
[2022.11.08-07.13.44:802][307]LogAudioMixer: Display: Output buffers initialized: Frames=1024, Channels=2, Samples=2048
[2022.11.08-07.13.44:807][307]LogAudioMixer: Display: Starting AudioMixerPlatformInterface::RunInternal()
[2022.11.08-07.13.44:808][307]LogInit: FAudioDevice initialized.
[2022.11.08-07.13.44:808][307]LogAudioMixer: Display: FMixerPlatformXAudio2::SubmitBuffer() called for the first time
[2022.11.08-07.13.44:809][307]LogAudio: Display: Audio Device (ID: 2) registered with world 'ThirdPersonExampleMap'.
[2022.11.08-07.13.44:824][307]LogLoad: Game class is 'UE_Course_HW2GameMode'
[2022.11.08-07.13.44:827][307]LogWorld: Bringing World /Game/ThirdPersonCPP/Maps/UEDPIE_0_ThirdPersonExampleMap.ThirdPersonExampleMap up for play (max tick rate 60) at 2022.11.08-09.13.44
[2022.11.08-07.13.44:828][307]LogWorld: Bringing up level for play took: 0.002174
[2022.11.08-07.13.44:829][307]LogOnline: OSS: Creating online subsystem instance for: :Context_1
[2022.11.08-07.13.44:836][307]LogNativeClassHierarchy: Verbose: Native class hierarchy updated for 'MovieSceneCapture' in 0.0004 seconds. Added 20 classes and 0 folders.
[2022.11.08-07.13.44:837][307]PIE: Server logged in
[2022.11.08-07.13.44:840][307]PIE: Play in editor total start time 0.214 seconds.
[2022.11.08-07.14.02:533][345]LogSlate: Updating window title bar state: overlay mode, drag disabled, window buttons hidden, title bar hidden
[2022.11.08-07.14.02:534][345]LogWorld: BeginTearingDown for /Game/ThirdPersonCPP/Maps/UEDPIE_0_ThirdPersonExampleMap
[2022.11.08-07.14.02:534][345]LogWorld: UWorld::CleanupWorld for ThirdPersonExampleMap, bSessionEnded=true, bCleanupResources=true
[2022.11.08-07.14.02:535][345]LogSlate: InvalidateAllWidgets triggered.  All widgets were invalidated
[2022.11.08-07.14.02:556][345]LogPlayLevel: Display: Shutting down PIE online subsystems
[2022.11.08-07.14.02:558][345]LogSlate: InvalidateAllWidgets triggered.  All widgets were invalidated
[2022.11.08-07.14.02:564][345]LogSlate: Updating window title bar state: overlay mode, drag disabled, window buttons hidden, title bar hidden
[2022.11.08-07.14.02:566][345]LogAudioMixer: FMixerPlatformXAudio2::StopAudioStream() called
[2022.11.08-07.14.02:567][345]LogAudioMixer: FMixerPlatformXAudio2::StopAudioStream() called
[2022.11.08-07.14.02:593][345]LogUObjectHash: Compacting FUObjectHashTables data took   1.02ms
[2022.11.08-07.14.02:619][346]LogPlayLevel: Display: Destroying online subsystem :Context_1
