Log file open, 11/08/22 09:00:20
LogWindows: Failed to load 'aqProf.dll' (GetLastError=126)
LogWindows: File 'aqProf.dll' does not exist
LogWindows: Failed to load 'VtuneApi.dll' (GetLastError=126)
LogWindows: File 'VtuneApi.dll' does not exist
LogWindows: Failed to load 'VtuneApi32e.dll' (GetLastError=126)
LogWindows: File 'VtuneApi32e.dll' does not exist
LogConsoleResponse: Display: Failed to find resolution value strings in scalability ini. Falling back to default.
LogConsoleResponse: Display: Failed to find resolution value strings in scalability ini. Falling back to default.
LogInit: Display: Running engine for game: UE_Course_HW2
LogPlatformFile: Not using cached read wrapper
LogTaskGraph: Started task graph with 5 named threads and 23 total threads with 3 sets of task threads.
LogStats: Stats thread started at 0.219259
LogICUInternationalization: ICU TimeZone Detection - Raw Offset: +2:00, Platform Override: ''
LogInit: Display: Loading text-based GConfig....
LogPluginManager: Mounting plugin MeshPainting
LogPluginManager: Mounting plugin XGEController
LogPluginManager: Mounting plugin Paper2D
LogPluginManager: Mounting plugin AISupport
LogPluginManager: Mounting plugin EnvironmentQueryEditor
LogPluginManager: Mounting plugin LiveLink
LogPluginManager: Mounting plugin LightPropagationVolume
LogPluginManager: Mounting plugin GameplayCameras
LogPluginManager: Mounting plugin CameraShakePreviewer
LogPluginManager: Mounting plugin AnimationSharing
LogPluginManager: Mounting plugin CLionSourceCodeAccess
LogPluginManager: Mounting plugin CodeLiteSourceCodeAccess
LogPluginManager: Mounting plugin KDevelopSourceCodeAccess
LogPluginManager: Mounting plugin GitSourceControl
LogPluginManager: Mounting plugin NullSourceCodeAccess
LogPluginManager: Mounting plugin PerforceSourceControl
LogPluginManager: Mounting plugin PixWinPlugin
LogPluginManager: Mounting plugin PlasticSourceControl
LogPluginManager: Mounting plugin PropertyAccessNode
LogPluginManager: Mounting plugin PluginUtils
LogPluginManager: Mounting plugin SubversionSourceControl
LogPluginManager: Mounting plugin RiderSourceCodeAccess
LogPluginManager: Mounting plugin TextureFormatOodle
LogPluginManager: Mounting plugin UObjectPlugin
LogPluginManager: Mounting plugin AssetManagerEditor
LogPluginManager: Mounting plugin CryptoKeys
LogPluginManager: Mounting plugin CurveEditorTools
LogPluginManager: Mounting plugin DataValidation
LogPluginManager: Mounting plugin FacialAnimation
LogPluginManager: Mounting plugin GameplayTagsEditor
LogPluginManager: Mounting plugin MacGraphicsSwitching
LogPluginManager: Mounting plugin GeometryMode
LogPluginManager: Mounting plugin MaterialAnalyzer
LogPluginManager: Mounting plugin MobileLauncherProfileWizard
LogPluginManager: Mounting plugin PluginBrowser
LogPluginManager: Mounting plugin SpeedTreeImporter
LogPluginManager: Mounting plugin VisualStudioCodeSourceCodeAccess
LogPluginManager: Mounting plugin VisualStudioSourceCodeAccess
LogPluginManager: Mounting plugin XCodeSourceCodeAccess
LogPluginManager: Mounting plugin AlembicImporter
LogPluginManager: Mounting plugin BackChannel
LogPluginManager: Mounting plugin AutomationUtils
LogPluginManager: Mounting plugin ChaosCloth
LogPluginManager: Mounting plugin ChaosClothEditor
LogPluginManager: Mounting plugin ChaosNiagara
LogPluginManager: Mounting plugin ChaosEditor
LogPluginManager: Mounting plugin ChaosSolverPlugin
LogPluginManager: Mounting plugin CharacterAI
LogPluginManager: Mounting plugin DatasmithContent
LogPluginManager: Mounting plugin GeometryCache
LogPluginManager: Mounting plugin GeometryCollectionPlugin
LogPluginManager: Mounting plugin VariantManagerContent
LogPluginManager: Mounting plugin LuminPlatformFeatures
LogPluginManager: Mounting plugin MagicLeap
LogPluginManager: Mounting plugin Niagara
LogPluginManager: Mounting plugin MagicLeapLightEstimation
LogPluginManager: Mounting plugin GeometryProcessing
LogPluginManager: Mounting plugin MagicLeapMedia
LogPluginManager: Mounting plugin MagicLeapPassableWorld
LogPluginManager: Mounting plugin MLSDK
LogPluginManager: Mounting plugin OpenImageDenoise
LogPluginManager: Mounting plugin PlatformCrypto
LogPluginManager: Mounting plugin PlanarCut
LogPluginManager: Mounting plugin ProxyLODPlugin
LogPluginManager: Mounting plugin PythonScriptPlugin
LogPluginManager: Mounting plugin MotoSynth
LogPluginManager: Mounting plugin SkeletalReduction
LogPluginManager: Mounting plugin OodleNetwork
LogPluginManager: Mounting plugin OodleData
LogPluginManager: Mounting plugin TcpMessaging
LogPluginManager: Mounting plugin UdpMessaging
LogPluginManager: Mounting plugin ActorSequence
LogPluginManager: Mounting plugin LevelSequenceEditor
LogPluginManager: Mounting plugin TemplateSequence
LogPluginManager: Mounting plugin MatineeToLevelSequence
LogPluginManager: Mounting plugin OnlineSubsystem
LogPluginManager: Mounting plugin OnlineSubsystemNull
LogPluginManager: Mounting plugin OnlineSubsystemUtils
LogPluginManager: Mounting plugin ActorLayerUtilities
LogPluginManager: Mounting plugin AndroidDeviceProfileSelector
LogPluginManager: Mounting plugin AndroidMoviePlayer
LogPluginManager: Mounting plugin AndroidPermission
LogPluginManager: Mounting plugin AppleImageUtils
LogPluginManager: Mounting plugin AppleMoviePlayer
LogPluginManager: Mounting plugin ArchVisCharacter
LogPluginManager: Mounting plugin AssetTags
LogPluginManager: Mounting plugin AudioCapture
LogPluginManager: Mounting plugin AudioSynesthesia
LogPluginManager: Mounting plugin CableComponent
LogPluginManager: Mounting plugin ChunkDownloader
LogPluginManager: Mounting plugin CustomMeshComponent
LogPluginManager: Mounting plugin EditableMesh
LogPluginManager: Mounting plugin ExampleDeviceProfileSelector
LogPluginManager: Mounting plugin GoogleCloudMessaging
LogPluginManager: Mounting plugin GooglePAD
LogPluginManager: Mounting plugin AndroidMedia
LogPluginManager: Mounting plugin AvfMedia
LogPluginManager: Mounting plugin ScreenshotTools
LogPluginManager: Mounting plugin ImgMedia
LogPluginManager: Mounting plugin MediaCompositing
LogPluginManager: Mounting plugin LauncherChunkInstaller
LogPluginManager: Mounting plugin MediaPlayerEditor
LogPluginManager: Mounting plugin WebMMedia
LogPluginManager: Mounting plugin WmfMedia
LogPluginManager: Mounting plugin IOSDeviceProfileSelector
LogPluginManager: Mounting plugin LinuxDeviceProfileSelector
LogPluginManager: Mounting plugin LocationServicesBPLibrary
LogPluginManager: Mounting plugin MobilePatchingUtils
LogPluginManager: Mounting plugin OpenXR
LogPluginManager: Mounting plugin OpenXREyeTracker
LogPluginManager: Mounting plugin OpenXRHandTracking
LogPluginManager: Mounting plugin PhysXVehicles
LogPluginManager: Mounting plugin PostSplashScreen
LogPluginManager: Mounting plugin ProceduralMeshComponent
LogPluginManager: Mounting plugin PropertyAccessEditor
LogPluginManager: Mounting plugin RuntimePhysXCooking
LogPluginManager: Mounting plugin SignificanceManager
LogPluginManager: Mounting plugin SoundFields
LogPluginManager: Mounting plugin Synthesis
LogPluginManager: Mounting plugin WebMMoviePlayer
LogPluginManager: Mounting plugin WindowsMoviePlayer
LogPluginManager: Mounting plugin Takes
LogPluginManager: Mounting plugin ContentBrowserFileDataSource
LogPluginManager: Mounting plugin ContentBrowserAssetDataSource
LogPluginManager: Mounting plugin ContentBrowserClassDataSource
LogPluginManager: Mounting plugin OnlineSubsystemGooglePlay
LogPluginManager: Mounting plugin OnlineSubsystemIOS
LogPluginManager: Mounting plugin OculusVR
LogPluginManager: Mounting plugin SteamVR
PixWinPlugin: PIX capture plugin failed to initialize! Check that the process is launched from PIX.
LogInit: Using libcurl 7.55.1-DEV
LogInit:  - built for x86_64-pc-win32
LogInit:  - supports SSL with OpenSSL/1.1.1
LogInit:  - supports HTTP deflate (compression) using libz 1.2.8
LogInit:  - other features:
LogInit:      CURL_VERSION_SSL
LogInit:      CURL_VERSION_LIBZ
LogInit:      CURL_VERSION_IPV6
LogInit:      CURL_VERSION_ASYNCHDNS
LogInit:      CURL_VERSION_LARGEFILE
LogInit:      CURL_VERSION_IDN
LogInit:  CurlRequestOptions (configurable via config and command line):
LogInit:  - bVerifyPeer = true  - Libcurl will verify peer certificate
LogInit:  - bUseHttpProxy = false  - Libcurl will NOT use HTTP proxy
LogInit:  - bDontReuseConnections = false  - Libcurl will reuse connections
LogInit:  - MaxHostConnections = 16  - Libcurl will limit the number of connections to a host
LogInit:  - LocalHostAddr = Default
LogInit:  - BufferSize = 65536
LogOnline: OSS: Creating online subsystem instance for: NULL
LogInit: WinSock: version 1.1 (2.2), MaxSocks=32767, MaxUdp=65467
LogOnline: OSS: TryLoadSubsystemAndSetDefault: Loaded subsystem for module [NULL]
LogOculusPluginWrapper: OculusPlugin initialized successfully
LogHMD: Failed initializing OVRPlugin 1.59.0
LogInit: Build: ++UE4+Release-4.27-CL-18319896
LogInit: Engine Version: 4.27.2-18319896+++UE4+Release-4.27
LogInit: Compatible Engine Version: 4.27.0-17155196+++UE4+Release-4.27
LogInit: Net CL: 17155196
LogInit: OS: Windows 10 (Release 2009) (), CPU: 11th Gen Intel(R) Core(TM) i5-1135G7 @ 2.40GHz, GPU: Intel(R) Iris(R) Xe Graphics
LogInit: Compiled (64-bit): Nov 30 2021 07:12:08
LogInit: Compiled with Visual C++: 19.24.28315.00
LogInit: Build Configuration: Development
LogInit: Branch Name: ++UE4+Release-4.27
LogInit: Command Line: 
LogInit: Base Directory: C:/Program Files/Epic Games/UE_4.27/Engine/Binaries/Win64/
LogInit: Allocator: TBB
LogInit: Installed Engine Build: 1
LogDevObjectVersion: Number of dev versions registered: 29
LogDevObjectVersion:   Dev-Blueprints (B0D832E4-1F89-4F0D-ACCF-7EB736FD4AA2): 10
LogDevObjectVersion:   Dev-Build (E1C64328-A22C-4D53-A36C-8E866417BD8C): 0
LogDevObjectVersion:   Dev-Core (375EC13C-06E4-48FB-B500-84F0262A717E): 4
LogDevObjectVersion:   Dev-Editor (E4B068ED-F494-42E9-A231-DA0B2E46BB41): 40
LogDevObjectVersion:   Dev-Framework (CFFC743F-43B0-4480-9391-14DF171D2073): 37
LogDevObjectVersion:   Dev-Mobile (B02B49B5-BB20-44E9-A304-32B752E40360): 3
LogDevObjectVersion:   Dev-Networking (A4E4105C-59A1-49B5-A7C5-40C4547EDFEE): 0
LogDevObjectVersion:   Dev-Online (39C831C9-5AE6-47DC-9A44-9C173E1C8E7C): 0
LogDevObjectVersion:   Dev-Physics (78F01B33-EBEA-4F98-B9B4-84EACCB95AA2): 14
LogDevObjectVersion:   Dev-Platform (6631380F-2D4D-43E0-8009-CF276956A95A): 0
LogDevObjectVersion:   Dev-Rendering (12F88B9F-8875-4AFC-A67C-D90C383ABD29): 45
LogDevObjectVersion:   Dev-Sequencer (7B5AE74C-D270-4C10-A958-57980B212A5A): 13
LogDevObjectVersion:   Dev-VR (D7296918-1DD6-4BDD-9DE2-64A83CC13884): 3
LogDevObjectVersion:   Dev-LoadTimes (C2A15278-BFE7-4AFE-6C17-90FF531DF755): 1
LogDevObjectVersion:   Private-Geometry (6EACA3D4-40EC-4CC1-B786-8BED09428FC5): 3
LogDevObjectVersion:   Dev-AnimPhys (29E575DD-E0A3-4627-9D10-D276232CDCEA): 17
LogDevObjectVersion:   Dev-Anim (AF43A65D-7FD3-4947-9873-3E8ED9C1BB05): 15
LogDevObjectVersion:   Dev-ReflectionCapture (6B266CEC-1EC7-4B8F-A30B-E4D90942FC07): 1
LogDevObjectVersion:   Dev-Automation (0DF73D61-A23F-47EA-B727-89E90C41499A): 1
LogDevObjectVersion:   FortniteMain (601D1886-AC64-4F84-AA16-D3DE0DEAC7D6): 47
LogDevObjectVersion:   FortniteRelease (E7086368-6B23-4C58-8439-1B7016265E91): 1
LogDevObjectVersion:   Dev-Enterprise (9DFFBCD6-494F-0158-E221-12823C92A888): 10
LogDevObjectVersion:   Dev-Niagara (F2AED0AC-9AFE-416F-8664-AA7FFA26D6FC): 1
LogDevObjectVersion:   Dev-Destruction (174F1F0B-B4C6-45A5-B13F-2EE8D0FB917D): 10
LogDevObjectVersion:   Dev-Physics-Ext (35F94A83-E258-406C-A318-09F59610247C): 41
LogDevObjectVersion:   Dev-PhysicsMaterial-Chaos (B68FC16E-8B1B-42E2-B453-215C058844FE): 1
LogDevObjectVersion:   Dev-CineCamera (B2E18506-4273-CFC2-A54E-F4BB758BBA07): 1
LogDevObjectVersion:   Dev-VirtualProduction (64F58936-FD1B-42BA-BA96-7289D5D0FA4E): 1
LogDevObjectVersion:   Dev-MediaFramework (6F0ED827-A609-4895-9C91-998D90180EA4): 2
LogInit: Presizing for max 25165824 objects, including 0 objects not considered by GC, pre-allocating 0 bytes for permanent pool.
LogConfig: Applying CVar settings from Section [/Script/Engine.StreamingSettings] File [C:/Users/Anastasia/Documents/Unreal Projects/UE_Course_HW2/Saved/Config/Windows/Engine.ini]
LogConfig: Setting CVar [[s.MinBulkDataSizeForAsyncLoading:131072]]
LogConfig: Setting CVar [[s.AsyncLoadingThreadEnabled:0]]
LogConfig: Setting CVar [[s.EventDrivenLoaderEnabled:1]]
LogConfig: Setting CVar [[s.WarnIfTimeLimitExceeded:0]]
LogConfig: Setting CVar [[s.TimeLimitExceededMultiplier:1.5]]
LogConfig: Setting CVar [[s.TimeLimitExceededMinTime:0.005]]
LogConfig: Setting CVar [[s.UseBackgroundLevelStreaming:1]]
LogConfig: Setting CVar [[s.PriorityAsyncLoadingExtraTime:15.0]]
LogConfig: Setting CVar [[s.LevelStreamingActorsUpdateTimeLimit:5.0]]
LogConfig: Setting CVar [[s.PriorityLevelStreamingActorsUpdateExtraTime:5.0]]
LogConfig: Setting CVar [[s.LevelStreamingComponentsRegistrationGranularity:10]]
LogConfig: Setting CVar [[s.UnregisterComponentsTimeLimit:1.0]]
LogConfig: Setting CVar [[s.LevelStreamingComponentsUnregistrationGranularity:5]]
LogConfig: Setting CVar [[s.FlushStreamingOnExit:1]]
LogInit: Object subsystem initialized
LogConfig: Setting CVar [[con.DebugEarlyDefault:1]]
LogConfig: Setting CVar [[r.setres:1280x720]]
[2022.11.08-07.00.21:270][  0]LogConfig: Setting CVar [[r.VSync:0]]
[2022.11.08-07.00.21:270][  0]LogConfig: Setting CVar [[r.RHICmdBypass:0]]
[2022.11.08-07.00.21:270][  0]LogConfig: Applying CVar settings from Section [/Script/Engine.RendererSettings] File [C:/Users/Anastasia/Documents/Unreal Projects/UE_Course_HW2/Saved/Config/Windows/Engine.ini]
[2022.11.08-07.00.21:270][  0]LogConfig: Setting CVar [[r.GPUCrashDebugging:0]]
[2022.11.08-07.00.21:270][  0]LogConfig: Applying CVar settings from Section [/Script/Engine.RendererOverrideSettings] File [C:/Users/Anastasia/Documents/Unreal Projects/UE_Course_HW2/Saved/Config/Windows/Engine.ini]
[2022.11.08-07.00.21:270][  0]LogConfig: Applying CVar settings from Section [/Script/Engine.StreamingSettings] File [C:/Users/Anastasia/Documents/Unreal Projects/UE_Course_HW2/Saved/Config/Windows/Engine.ini]
[2022.11.08-07.00.21:270][  0]LogConfig: Setting CVar [[s.MinBulkDataSizeForAsyncLoading:131072]]
[2022.11.08-07.00.21:270][  0]LogConfig: Setting CVar [[s.AsyncLoadingThreadEnabled:0]]
[2022.11.08-07.00.21:270][  0]LogConfig: Setting CVar [[s.EventDrivenLoaderEnabled:1]]
[2022.11.08-07.00.21:270][  0]LogConfig: Setting CVar [[s.WarnIfTimeLimitExceeded:0]]
[2022.11.08-07.00.21:270][  0]LogConfig: Setting CVar [[s.TimeLimitExceededMultiplier:1.5]]
[2022.11.08-07.00.21:270][  0]LogConfig: Setting CVar [[s.TimeLimitExceededMinTime:0.005]]
[2022.11.08-07.00.21:270][  0]LogConfig: Setting CVar [[s.UseBackgroundLevelStreaming:1]]
[2022.11.08-07.00.21:270][  0]LogConfig: Setting CVar [[s.PriorityAsyncLoadingExtraTime:15.0]]
[2022.11.08-07.00.21:270][  0]LogConfig: Setting CVar [[s.LevelStreamingActorsUpdateTimeLimit:5.0]]
[2022.11.08-07.00.21:270][  0]LogConfig: Setting CVar [[s.PriorityLevelStreamingActorsUpdateExtraTime:5.0]]
[2022.11.08-07.00.21:270][  0]LogConfig: Setting CVar [[s.LevelStreamingComponentsRegistrationGranularity:10]]
[2022.11.08-07.00.21:270][  0]LogConfig: Setting CVar [[s.UnregisterComponentsTimeLimit:1.0]]
[2022.11.08-07.00.21:270][  0]LogConfig: Setting CVar [[s.LevelStreamingComponentsUnregistrationGranularity:5]]
[2022.11.08-07.00.21:270][  0]LogConfig: Setting CVar [[s.FlushStreamingOnExit:1]]
[2022.11.08-07.00.21:270][  0]LogConfig: Applying CVar settings from Section [/Script/Engine.GarbageCollectionSettings] File [C:/Users/Anastasia/Documents/Unreal Projects/UE_Course_HW2/Saved/Config/Windows/Engine.ini]
[2022.11.08-07.00.21:270][  0]LogConfig: Setting CVar [[gc.MaxObjectsNotConsideredByGC:1]]
[2022.11.08-07.00.21:270][  0]LogConfig: Setting CVar [[gc.SizeOfPermanentObjectPool:0]]
[2022.11.08-07.00.21:270][  0]LogConfig: Setting CVar [[gc.FlushStreamingOnGC:0]]
[2022.11.08-07.00.21:270][  0]LogConfig: Setting CVar [[gc.NumRetriesBeforeForcingGC:10]]
[2022.11.08-07.00.21:270][  0]LogConfig: Setting CVar [[gc.AllowParallelGC:1]]
[2022.11.08-07.00.21:270][  0]LogConfig: Setting CVar [[gc.TimeBetweenPurgingPendingKillObjects:61.1]]
[2022.11.08-07.00.21:270][  0]LogConfig: Setting CVar [[gc.MaxObjectsInEditor:25165824]]
[2022.11.08-07.00.21:270][  0]LogConfig: Setting CVar [[gc.IncrementalBeginDestroyEnabled:1]]
[2022.11.08-07.00.21:270][  0]LogConfig: Setting CVar [[gc.CreateGCClusters:1]]
[2022.11.08-07.00.21:270][  0]LogConfig: Setting CVar [[gc.MinGCClusterSize:5]]
[2022.11.08-07.00.21:270][  0]LogConfig: Setting CVar [[gc.ActorClusteringEnabled:0]]
[2022.11.08-07.00.21:270][  0]LogConfig: Setting CVar [[gc.BlueprintClusteringEnabled:0]]
[2022.11.08-07.00.21:270][  0]LogConfig: Setting CVar [[gc.UseDisregardForGCOnDedicatedServers:0]]
[2022.11.08-07.00.21:270][  0]LogConfig: Setting CVar [[gc.MultithreadedDestructionEnabled:1]]
[2022.11.08-07.00.21:270][  0]LogConfig: Applying CVar settings from Section [/Script/Engine.NetworkSettings] File [C:/Users/Anastasia/Documents/Unreal Projects/UE_Course_HW2/Saved/Config/Windows/Engine.ini]
[2022.11.08-07.00.21:270][  0]LogConfig: Applying CVar settings from Section [/Script/UnrealEd.CookerSettings] File [C:/Users/Anastasia/Documents/Unreal Projects/UE_Course_HW2/Saved/Config/Windows/Engine.ini]
[2022.11.08-07.00.21:274][  0]LogConfig: Applying CVar settings from Section [ViewDistanceQuality@3] File [C:/Users/Anastasia/Documents/Unreal Projects/UE_Course_HW2/Saved/Config/Windows/Scalability.ini]
[2022.11.08-07.00.21:274][  0]LogConfig: Setting CVar [[r.SkeletalMeshLODBias:0]]
[2022.11.08-07.00.21:274][  0]LogConfig: Setting CVar [[r.ViewDistanceScale:1.0]]
[2022.11.08-07.00.21:274][  0]LogConfig: Applying CVar settings from Section [AntiAliasingQuality@3] File [C:/Users/Anastasia/Documents/Unreal Projects/UE_Course_HW2/Saved/Config/Windows/Scalability.ini]
[2022.11.08-07.00.21:274][  0]LogConfig: Setting CVar [[r.PostProcessAAQuality:4]]
[2022.11.08-07.00.21:274][  0]LogConfig: Applying CVar settings from Section [ShadowQuality@3] File [C:/Users/Anastasia/Documents/Unreal Projects/UE_Course_HW2/Saved/Config/Windows/Scalability.ini]
[2022.11.08-07.00.21:274][  0]LogConfig: Setting CVar [[r.LightFunctionQuality:1]]
[2022.11.08-07.00.21:274][  0]LogConfig: Setting CVar [[r.ShadowQuality:5]]
[2022.11.08-07.00.21:274][  0]LogConfig: Setting CVar [[r.Shadow.CSM.MaxCascades:10]]
[2022.11.08-07.00.21:274][  0]LogConfig: Setting CVar [[r.Shadow.MaxResolution:2048]]
[2022.11.08-07.00.21:274][  0]LogConfig: Setting CVar [[r.Shadow.MaxCSMResolution:2048]]
[2022.11.08-07.00.21:274][  0]LogConfig: Setting CVar [[r.Shadow.RadiusThreshold:0.01]]
[2022.11.08-07.00.21:274][  0]LogConfig: Setting CVar [[r.Shadow.DistanceScale:1.0]]
[2022.11.08-07.00.21:274][  0]LogConfig: Setting CVar [[r.Shadow.CSM.TransitionScale:1.0]]
[2022.11.08-07.00.21:274][  0]LogConfig: Setting CVar [[r.Shadow.PreShadowResolutionFactor:1.0]]
[2022.11.08-07.00.21:274][  0]LogConfig: Setting CVar [[r.DistanceFieldShadowing:1]]
[2022.11.08-07.00.21:274][  0]LogConfig: Setting CVar [[r.DistanceFieldAO:1]]
[2022.11.08-07.00.21:274][  0]LogConfig: Setting CVar [[r.AOQuality:2]]
[2022.11.08-07.00.21:274][  0]LogConfig: Setting CVar [[r.VolumetricFog:1]]
[2022.11.08-07.00.21:274][  0]LogConfig: Setting CVar [[r.VolumetricFog.GridPixelSize:8]]
[2022.11.08-07.00.21:274][  0]LogConfig: Setting CVar [[r.VolumetricFog.GridSizeZ:128]]
[2022.11.08-07.00.21:274][  0]LogConfig: Setting CVar [[r.VolumetricFog.HistoryMissSupersampleCount:4]]
[2022.11.08-07.00.21:274][  0]LogConfig: Setting CVar [[r.LightMaxDrawDistanceScale:1]]
[2022.11.08-07.00.21:274][  0]LogConfig: Setting CVar [[r.CapsuleShadows:1]]
[2022.11.08-07.00.21:274][  0]LogConfig: Applying CVar settings from Section [PostProcessQuality@3] File [C:/Users/Anastasia/Documents/Unreal Projects/UE_Course_HW2/Saved/Config/Windows/Scalability.ini]
[2022.11.08-07.00.21:274][  0]LogConfig: Setting CVar [[r.MotionBlurQuality:4]]
[2022.11.08-07.00.21:274][  0]LogConfig: Setting CVar [[r.AmbientOcclusionMipLevelFactor:0.4]]
[2022.11.08-07.00.21:274][  0]LogConfig: Setting CVar [[r.AmbientOcclusionMaxQuality:100]]
[2022.11.08-07.00.21:274][  0]LogConfig: Setting CVar [[r.AmbientOcclusionLevels:-1]]
[2022.11.08-07.00.21:274][  0]LogConfig: Setting CVar [[r.AmbientOcclusionRadiusScale:1.0]]
[2022.11.08-07.00.21:274][  0]LogConfig: Setting CVar [[r.DepthOfFieldQuality:2]]
[2022.11.08-07.00.21:274][  0]LogConfig: Setting CVar [[r.RenderTargetPoolMin:400]]
[2022.11.08-07.00.21:274][  0]LogConfig: Setting CVar [[r.LensFlareQuality:2]]
[2022.11.08-07.00.21:274][  0]LogConfig: Setting CVar [[r.SceneColorFringeQuality:1]]
[2022.11.08-07.00.21:274][  0]LogConfig: Setting CVar [[r.EyeAdaptationQuality:2]]
[2022.11.08-07.00.21:274][  0]LogConfig: Setting CVar [[r.BloomQuality:5]]
[2022.11.08-07.00.21:274][  0]LogConfig: Setting CVar [[r.FastBlurThreshold:100]]
[2022.11.08-07.00.21:274][  0]LogConfig: Setting CVar [[r.Upscale.Quality:3]]
[2022.11.08-07.00.21:274][  0]LogConfig: Setting CVar [[r.Tonemapper.GrainQuantization:1]]
[2022.11.08-07.00.21:274][  0]LogConfig: Setting CVar [[r.LightShaftQuality:1]]
[2022.11.08-07.00.21:274][  0]LogConfig: Setting CVar [[r.Filter.SizeScale:1]]
[2022.11.08-07.00.21:274][  0]LogConfig: Setting CVar [[r.Tonemapper.Quality:5]]
[2022.11.08-07.00.21:274][  0]LogConfig: Setting CVar [[r.DOF.Gather.AccumulatorQuality:1        ; higher gathering accumulator quality]]
[2022.11.08-07.00.21:274][  0]LogConfig: Setting CVar [[r.DOF.Gather.PostfilterMethod:1          ; Median3x3 postfilering method]]
[2022.11.08-07.00.21:274][  0]LogConfig: Setting CVar [[r.DOF.Gather.EnableBokehSettings:0       ; no bokeh simulation when gathering]]
[2022.11.08-07.00.21:274][  0]LogConfig: Setting CVar [[r.DOF.Gather.RingCount:4                 ; medium number of samples when gathering]]
[2022.11.08-07.00.21:274][  0]LogConfig: Setting CVar [[r.DOF.Scatter.ForegroundCompositing:1    ; additive foreground scattering]]
[2022.11.08-07.00.21:274][  0]LogConfig: Setting CVar [[r.DOF.Scatter.BackgroundCompositing:2    ; additive background scattering]]
[2022.11.08-07.00.21:274][  0]LogConfig: Setting CVar [[r.DOF.Scatter.EnableBokehSettings:1      ; bokeh simulation when scattering]]
[2022.11.08-07.00.21:274][  0]LogConfig: Setting CVar [[r.DOF.Scatter.MaxSpriteRatio:0.1         ; only a maximum of 10% of scattered bokeh]]
[2022.11.08-07.00.21:274][  0]LogConfig: Setting CVar [[r.DOF.Recombine.Quality:1                ; cheap slight out of focus]]
[2022.11.08-07.00.21:274][  0]LogConfig: Setting CVar [[r.DOF.Recombine.EnableBokehSettings:0    ; no bokeh simulation on slight out of focus]]
[2022.11.08-07.00.21:274][  0]LogConfig: Setting CVar [[r.DOF.TemporalAAQuality:1                ; more stable temporal accumulation]]
[2022.11.08-07.00.21:274][  0]LogConfig: Setting CVar [[r.DOF.Kernel.MaxForegroundRadius:0.025]]
[2022.11.08-07.00.21:274][  0]LogConfig: Setting CVar [[r.DOF.Kernel.MaxBackgroundRadius:0.025]]
[2022.11.08-07.00.21:274][  0]LogConfig: Applying CVar settings from Section [TextureQuality@3] File [C:/Users/Anastasia/Documents/Unreal Projects/UE_Course_HW2/Saved/Config/Windows/Scalability.ini]
[2022.11.08-07.00.21:274][  0]LogConfig: Setting CVar [[r.Streaming.MipBias:0]]
[2022.11.08-07.00.21:274][  0]LogConfig: Setting CVar [[r.Streaming.AmortizeCPUToGPUCopy:0]]
[2022.11.08-07.00.21:274][  0]LogConfig: Setting CVar [[r.Streaming.MaxNumTexturesToStreamPerFrame:0]]
[2022.11.08-07.00.21:274][  0]LogConfig: Setting CVar [[r.Streaming.Boost:1]]
[2022.11.08-07.00.21:274][  0]LogConfig: Setting CVar [[r.MaxAnisotropy:8]]
[2022.11.08-07.00.21:274][  0]LogConfig: Setting CVar [[r.VT.MaxAnisotropy:8]]
[2022.11.08-07.00.21:274][  0]LogConfig: Setting CVar [[r.Streaming.LimitPoolSizeToVRAM:0]]
[2022.11.08-07.00.21:274][  0]LogConfig: Setting CVar [[r.Streaming.PoolSize:1000]]
[2022.11.08-07.00.21:274][  0]LogConfig: Setting CVar [[r.Streaming.MaxEffectiveScreenSize:0]]
[2022.11.08-07.00.21:274][  0]LogConfig: Applying CVar settings from Section [EffectsQuality@3] File [C:/Users/Anastasia/Documents/Unreal Projects/UE_Course_HW2/Saved/Config/Windows/Scalability.ini]
[2022.11.08-07.00.21:275][  0]LogConfig: Setting CVar [[r.TranslucencyLightingVolumeDim:64]]
[2022.11.08-07.00.21:275][  0]LogConfig: Setting CVar [[r.RefractionQuality:2]]
[2022.11.08-07.00.21:275][  0]LogConfig: Setting CVar [[r.SSR.Quality:3]]
[2022.11.08-07.00.21:275][  0]LogConfig: Setting CVar [[r.SSR.HalfResSceneColor:0]]
[2022.11.08-07.00.21:275][  0]LogConfig: Setting CVar [[r.SceneColorFormat:4]]
[2022.11.08-07.00.21:275][  0]LogConfig: Setting CVar [[r.DetailMode:2]]
[2022.11.08-07.00.21:275][  0]LogConfig: Setting CVar [[r.TranslucencyVolumeBlur:1]]
[2022.11.08-07.00.21:275][  0]LogConfig: Setting CVar [[r.MaterialQualityLevel:1 ; High quality]]
[2022.11.08-07.00.21:275][  0]LogConfig: Setting CVar [[r.AnisotropicMaterials:1]]
[2022.11.08-07.00.21:275][  0]LogConfig: Setting CVar [[r.SSS.Scale:1]]
[2022.11.08-07.00.21:275][  0]LogConfig: Setting CVar [[r.SSS.SampleSet:2]]
[2022.11.08-07.00.21:275][  0]LogConfig: Setting CVar [[r.SSS.Quality:1]]
[2022.11.08-07.00.21:275][  0]LogConfig: Setting CVar [[r.SSS.HalfRes:0]]
[2022.11.08-07.00.21:275][  0]LogConfig: Setting CVar [[r.SSGI.Quality:3]]
[2022.11.08-07.00.21:275][  0]LogConfig: Setting CVar [[r.EmitterSpawnRateScale:1.0]]
[2022.11.08-07.00.21:275][  0]LogConfig: Setting CVar [[r.ParticleLightQuality:2]]
[2022.11.08-07.00.21:275][  0]LogConfig: Setting CVar [[r.SkyAtmosphere.AerialPerspectiveLUT.FastApplyOnOpaque:1 ; Always have FastSkyLUT 1 in this case to avoid wrong sky]]
[2022.11.08-07.00.21:275][  0]LogConfig: Setting CVar [[r.SkyAtmosphere.AerialPerspectiveLUT.SampleCountMaxPerSlice:4]]
[2022.11.08-07.00.21:275][  0]LogConfig: Setting CVar [[r.SkyAtmosphere.AerialPerspectiveLUT.DepthResolution:16.0]]
[2022.11.08-07.00.21:275][  0]LogConfig: Setting CVar [[r.SkyAtmosphere.FastSkyLUT:1]]
[2022.11.08-07.00.21:275][  0]LogConfig: Setting CVar [[r.SkyAtmosphere.FastSkyLUT.SampleCountMin:4.0]]
[2022.11.08-07.00.21:275][  0]LogConfig: Setting CVar [[r.SkyAtmosphere.FastSkyLUT.SampleCountMax:128.0]]
[2022.11.08-07.00.21:275][  0]LogConfig: Setting CVar [[r.SkyAtmosphere.SampleCountMin:4.0]]
[2022.11.08-07.00.21:275][  0]LogConfig: Setting CVar [[r.SkyAtmosphere.SampleCountMax:128.0]]
[2022.11.08-07.00.21:275][  0]LogConfig: Setting CVar [[r.SkyAtmosphere.TransmittanceLUT.UseSmallFormat:0]]
[2022.11.08-07.00.21:275][  0]LogConfig: Setting CVar [[r.SkyAtmosphere.TransmittanceLUT.SampleCount:10.0]]
[2022.11.08-07.00.21:275][  0]LogConfig: Setting CVar [[r.SkyAtmosphere.MultiScatteringLUT.SampleCount:15.0]]
[2022.11.08-07.00.21:275][  0]LogConfig: Setting CVar [[r.SkyLight.RealTimeReflectionCapture:1]]
[2022.11.08-07.00.21:275][  0]LogConfig: Applying CVar settings from Section [FoliageQuality@3] File [C:/Users/Anastasia/Documents/Unreal Projects/UE_Course_HW2/Saved/Config/Windows/Scalability.ini]
[2022.11.08-07.00.21:275][  0]LogConfig: Setting CVar [[foliage.DensityScale:1.0]]
[2022.11.08-07.00.21:275][  0]LogConfig: Setting CVar [[grass.DensityScale:1.0]]
[2022.11.08-07.00.21:275][  0]LogConfig: Applying CVar settings from Section [ShadingQuality@3] File [C:/Users/Anastasia/Documents/Unreal Projects/UE_Course_HW2/Saved/Config/Windows/Scalability.ini]
[2022.11.08-07.00.21:275][  0]LogConfig: Setting CVar [[r.HairStrands.SkyLighting.IntegrationType:2]]
[2022.11.08-07.00.21:275][  0]LogConfig: Setting CVar [[r.HairStrands.SkyAO.SampleCount:4]]
[2022.11.08-07.00.21:275][  0]LogConfig: Setting CVar [[r.HairStrands.Visibility.MSAA.SamplePerPixel:4]]
[2022.11.08-07.00.21:275][  0]LogInit: Selected Device Profile: [Windows]
[2022.11.08-07.00.21:275][  0]LogInit: Applying CVar settings loaded from the selected device profile: [Windows]
[2022.11.08-07.00.21:275][  0]LogHAL: Display: Platform has ~ 16 GB [16859586560 / 17179869184 / 16], which maps to Larger [LargestMinGB=32, LargerMinGB=12, DefaultMinGB=8, SmallerMinGB=6, SmallestMinGB=0)
[2022.11.08-07.00.21:275][  0]LogInit: Going up to parent DeviceProfile []
[2022.11.08-07.00.21:275][  0]LogConfig: Applying CVar settings from Section [ViewDistanceQuality@3] File [C:/Users/Anastasia/Documents/Unreal Projects/UE_Course_HW2/Saved/Config/Windows/Scalability.ini]
[2022.11.08-07.00.21:275][  0]LogConfig: Setting CVar [[r.SkeletalMeshLODBias:0]]
[2022.11.08-07.00.21:275][  0]LogConfig: Setting CVar [[r.ViewDistanceScale:1.0]]
[2022.11.08-07.00.21:275][  0]LogConfig: Applying CVar settings from Section [AntiAliasingQuality@3] File [C:/Users/Anastasia/Documents/Unreal Projects/UE_Course_HW2/Saved/Config/Windows/Scalability.ini]
[2022.11.08-07.00.21:275][  0]LogConfig: Setting CVar [[r.PostProcessAAQuality:4]]
[2022.11.08-07.00.21:275][  0]LogConfig: Applying CVar settings from Section [ShadowQuality@3] File [C:/Users/Anastasia/Documents/Unreal Projects/UE_Course_HW2/Saved/Config/Windows/Scalability.ini]
[2022.11.08-07.00.21:275][  0]LogConfig: Setting CVar [[r.LightFunctionQuality:1]]
[2022.11.08-07.00.21:275][  0]LogConfig: Setting CVar [[r.ShadowQuality:5]]
[2022.11.08-07.00.21:275][  0]LogConfig: Setting CVar [[r.Shadow.CSM.MaxCascades:10]]
[2022.11.08-07.00.21:275][  0]LogConfig: Setting CVar [[r.Shadow.MaxResolution:2048]]
[2022.11.08-07.00.21:275][  0]LogConfig: Setting CVar [[r.Shadow.MaxCSMResolution:2048]]
[2022.11.08-07.00.21:275][  0]LogConfig: Setting CVar [[r.Shadow.RadiusThreshold:0.01]]
[2022.11.08-07.00.21:275][  0]LogConfig: Setting CVar [[r.Shadow.DistanceScale:1.0]]
[2022.11.08-07.00.21:275][  0]LogConfig: Setting CVar [[r.Shadow.CSM.TransitionScale:1.0]]
[2022.11.08-07.00.21:275][  0]LogConfig: Setting CVar [[r.Shadow.PreShadowResolutionFactor:1.0]]
[2022.11.08-07.00.21:275][  0]LogConfig: Setting CVar [[r.DistanceFieldShadowing:1]]
[2022.11.08-07.00.21:275][  0]LogConfig: Setting CVar [[r.DistanceFieldAO:1]]
[2022.11.08-07.00.21:275][  0]LogConfig: Setting CVar [[r.AOQuality:2]]
[2022.11.08-07.00.21:275][  0]LogConfig: Setting CVar [[r.VolumetricFog:1]]
[2022.11.08-07.00.21:275][  0]LogConfig: Setting CVar [[r.VolumetricFog.GridPixelSize:8]]
[2022.11.08-07.00.21:275][  0]LogConfig: Setting CVar [[r.VolumetricFog.GridSizeZ:128]]
[2022.11.08-07.00.21:275][  0]LogConfig: Setting CVar [[r.VolumetricFog.HistoryMissSupersampleCount:4]]
[2022.11.08-07.00.21:275][  0]LogConfig: Setting CVar [[r.LightMaxDrawDistanceScale:1]]
[2022.11.08-07.00.21:275][  0]LogConfig: Setting CVar [[r.CapsuleShadows:1]]
[2022.11.08-07.00.21:275][  0]LogConfig: Applying CVar settings from Section [PostProcessQuality@3] File [C:/Users/Anastasia/Documents/Unreal Projects/UE_Course_HW2/Saved/Config/Windows/Scalability.ini]
[2022.11.08-07.00.21:275][  0]LogConfig: Setting CVar [[r.MotionBlurQuality:4]]
[2022.11.08-07.00.21:275][  0]LogConfig: Setting CVar [[r.AmbientOcclusionMipLevelFactor:0.4]]
[2022.11.08-07.00.21:275][  0]LogConfig: Setting CVar [[r.AmbientOcclusionMaxQuality:100]]
[2022.11.08-07.00.21:275][  0]LogConfig: Setting CVar [[r.AmbientOcclusionLevels:-1]]
[2022.11.08-07.00.21:275][  0]LogConfig: Setting CVar [[r.AmbientOcclusionRadiusScale:1.0]]
[2022.11.08-07.00.21:275][  0]LogConfig: Setting CVar [[r.DepthOfFieldQuality:2]]
[2022.11.08-07.00.21:275][  0]LogConfig: Setting CVar [[r.RenderTargetPoolMin:400]]
[2022.11.08-07.00.21:275][  0]LogConfig: Setting CVar [[r.LensFlareQuality:2]]
[2022.11.08-07.00.21:275][  0]LogConfig: Setting CVar [[r.SceneColorFringeQuality:1]]
[2022.11.08-07.00.21:275][  0]LogConfig: Setting CVar [[r.EyeAdaptationQuality:2]]
[2022.11.08-07.00.21:275][  0]LogConfig: Setting CVar [[r.BloomQuality:5]]
[2022.11.08-07.00.21:275][  0]LogConfig: Setting CVar [[r.FastBlurThreshold:100]]
[2022.11.08-07.00.21:275][  0]LogConfig: Setting CVar [[r.Upscale.Quality:3]]
[2022.11.08-07.00.21:275][  0]LogConfig: Setting CVar [[r.Tonemapper.GrainQuantization:1]]
[2022.11.08-07.00.21:275][  0]LogConfig: Setting CVar [[r.LightShaftQuality:1]]
[2022.11.08-07.00.21:275][  0]LogConfig: Setting CVar [[r.Filter.SizeScale:1]]
[2022.11.08-07.00.21:275][  0]LogConfig: Setting CVar [[r.Tonemapper.Quality:5]]
[2022.11.08-07.00.21:275][  0]LogConfig: Setting CVar [[r.DOF.Gather.AccumulatorQuality:1        ; higher gathering accumulator quality]]
[2022.11.08-07.00.21:275][  0]LogConfig: Setting CVar [[r.DOF.Gather.PostfilterMethod:1          ; Median3x3 postfilering method]]
[2022.11.08-07.00.21:275][  0]LogConfig: Setting CVar [[r.DOF.Gather.EnableBokehSettings:0       ; no bokeh simulation when gathering]]
[2022.11.08-07.00.21:275][  0]LogConfig: Setting CVar [[r.DOF.Gather.RingCount:4                 ; medium number of samples when gathering]]
[2022.11.08-07.00.21:275][  0]LogConfig: Setting CVar [[r.DOF.Scatter.ForegroundCompositing:1    ; additive foreground scattering]]
[2022.11.08-07.00.21:275][  0]LogConfig: Setting CVar [[r.DOF.Scatter.BackgroundCompositing:2    ; additive background scattering]]
[2022.11.08-07.00.21:275][  0]LogConfig: Setting CVar [[r.DOF.Scatter.EnableBokehSettings:1      ; bokeh simulation when scattering]]
[2022.11.08-07.00.21:275][  0]LogConfig: Setting CVar [[r.DOF.Scatter.MaxSpriteRatio:0.1         ; only a maximum of 10% of scattered bokeh]]
[2022.11.08-07.00.21:275][  0]LogConfig: Setting CVar [[r.DOF.Recombine.Quality:1                ; cheap slight out of focus]]
[2022.11.08-07.00.21:275][  0]LogConfig: Setting CVar [[r.DOF.Recombine.EnableBokehSettings:0    ; no bokeh simulation on slight out of focus]]
[2022.11.08-07.00.21:275][  0]LogConfig: Setting CVar [[r.DOF.TemporalAAQuality:1                ; more stable temporal accumulation]]
[2022.11.08-07.00.21:275][  0]LogConfig: Setting CVar [[r.DOF.Kernel.MaxForegroundRadius:0.025]]
[2022.11.08-07.00.21:275][  0]LogConfig: Setting CVar [[r.DOF.Kernel.MaxBackgroundRadius:0.025]]
[2022.11.08-07.00.21:275][  0]LogConfig: Applying CVar settings from Section [TextureQuality@3] File [C:/Users/Anastasia/Documents/Unreal Projects/UE_Course_HW2/Saved/Config/Windows/Scalability.ini]
[2022.11.08-07.00.21:275][  0]LogConfig: Setting CVar [[r.Streaming.MipBias:0]]
[2022.11.08-07.00.21:275][  0]LogConfig: Setting CVar [[r.Streaming.AmortizeCPUToGPUCopy:0]]
[2022.11.08-07.00.21:275][  0]LogConfig: Setting CVar [[r.Streaming.MaxNumTexturesToStreamPerFrame:0]]
[2022.11.08-07.00.21:275][  0]LogConfig: Setting CVar [[r.Streaming.Boost:1]]
[2022.11.08-07.00.21:275][  0]LogConfig: Setting CVar [[r.MaxAnisotropy:8]]
[2022.11.08-07.00.21:275][  0]LogConfig: Setting CVar [[r.VT.MaxAnisotropy:8]]
[2022.11.08-07.00.21:275][  0]LogConfig: Setting CVar [[r.Streaming.LimitPoolSizeToVRAM:0]]
[2022.11.08-07.00.21:275][  0]LogConfig: Setting CVar [[r.Streaming.PoolSize:1000]]
[2022.11.08-07.00.21:275][  0]LogConfig: Setting CVar [[r.Streaming.MaxEffectiveScreenSize:0]]
[2022.11.08-07.00.21:275][  0]LogConfig: Applying CVar settings from Section [EffectsQuality@3] File [C:/Users/Anastasia/Documents/Unreal Projects/UE_Course_HW2/Saved/Config/Windows/Scalability.ini]
[2022.11.08-07.00.21:275][  0]LogConfig: Setting CVar [[r.TranslucencyLightingVolumeDim:64]]
[2022.11.08-07.00.21:275][  0]LogConfig: Setting CVar [[r.RefractionQuality:2]]
[2022.11.08-07.00.21:275][  0]LogConfig: Setting CVar [[r.SSR.Quality:3]]
[2022.11.08-07.00.21:275][  0]LogConfig: Setting CVar [[r.SSR.HalfResSceneColor:0]]
[2022.11.08-07.00.21:275][  0]LogConfig: Setting CVar [[r.SceneColorFormat:4]]
[2022.11.08-07.00.21:276][  0]LogConfig: Setting CVar [[r.DetailMode:2]]
[2022.11.08-07.00.21:276][  0]LogConfig: Setting CVar [[r.TranslucencyVolumeBlur:1]]
[2022.11.08-07.00.21:276][  0]LogConfig: Setting CVar [[r.MaterialQualityLevel:1 ; High quality]]
[2022.11.08-07.00.21:276][  0]LogConfig: Setting CVar [[r.AnisotropicMaterials:1]]
[2022.11.08-07.00.21:276][  0]LogConfig: Setting CVar [[r.SSS.Scale:1]]
[2022.11.08-07.00.21:276][  0]LogConfig: Setting CVar [[r.SSS.SampleSet:2]]
[2022.11.08-07.00.21:276][  0]LogConfig: Setting CVar [[r.SSS.Quality:1]]
[2022.11.08-07.00.21:276][  0]LogConfig: Setting CVar [[r.SSS.HalfRes:0]]
[2022.11.08-07.00.21:276][  0]LogConfig: Setting CVar [[r.SSGI.Quality:3]]
[2022.11.08-07.00.21:276][  0]LogConfig: Setting CVar [[r.EmitterSpawnRateScale:1.0]]
[2022.11.08-07.00.21:276][  0]LogConfig: Setting CVar [[r.ParticleLightQuality:2]]
[2022.11.08-07.00.21:276][  0]LogConfig: Setting CVar [[r.SkyAtmosphere.AerialPerspectiveLUT.FastApplyOnOpaque:1 ; Always have FastSkyLUT 1 in this case to avoid wrong sky]]
[2022.11.08-07.00.21:276][  0]LogConfig: Setting CVar [[r.SkyAtmosphere.AerialPerspectiveLUT.SampleCountMaxPerSlice:4]]
[2022.11.08-07.00.21:276][  0]LogConfig: Setting CVar [[r.SkyAtmosphere.AerialPerspectiveLUT.DepthResolution:16.0]]
[2022.11.08-07.00.21:276][  0]LogConfig: Setting CVar [[r.SkyAtmosphere.FastSkyLUT:1]]
[2022.11.08-07.00.21:276][  0]LogConfig: Setting CVar [[r.SkyAtmosphere.FastSkyLUT.SampleCountMin:4.0]]
[2022.11.08-07.00.21:276][  0]LogConfig: Setting CVar [[r.SkyAtmosphere.FastSkyLUT.SampleCountMax:128.0]]
[2022.11.08-07.00.21:276][  0]LogConfig: Setting CVar [[r.SkyAtmosphere.SampleCountMin:4.0]]
[2022.11.08-07.00.21:276][  0]LogConfig: Setting CVar [[r.SkyAtmosphere.SampleCountMax:128.0]]
[2022.11.08-07.00.21:276][  0]LogConfig: Setting CVar [[r.SkyAtmosphere.TransmittanceLUT.UseSmallFormat:0]]
[2022.11.08-07.00.21:276][  0]LogConfig: Setting CVar [[r.SkyAtmosphere.TransmittanceLUT.SampleCount:10.0]]
[2022.11.08-07.00.21:276][  0]LogConfig: Setting CVar [[r.SkyAtmosphere.MultiScatteringLUT.SampleCount:15.0]]
[2022.11.08-07.00.21:276][  0]LogConfig: Setting CVar [[r.SkyLight.RealTimeReflectionCapture:1]]
[2022.11.08-07.00.21:276][  0]LogConfig: Applying CVar settings from Section [FoliageQuality@3] File [C:/Users/Anastasia/Documents/Unreal Projects/UE_Course_HW2/Saved/Config/Windows/Scalability.ini]
[2022.11.08-07.00.21:276][  0]LogConfig: Setting CVar [[foliage.DensityScale:1.0]]
[2022.11.08-07.00.21:276][  0]LogConfig: Setting CVar [[grass.DensityScale:1.0]]
[2022.11.08-07.00.21:276][  0]LogConfig: Applying CVar settings from Section [ShadingQuality@3] File [C:/Users/Anastasia/Documents/Unreal Projects/UE_Course_HW2/Saved/Config/Windows/Scalability.ini]
[2022.11.08-07.00.21:276][  0]LogConfig: Setting CVar [[r.HairStrands.SkyLighting.IntegrationType:2]]
[2022.11.08-07.00.21:276][  0]LogConfig: Setting CVar [[r.HairStrands.SkyAO.SampleCount:4]]
[2022.11.08-07.00.21:276][  0]LogConfig: Setting CVar [[r.HairStrands.Visibility.MSAA.SamplePerPixel:4]]
[2022.11.08-07.00.21:276][  0]LogConfig: Applying CVar settings from Section [Startup] File [../../../Engine/Config/ConsoleVariables.ini]
[2022.11.08-07.00.21:277][  0]LogConfig: Setting CVar [[net.UseAdaptiveNetUpdateFrequency:0]]
[2022.11.08-07.00.21:277][  0]LogConfig: Setting CVar [[p.chaos.AllowCreatePhysxBodies:1]]
[2022.11.08-07.00.21:277][  0]LogConfig: Setting CVar [[fx.SkipVectorVMBackendOptimizations:1]]
[2022.11.08-07.00.21:277][  0]LogConfig: Applying CVar settings from Section [ConsoleVariables] File [C:/Users/Anastasia/Documents/Unreal Projects/UE_Course_HW2/Saved/Config/Windows/Engine.ini]
[2022.11.08-07.00.21:277][  0]LogConfig: Applying CVar settings from Section [ConsoleVariables] File [C:/Users/Anastasia/Documents/Unreal Projects/UE_Course_HW2/Saved/Config/Windows/Editor.ini]
[2022.11.08-07.00.21:277][  0]LogInit: Computer: DESKTOP-69AEL7H
[2022.11.08-07.00.21:277][  0]LogInit: User: Anastasia
[2022.11.08-07.00.21:277][  0]LogInit: CPU Page size=4096, Cores=4
[2022.11.08-07.00.21:277][  0]LogInit: High frequency timer resolution =10.000000 MHz
[2022.11.08-07.00.21:277][  0]LogMemory: Memory total: Physical=15.7GB (16GB approx)
[2022.11.08-07.00.21:277][  0]LogMemory: Platform Memory Stats for Windows
[2022.11.08-07.00.21:277][  0]LogMemory: Process Physical Memory: 139.71 MB used, 139.71 MB peak
[2022.11.08-07.00.21:277][  0]LogMemory: Process Virtual Memory: 111.61 MB used, 111.61 MB peak
[2022.11.08-07.00.21:277][  0]LogMemory: Physical Memory: 8728.82 MB used,  7349.74 MB free, 16078.55 MB total
[2022.11.08-07.00.21:277][  0]LogMemory: Virtual Memory: 134210560.00 MB used,  7169.58 MB free, 134217728.00 MB total
[2022.11.08-07.00.21:281][  0]LogWindows: WindowsPlatformFeatures enabled
[2022.11.08-07.00.21:299][  0]LogInit: Physics initialised using underlying interface: PhysX
[2022.11.08-07.00.21:300][  0]LogInit: Using OS detected language (en-US).
[2022.11.08-07.00.21:300][  0]LogInit: Using OS detected locale (en-US).
[2022.11.08-07.00.21:304][  0]LogTextLocalizationManager: No specific localization for 'en-US' exists, so the 'en' localization will be used.
[2022.11.08-07.00.21:464][  0]LogInit: Setting process to per monitor DPI aware
[2022.11.08-07.00.21:479][  0]LogWindowsTextInputMethodSystem: Display: IME system deactivated.
[2022.11.08-07.00.21:496][  0]LogSlate: New Slate User Created.  User Index 0, Is Virtual User: 0
[2022.11.08-07.00.21:496][  0]LogSlate: Slate User Registered.  User Index 0, Is Virtual User: 0
[2022.11.08-07.00.21:596][  0]LogD3D11RHI: Loaded GFSDK_Aftermath_Lib.x64.dll
[2022.11.08-07.00.21:599][  0]LogHMD: Failed to initialize OpenVR with code 110
[2022.11.08-07.00.21:599][  0]LogD3D11RHI: D3D11 min allowed feature level: 11_0
[2022.11.08-07.00.21:599][  0]LogD3D11RHI: D3D11 max allowed feature level: 11_0
[2022.11.08-07.00.21:599][  0]LogD3D11RHI: D3D11 adapters:
[2022.11.08-07.00.21:724][  0]LogD3D11RHI:    0. 'Intel(R) Iris(R) Xe Graphics' (Feature Level 11_0)
[2022.11.08-07.00.21:725][  0]LogD3D11RHI:       128/0/8039 MB DedicatedVideo/DedicatedSystem/SharedSystem, Outputs:1, VendorId:0x8086
[2022.11.08-07.00.21:727][  0]LogD3D11RHI:    1. 'Microsoft Basic Render Driver' (Feature Level 11_0)
[2022.11.08-07.00.21:727][  0]LogD3D11RHI:       0/0/8039 MB DedicatedVideo/DedicatedSystem/SharedSystem, Outputs:0, VendorId:0x1414
[2022.11.08-07.00.21:727][  0]LogD3D11RHI: Chosen D3D11 Adapter:
[2022.11.08-07.00.21:727][  0]LogD3D11RHI:     Description : Intel(R) Iris(R) Xe Graphics
[2022.11.08-07.00.21:727][  0]LogD3D11RHI:     VendorId    : 8086
[2022.11.08-07.00.21:727][  0]LogD3D11RHI:     DeviceId    : 9a49
[2022.11.08-07.00.21:727][  0]LogD3D11RHI:     SubSysId    : 15cc1043
[2022.11.08-07.00.21:727][  0]LogD3D11RHI:     Revision    : 0001
[2022.11.08-07.00.21:727][  0]LogD3D11RHI:     DedicatedVideoMemory : 134217728 bytes
[2022.11.08-07.00.21:727][  0]LogD3D11RHI:     DedicatedSystemMemory : 0 bytes
[2022.11.08-07.00.21:727][  0]LogD3D11RHI:     SharedSystemMemory : 8429793280 bytes
[2022.11.08-07.00.21:727][  0]LogD3D11RHI:     AdapterLuid : 0 62433
[2022.11.08-07.00.21:732][  0]LogD3D11RHI: Creating new Direct3DDevice
[2022.11.08-07.00.21:732][  0]LogD3D11RHI:     GPU DeviceId: 0x9a49 (for the marketing name, search the web for "GPU Device Id")
[2022.11.08-07.00.21:732][  0]LogWindows: EnumDisplayDevices:
[2022.11.08-07.00.21:732][  0]LogWindows:    0. 'Intel(R) Iris(R) Xe Graphics' (P:1 D:1)
[2022.11.08-07.00.21:732][  0]LogWindows:    1. 'Intel(R) Iris(R) Xe Graphics' (P:0 D:0)
[2022.11.08-07.00.21:732][  0]LogWindows:    2. 'Intel(R) Iris(R) Xe Graphics' (P:0 D:0)
[2022.11.08-07.00.21:732][  0]LogWindows:    3. 'Intel(R) Iris(R) Xe Graphics' (P:0 D:0)
[2022.11.08-07.00.21:732][  0]LogWindows: DebugString: FoundDriverCount:4 
[2022.11.08-07.00.21:732][  0]LogD3D11RHI:     Adapter Name: Intel(R) Iris(R) Xe Graphics
[2022.11.08-07.00.21:732][  0]LogD3D11RHI:   Driver Version: 27.20.100.9268 (internal:27.20.100.9268, unified:27.20.100.9268)
[2022.11.08-07.00.21:732][  0]LogD3D11RHI:      Driver Date: 2-5-2021
[2022.11.08-07.00.21:732][  0]LogRHI: Texture pool is 1523 MB (70% of 2176 MB)
[2022.11.08-07.00.21:768][  0]LogD3D11RHI: Creating D3DDevice using adapter:
[2022.11.08-07.00.21:768][  0]LogD3D11RHI:     Description : Intel(R) Iris(R) Xe Graphics
[2022.11.08-07.00.21:768][  0]LogD3D11RHI:     VendorId    : 8086
[2022.11.08-07.00.21:768][  0]LogD3D11RHI:     DeviceId    : 9a49
[2022.11.08-07.00.21:768][  0]LogD3D11RHI:     SubSysId    : 15cc1043
[2022.11.08-07.00.21:768][  0]LogD3D11RHI:     Revision    : 0001
[2022.11.08-07.00.21:768][  0]LogD3D11RHI:     DedicatedVideoMemory : 134217728 bytes
[2022.11.08-07.00.21:768][  0]LogD3D11RHI:     DedicatedSystemMemory : 0 bytes
[2022.11.08-07.00.21:769][  0]LogD3D11RHI:     SharedSystemMemory : 8429793280 bytes
[2022.11.08-07.00.21:769][  0]LogD3D11RHI:     AdapterLuid : 0 62433
[2022.11.08-07.00.21:866][  0]LogD3D11RHI: RHI does not have support for 64 bit atomics
[2022.11.08-07.00.21:876][  0]LogD3D11RHI: Intel Extensions support version Full=16777216, Major=1, Minor=0, Revision=0
[2022.11.08-07.00.21:876][  0]LogD3D11RHI: Intel Extensions support version Full=16777217, Major=1, Minor=0, Revision=1
[2022.11.08-07.00.21:876][  0]LogD3D11RHI: Intel Extensions Framework enabled
[2022.11.08-07.00.21:877][  0]LogD3D11RHI: [IntelMetricsDiscovery] Started
[2022.11.08-07.00.21:877][  0]LogD3D11RHI: Async texture creation enabled
[2022.11.08-07.00.21:877][  0]LogD3D11RHI: Array index from any shader is supported
[2022.11.08-07.00.21:895][  0]LogD3D11RHI: GPU Timing Frequency: 19.200000 (Debug: 2 0)
[2022.11.08-07.00.22:162][  0]LogTargetPlatformManager: Display: Loaded TargetPlatform 'AllDesktop'
[2022.11.08-07.00.22:182][  0]LogTargetPlatformManager: Display: Loaded TargetPlatform 'Android'
[2022.11.08-07.00.22:182][  0]LogTargetPlatformManager: Display: Loaded TargetPlatform 'Android_ASTC'
[2022.11.08-07.00.22:182][  0]LogTargetPlatformManager: Display: Loaded TargetPlatform 'Android_DXT'
[2022.11.08-07.00.22:182][  0]LogTargetPlatformManager: Display: Loaded TargetPlatform 'Android_ETC2'
[2022.11.08-07.00.22:182][  0]LogTargetPlatformManager: Display: Loaded TargetPlatform 'AndroidClient'
[2022.11.08-07.00.22:182][  0]LogTargetPlatformManager: Display: Loaded TargetPlatform 'Android_ASTCClient'
[2022.11.08-07.00.22:182][  0]LogTargetPlatformManager: Display: Loaded TargetPlatform 'Android_DXTClient'
[2022.11.08-07.00.22:182][  0]LogTargetPlatformManager: Display: Loaded TargetPlatform 'Android_ETC2Client'
[2022.11.08-07.00.22:182][  0]LogTargetPlatformManager: Display: Loaded TargetPlatform 'Android_Multi'
[2022.11.08-07.00.22:182][  0]LogTargetPlatformManager: Display: Loaded TargetPlatform 'Android_MultiClient'
[2022.11.08-07.00.22:200][  0]LogTargetPlatformManager: Display: Loaded TargetPlatform 'IOSClient'
[2022.11.08-07.00.22:200][  0]LogTargetPlatformManager: Display: Loaded TargetPlatform 'IOS'
[2022.11.08-07.00.22:212][  0]LogTargetPlatformManager: Display: Loaded TargetPlatform 'Linux'
[2022.11.08-07.00.22:215][  0]LogTargetPlatformManager: Display: Loaded TargetPlatform 'LinuxNoEditor'
[2022.11.08-07.00.22:219][  0]LogTargetPlatformManager: Display: Loaded TargetPlatform 'LinuxClient'
[2022.11.08-07.00.22:222][  0]LogTargetPlatformManager: Display: Loaded TargetPlatform 'LinuxServer'
[2022.11.08-07.00.22:231][  0]LogTargetPlatformManager: Display: Loaded TargetPlatform 'LinuxAArch64NoEditor'
[2022.11.08-07.00.22:235][  0]LogTargetPlatformManager: Display: Loaded TargetPlatform 'LinuxAArch64Client'
[2022.11.08-07.00.22:240][  0]LogTargetPlatformManager: Display: Loaded TargetPlatform 'LinuxAArch64Server'
[2022.11.08-07.00.22:269][  0]LogTargetPlatformManager: Display: Loaded TargetPlatform 'Lumin'
[2022.11.08-07.00.22:269][  0]LogTargetPlatformManager: Display: Loaded TargetPlatform 'LuminClient'
[2022.11.08-07.00.22:279][  0]LogTargetPlatformManager: Display: Loaded TargetPlatform 'MacNoEditor'
[2022.11.08-07.00.22:283][  0]LogTargetPlatformManager: Display: Loaded TargetPlatform 'Mac'
[2022.11.08-07.00.22:287][  0]LogTargetPlatformManager: Display: Loaded TargetPlatform 'MacClient'
[2022.11.08-07.00.22:291][  0]LogTargetPlatformManager: Display: Loaded TargetPlatform 'MacServer'
[2022.11.08-07.00.22:304][  0]LogTargetPlatformManager: Display: Loaded TargetPlatform 'TVOSClient'
[2022.11.08-07.00.22:304][  0]LogTargetPlatformManager: Display: Loaded TargetPlatform 'TVOS'
[2022.11.08-07.00.22:315][  0]LogTargetPlatformManager: Display: Loaded TargetPlatform 'WindowsNoEditor'
[2022.11.08-07.00.22:319][  0]LogTargetPlatformManager: Display: Loaded TargetPlatform 'Windows'
[2022.11.08-07.00.22:323][  0]LogTargetPlatformManager: Display: Loaded TargetPlatform 'WindowsClient'
[2022.11.08-07.00.22:327][  0]LogTargetPlatformManager: Display: Loaded TargetPlatform 'WindowsServer'
[2022.11.08-07.00.22:327][  0]LogTargetPlatformManager: Display: Building Assets For Windows
[2022.11.08-07.00.22:333][  0]LogAudioDebug: Display: Lib vorbis DLL was dynamically loaded.
[2022.11.08-07.00.22:359][  0]LogTextureFormatOodle: Display: Oodle Texture 2.9.0 init RDO Off
[2022.11.08-07.00.22:385][  0]LogRendererCore: Ray tracing is disabled. Reason: r.RayTracing=0.
[2022.11.08-07.00.22:385][  0]LogShaderCompilers: Guid format shader working directory is -24 characters bigger than the processId version (../../../../../../Users/Anastasia/Documents/Unreal Projects/UE_Course_HW2/Intermediate/Shaders/WorkingDirectory/18028/).
[2022.11.08-07.00.22:385][  0]LogShaderCompilers: Cleaned the shader compiler working directory 'C:/Users/Anastasia/AppData/Local/Temp/UnrealShaderWorkingDir/E29F8C5F45915E868E68ECADC81B8882/'.
[2022.11.08-07.00.22:386][  0]LogXGEController: Cannot use XGE Controller as Incredibuild is not installed on this machine.
[2022.11.08-07.00.22:386][  0]LogShaderCompilers: Cannot use XGE Shader Compiler as Incredibuild is not installed on this machine.
[2022.11.08-07.00.22:386][  0]LogShaderCompilers: Display: Using Local Shader Compiler.
[2022.11.08-07.00.23:054][  0]LogDerivedDataCache: Display: Max Cache Size: 512 MB
[2022.11.08-07.00.23:112][  0]LogDerivedDataCache: Loaded boot cache 0.06s 103MB C:/Users/Anastasia/AppData/Local/UnrealEngine/4.27/DerivedDataCache/Boot.ddc.
[2022.11.08-07.00.23:112][  0]LogDerivedDataCache: Display: Loaded Boot cache: C:/Users/Anastasia/AppData/Local/UnrealEngine/4.27/DerivedDataCache/Boot.ddc
[2022.11.08-07.00.23:113][  0]LogDerivedDataCache: FDerivedDataBackendGraph:  Pak pak cache file ../../../../../../Users/Anastasia/Documents/Unreal Projects/UE_Course_HW2/DerivedDataCache/DDC.ddp not found, will not use a pak cache.
[2022.11.08-07.00.23:113][  0]LogDerivedDataCache: Unable to find inner node Pak for hierarchical cache Hierarchy.
[2022.11.08-07.00.23:113][  0]LogDerivedDataCache: FDerivedDataBackendGraph:  CompressedPak pak cache file ../../../../../../Users/Anastasia/Documents/Unreal Projects/UE_Course_HW2/DerivedDataCache/Compressed.ddp not found, will not use a pak cache.
[2022.11.08-07.00.23:113][  0]LogDerivedDataCache: Unable to find inner node CompressedPak for hierarchical cache Hierarchy.
[2022.11.08-07.00.23:131][  0]LogDerivedDataCache: Display: Pak cache opened for reading ../../../Engine/DerivedDataCache/Compressed.ddp.
[2022.11.08-07.00.23:131][  0]LogDerivedDataCache: FDerivedDataBackendGraph:  EnterprisePak pak cache file ../../../Enterprise/DerivedDataCache/Compressed.ddp not found, will not use a pak cache.
[2022.11.08-07.00.23:131][  0]LogDerivedDataCache: Unable to find inner node EnterprisePak for hierarchical cache Hierarchy.
[2022.11.08-07.00.23:141][  0]LogDerivedDataCache: Speed tests for C:/Users/Anastasia/AppData/Local/UnrealEngine/Common/DerivedDataCache took 0.01 seconds
[2022.11.08-07.00.23:141][  0]LogDerivedDataCache: Display: Performance to C:/Users/Anastasia/AppData/Local/UnrealEngine/Common/DerivedDataCache: Latency=0.02ms. RandomReadSpeed=161.67MBs, RandomWriteSpeed=248.55MBs. Assigned SpeedClass 'Local'
[2022.11.08-07.00.23:142][  0]LogDerivedDataCache: Using Local data cache path C:/Users/Anastasia/AppData/Local/UnrealEngine/Common/DerivedDataCache: Writable
[2022.11.08-07.00.23:142][  0]LogDerivedDataCache: Shared data cache path not found in *engine.ini, will not use an Shared cache.
[2022.11.08-07.00.23:142][  0]LogDerivedDataCache: Unable to find inner node Shared for hierarchical cache Hierarchy.
[2022.11.08-07.00.23:183][  0]LogSlate: Using FreeType 2.10.0
[2022.11.08-07.00.23:184][  0]LogSlate: SlateFontServices - WITH_FREETYPE: 1, WITH_HARFBUZZ: 1
[2022.11.08-07.00.23:210][  0]LogAssetRegistry: FAssetRegistry took 0.0028 seconds to start up
[2022.11.08-07.00.23:409][  0]LogInit: Selected Device Profile: [Windows]
[2022.11.08-07.00.23:409][  0]LogInit: Active device profile: [000001CF46382D00][000001CF46ACFA80 49] Windows
[2022.11.08-07.00.23:409][  0]LogInit: Profiles: [000001CF46382D00][000001CF46ACFA80 49] Windows, [000001CF46315D00][000001CF46AD7C00 49] WindowsNoEditor, [000001CF46383C00][000001CF46ADA200 49] WindowsServer, [000001CF46316A00][000001CF46ADE380 49] WindowsClient, [000001CF46381800][000001CF46AE2500 49] IOS, [000001CF46315300][000001CF46AE6680 49] iPadAir, [000001CF46382500][000001CF46AEA800 49] iPadAir2, [000001CF462BD300][000001CF46AEEA40 49] IPadPro, [000001CF462BD400][000001CF46AD2A80 49] iPadAir3, [000001CF46317A00][000001CF46AF2BC0 49] iPadAir4, [000001CF462BE100][000001CF46AF6D00 49] iPadMini2, [000001CF46316F00][000001CF46AFEE80 49] iPadMini3, [000001CF462BEC00][000001CF46B03000 49] iPadMini4, [000001CF46315E00][000001CF46B07180 49] iPadMini5, [000001CF462F0C00][000001CF46B0F440 49] iPhone6, [000001CF462F0D00][000001CF46B0B480 49] iPodTouch6, [000001CF46381B00][000001CF46B17740 49] iPhone7, [000001CF46381A00][000001CF46B13780 49] iPodTouch7, [000001CF462BD100][000001CF46B1B900 49] iPhone5S, [000001CF462BC800][000001CF46B1FA80 49] iPhone6Plus, [000001CF462F3E00][000001CF46B23C00 49] iPhone6S, [000001CF462BCD00][000001CF46B26200 49] iPhone6SPlus, [000001CF462F3700][000001CF46B2A380 49] iPhone7Plus, [000001CF462BEE00][000001CF46B2E500 49] iPhoneSE, [000001CF462F2200][000001CF46B32680 49] iPhone8, [000001CF462BDB00][000001CF46B36800 49] iPhone8Plus, [000001CF462F2900][000001CF46B3A980 49] iPhoneX, [000001CF462BE500][000001CF46B3EB00 49] iPhoneXS, [000001CF462F0F00][000001CF46AFAC40 49] iPhoneXSMax, [000001CF46383500][000001CF46B42D80 49] iPhoneXR, [000001CF462F3F00][000001CF46B46EC0 49] iPhone11, [000001CF46382200][000001CF46B4F040 49] iPhone11Pro, [000001CF462F3400][000001CF46B531C0 49] iPhone11ProMax, [000001CF46380100][000001CF46B57340 49] iPhoneSE2, [000001CF462F2E00][000001CF46B5B4C0 49] iPhone12Mini, [000001CF46383B00][000001CF46B5F640 49] iPhone12, [000001CF462F3000][000001CF46B637C0 49] iPhone12Pro, [000001CF46380900][000001CF46B67940 49] iPhone12ProMax, [000001CF462F0800][000001CF46B6BAC0 49] iPadPro105, [000001CF46380500][000001CF46B6E0C0 49] iPadPro129, [000001CF462F0700][000001CF46B72240 49] iPadPro97, [000001CF46383F00][000001CF46B763C0 49] iPadPro2_129, [000001CF462F1800][000001CF46B7A540 49] iPad5, [000001CF46383600][000001CF46B7E6C0 49] iPad6, [000001CF462F1000][000001CF46B82840 49] iPad7, [000001CF46381F00][000001CF46B869C0 49] iPad8, [000001CF462F3900][000001CF46B8AB40 49] iPadPro11, [000001CF46380E00][000001CF46B8ECC0 49] iPadPro2_11, [000001CF462F3500][000001CF46B4AE00 49] iPadPro3_129, [000001CF46383400][000001CF46B92F40 49] iPadPro4_129, [000001CF462F0500][000001CF46B97080 49] AppleTV, [000001CF46382900][000001CF46B9B1C0 49] AppleTV4K, [000001CF462F1700][000001CF46BA3340 49] TVOS, [000001CF46381700][000001CF46BA74C0 49] Mac, [000001CF462F0300][000001CF46BAB640 49] MacClient, [000001CF46383100][000001CF46BAF7C0 49] MacNoEditor, [000001CF462F3B00][000001CF46BB3940 49] MacServer, [000001CF46382B00][000001CF46BB7AC0 49] Linux, [000001CF462F1500][000001CF46BBA0C0 49] LinuxAArch64, [000001CF46380A00][000001CF46BBE240 49] LinuxNoEditor, [000001CF462F0A00][000001CF46BC23C0 49] LinuxAArch64NoEditor, [000001CF46381500][000001CF46BC6540 49] LinuxClient, [000001CF462F2F00][000001CF46BCA6C0 49] LinuxAArch64Client, [000001CF46380300][000001CF46BCE840 49] LinuxServer, [000001CF462F2600][000001CF46BD29C0 49] LinuxAArch64Server, [000001CF46383700][000001CF46BD6B40 49] Android, [000001CF462F0B00][000001CF46BDACC0 49] Android_Low, [000001CF46380B00][000001CF46BDEE40 49] Android_Mid, [000001CF462F2500][000001CF46B9EF80 49] Android_High, [000001CF46382000][000001CF46BE30C0 49] Android_Default, [000001CF462F1900][000001CF46BE7200 49] Android_Adreno4xx, [000001CF46380400][000001CF46BEB340 49] Android_Adreno5xx_Low, [000001CF462F2D00][000001CF46BF34C0 49] Android_Adreno5xx, [000001CF462BCC00][000001CF46C67640 49] Android_Adreno6xx, [000001CF46314300][000001CF46C6B7C0 49] Android_Adreno6xx_Vulkan, [000001CF462BD800][000001CF46CF1940 49] Android_Mali_T6xx, [000001CF46316500][000001CF46CF9AC0 49] Android_Mali_T7xx, [000001CF462BF700][000001CF3E8900C0 49] Android_Mali_T8xx, [000001CF46314600][000001CF3B01A240 49] Android_Mali_G71, [000001CF462BF200][000001CF3B01E3C0 49] Android_Mali_G72, [000001CF46316800][000001CF3B022540 49] Android_Mali_G72_Vulkan, [000001CF462BE900][000001CF3B0266C0 49] Android_Mali_G76, [000001CF46317B00][000001CF3B02E840 49] Android_Mali_G76_Vulkan, [000001CF462BE000][000001CF3E9089C0 49] Android_Mali_G77, [000001CF46317100][000001CF3E918B40 49] Android_Mali_G77_Vulkan, [000001CF462BDE00][000001CF3E91CCC0 49] Android_Mali_G78, [000001CF46316900][000001CF3E920E40 49] Android_Mali_G78_Vulkan, [000001CF462BCF00][000001CF3E94AFC0 49] Android_Mali_G710, [000001CF46316E00][000001CF3E953140 49] Android_Mali_G710_Vulkan, [000001CF462BF100][000001CF46BEF280 49] Android_Vulkan_SM5, [000001CF46315800][000001CF4710D3C0 49] Android_PowerVR_G6xxx, [000001CF462BDA00][000001CF4711B500 49] Android_PowerVR_GT7xxx, [000001CF46314900][000001CF3E9CF680 49] Android_PowerVR_GE8xxx, [000001CF462BDF00][000001CF3E9D3800 49] Android_PowerVR_GM9xxx, [000001CF46315600][000001CF3E9D7980 49] Android_PowerVR_GM9xxx_Vulkan, [000001CF462BDD00][000001CF46CC3B00 49] Android_TegraK1, [000001CF46314C00][000001CF3E870100 49] Android_Unknown_Vulkan, [000001CF462BD000][000001CF3E874280 49] Lumin, [000001CF46317700][000001CF3E878400 49] Lumin_Desktop, [000001CF462BF900][000001CF3AFBA580 49] HoloLens, 
[2022.11.08-07.00.23:526][  0]LogMeshReduction: Using QuadricMeshReduction for automatic static mesh reduction
[2022.11.08-07.00.23:526][  0]LogMeshReduction: Using SimplygonMeshReduction for automatic skeletal mesh reduction
[2022.11.08-07.00.23:526][  0]LogMeshReduction: Using ProxyLODMeshReduction for automatic mesh merging
[2022.11.08-07.00.23:526][  0]LogMeshReduction: No distributed automatic mesh merging module available
[2022.11.08-07.00.23:526][  0]LogMeshMerging: No distributed automatic mesh merging module available
[2022.11.08-07.00.23:544][  0]LogNetVersion: UE_Course_HW2 1.0.0, NetCL: 17155196, EngineNetVer: 17, GameNetVer: 0 (Checksum: 1455760978)
[2022.11.08-07.00.23:914][  0]LogTexture: Default maximum texture size for cubemaps generated from long-lat sources has been changed from 512 to unlimited. In order to preserve old behaiour for '/Engine/MapTemplates/Sky/DaylightAmbientCubemap.DaylightAmbientCubemap', its maximum texture size has been explicitly set to 512.
[2022.11.08-07.00.23:990][  0]LogHMD: PokeAHoleMaterial loaded successfully
[2022.11.08-07.00.23:995][  0]LogUObjectArray: 17178 objects as part of root set at end of initial load.
[2022.11.08-07.00.23:995][  0]LogUObjectAllocator: 4302048 out of 0 bytes used by permanent object pool.
[2022.11.08-07.00.23:995][  0]LogUObjectArray: CloseDisregardForGC: 0/0 objects in disregard for GC pool
[2022.11.08-07.00.24:302][  0]LogNiagaraDebuggerClient: Niagara Debugger Client Initialized | Session: 3EE286334356CB28B0B35CA09D733DAE | Instance: 2DED5A5D43AFBBECA761A78CA1569896 (DESKTOP-69AEL7H-18028).
[2022.11.08-07.00.24:331][  0]LogPython: Using Python 3.7.7
[2022.11.08-07.00.24:764][  0]LogTcpMessaging: Initializing TcpMessaging bridge
[2022.11.08-07.00.24:769][  0]LogUdpMessaging: Initializing bridge on interface 0.0.0.0:0 to multicast group 230.0.0.1:6666.
[2022.11.08-07.00.24:813][  0]LogOutputDevice: Warning: 

Script Stack (0 frames):

[2022.11.08-07.00.24:813][  0]LogWindows: Windows GetLastError: The operation completed successfully. (0)
[2022.11.08-07.00.25:367][  0]LogWindows: Error: === Critical error: ===
[2022.11.08-07.00.25:367][  0]LogWindows: Error: 
[2022.11.08-07.00.25:367][  0]LogWindows: Error: Fatal error: [File:D:/Build/++UE4/Sync/Engine/Source/Runtime/CoreUObject/Private/UObject/UObjectGlobals.cpp] [Line: 2609] 
[2022.11.08-07.00.25:367][  0]LogWindows: Error: UObject() constructor called but it's not the object that's currently being constructed with NewObject. Maybe you are trying to construct it on the stack, which is not supported.
[2022.11.08-07.00.25:367][  0]LogWindows: Error: 
[2022.11.08-07.00.25:367][  0]LogWindows: Error: 
[2022.11.08-07.00.25:367][  0]LogWindows: Error: [Callstack] 0x00007ffef04acd29 KERNELBASE.dll!UnknownFunction []
[2022.11.08-07.00.25:367][  0]LogWindows: Error: [Callstack] 0x00007ffe64d10216 UE4Editor-Core.dll!UnknownFunction []
[2022.11.08-07.00.25:367][  0]LogWindows: Error: [Callstack] 0x00007ffe64d14218 UE4Editor-Core.dll!UnknownFunction []
[2022.11.08-07.00.25:367][  0]LogWindows: Error: [Callstack] 0x00007ffe64a3242d UE4Editor-Core.dll!UnknownFunction []
[2022.11.08-07.00.25:367][  0]LogWindows: Error: [Callstack] 0x00007ffea0a34ec3 UE4Editor-CoreUObject.dll!UnknownFunction []
[2022.11.08-07.00.25:367][  0]LogWindows: Error: [Callstack] 0x00007ffe596db6a8 UE4Editor-Engine.dll!UnknownFunction []
[2022.11.08-07.00.25:367][  0]LogWindows: Error: [Callstack] 0x00007ffe3ea026ad UE4Editor-UE_Course_HW2-0367.dll!ARadioParent::ARadioParent() [C:\Users\Anastasia\Documents\Unreal Projects\UE_Course_HW2\Source\UE_Course_HW2\Private\RadioParent.cpp:8]
[2022.11.08-07.00.25:367][  0]LogWindows: Error: [Callstack] 0x00007ffe3ea029a1 UE4Editor-UE_Course_HW2-0367.dll!ASecondRadioChild::ASecondRadioChild() [C:\Users\Anastasia\Documents\Unreal Projects\UE_Course_HW2\Source\UE_Course_HW2\Private\SecondRadioChild.cpp:7]
[2022.11.08-07.00.25:367][  0]LogWindows: Error: [Callstack] 0x00007ffea07661d3 UE4Editor-CoreUObject.dll!UnknownFunction []
[2022.11.08-07.00.25:367][  0]LogWindows: Error: [Callstack] 0x00007ffea0a88faf UE4Editor-CoreUObject.dll!UnknownFunction []
[2022.11.08-07.00.25:367][  0]LogWindows: Error: [Callstack] 0x00007ffea0a65411 UE4Editor-CoreUObject.dll!UnknownFunction []
[2022.11.08-07.00.25:367][  0]LogWindows: Error: [Callstack] 0x00007ffea092ddc5 UE4Editor-CoreUObject.dll!UnknownFunction []
[2022.11.08-07.00.25:367][  0]LogWindows: Error: [Callstack] 0x00007ffe64a71bea UE4Editor-Core.dll!UnknownFunction []
[2022.11.08-07.00.25:367][  0]LogWindows: Error: [Callstack] 0x00007ffe64a915a3 UE4Editor-Core.dll!UnknownFunction []
[2022.11.08-07.00.25:367][  0]LogWindows: Error: [Callstack] 0x00007ffeb6de6433 UE4Editor-Projects.dll!UnknownFunction []
[2022.11.08-07.00.25:367][  0]LogWindows: Error: [Callstack] 0x00007ffeb6de674f UE4Editor-Projects.dll!UnknownFunction []
[2022.11.08-07.00.25:367][  0]LogWindows: Error: [Callstack] 0x00007ff68d465642 UE4Editor.exe!UnknownFunction []
[2022.11.08-07.00.25:367][  0]LogWindows: Error: [Callstack] 0x00007ff68d469000 UE4Editor.exe!UnknownFunction []
[2022.11.08-07.00.25:367][  0]LogWindows: Error: [Callstack] 0x00007ff68d460d2c UE4Editor.exe!UnknownFunction []
[2022.11.08-07.00.25:367][  0]LogWindows: Error: [Callstack] 0x00007ff68d4610ba UE4Editor.exe!UnknownFunction []
[2022.11.08-07.00.25:367][  0]LogWindows: Error: [Callstack] 0x00007ff68d4640dd UE4Editor.exe!UnknownFunction []
[2022.11.08-07.00.25:367][  0]LogWindows: Error: [Callstack] 0x00007ff68d475984 UE4Editor.exe!UnknownFunction []
[2022.11.08-07.00.25:367][  0]LogWindows: Error: [Callstack] 0x00007ff68d47853a UE4Editor.exe!UnknownFunction []
[2022.11.08-07.00.25:367][  0]LogWindows: Error: [Callstack] 0x00007ffef25d7034 KERNEL32.DLL!UnknownFunction []
[2022.11.08-07.00.25:367][  0]LogWindows: Error: [Callstack] 0x00007ffef29226a1 ntdll.dll!UnknownFunction []
[2022.11.08-07.00.25:367][  0]LogWindows: Error: 
[2022.11.08-07.00.25:375][  0]LogExit: Executing StaticShutdownAfterError
[2022.11.08-07.00.25:376][  0]LogWindows: FPlatformMisc::RequestExit(1)
[2022.11.08-07.00.25:377][  0]LogWindows: FPlatformMisc::RequestExitWithStatus(1, 3)
[2022.11.08-07.00.25:377][  0]LogCore: Engine exit requested (reason: Win RequestExit)
[2022.11.08-07.00.25:384][  0]Log file closed, 11/08/22 09:00:25
