Log file open, 11/08/22 09:01:19
LogWindows: Failed to load 'aqProf.dll' (GetLastError=126)
LogWindows: File 'aqProf.dll' does not exist
LogWindows: Failed to load 'VtuneApi.dll' (GetLastError=126)
LogWindows: File 'VtuneApi.dll' does not exist
LogWindows: Failed to load 'VtuneApi32e.dll' (GetLastError=126)
LogWindows: File 'VtuneApi32e.dll' does not exist
LogConsoleResponse: Display: Failed to find resolution value strings in scalability ini. Falling back to default.
LogConsoleResponse: Display: Failed to find resolution value strings in scalability ini. Falling back to default.
LogInit: Display: Running engine for game: UE_Course_HW2
LogPlatformFile: Not using cached read wrapper
LogTaskGraph: Started task graph with 5 named threads and 23 total threads with 3 sets of task threads.
LogStats: Stats thread started at 0.238382
LogICUInternationalization: ICU TimeZone Detection - Raw Offset: +2:00, Platform Override: ''
LogInit: Display: Loading text-based GConfig....
LogPluginManager: Mounting plugin MeshPainting
LogPluginManager: Mounting plugin XGEController
LogPluginManager: Mounting plugin Paper2D
LogPluginManager: Mounting plugin EnvironmentQueryEditor
LogPluginManager: Mounting plugin AISupport
LogPluginManager: Mounting plugin LightPropagationVolume
LogPluginManager: Mounting plugin LiveLink
LogPluginManager: Mounting plugin CameraShakePreviewer
LogPluginManager: Mounting plugin AnimationSharing
LogPluginManager: Mounting plugin CodeLiteSourceCodeAccess
LogPluginManager: Mounting plugin CLionSourceCodeAccess
LogPluginManager: Mounting plugin GitSourceControl
LogPluginManager: Mounting plugin NullSourceCodeAccess
LogPluginManager: Mounting plugin KDevelopSourceCodeAccess
LogPluginManager: Mounting plugin PerforceSourceControl
LogPluginManager: Mounting plugin PixWinPlugin
LogPluginManager: Mounting plugin PlasticSourceControl
LogPluginManager: Mounting plugin PluginUtils
LogPluginManager: Mounting plugin PropertyAccessNode
LogPluginManager: Mounting plugin RiderSourceCodeAccess
LogPluginManager: Mounting plugin SubversionSourceControl
LogPluginManager: Mounting plugin TextureFormatOodle
LogPluginManager: Mounting plugin VisualStudioCodeSourceCodeAccess
LogPluginManager: Mounting plugin UObjectPlugin
LogPluginManager: Mounting plugin VisualStudioSourceCodeAccess
LogPluginManager: Mounting plugin XCodeSourceCodeAccess
LogPluginManager: Mounting plugin OodleData
LogPluginManager: Mounting plugin GameplayCameras
LogPluginManager: Mounting plugin OodleNetwork
LogPluginManager: Mounting plugin DatasmithContent
LogPluginManager: Mounting plugin VariantManagerContent
LogPluginManager: Mounting plugin AlembicImporter
LogPluginManager: Mounting plugin AutomationUtils
LogPluginManager: Mounting plugin BackChannel
LogPluginManager: Mounting plugin ChaosCloth
LogPluginManager: Mounting plugin ChaosClothEditor
LogPluginManager: Mounting plugin ChaosEditor
LogPluginManager: Mounting plugin ChaosNiagara
LogPluginManager: Mounting plugin ChaosSolverPlugin
LogPluginManager: Mounting plugin CharacterAI
LogPluginManager: Mounting plugin GeometryCache
LogPluginManager: Mounting plugin GeometryCollectionPlugin
LogPluginManager: Mounting plugin LuminPlatformFeatures
LogPluginManager: Mounting plugin MagicLeap
LogPluginManager: Mounting plugin MagicLeapLightEstimation
LogPluginManager: Mounting plugin MagicLeapMedia
LogPluginManager: Mounting plugin MagicLeapPassableWorld
LogPluginManager: Mounting plugin AndroidMedia
LogPluginManager: Mounting plugin MLSDK
LogPluginManager: Mounting plugin GeometryProcessing
LogPluginManager: Mounting plugin AvfMedia
LogPluginManager: Mounting plugin ImgMedia
LogPluginManager: Mounting plugin MediaCompositing
LogPluginManager: Mounting plugin MotoSynth
LogPluginManager: Mounting plugin MediaPlayerEditor
LogPluginManager: Mounting plugin OpenImageDenoise
LogPluginManager: Mounting plugin PlanarCut
LogPluginManager: Mounting plugin PlatformCrypto
LogPluginManager: Mounting plugin WebMMedia
LogPluginManager: Mounting plugin ProxyLODPlugin
LogPluginManager: Mounting plugin PythonScriptPlugin
LogPluginManager: Mounting plugin WmfMedia
LogPluginManager: Mounting plugin SkeletalReduction
LogPluginManager: Mounting plugin TcpMessaging
LogPluginManager: Mounting plugin UdpMessaging
LogPluginManager: Mounting plugin Niagara
LogPluginManager: Mounting plugin MatineeToLevelSequence
LogPluginManager: Mounting plugin AssetManagerEditor
LogPluginManager: Mounting plugin LevelSequenceEditor
LogPluginManager: Mounting plugin TemplateSequence
LogPluginManager: Mounting plugin CryptoKeys
LogPluginManager: Mounting plugin CurveEditorTools
LogPluginManager: Mounting plugin DataValidation
LogPluginManager: Mounting plugin FacialAnimation
LogPluginManager: Mounting plugin GameplayTagsEditor
LogPluginManager: Mounting plugin GeometryMode
LogPluginManager: Mounting plugin MacGraphicsSwitching
LogPluginManager: Mounting plugin MaterialAnalyzer
LogPluginManager: Mounting plugin MobileLauncherProfileWizard
LogPluginManager: Mounting plugin PluginBrowser
LogPluginManager: Mounting plugin SpeedTreeImporter
LogPluginManager: Mounting plugin OnlineSubsystem
LogPluginManager: Mounting plugin OnlineSubsystemNull
LogPluginManager: Mounting plugin ActorSequence
LogPluginManager: Mounting plugin OnlineSubsystemUtils
LogPluginManager: Mounting plugin LauncherChunkInstaller
LogPluginManager: Mounting plugin ScreenshotTools
LogPluginManager: Mounting plugin ActorLayerUtilities
LogPluginManager: Mounting plugin AndroidMoviePlayer
LogPluginManager: Mounting plugin AndroidDeviceProfileSelector
LogPluginManager: Mounting plugin AndroidPermission
LogPluginManager: Mounting plugin AppleImageUtils
LogPluginManager: Mounting plugin AppleMoviePlayer
LogPluginManager: Mounting plugin ArchVisCharacter
LogPluginManager: Mounting plugin AudioCapture
LogPluginManager: Mounting plugin AssetTags
LogPluginManager: Mounting plugin AudioSynesthesia
LogPluginManager: Mounting plugin CableComponent
LogPluginManager: Mounting plugin CustomMeshComponent
LogPluginManager: Mounting plugin EditableMesh
LogPluginManager: Mounting plugin ExampleDeviceProfileSelector
LogPluginManager: Mounting plugin GoogleCloudMessaging
LogPluginManager: Mounting plugin GooglePAD
LogPluginManager: Mounting plugin ChunkDownloader
LogPluginManager: Mounting plugin Takes
LogPluginManager: Mounting plugin IOSDeviceProfileSelector
LogPluginManager: Mounting plugin LinuxDeviceProfileSelector
LogPluginManager: Mounting plugin LocationServicesBPLibrary
LogPluginManager: Mounting plugin MobilePatchingUtils
LogPluginManager: Mounting plugin OpenXR
LogPluginManager: Mounting plugin OpenXREyeTracker
LogPluginManager: Mounting plugin OpenXRHandTracking
LogPluginManager: Mounting plugin PhysXVehicles
LogPluginManager: Mounting plugin PostSplashScreen
LogPluginManager: Mounting plugin ProceduralMeshComponent
LogPluginManager: Mounting plugin SignificanceManager
LogPluginManager: Mounting plugin PropertyAccessEditor
LogPluginManager: Mounting plugin RuntimePhysXCooking
LogPluginManager: Mounting plugin SoundFields
LogPluginManager: Mounting plugin WebMMoviePlayer
LogPluginManager: Mounting plugin Synthesis
LogPluginManager: Mounting plugin WindowsMoviePlayer
LogPluginManager: Mounting plugin ContentBrowserAssetDataSource
LogPluginManager: Mounting plugin ContentBrowserFileDataSource
LogPluginManager: Mounting plugin ContentBrowserClassDataSource
LogPluginManager: Mounting plugin OnlineSubsystemGooglePlay
LogPluginManager: Mounting plugin OnlineSubsystemIOS
LogPluginManager: Mounting plugin OculusVR
LogPluginManager: Mounting plugin SteamVR
PixWinPlugin: PIX capture plugin failed to initialize! Check that the process is launched from PIX.
LogInit: Using libcurl 7.55.1-DEV
LogInit:  - built for x86_64-pc-win32
LogInit:  - supports SSL with OpenSSL/1.1.1
LogInit:  - supports HTTP deflate (compression) using libz 1.2.8
LogInit:  - other features:
LogInit:      CURL_VERSION_SSL
LogInit:      CURL_VERSION_LIBZ
LogInit:      CURL_VERSION_IPV6
LogInit:      CURL_VERSION_ASYNCHDNS
LogInit:      CURL_VERSION_LARGEFILE
LogInit:      CURL_VERSION_IDN
LogInit:  CurlRequestOptions (configurable via config and command line):
LogInit:  - bVerifyPeer = true  - Libcurl will verify peer certificate
LogInit:  - bUseHttpProxy = false  - Libcurl will NOT use HTTP proxy
LogInit:  - bDontReuseConnections = false  - Libcurl will reuse connections
LogInit:  - MaxHostConnections = 16  - Libcurl will limit the number of connections to a host
LogInit:  - LocalHostAddr = Default
LogInit:  - BufferSize = 65536
LogOnline: OSS: Creating online subsystem instance for: NULL
LogInit: WinSock: version 1.1 (2.2), MaxSocks=32767, MaxUdp=65467
LogOnline: OSS: TryLoadSubsystemAndSetDefault: Loaded subsystem for module [NULL]
LogOculusPluginWrapper: OculusPlugin initialized successfully
LogHMD: Failed initializing OVRPlugin 1.59.0
LogInit: Build: ++UE4+Release-4.27-CL-18319896
LogInit: Engine Version: 4.27.2-18319896+++UE4+Release-4.27
LogInit: Compatible Engine Version: 4.27.0-17155196+++UE4+Release-4.27
LogInit: Net CL: 17155196
LogInit: OS: Windows 10 (Release 2009) (), CPU: 11th Gen Intel(R) Core(TM) i5-1135G7 @ 2.40GHz, GPU: Intel(R) Iris(R) Xe Graphics
LogInit: Compiled (64-bit): Nov 30 2021 07:12:08
LogInit: Compiled with Visual C++: 19.24.28315.00
LogInit: Build Configuration: Development
LogInit: Branch Name: ++UE4+Release-4.27
LogInit: Command Line: 
LogInit: Base Directory: C:/Program Files/Epic Games/UE_4.27/Engine/Binaries/Win64/
LogInit: Allocator: TBB
LogInit: Installed Engine Build: 1
LogDevObjectVersion: Number of dev versions registered: 29
LogDevObjectVersion:   Dev-Blueprints (B0D832E4-1F89-4F0D-ACCF-7EB736FD4AA2): 10
LogDevObjectVersion:   Dev-Build (E1C64328-A22C-4D53-A36C-8E866417BD8C): 0
LogDevObjectVersion:   Dev-Core (375EC13C-06E4-48FB-B500-84F0262A717E): 4
LogDevObjectVersion:   Dev-Editor (E4B068ED-F494-42E9-A231-DA0B2E46BB41): 40
LogDevObjectVersion:   Dev-Framework (CFFC743F-43B0-4480-9391-14DF171D2073): 37
LogDevObjectVersion:   Dev-Mobile (B02B49B5-BB20-44E9-A304-32B752E40360): 3
LogDevObjectVersion:   Dev-Networking (A4E4105C-59A1-49B5-A7C5-40C4547EDFEE): 0
LogDevObjectVersion:   Dev-Online (39C831C9-5AE6-47DC-9A44-9C173E1C8E7C): 0
LogDevObjectVersion:   Dev-Physics (78F01B33-EBEA-4F98-B9B4-84EACCB95AA2): 14
LogDevObjectVersion:   Dev-Platform (6631380F-2D4D-43E0-8009-CF276956A95A): 0
LogDevObjectVersion:   Dev-Rendering (12F88B9F-8875-4AFC-A67C-D90C383ABD29): 45
LogDevObjectVersion:   Dev-Sequencer (7B5AE74C-D270-4C10-A958-57980B212A5A): 13
LogDevObjectVersion:   Dev-VR (D7296918-1DD6-4BDD-9DE2-64A83CC13884): 3
LogDevObjectVersion:   Dev-LoadTimes (C2A15278-BFE7-4AFE-6C17-90FF531DF755): 1
LogDevObjectVersion:   Private-Geometry (6EACA3D4-40EC-4CC1-B786-8BED09428FC5): 3
LogDevObjectVersion:   Dev-AnimPhys (29E575DD-E0A3-4627-9D10-D276232CDCEA): 17
LogDevObjectVersion:   Dev-Anim (AF43A65D-7FD3-4947-9873-3E8ED9C1BB05): 15
LogDevObjectVersion:   Dev-ReflectionCapture (6B266CEC-1EC7-4B8F-A30B-E4D90942FC07): 1
LogDevObjectVersion:   Dev-Automation (0DF73D61-A23F-47EA-B727-89E90C41499A): 1
LogDevObjectVersion:   FortniteMain (601D1886-AC64-4F84-AA16-D3DE0DEAC7D6): 47
LogDevObjectVersion:   FortniteRelease (E7086368-6B23-4C58-8439-1B7016265E91): 1
LogDevObjectVersion:   Dev-Enterprise (9DFFBCD6-494F-0158-E221-12823C92A888): 10
LogDevObjectVersion:   Dev-Niagara (F2AED0AC-9AFE-416F-8664-AA7FFA26D6FC): 1
LogDevObjectVersion:   Dev-Destruction (174F1F0B-B4C6-45A5-B13F-2EE8D0FB917D): 10
LogDevObjectVersion:   Dev-Physics-Ext (35F94A83-E258-406C-A318-09F59610247C): 41
LogDevObjectVersion:   Dev-PhysicsMaterial-Chaos (B68FC16E-8B1B-42E2-B453-215C058844FE): 1
LogDevObjectVersion:   Dev-CineCamera (B2E18506-4273-CFC2-A54E-F4BB758BBA07): 1
LogDevObjectVersion:   Dev-VirtualProduction (64F58936-FD1B-42BA-BA96-7289D5D0FA4E): 1
LogDevObjectVersion:   Dev-MediaFramework (6F0ED827-A609-4895-9C91-998D90180EA4): 2
LogInit: Presizing for max 25165824 objects, including 0 objects not considered by GC, pre-allocating 0 bytes for permanent pool.
LogConfig: Applying CVar settings from Section [/Script/Engine.StreamingSettings] File [C:/Users/Anastasia/Documents/Unreal Projects/UE_Course_HW2/Saved/Config/Windows/Engine.ini]
LogConfig: Setting CVar [[s.MinBulkDataSizeForAsyncLoading:131072]]
LogConfig: Setting CVar [[s.AsyncLoadingThreadEnabled:0]]
LogConfig: Setting CVar [[s.EventDrivenLoaderEnabled:1]]
LogConfig: Setting CVar [[s.WarnIfTimeLimitExceeded:0]]
LogConfig: Setting CVar [[s.TimeLimitExceededMultiplier:1.5]]
LogConfig: Setting CVar [[s.TimeLimitExceededMinTime:0.005]]
LogConfig: Setting CVar [[s.UseBackgroundLevelStreaming:1]]
LogConfig: Setting CVar [[s.PriorityAsyncLoadingExtraTime:15.0]]
LogConfig: Setting CVar [[s.LevelStreamingActorsUpdateTimeLimit:5.0]]
LogConfig: Setting CVar [[s.PriorityLevelStreamingActorsUpdateExtraTime:5.0]]
LogConfig: Setting CVar [[s.LevelStreamingComponentsRegistrationGranularity:10]]
LogConfig: Setting CVar [[s.UnregisterComponentsTimeLimit:1.0]]
LogConfig: Setting CVar [[s.LevelStreamingComponentsUnregistrationGranularity:5]]
LogConfig: Setting CVar [[s.FlushStreamingOnExit:1]]
LogInit: Object subsystem initialized
LogConfig: Setting CVar [[con.DebugEarlyDefault:1]]
LogConfig: Setting CVar [[r.setres:1280x720]]
[2022.11.08-07.01.20:179][  0]LogConfig: Setting CVar [[r.VSync:0]]
[2022.11.08-07.01.20:179][  0]LogConfig: Setting CVar [[r.RHICmdBypass:0]]
[2022.11.08-07.01.20:179][  0]LogConfig: Applying CVar settings from Section [/Script/Engine.RendererSettings] File [C:/Users/Anastasia/Documents/Unreal Projects/UE_Course_HW2/Saved/Config/Windows/Engine.ini]
[2022.11.08-07.01.20:179][  0]LogConfig: Setting CVar [[r.GPUCrashDebugging:0]]
[2022.11.08-07.01.20:179][  0]LogConfig: Applying CVar settings from Section [/Script/Engine.RendererOverrideSettings] File [C:/Users/Anastasia/Documents/Unreal Projects/UE_Course_HW2/Saved/Config/Windows/Engine.ini]
[2022.11.08-07.01.20:179][  0]LogConfig: Applying CVar settings from Section [/Script/Engine.StreamingSettings] File [C:/Users/Anastasia/Documents/Unreal Projects/UE_Course_HW2/Saved/Config/Windows/Engine.ini]
[2022.11.08-07.01.20:179][  0]LogConfig: Setting CVar [[s.MinBulkDataSizeForAsyncLoading:131072]]
[2022.11.08-07.01.20:179][  0]LogConfig: Setting CVar [[s.AsyncLoadingThreadEnabled:0]]
[2022.11.08-07.01.20:179][  0]LogConfig: Setting CVar [[s.EventDrivenLoaderEnabled:1]]
[2022.11.08-07.01.20:179][  0]LogConfig: Setting CVar [[s.WarnIfTimeLimitExceeded:0]]
[2022.11.08-07.01.20:179][  0]LogConfig: Setting CVar [[s.TimeLimitExceededMultiplier:1.5]]
[2022.11.08-07.01.20:179][  0]LogConfig: Setting CVar [[s.TimeLimitExceededMinTime:0.005]]
[2022.11.08-07.01.20:179][  0]LogConfig: Setting CVar [[s.UseBackgroundLevelStreaming:1]]
[2022.11.08-07.01.20:179][  0]LogConfig: Setting CVar [[s.PriorityAsyncLoadingExtraTime:15.0]]
[2022.11.08-07.01.20:179][  0]LogConfig: Setting CVar [[s.LevelStreamingActorsUpdateTimeLimit:5.0]]
[2022.11.08-07.01.20:179][  0]LogConfig: Setting CVar [[s.PriorityLevelStreamingActorsUpdateExtraTime:5.0]]
[2022.11.08-07.01.20:179][  0]LogConfig: Setting CVar [[s.LevelStreamingComponentsRegistrationGranularity:10]]
[2022.11.08-07.01.20:179][  0]LogConfig: Setting CVar [[s.UnregisterComponentsTimeLimit:1.0]]
[2022.11.08-07.01.20:179][  0]LogConfig: Setting CVar [[s.LevelStreamingComponentsUnregistrationGranularity:5]]
[2022.11.08-07.01.20:179][  0]LogConfig: Setting CVar [[s.FlushStreamingOnExit:1]]
[2022.11.08-07.01.20:179][  0]LogConfig: Applying CVar settings from Section [/Script/Engine.GarbageCollectionSettings] File [C:/Users/Anastasia/Documents/Unreal Projects/UE_Course_HW2/Saved/Config/Windows/Engine.ini]
[2022.11.08-07.01.20:179][  0]LogConfig: Setting CVar [[gc.MaxObjectsNotConsideredByGC:1]]
[2022.11.08-07.01.20:179][  0]LogConfig: Setting CVar [[gc.SizeOfPermanentObjectPool:0]]
[2022.11.08-07.01.20:179][  0]LogConfig: Setting CVar [[gc.FlushStreamingOnGC:0]]
[2022.11.08-07.01.20:179][  0]LogConfig: Setting CVar [[gc.NumRetriesBeforeForcingGC:10]]
[2022.11.08-07.01.20:179][  0]LogConfig: Setting CVar [[gc.AllowParallelGC:1]]
[2022.11.08-07.01.20:179][  0]LogConfig: Setting CVar [[gc.TimeBetweenPurgingPendingKillObjects:61.1]]
[2022.11.08-07.01.20:179][  0]LogConfig: Setting CVar [[gc.MaxObjectsInEditor:25165824]]
[2022.11.08-07.01.20:179][  0]LogConfig: Setting CVar [[gc.IncrementalBeginDestroyEnabled:1]]
[2022.11.08-07.01.20:179][  0]LogConfig: Setting CVar [[gc.CreateGCClusters:1]]
[2022.11.08-07.01.20:179][  0]LogConfig: Setting CVar [[gc.MinGCClusterSize:5]]
[2022.11.08-07.01.20:179][  0]LogConfig: Setting CVar [[gc.ActorClusteringEnabled:0]]
[2022.11.08-07.01.20:179][  0]LogConfig: Setting CVar [[gc.BlueprintClusteringEnabled:0]]
[2022.11.08-07.01.20:179][  0]LogConfig: Setting CVar [[gc.UseDisregardForGCOnDedicatedServers:0]]
[2022.11.08-07.01.20:179][  0]LogConfig: Setting CVar [[gc.MultithreadedDestructionEnabled:1]]
[2022.11.08-07.01.20:179][  0]LogConfig: Applying CVar settings from Section [/Script/Engine.NetworkSettings] File [C:/Users/Anastasia/Documents/Unreal Projects/UE_Course_HW2/Saved/Config/Windows/Engine.ini]
[2022.11.08-07.01.20:179][  0]LogConfig: Applying CVar settings from Section [/Script/UnrealEd.CookerSettings] File [C:/Users/Anastasia/Documents/Unreal Projects/UE_Course_HW2/Saved/Config/Windows/Engine.ini]
[2022.11.08-07.01.20:187][  0]LogConfig: Applying CVar settings from Section [ViewDistanceQuality@3] File [C:/Users/Anastasia/Documents/Unreal Projects/UE_Course_HW2/Saved/Config/Windows/Scalability.ini]
[2022.11.08-07.01.20:187][  0]LogConfig: Setting CVar [[r.SkeletalMeshLODBias:0]]
[2022.11.08-07.01.20:187][  0]LogConfig: Setting CVar [[r.ViewDistanceScale:1.0]]
[2022.11.08-07.01.20:187][  0]LogConfig: Applying CVar settings from Section [AntiAliasingQuality@3] File [C:/Users/Anastasia/Documents/Unreal Projects/UE_Course_HW2/Saved/Config/Windows/Scalability.ini]
[2022.11.08-07.01.20:187][  0]LogConfig: Setting CVar [[r.PostProcessAAQuality:4]]
[2022.11.08-07.01.20:187][  0]LogConfig: Applying CVar settings from Section [ShadowQuality@3] File [C:/Users/Anastasia/Documents/Unreal Projects/UE_Course_HW2/Saved/Config/Windows/Scalability.ini]
[2022.11.08-07.01.20:187][  0]LogConfig: Setting CVar [[r.LightFunctionQuality:1]]
[2022.11.08-07.01.20:187][  0]LogConfig: Setting CVar [[r.ShadowQuality:5]]
[2022.11.08-07.01.20:187][  0]LogConfig: Setting CVar [[r.Shadow.CSM.MaxCascades:10]]
[2022.11.08-07.01.20:187][  0]LogConfig: Setting CVar [[r.Shadow.MaxResolution:2048]]
[2022.11.08-07.01.20:187][  0]LogConfig: Setting CVar [[r.Shadow.MaxCSMResolution:2048]]
[2022.11.08-07.01.20:187][  0]LogConfig: Setting CVar [[r.Shadow.RadiusThreshold:0.01]]
[2022.11.08-07.01.20:187][  0]LogConfig: Setting CVar [[r.Shadow.DistanceScale:1.0]]
[2022.11.08-07.01.20:187][  0]LogConfig: Setting CVar [[r.Shadow.CSM.TransitionScale:1.0]]
[2022.11.08-07.01.20:187][  0]LogConfig: Setting CVar [[r.Shadow.PreShadowResolutionFactor:1.0]]
[2022.11.08-07.01.20:187][  0]LogConfig: Setting CVar [[r.DistanceFieldShadowing:1]]
[2022.11.08-07.01.20:187][  0]LogConfig: Setting CVar [[r.DistanceFieldAO:1]]
[2022.11.08-07.01.20:187][  0]LogConfig: Setting CVar [[r.AOQuality:2]]
[2022.11.08-07.01.20:187][  0]LogConfig: Setting CVar [[r.VolumetricFog:1]]
[2022.11.08-07.01.20:187][  0]LogConfig: Setting CVar [[r.VolumetricFog.GridPixelSize:8]]
[2022.11.08-07.01.20:187][  0]LogConfig: Setting CVar [[r.VolumetricFog.GridSizeZ:128]]
[2022.11.08-07.01.20:187][  0]LogConfig: Setting CVar [[r.VolumetricFog.HistoryMissSupersampleCount:4]]
[2022.11.08-07.01.20:187][  0]LogConfig: Setting CVar [[r.LightMaxDrawDistanceScale:1]]
[2022.11.08-07.01.20:187][  0]LogConfig: Setting CVar [[r.CapsuleShadows:1]]
[2022.11.08-07.01.20:187][  0]LogConfig: Applying CVar settings from Section [PostProcessQuality@3] File [C:/Users/Anastasia/Documents/Unreal Projects/UE_Course_HW2/Saved/Config/Windows/Scalability.ini]
[2022.11.08-07.01.20:187][  0]LogConfig: Setting CVar [[r.MotionBlurQuality:4]]
[2022.11.08-07.01.20:187][  0]LogConfig: Setting CVar [[r.AmbientOcclusionMipLevelFactor:0.4]]
[2022.11.08-07.01.20:187][  0]LogConfig: Setting CVar [[r.AmbientOcclusionMaxQuality:100]]
[2022.11.08-07.01.20:187][  0]LogConfig: Setting CVar [[r.AmbientOcclusionLevels:-1]]
[2022.11.08-07.01.20:187][  0]LogConfig: Setting CVar [[r.AmbientOcclusionRadiusScale:1.0]]
[2022.11.08-07.01.20:187][  0]LogConfig: Setting CVar [[r.DepthOfFieldQuality:2]]
[2022.11.08-07.01.20:187][  0]LogConfig: Setting CVar [[r.RenderTargetPoolMin:400]]
[2022.11.08-07.01.20:187][  0]LogConfig: Setting CVar [[r.LensFlareQuality:2]]
[2022.11.08-07.01.20:187][  0]LogConfig: Setting CVar [[r.SceneColorFringeQuality:1]]
[2022.11.08-07.01.20:187][  0]LogConfig: Setting CVar [[r.EyeAdaptationQuality:2]]
[2022.11.08-07.01.20:187][  0]LogConfig: Setting CVar [[r.BloomQuality:5]]
[2022.11.08-07.01.20:187][  0]LogConfig: Setting CVar [[r.FastBlurThreshold:100]]
[2022.11.08-07.01.20:187][  0]LogConfig: Setting CVar [[r.Upscale.Quality:3]]
[2022.11.08-07.01.20:187][  0]LogConfig: Setting CVar [[r.Tonemapper.GrainQuantization:1]]
[2022.11.08-07.01.20:187][  0]LogConfig: Setting CVar [[r.LightShaftQuality:1]]
[2022.11.08-07.01.20:187][  0]LogConfig: Setting CVar [[r.Filter.SizeScale:1]]
[2022.11.08-07.01.20:187][  0]LogConfig: Setting CVar [[r.Tonemapper.Quality:5]]
[2022.11.08-07.01.20:187][  0]LogConfig: Setting CVar [[r.DOF.Gather.AccumulatorQuality:1        ; higher gathering accumulator quality]]
[2022.11.08-07.01.20:187][  0]LogConfig: Setting CVar [[r.DOF.Gather.PostfilterMethod:1          ; Median3x3 postfilering method]]
[2022.11.08-07.01.20:187][  0]LogConfig: Setting CVar [[r.DOF.Gather.EnableBokehSettings:0       ; no bokeh simulation when gathering]]
[2022.11.08-07.01.20:187][  0]LogConfig: Setting CVar [[r.DOF.Gather.RingCount:4                 ; medium number of samples when gathering]]
[2022.11.08-07.01.20:187][  0]LogConfig: Setting CVar [[r.DOF.Scatter.ForegroundCompositing:1    ; additive foreground scattering]]
[2022.11.08-07.01.20:187][  0]LogConfig: Setting CVar [[r.DOF.Scatter.BackgroundCompositing:2    ; additive background scattering]]
[2022.11.08-07.01.20:187][  0]LogConfig: Setting CVar [[r.DOF.Scatter.EnableBokehSettings:1      ; bokeh simulation when scattering]]
[2022.11.08-07.01.20:187][  0]LogConfig: Setting CVar [[r.DOF.Scatter.MaxSpriteRatio:0.1         ; only a maximum of 10% of scattered bokeh]]
[2022.11.08-07.01.20:187][  0]LogConfig: Setting CVar [[r.DOF.Recombine.Quality:1                ; cheap slight out of focus]]
[2022.11.08-07.01.20:187][  0]LogConfig: Setting CVar [[r.DOF.Recombine.EnableBokehSettings:0    ; no bokeh simulation on slight out of focus]]
[2022.11.08-07.01.20:187][  0]LogConfig: Setting CVar [[r.DOF.TemporalAAQuality:1                ; more stable temporal accumulation]]
[2022.11.08-07.01.20:187][  0]LogConfig: Setting CVar [[r.DOF.Kernel.MaxForegroundRadius:0.025]]
[2022.11.08-07.01.20:187][  0]LogConfig: Setting CVar [[r.DOF.Kernel.MaxBackgroundRadius:0.025]]
[2022.11.08-07.01.20:187][  0]LogConfig: Applying CVar settings from Section [TextureQuality@3] File [C:/Users/Anastasia/Documents/Unreal Projects/UE_Course_HW2/Saved/Config/Windows/Scalability.ini]
[2022.11.08-07.01.20:187][  0]LogConfig: Setting CVar [[r.Streaming.MipBias:0]]
[2022.11.08-07.01.20:187][  0]LogConfig: Setting CVar [[r.Streaming.AmortizeCPUToGPUCopy:0]]
[2022.11.08-07.01.20:187][  0]LogConfig: Setting CVar [[r.Streaming.MaxNumTexturesToStreamPerFrame:0]]
[2022.11.08-07.01.20:187][  0]LogConfig: Setting CVar [[r.Streaming.Boost:1]]
[2022.11.08-07.01.20:187][  0]LogConfig: Setting CVar [[r.MaxAnisotropy:8]]
[2022.11.08-07.01.20:187][  0]LogConfig: Setting CVar [[r.VT.MaxAnisotropy:8]]
[2022.11.08-07.01.20:187][  0]LogConfig: Setting CVar [[r.Streaming.LimitPoolSizeToVRAM:0]]
[2022.11.08-07.01.20:187][  0]LogConfig: Setting CVar [[r.Streaming.PoolSize:1000]]
[2022.11.08-07.01.20:187][  0]LogConfig: Setting CVar [[r.Streaming.MaxEffectiveScreenSize:0]]
[2022.11.08-07.01.20:187][  0]LogConfig: Applying CVar settings from Section [EffectsQuality@3] File [C:/Users/Anastasia/Documents/Unreal Projects/UE_Course_HW2/Saved/Config/Windows/Scalability.ini]
[2022.11.08-07.01.20:187][  0]LogConfig: Setting CVar [[r.TranslucencyLightingVolumeDim:64]]
[2022.11.08-07.01.20:187][  0]LogConfig: Setting CVar [[r.RefractionQuality:2]]
[2022.11.08-07.01.20:187][  0]LogConfig: Setting CVar [[r.SSR.Quality:3]]
[2022.11.08-07.01.20:187][  0]LogConfig: Setting CVar [[r.SSR.HalfResSceneColor:0]]
[2022.11.08-07.01.20:187][  0]LogConfig: Setting CVar [[r.SceneColorFormat:4]]
[2022.11.08-07.01.20:187][  0]LogConfig: Setting CVar [[r.DetailMode:2]]
[2022.11.08-07.01.20:188][  0]LogConfig: Setting CVar [[r.TranslucencyVolumeBlur:1]]
[2022.11.08-07.01.20:188][  0]LogConfig: Setting CVar [[r.MaterialQualityLevel:1 ; High quality]]
[2022.11.08-07.01.20:188][  0]LogConfig: Setting CVar [[r.AnisotropicMaterials:1]]
[2022.11.08-07.01.20:188][  0]LogConfig: Setting CVar [[r.SSS.Scale:1]]
[2022.11.08-07.01.20:188][  0]LogConfig: Setting CVar [[r.SSS.SampleSet:2]]
[2022.11.08-07.01.20:188][  0]LogConfig: Setting CVar [[r.SSS.Quality:1]]
[2022.11.08-07.01.20:188][  0]LogConfig: Setting CVar [[r.SSS.HalfRes:0]]
[2022.11.08-07.01.20:188][  0]LogConfig: Setting CVar [[r.SSGI.Quality:3]]
[2022.11.08-07.01.20:188][  0]LogConfig: Setting CVar [[r.EmitterSpawnRateScale:1.0]]
[2022.11.08-07.01.20:188][  0]LogConfig: Setting CVar [[r.ParticleLightQuality:2]]
[2022.11.08-07.01.20:188][  0]LogConfig: Setting CVar [[r.SkyAtmosphere.AerialPerspectiveLUT.FastApplyOnOpaque:1 ; Always have FastSkyLUT 1 in this case to avoid wrong sky]]
[2022.11.08-07.01.20:188][  0]LogConfig: Setting CVar [[r.SkyAtmosphere.AerialPerspectiveLUT.SampleCountMaxPerSlice:4]]
[2022.11.08-07.01.20:188][  0]LogConfig: Setting CVar [[r.SkyAtmosphere.AerialPerspectiveLUT.DepthResolution:16.0]]
[2022.11.08-07.01.20:188][  0]LogConfig: Setting CVar [[r.SkyAtmosphere.FastSkyLUT:1]]
[2022.11.08-07.01.20:188][  0]LogConfig: Setting CVar [[r.SkyAtmosphere.FastSkyLUT.SampleCountMin:4.0]]
[2022.11.08-07.01.20:188][  0]LogConfig: Setting CVar [[r.SkyAtmosphere.FastSkyLUT.SampleCountMax:128.0]]
[2022.11.08-07.01.20:188][  0]LogConfig: Setting CVar [[r.SkyAtmosphere.SampleCountMin:4.0]]
[2022.11.08-07.01.20:188][  0]LogConfig: Setting CVar [[r.SkyAtmosphere.SampleCountMax:128.0]]
[2022.11.08-07.01.20:188][  0]LogConfig: Setting CVar [[r.SkyAtmosphere.TransmittanceLUT.UseSmallFormat:0]]
[2022.11.08-07.01.20:188][  0]LogConfig: Setting CVar [[r.SkyAtmosphere.TransmittanceLUT.SampleCount:10.0]]
[2022.11.08-07.01.20:188][  0]LogConfig: Setting CVar [[r.SkyAtmosphere.MultiScatteringLUT.SampleCount:15.0]]
[2022.11.08-07.01.20:188][  0]LogConfig: Setting CVar [[r.SkyLight.RealTimeReflectionCapture:1]]
[2022.11.08-07.01.20:188][  0]LogConfig: Applying CVar settings from Section [FoliageQuality@3] File [C:/Users/Anastasia/Documents/Unreal Projects/UE_Course_HW2/Saved/Config/Windows/Scalability.ini]
[2022.11.08-07.01.20:188][  0]LogConfig: Setting CVar [[foliage.DensityScale:1.0]]
[2022.11.08-07.01.20:188][  0]LogConfig: Setting CVar [[grass.DensityScale:1.0]]
[2022.11.08-07.01.20:188][  0]LogConfig: Applying CVar settings from Section [ShadingQuality@3] File [C:/Users/Anastasia/Documents/Unreal Projects/UE_Course_HW2/Saved/Config/Windows/Scalability.ini]
[2022.11.08-07.01.20:188][  0]LogConfig: Setting CVar [[r.HairStrands.SkyLighting.IntegrationType:2]]
[2022.11.08-07.01.20:188][  0]LogConfig: Setting CVar [[r.HairStrands.SkyAO.SampleCount:4]]
[2022.11.08-07.01.20:188][  0]LogConfig: Setting CVar [[r.HairStrands.Visibility.MSAA.SamplePerPixel:4]]
[2022.11.08-07.01.20:188][  0]LogInit: Selected Device Profile: [Windows]
[2022.11.08-07.01.20:188][  0]LogInit: Applying CVar settings loaded from the selected device profile: [Windows]
[2022.11.08-07.01.20:188][  0]LogHAL: Display: Platform has ~ 16 GB [16859586560 / 17179869184 / 16], which maps to Larger [LargestMinGB=32, LargerMinGB=12, DefaultMinGB=8, SmallerMinGB=6, SmallestMinGB=0)
[2022.11.08-07.01.20:188][  0]LogInit: Going up to parent DeviceProfile []
[2022.11.08-07.01.20:188][  0]LogConfig: Applying CVar settings from Section [ViewDistanceQuality@3] File [C:/Users/Anastasia/Documents/Unreal Projects/UE_Course_HW2/Saved/Config/Windows/Scalability.ini]
[2022.11.08-07.01.20:188][  0]LogConfig: Setting CVar [[r.SkeletalMeshLODBias:0]]
[2022.11.08-07.01.20:188][  0]LogConfig: Setting CVar [[r.ViewDistanceScale:1.0]]
[2022.11.08-07.01.20:188][  0]LogConfig: Applying CVar settings from Section [AntiAliasingQuality@3] File [C:/Users/Anastasia/Documents/Unreal Projects/UE_Course_HW2/Saved/Config/Windows/Scalability.ini]
[2022.11.08-07.01.20:188][  0]LogConfig: Setting CVar [[r.PostProcessAAQuality:4]]
[2022.11.08-07.01.20:188][  0]LogConfig: Applying CVar settings from Section [ShadowQuality@3] File [C:/Users/Anastasia/Documents/Unreal Projects/UE_Course_HW2/Saved/Config/Windows/Scalability.ini]
[2022.11.08-07.01.20:188][  0]LogConfig: Setting CVar [[r.LightFunctionQuality:1]]
[2022.11.08-07.01.20:188][  0]LogConfig: Setting CVar [[r.ShadowQuality:5]]
[2022.11.08-07.01.20:188][  0]LogConfig: Setting CVar [[r.Shadow.CSM.MaxCascades:10]]
[2022.11.08-07.01.20:188][  0]LogConfig: Setting CVar [[r.Shadow.MaxResolution:2048]]
[2022.11.08-07.01.20:188][  0]LogConfig: Setting CVar [[r.Shadow.MaxCSMResolution:2048]]
[2022.11.08-07.01.20:188][  0]LogConfig: Setting CVar [[r.Shadow.RadiusThreshold:0.01]]
[2022.11.08-07.01.20:188][  0]LogConfig: Setting CVar [[r.Shadow.DistanceScale:1.0]]
[2022.11.08-07.01.20:188][  0]LogConfig: Setting CVar [[r.Shadow.CSM.TransitionScale:1.0]]
[2022.11.08-07.01.20:188][  0]LogConfig: Setting CVar [[r.Shadow.PreShadowResolutionFactor:1.0]]
[2022.11.08-07.01.20:188][  0]LogConfig: Setting CVar [[r.DistanceFieldShadowing:1]]
[2022.11.08-07.01.20:188][  0]LogConfig: Setting CVar [[r.DistanceFieldAO:1]]
[2022.11.08-07.01.20:188][  0]LogConfig: Setting CVar [[r.AOQuality:2]]
[2022.11.08-07.01.20:188][  0]LogConfig: Setting CVar [[r.VolumetricFog:1]]
[2022.11.08-07.01.20:188][  0]LogConfig: Setting CVar [[r.VolumetricFog.GridPixelSize:8]]
[2022.11.08-07.01.20:188][  0]LogConfig: Setting CVar [[r.VolumetricFog.GridSizeZ:128]]
[2022.11.08-07.01.20:188][  0]LogConfig: Setting CVar [[r.VolumetricFog.HistoryMissSupersampleCount:4]]
[2022.11.08-07.01.20:188][  0]LogConfig: Setting CVar [[r.LightMaxDrawDistanceScale:1]]
[2022.11.08-07.01.20:188][  0]LogConfig: Setting CVar [[r.CapsuleShadows:1]]
[2022.11.08-07.01.20:188][  0]LogConfig: Applying CVar settings from Section [PostProcessQuality@3] File [C:/Users/Anastasia/Documents/Unreal Projects/UE_Course_HW2/Saved/Config/Windows/Scalability.ini]
[2022.11.08-07.01.20:188][  0]LogConfig: Setting CVar [[r.MotionBlurQuality:4]]
[2022.11.08-07.01.20:188][  0]LogConfig: Setting CVar [[r.AmbientOcclusionMipLevelFactor:0.4]]
[2022.11.08-07.01.20:188][  0]LogConfig: Setting CVar [[r.AmbientOcclusionMaxQuality:100]]
[2022.11.08-07.01.20:188][  0]LogConfig: Setting CVar [[r.AmbientOcclusionLevels:-1]]
[2022.11.08-07.01.20:188][  0]LogConfig: Setting CVar [[r.AmbientOcclusionRadiusScale:1.0]]
[2022.11.08-07.01.20:188][  0]LogConfig: Setting CVar [[r.DepthOfFieldQuality:2]]
[2022.11.08-07.01.20:188][  0]LogConfig: Setting CVar [[r.RenderTargetPoolMin:400]]
[2022.11.08-07.01.20:188][  0]LogConfig: Setting CVar [[r.LensFlareQuality:2]]
[2022.11.08-07.01.20:188][  0]LogConfig: Setting CVar [[r.SceneColorFringeQuality:1]]
[2022.11.08-07.01.20:188][  0]LogConfig: Setting CVar [[r.EyeAdaptationQuality:2]]
[2022.11.08-07.01.20:188][  0]LogConfig: Setting CVar [[r.BloomQuality:5]]
[2022.11.08-07.01.20:188][  0]LogConfig: Setting CVar [[r.FastBlurThreshold:100]]
[2022.11.08-07.01.20:188][  0]LogConfig: Setting CVar [[r.Upscale.Quality:3]]
[2022.11.08-07.01.20:188][  0]LogConfig: Setting CVar [[r.Tonemapper.GrainQuantization:1]]
[2022.11.08-07.01.20:188][  0]LogConfig: Setting CVar [[r.LightShaftQuality:1]]
[2022.11.08-07.01.20:188][  0]LogConfig: Setting CVar [[r.Filter.SizeScale:1]]
[2022.11.08-07.01.20:188][  0]LogConfig: Setting CVar [[r.Tonemapper.Quality:5]]
[2022.11.08-07.01.20:188][  0]LogConfig: Setting CVar [[r.DOF.Gather.AccumulatorQuality:1        ; higher gathering accumulator quality]]
[2022.11.08-07.01.20:188][  0]LogConfig: Setting CVar [[r.DOF.Gather.PostfilterMethod:1          ; Median3x3 postfilering method]]
[2022.11.08-07.01.20:188][  0]LogConfig: Setting CVar [[r.DOF.Gather.EnableBokehSettings:0       ; no bokeh simulation when gathering]]
[2022.11.08-07.01.20:188][  0]LogConfig: Setting CVar [[r.DOF.Gather.RingCount:4                 ; medium number of samples when gathering]]
[2022.11.08-07.01.20:188][  0]LogConfig: Setting CVar [[r.DOF.Scatter.ForegroundCompositing:1    ; additive foreground scattering]]
[2022.11.08-07.01.20:188][  0]LogConfig: Setting CVar [[r.DOF.Scatter.BackgroundCompositing:2    ; additive background scattering]]
[2022.11.08-07.01.20:188][  0]LogConfig: Setting CVar [[r.DOF.Scatter.EnableBokehSettings:1      ; bokeh simulation when scattering]]
[2022.11.08-07.01.20:188][  0]LogConfig: Setting CVar [[r.DOF.Scatter.MaxSpriteRatio:0.1         ; only a maximum of 10% of scattered bokeh]]
[2022.11.08-07.01.20:188][  0]LogConfig: Setting CVar [[r.DOF.Recombine.Quality:1                ; cheap slight out of focus]]
[2022.11.08-07.01.20:188][  0]LogConfig: Setting CVar [[r.DOF.Recombine.EnableBokehSettings:0    ; no bokeh simulation on slight out of focus]]
[2022.11.08-07.01.20:188][  0]LogConfig: Setting CVar [[r.DOF.TemporalAAQuality:1                ; more stable temporal accumulation]]
[2022.11.08-07.01.20:188][  0]LogConfig: Setting CVar [[r.DOF.Kernel.MaxForegroundRadius:0.025]]
[2022.11.08-07.01.20:188][  0]LogConfig: Setting CVar [[r.DOF.Kernel.MaxBackgroundRadius:0.025]]
[2022.11.08-07.01.20:188][  0]LogConfig: Applying CVar settings from Section [TextureQuality@3] File [C:/Users/Anastasia/Documents/Unreal Projects/UE_Course_HW2/Saved/Config/Windows/Scalability.ini]
[2022.11.08-07.01.20:189][  0]LogConfig: Setting CVar [[r.Streaming.MipBias:0]]
[2022.11.08-07.01.20:189][  0]LogConfig: Setting CVar [[r.Streaming.AmortizeCPUToGPUCopy:0]]
[2022.11.08-07.01.20:189][  0]LogConfig: Setting CVar [[r.Streaming.MaxNumTexturesToStreamPerFrame:0]]
[2022.11.08-07.01.20:189][  0]LogConfig: Setting CVar [[r.Streaming.Boost:1]]
[2022.11.08-07.01.20:189][  0]LogConfig: Setting CVar [[r.MaxAnisotropy:8]]
[2022.11.08-07.01.20:189][  0]LogConfig: Setting CVar [[r.VT.MaxAnisotropy:8]]
[2022.11.08-07.01.20:189][  0]LogConfig: Setting CVar [[r.Streaming.LimitPoolSizeToVRAM:0]]
[2022.11.08-07.01.20:189][  0]LogConfig: Setting CVar [[r.Streaming.PoolSize:1000]]
[2022.11.08-07.01.20:189][  0]LogConfig: Setting CVar [[r.Streaming.MaxEffectiveScreenSize:0]]
[2022.11.08-07.01.20:189][  0]LogConfig: Applying CVar settings from Section [EffectsQuality@3] File [C:/Users/Anastasia/Documents/Unreal Projects/UE_Course_HW2/Saved/Config/Windows/Scalability.ini]
[2022.11.08-07.01.20:189][  0]LogConfig: Setting CVar [[r.TranslucencyLightingVolumeDim:64]]
[2022.11.08-07.01.20:189][  0]LogConfig: Setting CVar [[r.RefractionQuality:2]]
[2022.11.08-07.01.20:189][  0]LogConfig: Setting CVar [[r.SSR.Quality:3]]
[2022.11.08-07.01.20:189][  0]LogConfig: Setting CVar [[r.SSR.HalfResSceneColor:0]]
[2022.11.08-07.01.20:189][  0]LogConfig: Setting CVar [[r.SceneColorFormat:4]]
[2022.11.08-07.01.20:189][  0]LogConfig: Setting CVar [[r.DetailMode:2]]
[2022.11.08-07.01.20:189][  0]LogConfig: Setting CVar [[r.TranslucencyVolumeBlur:1]]
[2022.11.08-07.01.20:189][  0]LogConfig: Setting CVar [[r.MaterialQualityLevel:1 ; High quality]]
[2022.11.08-07.01.20:189][  0]LogConfig: Setting CVar [[r.AnisotropicMaterials:1]]
[2022.11.08-07.01.20:189][  0]LogConfig: Setting CVar [[r.SSS.Scale:1]]
[2022.11.08-07.01.20:189][  0]LogConfig: Setting CVar [[r.SSS.SampleSet:2]]
[2022.11.08-07.01.20:189][  0]LogConfig: Setting CVar [[r.SSS.Quality:1]]
[2022.11.08-07.01.20:189][  0]LogConfig: Setting CVar [[r.SSS.HalfRes:0]]
[2022.11.08-07.01.20:189][  0]LogConfig: Setting CVar [[r.SSGI.Quality:3]]
[2022.11.08-07.01.20:189][  0]LogConfig: Setting CVar [[r.EmitterSpawnRateScale:1.0]]
[2022.11.08-07.01.20:189][  0]LogConfig: Setting CVar [[r.ParticleLightQuality:2]]
[2022.11.08-07.01.20:189][  0]LogConfig: Setting CVar [[r.SkyAtmosphere.AerialPerspectiveLUT.FastApplyOnOpaque:1 ; Always have FastSkyLUT 1 in this case to avoid wrong sky]]
[2022.11.08-07.01.20:189][  0]LogConfig: Setting CVar [[r.SkyAtmosphere.AerialPerspectiveLUT.SampleCountMaxPerSlice:4]]
[2022.11.08-07.01.20:189][  0]LogConfig: Setting CVar [[r.SkyAtmosphere.AerialPerspectiveLUT.DepthResolution:16.0]]
[2022.11.08-07.01.20:189][  0]LogConfig: Setting CVar [[r.SkyAtmosphere.FastSkyLUT:1]]
[2022.11.08-07.01.20:189][  0]LogConfig: Setting CVar [[r.SkyAtmosphere.FastSkyLUT.SampleCountMin:4.0]]
[2022.11.08-07.01.20:189][  0]LogConfig: Setting CVar [[r.SkyAtmosphere.FastSkyLUT.SampleCountMax:128.0]]
[2022.11.08-07.01.20:189][  0]LogConfig: Setting CVar [[r.SkyAtmosphere.SampleCountMin:4.0]]
[2022.11.08-07.01.20:189][  0]LogConfig: Setting CVar [[r.SkyAtmosphere.SampleCountMax:128.0]]
[2022.11.08-07.01.20:189][  0]LogConfig: Setting CVar [[r.SkyAtmosphere.TransmittanceLUT.UseSmallFormat:0]]
[2022.11.08-07.01.20:189][  0]LogConfig: Setting CVar [[r.SkyAtmosphere.TransmittanceLUT.SampleCount:10.0]]
[2022.11.08-07.01.20:189][  0]LogConfig: Setting CVar [[r.SkyAtmosphere.MultiScatteringLUT.SampleCount:15.0]]
[2022.11.08-07.01.20:189][  0]LogConfig: Setting CVar [[r.SkyLight.RealTimeReflectionCapture:1]]
[2022.11.08-07.01.20:189][  0]LogConfig: Applying CVar settings from Section [FoliageQuality@3] File [C:/Users/Anastasia/Documents/Unreal Projects/UE_Course_HW2/Saved/Config/Windows/Scalability.ini]
[2022.11.08-07.01.20:189][  0]LogConfig: Setting CVar [[foliage.DensityScale:1.0]]
[2022.11.08-07.01.20:189][  0]LogConfig: Setting CVar [[grass.DensityScale:1.0]]
[2022.11.08-07.01.20:189][  0]LogConfig: Applying CVar settings from Section [ShadingQuality@3] File [C:/Users/Anastasia/Documents/Unreal Projects/UE_Course_HW2/Saved/Config/Windows/Scalability.ini]
[2022.11.08-07.01.20:189][  0]LogConfig: Setting CVar [[r.HairStrands.SkyLighting.IntegrationType:2]]
[2022.11.08-07.01.20:189][  0]LogConfig: Setting CVar [[r.HairStrands.SkyAO.SampleCount:4]]
[2022.11.08-07.01.20:189][  0]LogConfig: Setting CVar [[r.HairStrands.Visibility.MSAA.SamplePerPixel:4]]
[2022.11.08-07.01.20:189][  0]LogConfig: Applying CVar settings from Section [Startup] File [../../../Engine/Config/ConsoleVariables.ini]
[2022.11.08-07.01.20:193][  0]LogConfig: Setting CVar [[net.UseAdaptiveNetUpdateFrequency:0]]
[2022.11.08-07.01.20:193][  0]LogConfig: Setting CVar [[p.chaos.AllowCreatePhysxBodies:1]]
[2022.11.08-07.01.20:193][  0]LogConfig: Setting CVar [[fx.SkipVectorVMBackendOptimizations:1]]
[2022.11.08-07.01.20:193][  0]LogConfig: Applying CVar settings from Section [ConsoleVariables] File [C:/Users/Anastasia/Documents/Unreal Projects/UE_Course_HW2/Saved/Config/Windows/Engine.ini]
[2022.11.08-07.01.20:193][  0]LogConfig: Applying CVar settings from Section [ConsoleVariables] File [C:/Users/Anastasia/Documents/Unreal Projects/UE_Course_HW2/Saved/Config/Windows/Editor.ini]
[2022.11.08-07.01.20:193][  0]LogInit: Computer: DESKTOP-69AEL7H
[2022.11.08-07.01.20:193][  0]LogInit: User: Anastasia
[2022.11.08-07.01.20:193][  0]LogInit: CPU Page size=4096, Cores=4
[2022.11.08-07.01.20:193][  0]LogInit: High frequency timer resolution =10.000000 MHz
[2022.11.08-07.01.20:193][  0]LogMemory: Memory total: Physical=15.7GB (16GB approx)
[2022.11.08-07.01.20:193][  0]LogMemory: Platform Memory Stats for Windows
[2022.11.08-07.01.20:193][  0]LogMemory: Process Physical Memory: 142.61 MB used, 142.61 MB peak
[2022.11.08-07.01.20:193][  0]LogMemory: Process Virtual Memory: 122.71 MB used, 122.71 MB peak
[2022.11.08-07.01.20:193][  0]LogMemory: Physical Memory: 12197.51 MB used,  3881.05 MB free, 16078.55 MB total
[2022.11.08-07.01.20:193][  0]LogMemory: Virtual Memory: 134213656.00 MB used,  4069.18 MB free, 134217728.00 MB total
[2022.11.08-07.01.20:198][  0]LogWindows: WindowsPlatformFeatures enabled
[2022.11.08-07.01.20:216][  0]LogInit: Physics initialised using underlying interface: PhysX
[2022.11.08-07.01.20:216][  0]LogInit: Using OS detected language (en-US).
[2022.11.08-07.01.20:216][  0]LogInit: Using OS detected locale (en-US).
[2022.11.08-07.01.20:221][  0]LogTextLocalizationManager: No specific localization for 'en-US' exists, so the 'en' localization will be used.
[2022.11.08-07.01.20:407][  0]LogInit: Setting process to per monitor DPI aware
[2022.11.08-07.01.20:417][  0]LogWindowsTextInputMethodSystem: Display: IME system deactivated.
[2022.11.08-07.01.20:430][  0]LogSlate: New Slate User Created.  User Index 0, Is Virtual User: 0
[2022.11.08-07.01.20:430][  0]LogSlate: Slate User Registered.  User Index 0, Is Virtual User: 0
[2022.11.08-07.01.20:541][  0]LogD3D11RHI: Loaded GFSDK_Aftermath_Lib.x64.dll
[2022.11.08-07.01.20:544][  0]LogHMD: Failed to initialize OpenVR with code 110
[2022.11.08-07.01.20:544][  0]LogD3D11RHI: D3D11 min allowed feature level: 11_0
[2022.11.08-07.01.20:544][  0]LogD3D11RHI: D3D11 max allowed feature level: 11_0
[2022.11.08-07.01.20:544][  0]LogD3D11RHI: D3D11 adapters:
[2022.11.08-07.01.20:682][  0]LogD3D11RHI:    0. 'Intel(R) Iris(R) Xe Graphics' (Feature Level 11_0)
[2022.11.08-07.01.20:682][  0]LogD3D11RHI:       128/0/8039 MB DedicatedVideo/DedicatedSystem/SharedSystem, Outputs:1, VendorId:0x8086
[2022.11.08-07.01.20:685][  0]LogD3D11RHI:    1. 'Microsoft Basic Render Driver' (Feature Level 11_0)
[2022.11.08-07.01.20:685][  0]LogD3D11RHI:       0/0/8039 MB DedicatedVideo/DedicatedSystem/SharedSystem, Outputs:0, VendorId:0x1414
[2022.11.08-07.01.20:685][  0]LogD3D11RHI: Chosen D3D11 Adapter:
[2022.11.08-07.01.20:685][  0]LogD3D11RHI:     Description : Intel(R) Iris(R) Xe Graphics
[2022.11.08-07.01.20:685][  0]LogD3D11RHI:     VendorId    : 8086
[2022.11.08-07.01.20:685][  0]LogD3D11RHI:     DeviceId    : 9a49
[2022.11.08-07.01.20:685][  0]LogD3D11RHI:     SubSysId    : 15cc1043
[2022.11.08-07.01.20:685][  0]LogD3D11RHI:     Revision    : 0001
[2022.11.08-07.01.20:685][  0]LogD3D11RHI:     DedicatedVideoMemory : 134217728 bytes
[2022.11.08-07.01.20:685][  0]LogD3D11RHI:     DedicatedSystemMemory : 0 bytes
[2022.11.08-07.01.20:685][  0]LogD3D11RHI:     SharedSystemMemory : 8429793280 bytes
[2022.11.08-07.01.20:685][  0]LogD3D11RHI:     AdapterLuid : 0 62433
[2022.11.08-07.01.20:691][  0]LogD3D11RHI: Creating new Direct3DDevice
[2022.11.08-07.01.20:691][  0]LogD3D11RHI:     GPU DeviceId: 0x9a49 (for the marketing name, search the web for "GPU Device Id")
[2022.11.08-07.01.20:691][  0]LogWindows: EnumDisplayDevices:
[2022.11.08-07.01.20:691][  0]LogWindows:    0. 'Intel(R) Iris(R) Xe Graphics' (P:1 D:1)
[2022.11.08-07.01.20:692][  0]LogWindows:    1. 'Intel(R) Iris(R) Xe Graphics' (P:0 D:0)
[2022.11.08-07.01.20:692][  0]LogWindows:    2. 'Intel(R) Iris(R) Xe Graphics' (P:0 D:0)
[2022.11.08-07.01.20:692][  0]LogWindows:    3. 'Intel(R) Iris(R) Xe Graphics' (P:0 D:0)
[2022.11.08-07.01.20:692][  0]LogWindows: DebugString: FoundDriverCount:4 
[2022.11.08-07.01.20:692][  0]LogD3D11RHI:     Adapter Name: Intel(R) Iris(R) Xe Graphics
[2022.11.08-07.01.20:692][  0]LogD3D11RHI:   Driver Version: 27.20.100.9268 (internal:27.20.100.9268, unified:27.20.100.9268)
[2022.11.08-07.01.20:692][  0]LogD3D11RHI:      Driver Date: 2-5-2021
[2022.11.08-07.01.20:692][  0]LogRHI: Texture pool is 1523 MB (70% of 2176 MB)
[2022.11.08-07.01.20:701][  0]LogD3D11RHI: Creating D3DDevice using adapter:
[2022.11.08-07.01.20:701][  0]LogD3D11RHI:     Description : Intel(R) Iris(R) Xe Graphics
[2022.11.08-07.01.20:701][  0]LogD3D11RHI:     VendorId    : 8086
[2022.11.08-07.01.20:701][  0]LogD3D11RHI:     DeviceId    : 9a49
[2022.11.08-07.01.20:701][  0]LogD3D11RHI:     SubSysId    : 15cc1043
[2022.11.08-07.01.20:701][  0]LogD3D11RHI:     Revision    : 0001
[2022.11.08-07.01.20:701][  0]LogD3D11RHI:     DedicatedVideoMemory : 134217728 bytes
[2022.11.08-07.01.20:701][  0]LogD3D11RHI:     DedicatedSystemMemory : 0 bytes
[2022.11.08-07.01.20:701][  0]LogD3D11RHI:     SharedSystemMemory : 8429793280 bytes
[2022.11.08-07.01.20:701][  0]LogD3D11RHI:     AdapterLuid : 0 62433
[2022.11.08-07.01.20:804][  0]LogD3D11RHI: RHI does not have support for 64 bit atomics
[2022.11.08-07.01.20:813][  0]LogD3D11RHI: Intel Extensions support version Full=16777216, Major=1, Minor=0, Revision=0
[2022.11.08-07.01.20:813][  0]LogD3D11RHI: Intel Extensions support version Full=16777217, Major=1, Minor=0, Revision=1
[2022.11.08-07.01.20:814][  0]LogD3D11RHI: Intel Extensions Framework enabled
[2022.11.08-07.01.20:815][  0]LogD3D11RHI: [IntelMetricsDiscovery] Started
[2022.11.08-07.01.20:815][  0]LogD3D11RHI: Async texture creation enabled
[2022.11.08-07.01.20:815][  0]LogD3D11RHI: Array index from any shader is supported
[2022.11.08-07.01.20:838][  0]LogD3D11RHI: GPU Timing Frequency: 19.200000 (Debug: 2 0)
[2022.11.08-07.01.21:130][  0]LogTargetPlatformManager: Display: Loaded TargetPlatform 'AllDesktop'
[2022.11.08-07.01.21:159][  0]LogTargetPlatformManager: Display: Loaded TargetPlatform 'Android'
[2022.11.08-07.01.21:159][  0]LogTargetPlatformManager: Display: Loaded TargetPlatform 'Android_ASTC'
[2022.11.08-07.01.21:159][  0]LogTargetPlatformManager: Display: Loaded TargetPlatform 'Android_DXT'
[2022.11.08-07.01.21:159][  0]LogTargetPlatformManager: Display: Loaded TargetPlatform 'Android_ETC2'
[2022.11.08-07.01.21:159][  0]LogTargetPlatformManager: Display: Loaded TargetPlatform 'AndroidClient'
[2022.11.08-07.01.21:159][  0]LogTargetPlatformManager: Display: Loaded TargetPlatform 'Android_ASTCClient'
[2022.11.08-07.01.21:159][  0]LogTargetPlatformManager: Display: Loaded TargetPlatform 'Android_DXTClient'
[2022.11.08-07.01.21:159][  0]LogTargetPlatformManager: Display: Loaded TargetPlatform 'Android_ETC2Client'
[2022.11.08-07.01.21:159][  0]LogTargetPlatformManager: Display: Loaded TargetPlatform 'Android_Multi'
[2022.11.08-07.01.21:159][  0]LogTargetPlatformManager: Display: Loaded TargetPlatform 'Android_MultiClient'
[2022.11.08-07.01.21:181][  0]LogTargetPlatformManager: Display: Loaded TargetPlatform 'IOSClient'
[2022.11.08-07.01.21:181][  0]LogTargetPlatformManager: Display: Loaded TargetPlatform 'IOS'
[2022.11.08-07.01.21:192][  0]LogTargetPlatformManager: Display: Loaded TargetPlatform 'Linux'
[2022.11.08-07.01.21:197][  0]LogTargetPlatformManager: Display: Loaded TargetPlatform 'LinuxNoEditor'
[2022.11.08-07.01.21:201][  0]LogTargetPlatformManager: Display: Loaded TargetPlatform 'LinuxClient'
[2022.11.08-07.01.21:206][  0]LogTargetPlatformManager: Display: Loaded TargetPlatform 'LinuxServer'
[2022.11.08-07.01.21:217][  0]LogTargetPlatformManager: Display: Loaded TargetPlatform 'LinuxAArch64NoEditor'
[2022.11.08-07.01.21:222][  0]LogTargetPlatformManager: Display: Loaded TargetPlatform 'LinuxAArch64Client'
[2022.11.08-07.01.21:226][  0]LogTargetPlatformManager: Display: Loaded TargetPlatform 'LinuxAArch64Server'
[2022.11.08-07.01.21:256][  0]LogTargetPlatformManager: Display: Loaded TargetPlatform 'Lumin'
[2022.11.08-07.01.21:256][  0]LogTargetPlatformManager: Display: Loaded TargetPlatform 'LuminClient'
[2022.11.08-07.01.21:267][  0]LogTargetPlatformManager: Display: Loaded TargetPlatform 'MacNoEditor'
[2022.11.08-07.01.21:271][  0]LogTargetPlatformManager: Display: Loaded TargetPlatform 'Mac'
[2022.11.08-07.01.21:275][  0]LogTargetPlatformManager: Display: Loaded TargetPlatform 'MacClient'
[2022.11.08-07.01.21:278][  0]LogTargetPlatformManager: Display: Loaded TargetPlatform 'MacServer'
[2022.11.08-07.01.21:289][  0]LogTargetPlatformManager: Display: Loaded TargetPlatform 'TVOSClient'
[2022.11.08-07.01.21:289][  0]LogTargetPlatformManager: Display: Loaded TargetPlatform 'TVOS'
[2022.11.08-07.01.21:302][  0]LogTargetPlatformManager: Display: Loaded TargetPlatform 'WindowsNoEditor'
[2022.11.08-07.01.21:307][  0]LogTargetPlatformManager: Display: Loaded TargetPlatform 'Windows'
[2022.11.08-07.01.21:314][  0]LogTargetPlatformManager: Display: Loaded TargetPlatform 'WindowsClient'
[2022.11.08-07.01.21:320][  0]LogTargetPlatformManager: Display: Loaded TargetPlatform 'WindowsServer'
[2022.11.08-07.01.21:320][  0]LogTargetPlatformManager: Display: Building Assets For Windows
[2022.11.08-07.01.21:327][  0]LogAudioDebug: Display: Lib vorbis DLL was dynamically loaded.
[2022.11.08-07.01.21:354][  0]LogTextureFormatOodle: Display: Oodle Texture 2.9.0 init RDO Off
[2022.11.08-07.01.21:387][  0]LogRendererCore: Ray tracing is disabled. Reason: r.RayTracing=0.
[2022.11.08-07.01.21:387][  0]LogShaderCompilers: Guid format shader working directory is -24 characters bigger than the processId version (../../../../../../Users/Anastasia/Documents/Unreal Projects/UE_Course_HW2/Intermediate/Shaders/WorkingDirectory/20404/).
[2022.11.08-07.01.21:387][  0]LogShaderCompilers: Cleaned the shader compiler working directory 'C:/Users/Anastasia/AppData/Local/Temp/UnrealShaderWorkingDir/4278436D45EFE9EC2B2D0CA44BFBCE41/'.
[2022.11.08-07.01.21:387][  0]LogXGEController: Cannot use XGE Controller as Incredibuild is not installed on this machine.
[2022.11.08-07.01.21:387][  0]LogShaderCompilers: Cannot use XGE Shader Compiler as Incredibuild is not installed on this machine.
[2022.11.08-07.01.21:387][  0]LogShaderCompilers: Display: Using Local Shader Compiler.
[2022.11.08-07.01.22:119][  0]LogDerivedDataCache: Display: Max Cache Size: 512 MB
[2022.11.08-07.01.22:189][  0]LogDerivedDataCache: Loaded boot cache 0.07s 103MB C:/Users/Anastasia/AppData/Local/UnrealEngine/4.27/DerivedDataCache/Boot.ddc.
[2022.11.08-07.01.22:189][  0]LogDerivedDataCache: Display: Loaded Boot cache: C:/Users/Anastasia/AppData/Local/UnrealEngine/4.27/DerivedDataCache/Boot.ddc
[2022.11.08-07.01.22:189][  0]LogDerivedDataCache: FDerivedDataBackendGraph:  Pak pak cache file ../../../../../../Users/Anastasia/Documents/Unreal Projects/UE_Course_HW2/DerivedDataCache/DDC.ddp not found, will not use a pak cache.
[2022.11.08-07.01.22:189][  0]LogDerivedDataCache: Unable to find inner node Pak for hierarchical cache Hierarchy.
[2022.11.08-07.01.22:189][  0]LogDerivedDataCache: FDerivedDataBackendGraph:  CompressedPak pak cache file ../../../../../../Users/Anastasia/Documents/Unreal Projects/UE_Course_HW2/DerivedDataCache/Compressed.ddp not found, will not use a pak cache.
[2022.11.08-07.01.22:189][  0]LogDerivedDataCache: Unable to find inner node CompressedPak for hierarchical cache Hierarchy.
[2022.11.08-07.01.22:208][  0]LogDerivedDataCache: Display: Pak cache opened for reading ../../../Engine/DerivedDataCache/Compressed.ddp.
[2022.11.08-07.01.22:208][  0]LogDerivedDataCache: FDerivedDataBackendGraph:  EnterprisePak pak cache file ../../../Enterprise/DerivedDataCache/Compressed.ddp not found, will not use a pak cache.
[2022.11.08-07.01.22:208][  0]LogDerivedDataCache: Unable to find inner node EnterprisePak for hierarchical cache Hierarchy.
[2022.11.08-07.01.22:220][  0]LogDerivedDataCache: Speed tests for C:/Users/Anastasia/AppData/Local/UnrealEngine/Common/DerivedDataCache took 0.01 seconds
[2022.11.08-07.01.22:220][  0]LogDerivedDataCache: Display: Performance to C:/Users/Anastasia/AppData/Local/UnrealEngine/Common/DerivedDataCache: Latency=0.02ms. RandomReadSpeed=140.78MBs, RandomWriteSpeed=180.27MBs. Assigned SpeedClass 'Local'
[2022.11.08-07.01.22:220][  0]LogDerivedDataCache: Using Local data cache path C:/Users/Anastasia/AppData/Local/UnrealEngine/Common/DerivedDataCache: Writable
[2022.11.08-07.01.22:220][  0]LogDerivedDataCache: Shared data cache path not found in *engine.ini, will not use an Shared cache.
[2022.11.08-07.01.22:220][  0]LogDerivedDataCache: Unable to find inner node Shared for hierarchical cache Hierarchy.
[2022.11.08-07.01.22:262][  0]LogSlate: Using FreeType 2.10.0
[2022.11.08-07.01.22:263][  0]LogSlate: SlateFontServices - WITH_FREETYPE: 1, WITH_HARFBUZZ: 1
[2022.11.08-07.01.22:290][  0]LogAssetRegistry: FAssetRegistry took 0.0029 seconds to start up
[2022.11.08-07.01.22:532][  0]LogInit: Selected Device Profile: [Windows]
[2022.11.08-07.01.22:533][  0]LogInit: Active device profile: [000001A225572D00][000001A22426A680 49] Windows
[2022.11.08-07.01.22:533][  0]LogInit: Profiles: [000001A225572D00][000001A22426A680 49] Windows, [000001A225511D00][000001A22426E7C0 49] WindowsNoEditor, [000001A225573C00][000001A224272900 49] WindowsServer, [000001A225512A00][000001A224276A40 49] WindowsClient, [000001A225571800][000001A22427AB80 49] IOS, [000001A225511300][000001A224282D00 49] iPadAir, [000001A225572500][000001A224286E80 49] iPadAir2, [000001A2254B9300][000001A22428F140 49] IPadPro, [000001A2254B9400][000001A22428B180 49] iPadAir3, [000001A225513A00][000001A224293300 49] iPadAir4, [000001A2254BA100][000001A224297480 49] iPadMini2, [000001A225512F00][000001A22429B600 49] iPadMini3, [000001A2254BAC00][000001A22429F780 49] iPadMini4, [000001A225511E00][000001A2242A3900 49] iPadMini5, [000001A2254E8C00][000001A2242ABBC0 49] iPhone6, [000001A2254E8D00][000001A2242A7C00 49] iPodTouch6, [000001A225571B00][000001A2242B2340 49] iPhone7, [000001A225571A00][000001A2242AE380 49] iPodTouch7, [000001A2254B9100][000001A2242B6500 49] iPhone5S, [000001A2254B8800][000001A2242BA680 49] iPhone6Plus, [000001A2254EBE00][000001A2262D0800 49] iPhone6S, [000001A2254B8D00][000001A22427E940 49] iPhone6SPlus, [000001A2254EB700][000001A2262D4A80 49] iPhone7Plus, [000001A2254BAE00][000001A2262D8BC0 49] iPhoneSE, [000001A2254EA200][000001A2262DCD00 49] iPhone8, [000001A2254B9B00][000001A2262E4E80 49] iPhone8Plus, [000001A2254EA900][000001A2262E9000 49] iPhoneX, [000001A2254BA500][000001A2262ED180 49] iPhoneXS, [000001A2254E8F00][000001A2262F1300 49] iPhoneXSMax, [000001A225573500][000001A2262F5480 49] iPhoneXR, [000001A2254EBF00][000001A2262F9600 49] iPhone11, [000001A225572200][000001A2262FD780 49] iPhone11Pro, [000001A2254EB400][000001A226301900 49] iPhone11ProMax, [000001A225570100][000001A226305A80 49] iPhoneSE2, [000001A2254EAE00][000001A226309C00 49] iPhone12Mini, [000001A225573B00][000001A22630C200 49] iPhone12, [000001A2254EB000][000001A226310380 49] iPhone12Pro, [000001A225570900][000001A226314500 49] iPhone12ProMax, [000001A2254E8800][000001A226318680 49] iPadPro105, [000001A225570500][000001A22631C800 49] iPadPro129, [000001A2254E8700][000001A226320980 49] iPadPro97, [000001A225573F00][000001A226324B00 49] iPadPro2_129, [000001A2254E9800][000001A2262E0C40 49] iPad5, [000001A225573600][000001A226328D80 49] iPad6, [000001A2254E9000][000001A22632CEC0 49] iPad7, [000001A225571F00][000001A226335040 49] iPad8, [000001A2254EB900][000001A2263391C0 49] iPadPro11, [000001A225570E00][000001A22633D340 49] iPadPro2_11, [000001A2254EB500][000001A2263414C0 49] iPadPro3_129, [000001A225573400][000001A226345640 49] iPadPro4_129, [000001A2254E8500][000001A2263497C0 49] AppleTV, [000001A225572900][000001A22634D940 49] AppleTV4K, [000001A2254E9700][000001A226351AC0 49] TVOS, [000001A225571700][000001A2263540C0 49] Mac, [000001A2254E8300][000001A226358240 49] MacClient, [000001A225573100][000001A22635C3C0 49] MacNoEditor, [000001A2254EBB00][000001A226360540 49] MacServer, [000001A225572B00][000001A2263646C0 49] Linux, [000001A2254E9500][000001A226368840 49] LinuxAArch64, [000001A225570A00][000001A22636C9C0 49] LinuxNoEditor, [000001A2254E8A00][000001A226370B40 49] LinuxAArch64NoEditor, [000001A225571500][000001A226374CC0 49] LinuxClient, [000001A2254EAF00][000001A226330E00 49] LinuxAArch64Client, [000001A225570300][000001A226378F40 49] LinuxServer, [000001A2254EA600][000001A22637D080 49] LinuxAArch64Server, [000001A225573700][000001A2263811C0 49] Android, [000001A2254E8B00][000001A226389340 49] Android_Low, [000001A225570B00][000001A22638D4C0 49] Android_Mid, [000001A2254EA500][000001A226391640 49] Android_High, [000001A225572000][000001A2263957C0 49] Android_Default, [000001A2254E9900][000001A226399940 49] Android_Adreno4xx, [000001A225570400][000001A22639DAC0 49] Android_Adreno5xx_Low, [000001A2254EAD00][000001A2263A00C0 49] Android_Adreno5xx, [000001A2254B8C00][000001A2263A4240 49] Android_Adreno6xx, [000001A225510300][000001A2263A83C0 49] Android_Adreno6xx_Vulkan, [000001A2254B9800][000001A2263AC540 49] Android_Mali_T6xx, [000001A225512500][000001A2263B06C0 49] Android_Mali_T7xx, [000001A2254BB700][000001A2263B4840 49] Android_Mali_T8xx, [000001A225510600][000001A2263B89C0 49] Android_Mali_G71, [000001A2254BB200][000001A2263BCB40 49] Android_Mali_G72, [000001A225512800][000001A2263C0CC0 49] Android_Mali_G72_Vulkan, [000001A2254BA900][000001A2263C4E40 49] Android_Mali_G76, [000001A225513B00][000001A226384F80 49] Android_Mali_G76_Vulkan, [000001A2254BA000][000001A2263C90C0 49] Android_Mali_G77, [000001A225513100][000001A2263CD200 49] Android_Mali_G77_Vulkan, [000001A2254B9E00][000001A2263D1340 49] Android_Mali_G78, [000001A225512900][000001A2263D94C0 49] Android_Mali_G78_Vulkan, [000001A2254B8F00][000001A2263DD640 49] Android_Mali_G710, [000001A225512E00][000001A2263E17C0 49] Android_Mali_G710_Vulkan, [000001A2254BB100][000001A2263E5940 49] Android_Vulkan_SM5, [000001A225511800][000001A2263E9AC0 49] Android_PowerVR_G6xxx, [000001A2254B9A00][000001A2263EC0C0 49] Android_PowerVR_GT7xxx, [000001A225510900][000001A2263F0240 49] Android_PowerVR_GE8xxx, [000001A2254B9F00][000001A2263F43C0 49] Android_PowerVR_GM9xxx, [000001A225511600][000001A2263F8540 49] Android_PowerVR_GM9xxx_Vulkan, [000001A2254B9D00][000001A2263FC6C0 49] Android_TegraK1, [000001A225510C00][000001A226400840 49] Android_Unknown_Vulkan, [000001A2254B9000][000001A2264049C0 49] Lumin, [000001A225513700][000001A226408B40 49] Lumin_Desktop, [000001A2254BB900][000001A22640CCC0 49] HoloLens, 
[2022.11.08-07.01.22:668][  0]LogMeshReduction: Using QuadricMeshReduction for automatic static mesh reduction
[2022.11.08-07.01.22:668][  0]LogMeshReduction: Using SimplygonMeshReduction for automatic skeletal mesh reduction
[2022.11.08-07.01.22:668][  0]LogMeshReduction: Using ProxyLODMeshReduction for automatic mesh merging
[2022.11.08-07.01.22:668][  0]LogMeshReduction: No distributed automatic mesh merging module available
[2022.11.08-07.01.22:668][  0]LogMeshMerging: No distributed automatic mesh merging module available
[2022.11.08-07.01.22:683][  0]LogNetVersion: UE_Course_HW2 1.0.0, NetCL: 17155196, EngineNetVer: 17, GameNetVer: 0 (Checksum: 1455760978)
[2022.11.08-07.01.23:121][  0]LogTexture: Default maximum texture size for cubemaps generated from long-lat sources has been changed from 512 to unlimited. In order to preserve old behaiour for '/Engine/MapTemplates/Sky/DaylightAmbientCubemap.DaylightAmbientCubemap', its maximum texture size has been explicitly set to 512.
[2022.11.08-07.01.23:203][  0]LogHMD: PokeAHoleMaterial loaded successfully
[2022.11.08-07.01.23:208][  0]LogUObjectArray: 17178 objects as part of root set at end of initial load.
[2022.11.08-07.01.23:208][  0]LogUObjectAllocator: 4302048 out of 0 bytes used by permanent object pool.
[2022.11.08-07.01.23:208][  0]LogUObjectArray: CloseDisregardForGC: 0/0 objects in disregard for GC pool
[2022.11.08-07.01.23:438][  0]LogPython: Using Python 3.7.7
[2022.11.08-07.01.24:244][  0]LogTcpMessaging: Initializing TcpMessaging bridge
[2022.11.08-07.01.24:250][  0]LogUdpMessaging: Initializing bridge on interface 0.0.0.0:0 to multicast group 230.0.0.1:6666.
[2022.11.08-07.01.24:279][  0]LogNiagaraDebuggerClient: Niagara Debugger Client Initialized | Session: 1F94B2C4476D804805B675AF8B79C027 | Instance: E0C6823B4407A4040B5E099DE80D2F3D (DESKTOP-69AEL7H-20404).
[2022.11.08-07.01.24:496][  0]LogOutputDevice: Warning: 

Script Stack (0 frames):

[2022.11.08-07.01.24:496][  0]LogWindows: Windows GetLastError: The operation completed successfully. (0)
[2022.11.08-07.01.24:996][  0]LogWindows: Error: === Critical error: ===
[2022.11.08-07.01.24:996][  0]LogWindows: Error: 
[2022.11.08-07.01.24:996][  0]LogWindows: Error: Fatal error: [File:D:/Build/++UE4/Sync/Engine/Source/Runtime/CoreUObject/Private/UObject/UObjectGlobals.cpp] [Line: 2609] 
[2022.11.08-07.01.24:996][  0]LogWindows: Error: UObject() constructor called but it's not the object that's currently being constructed with NewObject. Maybe you are trying to construct it on the stack, which is not supported.
[2022.11.08-07.01.24:996][  0]LogWindows: Error: 
[2022.11.08-07.01.24:996][  0]LogWindows: Error: 
[2022.11.08-07.01.24:996][  0]LogWindows: Error: [Callstack] 0x00007ffef04acd29 KERNELBASE.dll!UnknownFunction []
[2022.11.08-07.01.24:996][  0]LogWindows: Error: [Callstack] 0x00007ffe64d10216 UE4Editor-Core.dll!UnknownFunction []
[2022.11.08-07.01.24:996][  0]LogWindows: Error: [Callstack] 0x00007ffe64d14218 UE4Editor-Core.dll!UnknownFunction []
[2022.11.08-07.01.24:996][  0]LogWindows: Error: [Callstack] 0x00007ffe64a3242d UE4Editor-Core.dll!UnknownFunction []
[2022.11.08-07.01.24:996][  0]LogWindows: Error: [Callstack] 0x00007ffea0a34ec3 UE4Editor-CoreUObject.dll!UnknownFunction []
[2022.11.08-07.01.24:996][  0]LogWindows: Error: [Callstack] 0x00007ffe596db6a8 UE4Editor-Engine.dll!UnknownFunction []
[2022.11.08-07.01.24:996][  0]LogWindows: Error: [Callstack] 0x00007ffe3e9126ad UE4Editor-UE_Course_HW2-0367.dll!ARadioParent::ARadioParent() [C:\Users\Anastasia\Documents\Unreal Projects\UE_Course_HW2\Source\UE_Course_HW2\Private\RadioParent.cpp:8]
[2022.11.08-07.01.24:996][  0]LogWindows: Error: [Callstack] 0x00007ffe3e9129a1 UE4Editor-UE_Course_HW2-0367.dll!ASecondRadioChild::ASecondRadioChild() [C:\Users\Anastasia\Documents\Unreal Projects\UE_Course_HW2\Source\UE_Course_HW2\Private\SecondRadioChild.cpp:7]
[2022.11.08-07.01.24:996][  0]LogWindows: Error: [Callstack] 0x00007ffea07661d3 UE4Editor-CoreUObject.dll!UnknownFunction []
[2022.11.08-07.01.24:996][  0]LogWindows: Error: [Callstack] 0x00007ffea0a88faf UE4Editor-CoreUObject.dll!UnknownFunction []
[2022.11.08-07.01.24:996][  0]LogWindows: Error: [Callstack] 0x00007ffea0a65411 UE4Editor-CoreUObject.dll!UnknownFunction []
[2022.11.08-07.01.24:996][  0]LogWindows: Error: [Callstack] 0x00007ffea092ddc5 UE4Editor-CoreUObject.dll!UnknownFunction []
[2022.11.08-07.01.24:996][  0]LogWindows: Error: [Callstack] 0x00007ffe64a71bea UE4Editor-Core.dll!UnknownFunction []
[2022.11.08-07.01.24:996][  0]LogWindows: Error: [Callstack] 0x00007ffe64a915a3 UE4Editor-Core.dll!UnknownFunction []
[2022.11.08-07.01.24:996][  0]LogWindows: Error: [Callstack] 0x00007ffeb6de6433 UE4Editor-Projects.dll!UnknownFunction []
[2022.11.08-07.01.24:996][  0]LogWindows: Error: [Callstack] 0x00007ffeb6de674f UE4Editor-Projects.dll!UnknownFunction []
[2022.11.08-07.01.24:996][  0]LogWindows: Error: [Callstack] 0x00007ff68d465642 UE4Editor.exe!UnknownFunction []
[2022.11.08-07.01.24:996][  0]LogWindows: Error: [Callstack] 0x00007ff68d469000 UE4Editor.exe!UnknownFunction []
[2022.11.08-07.01.24:996][  0]LogWindows: Error: [Callstack] 0x00007ff68d460d2c UE4Editor.exe!UnknownFunction []
[2022.11.08-07.01.24:996][  0]LogWindows: Error: [Callstack] 0x00007ff68d4610ba UE4Editor.exe!UnknownFunction []
[2022.11.08-07.01.24:997][  0]LogWindows: Error: [Callstack] 0x00007ff68d4640dd UE4Editor.exe!UnknownFunction []
[2022.11.08-07.01.24:997][  0]LogWindows: Error: [Callstack] 0x00007ff68d475984 UE4Editor.exe!UnknownFunction []
[2022.11.08-07.01.24:997][  0]LogWindows: Error: [Callstack] 0x00007ff68d47853a UE4Editor.exe!UnknownFunction []
[2022.11.08-07.01.24:997][  0]LogWindows: Error: [Callstack] 0x00007ffef25d7034 KERNEL32.DLL!UnknownFunction []
[2022.11.08-07.01.24:997][  0]LogWindows: Error: [Callstack] 0x00007ffef29226a1 ntdll.dll!UnknownFunction []
[2022.11.08-07.01.24:997][  0]LogWindows: Error: 
[2022.11.08-07.01.25:001][  0]LogExit: Executing StaticShutdownAfterError
[2022.11.08-07.01.25:002][  0]LogWindows: FPlatformMisc::RequestExit(1)
[2022.11.08-07.01.25:003][  0]LogWindows: FPlatformMisc::RequestExitWithStatus(1, 3)
[2022.11.08-07.01.25:003][  0]LogCore: Engine exit requested (reason: Win RequestExit)
[2022.11.08-07.01.25:010][  0]Log file closed, 11/08/22 09:01:25
