Log file open, 11/08/22 09:01:49
LogWindows: Failed to load 'aqProf.dll' (GetLastError=126)
LogWindows: File 'aqProf.dll' does not exist
LogWindows: Failed to load 'VtuneApi.dll' (GetLastError=126)
LogWindows: File 'VtuneApi.dll' does not exist
LogWindows: Failed to load 'VtuneApi32e.dll' (GetLastError=126)
LogWindows: File 'VtuneApi32e.dll' does not exist
LogConsoleResponse: Display: Failed to find resolution value strings in scalability ini. Falling back to default.
LogConsoleResponse: Display: Failed to find resolution value strings in scalability ini. Falling back to default.
LogInit: Display: Running engine for game: UE_Course_HW2
LogPlatformFile: Not using cached read wrapper
LogTaskGraph: Started task graph with 5 named threads and 23 total threads with 3 sets of task threads.
LogStats: Stats thread started at 0.274001
LogICUInternationalization: ICU TimeZone Detection - Raw Offset: +2:00, Platform Override: ''
LogInit: Display: Loading text-based GConfig....
LogPluginManager: Mounting plugin MeshPainting
LogPluginManager: Mounting plugin XGEController
LogPluginManager: Mounting plugin Paper2D
LogPluginManager: Mounting plugin AISupport
LogPluginManager: Mounting plugin EnvironmentQueryEditor
LogPluginManager: Mounting plugin GameplayCameras
LogPluginManager: Mounting plugin LightPropagationVolume
LogPluginManager: Mounting plugin CameraShakePreviewer
LogPluginManager: Mounting plugin OodleData
LogPluginManager: Mounting plugin OodleNetwork
LogPluginManager: Mounting plugin LiveLink
LogPluginManager: Mounting plugin AssetManagerEditor
LogPluginManager: Mounting plugin CryptoKeys
LogPluginManager: Mounting plugin DataValidation
LogPluginManager: Mounting plugin CurveEditorTools
LogPluginManager: Mounting plugin FacialAnimation
LogPluginManager: Mounting plugin GameplayTagsEditor
LogPluginManager: Mounting plugin GeometryMode
LogPluginManager: Mounting plugin DatasmithContent
LogPluginManager: Mounting plugin MacGraphicsSwitching
LogPluginManager: Mounting plugin MaterialAnalyzer
LogPluginManager: Mounting plugin MobileLauncherProfileWizard
LogPluginManager: Mounting plugin PluginBrowser
LogPluginManager: Mounting plugin VariantManagerContent
LogPluginManager: Mounting plugin SpeedTreeImporter
LogPluginManager: Mounting plugin AnimationSharing
LogPluginManager: Mounting plugin CLionSourceCodeAccess
LogPluginManager: Mounting plugin CodeLiteSourceCodeAccess
LogPluginManager: Mounting plugin GitSourceControl
LogPluginManager: Mounting plugin KDevelopSourceCodeAccess
LogPluginManager: Mounting plugin NullSourceCodeAccess
LogPluginManager: Mounting plugin PerforceSourceControl
LogPluginManager: Mounting plugin PixWinPlugin
LogPluginManager: Mounting plugin PlasticSourceControl
LogPluginManager: Mounting plugin PluginUtils
LogPluginManager: Mounting plugin PropertyAccessNode
LogPluginManager: Mounting plugin RiderSourceCodeAccess
LogPluginManager: Mounting plugin Niagara
LogPluginManager: Mounting plugin SubversionSourceControl
LogPluginManager: Mounting plugin TextureFormatOodle
LogPluginManager: Mounting plugin UObjectPlugin
LogPluginManager: Mounting plugin VisualStudioCodeSourceCodeAccess
LogPluginManager: Mounting plugin VisualStudioSourceCodeAccess
LogPluginManager: Mounting plugin AlembicImporter
LogPluginManager: Mounting plugin XCodeSourceCodeAccess
LogPluginManager: Mounting plugin AutomationUtils
LogPluginManager: Mounting plugin BackChannel
LogPluginManager: Mounting plugin ChaosCloth
LogPluginManager: Mounting plugin ChaosClothEditor
LogPluginManager: Mounting plugin ChaosNiagara
LogPluginManager: Mounting plugin ChaosSolverPlugin
LogPluginManager: Mounting plugin CharacterAI
LogPluginManager: Mounting plugin ChaosEditor
LogPluginManager: Mounting plugin GeometryCache
LogPluginManager: Mounting plugin GeometryProcessing
LogPluginManager: Mounting plugin GeometryCollectionPlugin
LogPluginManager: Mounting plugin LuminPlatformFeatures
LogPluginManager: Mounting plugin MagicLeap
LogPluginManager: Mounting plugin AndroidMedia
LogPluginManager: Mounting plugin AvfMedia
LogPluginManager: Mounting plugin MotoSynth
LogPluginManager: Mounting plugin OpenImageDenoise
LogPluginManager: Mounting plugin ImgMedia
LogPluginManager: Mounting plugin MediaCompositing
LogPluginManager: Mounting plugin MediaPlayerEditor
LogPluginManager: Mounting plugin MagicLeapLightEstimation
LogPluginManager: Mounting plugin PlanarCut
LogPluginManager: Mounting plugin PlatformCrypto
LogPluginManager: Mounting plugin ProxyLODPlugin
LogPluginManager: Mounting plugin WebMMedia
LogPluginManager: Mounting plugin PythonScriptPlugin
LogPluginManager: Mounting plugin WmfMedia
LogPluginManager: Mounting plugin MagicLeapMedia
LogPluginManager: Mounting plugin SkeletalReduction
LogPluginManager: Mounting plugin MagicLeapPassableWorld
LogPluginManager: Mounting plugin MLSDK
LogPluginManager: Mounting plugin TcpMessaging
LogPluginManager: Mounting plugin UdpMessaging
LogPluginManager: Mounting plugin ActorSequence
LogPluginManager: Mounting plugin MatineeToLevelSequence
LogPluginManager: Mounting plugin LevelSequenceEditor
LogPluginManager: Mounting plugin TemplateSequence
LogPluginManager: Mounting plugin OnlineSubsystem
LogPluginManager: Mounting plugin OnlineSubsystemNull
LogPluginManager: Mounting plugin OnlineSubsystemUtils
LogPluginManager: Mounting plugin LauncherChunkInstaller
LogPluginManager: Mounting plugin ActorLayerUtilities
LogPluginManager: Mounting plugin AndroidDeviceProfileSelector
LogPluginManager: Mounting plugin AndroidMoviePlayer
LogPluginManager: Mounting plugin AndroidPermission
LogPluginManager: Mounting plugin AppleImageUtils
LogPluginManager: Mounting plugin AppleMoviePlayer
LogPluginManager: Mounting plugin ArchVisCharacter
LogPluginManager: Mounting plugin AssetTags
LogPluginManager: Mounting plugin AudioCapture
LogPluginManager: Mounting plugin AudioSynesthesia
LogPluginManager: Mounting plugin CableComponent
LogPluginManager: Mounting plugin ChunkDownloader
LogPluginManager: Mounting plugin CustomMeshComponent
LogPluginManager: Mounting plugin EditableMesh
LogPluginManager: Mounting plugin ExampleDeviceProfileSelector
LogPluginManager: Mounting plugin GooglePAD
LogPluginManager: Mounting plugin GoogleCloudMessaging
LogPluginManager: Mounting plugin ScreenshotTools
LogPluginManager: Mounting plugin LinuxDeviceProfileSelector
LogPluginManager: Mounting plugin IOSDeviceProfileSelector
LogPluginManager: Mounting plugin LocationServicesBPLibrary
LogPluginManager: Mounting plugin MobilePatchingUtils
LogPluginManager: Mounting plugin OpenXR
LogPluginManager: Mounting plugin OpenXREyeTracker
LogPluginManager: Mounting plugin OpenXRHandTracking
LogPluginManager: Mounting plugin PhysXVehicles
LogPluginManager: Mounting plugin PostSplashScreen
LogPluginManager: Mounting plugin ProceduralMeshComponent
LogPluginManager: Mounting plugin PropertyAccessEditor
LogPluginManager: Mounting plugin RuntimePhysXCooking
LogPluginManager: Mounting plugin SignificanceManager
LogPluginManager: Mounting plugin SoundFields
LogPluginManager: Mounting plugin Synthesis
LogPluginManager: Mounting plugin WebMMoviePlayer
LogPluginManager: Mounting plugin WindowsMoviePlayer
LogPluginManager: Mounting plugin Takes
LogPluginManager: Mounting plugin ContentBrowserAssetDataSource
LogPluginManager: Mounting plugin ContentBrowserClassDataSource
LogPluginManager: Mounting plugin ContentBrowserFileDataSource
LogPluginManager: Mounting plugin OnlineSubsystemGooglePlay
LogPluginManager: Mounting plugin OnlineSubsystemIOS
LogPluginManager: Mounting plugin OculusVR
LogPluginManager: Mounting plugin SteamVR
PixWinPlugin: PIX capture plugin failed to initialize! Check that the process is launched from PIX.
LogInit: Using libcurl 7.55.1-DEV
LogInit:  - built for x86_64-pc-win32
LogInit:  - supports SSL with OpenSSL/1.1.1
LogInit:  - supports HTTP deflate (compression) using libz 1.2.8
LogInit:  - other features:
LogInit:      CURL_VERSION_SSL
LogInit:      CURL_VERSION_LIBZ
LogInit:      CURL_VERSION_IPV6
LogInit:      CURL_VERSION_ASYNCHDNS
LogInit:      CURL_VERSION_LARGEFILE
LogInit:      CURL_VERSION_IDN
LogInit:  CurlRequestOptions (configurable via config and command line):
LogInit:  - bVerifyPeer = true  - Libcurl will verify peer certificate
LogInit:  - bUseHttpProxy = false  - Libcurl will NOT use HTTP proxy
LogInit:  - bDontReuseConnections = false  - Libcurl will reuse connections
LogInit:  - MaxHostConnections = 16  - Libcurl will limit the number of connections to a host
LogInit:  - LocalHostAddr = Default
LogInit:  - BufferSize = 65536
LogOnline: OSS: Creating online subsystem instance for: NULL
LogInit: WinSock: version 1.1 (2.2), MaxSocks=32767, MaxUdp=65467
LogOnline: OSS: TryLoadSubsystemAndSetDefault: Loaded subsystem for module [NULL]
LogOculusPluginWrapper: OculusPlugin initialized successfully
LogHMD: Failed initializing OVRPlugin 1.59.0
LogInit: Build: ++UE4+Release-4.27-CL-18319896
LogInit: Engine Version: 4.27.2-18319896+++UE4+Release-4.27
LogInit: Compatible Engine Version: 4.27.0-17155196+++UE4+Release-4.27
LogInit: Net CL: 17155196
LogInit: OS: Windows 10 (Release 2009) (), CPU: 11th Gen Intel(R) Core(TM) i5-1135G7 @ 2.40GHz, GPU: Intel(R) Iris(R) Xe Graphics
LogInit: Compiled (64-bit): Nov 30 2021 07:12:08
LogInit: Compiled with Visual C++: 19.24.28315.00
LogInit: Build Configuration: Development
LogInit: Branch Name: ++UE4+Release-4.27
LogInit: Command Line: 
LogInit: Base Directory: C:/Program Files/Epic Games/UE_4.27/Engine/Binaries/Win64/
LogInit: Allocator: TBB
LogInit: Installed Engine Build: 1
LogDevObjectVersion: Number of dev versions registered: 29
LogDevObjectVersion:   Dev-Blueprints (B0D832E4-1F89-4F0D-ACCF-7EB736FD4AA2): 10
LogDevObjectVersion:   Dev-Build (E1C64328-A22C-4D53-A36C-8E866417BD8C): 0
LogDevObjectVersion:   Dev-Core (375EC13C-06E4-48FB-B500-84F0262A717E): 4
LogDevObjectVersion:   Dev-Editor (E4B068ED-F494-42E9-A231-DA0B2E46BB41): 40
LogDevObjectVersion:   Dev-Framework (CFFC743F-43B0-4480-9391-14DF171D2073): 37
LogDevObjectVersion:   Dev-Mobile (B02B49B5-BB20-44E9-A304-32B752E40360): 3
LogDevObjectVersion:   Dev-Networking (A4E4105C-59A1-49B5-A7C5-40C4547EDFEE): 0
LogDevObjectVersion:   Dev-Online (39C831C9-5AE6-47DC-9A44-9C173E1C8E7C): 0
LogDevObjectVersion:   Dev-Physics (78F01B33-EBEA-4F98-B9B4-84EACCB95AA2): 14
LogDevObjectVersion:   Dev-Platform (6631380F-2D4D-43E0-8009-CF276956A95A): 0
LogDevObjectVersion:   Dev-Rendering (12F88B9F-8875-4AFC-A67C-D90C383ABD29): 45
LogDevObjectVersion:   Dev-Sequencer (7B5AE74C-D270-4C10-A958-57980B212A5A): 13
LogDevObjectVersion:   Dev-VR (D7296918-1DD6-4BDD-9DE2-64A83CC13884): 3
LogDevObjectVersion:   Dev-LoadTimes (C2A15278-BFE7-4AFE-6C17-90FF531DF755): 1
LogDevObjectVersion:   Private-Geometry (6EACA3D4-40EC-4CC1-B786-8BED09428FC5): 3
LogDevObjectVersion:   Dev-AnimPhys (29E575DD-E0A3-4627-9D10-D276232CDCEA): 17
LogDevObjectVersion:   Dev-Anim (AF43A65D-7FD3-4947-9873-3E8ED9C1BB05): 15
LogDevObjectVersion:   Dev-ReflectionCapture (6B266CEC-1EC7-4B8F-A30B-E4D90942FC07): 1
LogDevObjectVersion:   Dev-Automation (0DF73D61-A23F-47EA-B727-89E90C41499A): 1
LogDevObjectVersion:   FortniteMain (601D1886-AC64-4F84-AA16-D3DE0DEAC7D6): 47
LogDevObjectVersion:   FortniteRelease (E7086368-6B23-4C58-8439-1B7016265E91): 1
LogDevObjectVersion:   Dev-Enterprise (9DFFBCD6-494F-0158-E221-12823C92A888): 10
LogDevObjectVersion:   Dev-Niagara (F2AED0AC-9AFE-416F-8664-AA7FFA26D6FC): 1
LogDevObjectVersion:   Dev-Destruction (174F1F0B-B4C6-45A5-B13F-2EE8D0FB917D): 10
LogDevObjectVersion:   Dev-Physics-Ext (35F94A83-E258-406C-A318-09F59610247C): 41
LogDevObjectVersion:   Dev-PhysicsMaterial-Chaos (B68FC16E-8B1B-42E2-B453-215C058844FE): 1
LogDevObjectVersion:   Dev-CineCamera (B2E18506-4273-CFC2-A54E-F4BB758BBA07): 1
LogDevObjectVersion:   Dev-VirtualProduction (64F58936-FD1B-42BA-BA96-7289D5D0FA4E): 1
LogDevObjectVersion:   Dev-MediaFramework (6F0ED827-A609-4895-9C91-998D90180EA4): 2
LogInit: Presizing for max 25165824 objects, including 0 objects not considered by GC, pre-allocating 0 bytes for permanent pool.
LogConfig: Applying CVar settings from Section [/Script/Engine.StreamingSettings] File [C:/Users/Anastasia/Documents/Unreal Projects/UE_Course_HW2/Saved/Config/Windows/Engine.ini]
LogConfig: Setting CVar [[s.MinBulkDataSizeForAsyncLoading:131072]]
LogConfig: Setting CVar [[s.AsyncLoadingThreadEnabled:0]]
LogConfig: Setting CVar [[s.EventDrivenLoaderEnabled:1]]
LogConfig: Setting CVar [[s.WarnIfTimeLimitExceeded:0]]
LogConfig: Setting CVar [[s.TimeLimitExceededMultiplier:1.5]]
LogConfig: Setting CVar [[s.TimeLimitExceededMinTime:0.005]]
LogConfig: Setting CVar [[s.UseBackgroundLevelStreaming:1]]
LogConfig: Setting CVar [[s.PriorityAsyncLoadingExtraTime:15.0]]
LogConfig: Setting CVar [[s.LevelStreamingActorsUpdateTimeLimit:5.0]]
LogConfig: Setting CVar [[s.PriorityLevelStreamingActorsUpdateExtraTime:5.0]]
LogConfig: Setting CVar [[s.LevelStreamingComponentsRegistrationGranularity:10]]
LogConfig: Setting CVar [[s.UnregisterComponentsTimeLimit:1.0]]
LogConfig: Setting CVar [[s.LevelStreamingComponentsUnregistrationGranularity:5]]
LogConfig: Setting CVar [[s.FlushStreamingOnExit:1]]
LogInit: Object subsystem initialized
LogConfig: Setting CVar [[con.DebugEarlyDefault:1]]
LogConfig: Setting CVar [[r.setres:1280x720]]
[2022.11.08-07.01.50:547][  0]LogConfig: Setting CVar [[r.VSync:0]]
[2022.11.08-07.01.50:547][  0]LogConfig: Setting CVar [[r.RHICmdBypass:0]]
[2022.11.08-07.01.50:547][  0]LogConfig: Applying CVar settings from Section [/Script/Engine.RendererSettings] File [C:/Users/Anastasia/Documents/Unreal Projects/UE_Course_HW2/Saved/Config/Windows/Engine.ini]
[2022.11.08-07.01.50:547][  0]LogConfig: Setting CVar [[r.GPUCrashDebugging:0]]
[2022.11.08-07.01.50:547][  0]LogConfig: Applying CVar settings from Section [/Script/Engine.RendererOverrideSettings] File [C:/Users/Anastasia/Documents/Unreal Projects/UE_Course_HW2/Saved/Config/Windows/Engine.ini]
[2022.11.08-07.01.50:547][  0]LogConfig: Applying CVar settings from Section [/Script/Engine.StreamingSettings] File [C:/Users/Anastasia/Documents/Unreal Projects/UE_Course_HW2/Saved/Config/Windows/Engine.ini]
[2022.11.08-07.01.50:547][  0]LogConfig: Setting CVar [[s.MinBulkDataSizeForAsyncLoading:131072]]
[2022.11.08-07.01.50:547][  0]LogConfig: Setting CVar [[s.AsyncLoadingThreadEnabled:0]]
[2022.11.08-07.01.50:547][  0]LogConfig: Setting CVar [[s.EventDrivenLoaderEnabled:1]]
[2022.11.08-07.01.50:547][  0]LogConfig: Setting CVar [[s.WarnIfTimeLimitExceeded:0]]
[2022.11.08-07.01.50:547][  0]LogConfig: Setting CVar [[s.TimeLimitExceededMultiplier:1.5]]
[2022.11.08-07.01.50:547][  0]LogConfig: Setting CVar [[s.TimeLimitExceededMinTime:0.005]]
[2022.11.08-07.01.50:547][  0]LogConfig: Setting CVar [[s.UseBackgroundLevelStreaming:1]]
[2022.11.08-07.01.50:547][  0]LogConfig: Setting CVar [[s.PriorityAsyncLoadingExtraTime:15.0]]
[2022.11.08-07.01.50:547][  0]LogConfig: Setting CVar [[s.LevelStreamingActorsUpdateTimeLimit:5.0]]
[2022.11.08-07.01.50:547][  0]LogConfig: Setting CVar [[s.PriorityLevelStreamingActorsUpdateExtraTime:5.0]]
[2022.11.08-07.01.50:547][  0]LogConfig: Setting CVar [[s.LevelStreamingComponentsRegistrationGranularity:10]]
[2022.11.08-07.01.50:547][  0]LogConfig: Setting CVar [[s.UnregisterComponentsTimeLimit:1.0]]
[2022.11.08-07.01.50:547][  0]LogConfig: Setting CVar [[s.LevelStreamingComponentsUnregistrationGranularity:5]]
[2022.11.08-07.01.50:547][  0]LogConfig: Setting CVar [[s.FlushStreamingOnExit:1]]
[2022.11.08-07.01.50:547][  0]LogConfig: Applying CVar settings from Section [/Script/Engine.GarbageCollectionSettings] File [C:/Users/Anastasia/Documents/Unreal Projects/UE_Course_HW2/Saved/Config/Windows/Engine.ini]
[2022.11.08-07.01.50:547][  0]LogConfig: Setting CVar [[gc.MaxObjectsNotConsideredByGC:1]]
[2022.11.08-07.01.50:547][  0]LogConfig: Setting CVar [[gc.SizeOfPermanentObjectPool:0]]
[2022.11.08-07.01.50:547][  0]LogConfig: Setting CVar [[gc.FlushStreamingOnGC:0]]
[2022.11.08-07.01.50:547][  0]LogConfig: Setting CVar [[gc.NumRetriesBeforeForcingGC:10]]
[2022.11.08-07.01.50:547][  0]LogConfig: Setting CVar [[gc.AllowParallelGC:1]]
[2022.11.08-07.01.50:547][  0]LogConfig: Setting CVar [[gc.TimeBetweenPurgingPendingKillObjects:61.1]]
[2022.11.08-07.01.50:547][  0]LogConfig: Setting CVar [[gc.MaxObjectsInEditor:25165824]]
[2022.11.08-07.01.50:547][  0]LogConfig: Setting CVar [[gc.IncrementalBeginDestroyEnabled:1]]
[2022.11.08-07.01.50:547][  0]LogConfig: Setting CVar [[gc.CreateGCClusters:1]]
[2022.11.08-07.01.50:547][  0]LogConfig: Setting CVar [[gc.MinGCClusterSize:5]]
[2022.11.08-07.01.50:547][  0]LogConfig: Setting CVar [[gc.ActorClusteringEnabled:0]]
[2022.11.08-07.01.50:547][  0]LogConfig: Setting CVar [[gc.BlueprintClusteringEnabled:0]]
[2022.11.08-07.01.50:547][  0]LogConfig: Setting CVar [[gc.UseDisregardForGCOnDedicatedServers:0]]
[2022.11.08-07.01.50:547][  0]LogConfig: Setting CVar [[gc.MultithreadedDestructionEnabled:1]]
[2022.11.08-07.01.50:547][  0]LogConfig: Applying CVar settings from Section [/Script/Engine.NetworkSettings] File [C:/Users/Anastasia/Documents/Unreal Projects/UE_Course_HW2/Saved/Config/Windows/Engine.ini]
[2022.11.08-07.01.50:547][  0]LogConfig: Applying CVar settings from Section [/Script/UnrealEd.CookerSettings] File [C:/Users/Anastasia/Documents/Unreal Projects/UE_Course_HW2/Saved/Config/Windows/Engine.ini]
[2022.11.08-07.01.50:553][  0]LogConfig: Applying CVar settings from Section [ViewDistanceQuality@3] File [C:/Users/Anastasia/Documents/Unreal Projects/UE_Course_HW2/Saved/Config/Windows/Scalability.ini]
[2022.11.08-07.01.50:553][  0]LogConfig: Setting CVar [[r.SkeletalMeshLODBias:0]]
[2022.11.08-07.01.50:553][  0]LogConfig: Setting CVar [[r.ViewDistanceScale:1.0]]
[2022.11.08-07.01.50:553][  0]LogConfig: Applying CVar settings from Section [AntiAliasingQuality@3] File [C:/Users/Anastasia/Documents/Unreal Projects/UE_Course_HW2/Saved/Config/Windows/Scalability.ini]
[2022.11.08-07.01.50:553][  0]LogConfig: Setting CVar [[r.PostProcessAAQuality:4]]
[2022.11.08-07.01.50:553][  0]LogConfig: Applying CVar settings from Section [ShadowQuality@3] File [C:/Users/Anastasia/Documents/Unreal Projects/UE_Course_HW2/Saved/Config/Windows/Scalability.ini]
[2022.11.08-07.01.50:553][  0]LogConfig: Setting CVar [[r.LightFunctionQuality:1]]
[2022.11.08-07.01.50:553][  0]LogConfig: Setting CVar [[r.ShadowQuality:5]]
[2022.11.08-07.01.50:553][  0]LogConfig: Setting CVar [[r.Shadow.CSM.MaxCascades:10]]
[2022.11.08-07.01.50:553][  0]LogConfig: Setting CVar [[r.Shadow.MaxResolution:2048]]
[2022.11.08-07.01.50:553][  0]LogConfig: Setting CVar [[r.Shadow.MaxCSMResolution:2048]]
[2022.11.08-07.01.50:553][  0]LogConfig: Setting CVar [[r.Shadow.RadiusThreshold:0.01]]
[2022.11.08-07.01.50:553][  0]LogConfig: Setting CVar [[r.Shadow.DistanceScale:1.0]]
[2022.11.08-07.01.50:553][  0]LogConfig: Setting CVar [[r.Shadow.CSM.TransitionScale:1.0]]
[2022.11.08-07.01.50:553][  0]LogConfig: Setting CVar [[r.Shadow.PreShadowResolutionFactor:1.0]]
[2022.11.08-07.01.50:553][  0]LogConfig: Setting CVar [[r.DistanceFieldShadowing:1]]
[2022.11.08-07.01.50:553][  0]LogConfig: Setting CVar [[r.DistanceFieldAO:1]]
[2022.11.08-07.01.50:553][  0]LogConfig: Setting CVar [[r.AOQuality:2]]
[2022.11.08-07.01.50:553][  0]LogConfig: Setting CVar [[r.VolumetricFog:1]]
[2022.11.08-07.01.50:553][  0]LogConfig: Setting CVar [[r.VolumetricFog.GridPixelSize:8]]
[2022.11.08-07.01.50:553][  0]LogConfig: Setting CVar [[r.VolumetricFog.GridSizeZ:128]]
[2022.11.08-07.01.50:553][  0]LogConfig: Setting CVar [[r.VolumetricFog.HistoryMissSupersampleCount:4]]
[2022.11.08-07.01.50:553][  0]LogConfig: Setting CVar [[r.LightMaxDrawDistanceScale:1]]
[2022.11.08-07.01.50:553][  0]LogConfig: Setting CVar [[r.CapsuleShadows:1]]
[2022.11.08-07.01.50:553][  0]LogConfig: Applying CVar settings from Section [PostProcessQuality@3] File [C:/Users/Anastasia/Documents/Unreal Projects/UE_Course_HW2/Saved/Config/Windows/Scalability.ini]
[2022.11.08-07.01.50:553][  0]LogConfig: Setting CVar [[r.MotionBlurQuality:4]]
[2022.11.08-07.01.50:553][  0]LogConfig: Setting CVar [[r.AmbientOcclusionMipLevelFactor:0.4]]
[2022.11.08-07.01.50:553][  0]LogConfig: Setting CVar [[r.AmbientOcclusionMaxQuality:100]]
[2022.11.08-07.01.50:553][  0]LogConfig: Setting CVar [[r.AmbientOcclusionLevels:-1]]
[2022.11.08-07.01.50:553][  0]LogConfig: Setting CVar [[r.AmbientOcclusionRadiusScale:1.0]]
[2022.11.08-07.01.50:553][  0]LogConfig: Setting CVar [[r.DepthOfFieldQuality:2]]
[2022.11.08-07.01.50:553][  0]LogConfig: Setting CVar [[r.RenderTargetPoolMin:400]]
[2022.11.08-07.01.50:553][  0]LogConfig: Setting CVar [[r.LensFlareQuality:2]]
[2022.11.08-07.01.50:553][  0]LogConfig: Setting CVar [[r.SceneColorFringeQuality:1]]
[2022.11.08-07.01.50:553][  0]LogConfig: Setting CVar [[r.EyeAdaptationQuality:2]]
[2022.11.08-07.01.50:553][  0]LogConfig: Setting CVar [[r.BloomQuality:5]]
[2022.11.08-07.01.50:553][  0]LogConfig: Setting CVar [[r.FastBlurThreshold:100]]
[2022.11.08-07.01.50:553][  0]LogConfig: Setting CVar [[r.Upscale.Quality:3]]
[2022.11.08-07.01.50:553][  0]LogConfig: Setting CVar [[r.Tonemapper.GrainQuantization:1]]
[2022.11.08-07.01.50:553][  0]LogConfig: Setting CVar [[r.LightShaftQuality:1]]
[2022.11.08-07.01.50:553][  0]LogConfig: Setting CVar [[r.Filter.SizeScale:1]]
[2022.11.08-07.01.50:553][  0]LogConfig: Setting CVar [[r.Tonemapper.Quality:5]]
[2022.11.08-07.01.50:553][  0]LogConfig: Setting CVar [[r.DOF.Gather.AccumulatorQuality:1        ; higher gathering accumulator quality]]
[2022.11.08-07.01.50:553][  0]LogConfig: Setting CVar [[r.DOF.Gather.PostfilterMethod:1          ; Median3x3 postfilering method]]
[2022.11.08-07.01.50:553][  0]LogConfig: Setting CVar [[r.DOF.Gather.EnableBokehSettings:0       ; no bokeh simulation when gathering]]
[2022.11.08-07.01.50:553][  0]LogConfig: Setting CVar [[r.DOF.Gather.RingCount:4                 ; medium number of samples when gathering]]
[2022.11.08-07.01.50:554][  0]LogConfig: Setting CVar [[r.DOF.Scatter.ForegroundCompositing:1    ; additive foreground scattering]]
[2022.11.08-07.01.50:554][  0]LogConfig: Setting CVar [[r.DOF.Scatter.BackgroundCompositing:2    ; additive background scattering]]
[2022.11.08-07.01.50:554][  0]LogConfig: Setting CVar [[r.DOF.Scatter.EnableBokehSettings:1      ; bokeh simulation when scattering]]
[2022.11.08-07.01.50:554][  0]LogConfig: Setting CVar [[r.DOF.Scatter.MaxSpriteRatio:0.1         ; only a maximum of 10% of scattered bokeh]]
[2022.11.08-07.01.50:554][  0]LogConfig: Setting CVar [[r.DOF.Recombine.Quality:1                ; cheap slight out of focus]]
[2022.11.08-07.01.50:554][  0]LogConfig: Setting CVar [[r.DOF.Recombine.EnableBokehSettings:0    ; no bokeh simulation on slight out of focus]]
[2022.11.08-07.01.50:554][  0]LogConfig: Setting CVar [[r.DOF.TemporalAAQuality:1                ; more stable temporal accumulation]]
[2022.11.08-07.01.50:554][  0]LogConfig: Setting CVar [[r.DOF.Kernel.MaxForegroundRadius:0.025]]
[2022.11.08-07.01.50:554][  0]LogConfig: Setting CVar [[r.DOF.Kernel.MaxBackgroundRadius:0.025]]
[2022.11.08-07.01.50:554][  0]LogConfig: Applying CVar settings from Section [TextureQuality@3] File [C:/Users/Anastasia/Documents/Unreal Projects/UE_Course_HW2/Saved/Config/Windows/Scalability.ini]
[2022.11.08-07.01.50:554][  0]LogConfig: Setting CVar [[r.Streaming.MipBias:0]]
[2022.11.08-07.01.50:554][  0]LogConfig: Setting CVar [[r.Streaming.AmortizeCPUToGPUCopy:0]]
[2022.11.08-07.01.50:554][  0]LogConfig: Setting CVar [[r.Streaming.MaxNumTexturesToStreamPerFrame:0]]
[2022.11.08-07.01.50:554][  0]LogConfig: Setting CVar [[r.Streaming.Boost:1]]
[2022.11.08-07.01.50:554][  0]LogConfig: Setting CVar [[r.MaxAnisotropy:8]]
[2022.11.08-07.01.50:554][  0]LogConfig: Setting CVar [[r.VT.MaxAnisotropy:8]]
[2022.11.08-07.01.50:554][  0]LogConfig: Setting CVar [[r.Streaming.LimitPoolSizeToVRAM:0]]
[2022.11.08-07.01.50:554][  0]LogConfig: Setting CVar [[r.Streaming.PoolSize:1000]]
[2022.11.08-07.01.50:554][  0]LogConfig: Setting CVar [[r.Streaming.MaxEffectiveScreenSize:0]]
[2022.11.08-07.01.50:554][  0]LogConfig: Applying CVar settings from Section [EffectsQuality@3] File [C:/Users/Anastasia/Documents/Unreal Projects/UE_Course_HW2/Saved/Config/Windows/Scalability.ini]
[2022.11.08-07.01.50:554][  0]LogConfig: Setting CVar [[r.TranslucencyLightingVolumeDim:64]]
[2022.11.08-07.01.50:554][  0]LogConfig: Setting CVar [[r.RefractionQuality:2]]
[2022.11.08-07.01.50:554][  0]LogConfig: Setting CVar [[r.SSR.Quality:3]]
[2022.11.08-07.01.50:554][  0]LogConfig: Setting CVar [[r.SSR.HalfResSceneColor:0]]
[2022.11.08-07.01.50:554][  0]LogConfig: Setting CVar [[r.SceneColorFormat:4]]
[2022.11.08-07.01.50:554][  0]LogConfig: Setting CVar [[r.DetailMode:2]]
[2022.11.08-07.01.50:554][  0]LogConfig: Setting CVar [[r.TranslucencyVolumeBlur:1]]
[2022.11.08-07.01.50:554][  0]LogConfig: Setting CVar [[r.MaterialQualityLevel:1 ; High quality]]
[2022.11.08-07.01.50:554][  0]LogConfig: Setting CVar [[r.AnisotropicMaterials:1]]
[2022.11.08-07.01.50:554][  0]LogConfig: Setting CVar [[r.SSS.Scale:1]]
[2022.11.08-07.01.50:554][  0]LogConfig: Setting CVar [[r.SSS.SampleSet:2]]
[2022.11.08-07.01.50:554][  0]LogConfig: Setting CVar [[r.SSS.Quality:1]]
[2022.11.08-07.01.50:554][  0]LogConfig: Setting CVar [[r.SSS.HalfRes:0]]
[2022.11.08-07.01.50:554][  0]LogConfig: Setting CVar [[r.SSGI.Quality:3]]
[2022.11.08-07.01.50:554][  0]LogConfig: Setting CVar [[r.EmitterSpawnRateScale:1.0]]
[2022.11.08-07.01.50:554][  0]LogConfig: Setting CVar [[r.ParticleLightQuality:2]]
[2022.11.08-07.01.50:554][  0]LogConfig: Setting CVar [[r.SkyAtmosphere.AerialPerspectiveLUT.FastApplyOnOpaque:1 ; Always have FastSkyLUT 1 in this case to avoid wrong sky]]
[2022.11.08-07.01.50:554][  0]LogConfig: Setting CVar [[r.SkyAtmosphere.AerialPerspectiveLUT.SampleCountMaxPerSlice:4]]
[2022.11.08-07.01.50:554][  0]LogConfig: Setting CVar [[r.SkyAtmosphere.AerialPerspectiveLUT.DepthResolution:16.0]]
[2022.11.08-07.01.50:554][  0]LogConfig: Setting CVar [[r.SkyAtmosphere.FastSkyLUT:1]]
[2022.11.08-07.01.50:554][  0]LogConfig: Setting CVar [[r.SkyAtmosphere.FastSkyLUT.SampleCountMin:4.0]]
[2022.11.08-07.01.50:554][  0]LogConfig: Setting CVar [[r.SkyAtmosphere.FastSkyLUT.SampleCountMax:128.0]]
[2022.11.08-07.01.50:554][  0]LogConfig: Setting CVar [[r.SkyAtmosphere.SampleCountMin:4.0]]
[2022.11.08-07.01.50:554][  0]LogConfig: Setting CVar [[r.SkyAtmosphere.SampleCountMax:128.0]]
[2022.11.08-07.01.50:554][  0]LogConfig: Setting CVar [[r.SkyAtmosphere.TransmittanceLUT.UseSmallFormat:0]]
[2022.11.08-07.01.50:554][  0]LogConfig: Setting CVar [[r.SkyAtmosphere.TransmittanceLUT.SampleCount:10.0]]
[2022.11.08-07.01.50:554][  0]LogConfig: Setting CVar [[r.SkyAtmosphere.MultiScatteringLUT.SampleCount:15.0]]
[2022.11.08-07.01.50:554][  0]LogConfig: Setting CVar [[r.SkyLight.RealTimeReflectionCapture:1]]
[2022.11.08-07.01.50:554][  0]LogConfig: Applying CVar settings from Section [FoliageQuality@3] File [C:/Users/Anastasia/Documents/Unreal Projects/UE_Course_HW2/Saved/Config/Windows/Scalability.ini]
[2022.11.08-07.01.50:554][  0]LogConfig: Setting CVar [[foliage.DensityScale:1.0]]
[2022.11.08-07.01.50:554][  0]LogConfig: Setting CVar [[grass.DensityScale:1.0]]
[2022.11.08-07.01.50:554][  0]LogConfig: Applying CVar settings from Section [ShadingQuality@3] File [C:/Users/Anastasia/Documents/Unreal Projects/UE_Course_HW2/Saved/Config/Windows/Scalability.ini]
[2022.11.08-07.01.50:554][  0]LogConfig: Setting CVar [[r.HairStrands.SkyLighting.IntegrationType:2]]
[2022.11.08-07.01.50:554][  0]LogConfig: Setting CVar [[r.HairStrands.SkyAO.SampleCount:4]]
[2022.11.08-07.01.50:554][  0]LogConfig: Setting CVar [[r.HairStrands.Visibility.MSAA.SamplePerPixel:4]]
[2022.11.08-07.01.50:554][  0]LogInit: Selected Device Profile: [Windows]
[2022.11.08-07.01.50:554][  0]LogInit: Applying CVar settings loaded from the selected device profile: [Windows]
[2022.11.08-07.01.50:554][  0]LogHAL: Display: Platform has ~ 16 GB [16859586560 / 17179869184 / 16], which maps to Larger [LargestMinGB=32, LargerMinGB=12, DefaultMinGB=8, SmallerMinGB=6, SmallestMinGB=0)
[2022.11.08-07.01.50:554][  0]LogInit: Going up to parent DeviceProfile []
[2022.11.08-07.01.50:554][  0]LogConfig: Applying CVar settings from Section [ViewDistanceQuality@3] File [C:/Users/Anastasia/Documents/Unreal Projects/UE_Course_HW2/Saved/Config/Windows/Scalability.ini]
[2022.11.08-07.01.50:554][  0]LogConfig: Setting CVar [[r.SkeletalMeshLODBias:0]]
[2022.11.08-07.01.50:554][  0]LogConfig: Setting CVar [[r.ViewDistanceScale:1.0]]
[2022.11.08-07.01.50:554][  0]LogConfig: Applying CVar settings from Section [AntiAliasingQuality@3] File [C:/Users/Anastasia/Documents/Unreal Projects/UE_Course_HW2/Saved/Config/Windows/Scalability.ini]
[2022.11.08-07.01.50:554][  0]LogConfig: Setting CVar [[r.PostProcessAAQuality:4]]
[2022.11.08-07.01.50:554][  0]LogConfig: Applying CVar settings from Section [ShadowQuality@3] File [C:/Users/Anastasia/Documents/Unreal Projects/UE_Course_HW2/Saved/Config/Windows/Scalability.ini]
[2022.11.08-07.01.50:554][  0]LogConfig: Setting CVar [[r.LightFunctionQuality:1]]
[2022.11.08-07.01.50:554][  0]LogConfig: Setting CVar [[r.ShadowQuality:5]]
[2022.11.08-07.01.50:554][  0]LogConfig: Setting CVar [[r.Shadow.CSM.MaxCascades:10]]
[2022.11.08-07.01.50:554][  0]LogConfig: Setting CVar [[r.Shadow.MaxResolution:2048]]
[2022.11.08-07.01.50:554][  0]LogConfig: Setting CVar [[r.Shadow.MaxCSMResolution:2048]]
[2022.11.08-07.01.50:554][  0]LogConfig: Setting CVar [[r.Shadow.RadiusThreshold:0.01]]
[2022.11.08-07.01.50:554][  0]LogConfig: Setting CVar [[r.Shadow.DistanceScale:1.0]]
[2022.11.08-07.01.50:554][  0]LogConfig: Setting CVar [[r.Shadow.CSM.TransitionScale:1.0]]
[2022.11.08-07.01.50:554][  0]LogConfig: Setting CVar [[r.Shadow.PreShadowResolutionFactor:1.0]]
[2022.11.08-07.01.50:554][  0]LogConfig: Setting CVar [[r.DistanceFieldShadowing:1]]
[2022.11.08-07.01.50:554][  0]LogConfig: Setting CVar [[r.DistanceFieldAO:1]]
[2022.11.08-07.01.50:554][  0]LogConfig: Setting CVar [[r.AOQuality:2]]
[2022.11.08-07.01.50:554][  0]LogConfig: Setting CVar [[r.VolumetricFog:1]]
[2022.11.08-07.01.50:554][  0]LogConfig: Setting CVar [[r.VolumetricFog.GridPixelSize:8]]
[2022.11.08-07.01.50:555][  0]LogConfig: Setting CVar [[r.VolumetricFog.GridSizeZ:128]]
[2022.11.08-07.01.50:555][  0]LogConfig: Setting CVar [[r.VolumetricFog.HistoryMissSupersampleCount:4]]
[2022.11.08-07.01.50:555][  0]LogConfig: Setting CVar [[r.LightMaxDrawDistanceScale:1]]
[2022.11.08-07.01.50:555][  0]LogConfig: Setting CVar [[r.CapsuleShadows:1]]
[2022.11.08-07.01.50:555][  0]LogConfig: Applying CVar settings from Section [PostProcessQuality@3] File [C:/Users/Anastasia/Documents/Unreal Projects/UE_Course_HW2/Saved/Config/Windows/Scalability.ini]
[2022.11.08-07.01.50:555][  0]LogConfig: Setting CVar [[r.MotionBlurQuality:4]]
[2022.11.08-07.01.50:555][  0]LogConfig: Setting CVar [[r.AmbientOcclusionMipLevelFactor:0.4]]
[2022.11.08-07.01.50:555][  0]LogConfig: Setting CVar [[r.AmbientOcclusionMaxQuality:100]]
[2022.11.08-07.01.50:555][  0]LogConfig: Setting CVar [[r.AmbientOcclusionLevels:-1]]
[2022.11.08-07.01.50:555][  0]LogConfig: Setting CVar [[r.AmbientOcclusionRadiusScale:1.0]]
[2022.11.08-07.01.50:555][  0]LogConfig: Setting CVar [[r.DepthOfFieldQuality:2]]
[2022.11.08-07.01.50:555][  0]LogConfig: Setting CVar [[r.RenderTargetPoolMin:400]]
[2022.11.08-07.01.50:555][  0]LogConfig: Setting CVar [[r.LensFlareQuality:2]]
[2022.11.08-07.01.50:555][  0]LogConfig: Setting CVar [[r.SceneColorFringeQuality:1]]
[2022.11.08-07.01.50:555][  0]LogConfig: Setting CVar [[r.EyeAdaptationQuality:2]]
[2022.11.08-07.01.50:555][  0]LogConfig: Setting CVar [[r.BloomQuality:5]]
[2022.11.08-07.01.50:555][  0]LogConfig: Setting CVar [[r.FastBlurThreshold:100]]
[2022.11.08-07.01.50:555][  0]LogConfig: Setting CVar [[r.Upscale.Quality:3]]
[2022.11.08-07.01.50:555][  0]LogConfig: Setting CVar [[r.Tonemapper.GrainQuantization:1]]
[2022.11.08-07.01.50:555][  0]LogConfig: Setting CVar [[r.LightShaftQuality:1]]
[2022.11.08-07.01.50:555][  0]LogConfig: Setting CVar [[r.Filter.SizeScale:1]]
[2022.11.08-07.01.50:555][  0]LogConfig: Setting CVar [[r.Tonemapper.Quality:5]]
[2022.11.08-07.01.50:555][  0]LogConfig: Setting CVar [[r.DOF.Gather.AccumulatorQuality:1        ; higher gathering accumulator quality]]
[2022.11.08-07.01.50:555][  0]LogConfig: Setting CVar [[r.DOF.Gather.PostfilterMethod:1          ; Median3x3 postfilering method]]
[2022.11.08-07.01.50:555][  0]LogConfig: Setting CVar [[r.DOF.Gather.EnableBokehSettings:0       ; no bokeh simulation when gathering]]
[2022.11.08-07.01.50:555][  0]LogConfig: Setting CVar [[r.DOF.Gather.RingCount:4                 ; medium number of samples when gathering]]
[2022.11.08-07.01.50:555][  0]LogConfig: Setting CVar [[r.DOF.Scatter.ForegroundCompositing:1    ; additive foreground scattering]]
[2022.11.08-07.01.50:555][  0]LogConfig: Setting CVar [[r.DOF.Scatter.BackgroundCompositing:2    ; additive background scattering]]
[2022.11.08-07.01.50:555][  0]LogConfig: Setting CVar [[r.DOF.Scatter.EnableBokehSettings:1      ; bokeh simulation when scattering]]
[2022.11.08-07.01.50:555][  0]LogConfig: Setting CVar [[r.DOF.Scatter.MaxSpriteRatio:0.1         ; only a maximum of 10% of scattered bokeh]]
[2022.11.08-07.01.50:555][  0]LogConfig: Setting CVar [[r.DOF.Recombine.Quality:1                ; cheap slight out of focus]]
[2022.11.08-07.01.50:555][  0]LogConfig: Setting CVar [[r.DOF.Recombine.EnableBokehSettings:0    ; no bokeh simulation on slight out of focus]]
[2022.11.08-07.01.50:555][  0]LogConfig: Setting CVar [[r.DOF.TemporalAAQuality:1                ; more stable temporal accumulation]]
[2022.11.08-07.01.50:555][  0]LogConfig: Setting CVar [[r.DOF.Kernel.MaxForegroundRadius:0.025]]
[2022.11.08-07.01.50:555][  0]LogConfig: Setting CVar [[r.DOF.Kernel.MaxBackgroundRadius:0.025]]
[2022.11.08-07.01.50:555][  0]LogConfig: Applying CVar settings from Section [TextureQuality@3] File [C:/Users/Anastasia/Documents/Unreal Projects/UE_Course_HW2/Saved/Config/Windows/Scalability.ini]
[2022.11.08-07.01.50:555][  0]LogConfig: Setting CVar [[r.Streaming.MipBias:0]]
[2022.11.08-07.01.50:555][  0]LogConfig: Setting CVar [[r.Streaming.AmortizeCPUToGPUCopy:0]]
[2022.11.08-07.01.50:555][  0]LogConfig: Setting CVar [[r.Streaming.MaxNumTexturesToStreamPerFrame:0]]
[2022.11.08-07.01.50:555][  0]LogConfig: Setting CVar [[r.Streaming.Boost:1]]
[2022.11.08-07.01.50:555][  0]LogConfig: Setting CVar [[r.MaxAnisotropy:8]]
[2022.11.08-07.01.50:555][  0]LogConfig: Setting CVar [[r.VT.MaxAnisotropy:8]]
[2022.11.08-07.01.50:555][  0]LogConfig: Setting CVar [[r.Streaming.LimitPoolSizeToVRAM:0]]
[2022.11.08-07.01.50:555][  0]LogConfig: Setting CVar [[r.Streaming.PoolSize:1000]]
[2022.11.08-07.01.50:555][  0]LogConfig: Setting CVar [[r.Streaming.MaxEffectiveScreenSize:0]]
[2022.11.08-07.01.50:555][  0]LogConfig: Applying CVar settings from Section [EffectsQuality@3] File [C:/Users/Anastasia/Documents/Unreal Projects/UE_Course_HW2/Saved/Config/Windows/Scalability.ini]
[2022.11.08-07.01.50:555][  0]LogConfig: Setting CVar [[r.TranslucencyLightingVolumeDim:64]]
[2022.11.08-07.01.50:555][  0]LogConfig: Setting CVar [[r.RefractionQuality:2]]
[2022.11.08-07.01.50:555][  0]LogConfig: Setting CVar [[r.SSR.Quality:3]]
[2022.11.08-07.01.50:555][  0]LogConfig: Setting CVar [[r.SSR.HalfResSceneColor:0]]
[2022.11.08-07.01.50:555][  0]LogConfig: Setting CVar [[r.SceneColorFormat:4]]
[2022.11.08-07.01.50:555][  0]LogConfig: Setting CVar [[r.DetailMode:2]]
[2022.11.08-07.01.50:556][  0]LogConfig: Setting CVar [[r.TranslucencyVolumeBlur:1]]
[2022.11.08-07.01.50:556][  0]LogConfig: Setting CVar [[r.MaterialQualityLevel:1 ; High quality]]
[2022.11.08-07.01.50:556][  0]LogConfig: Setting CVar [[r.AnisotropicMaterials:1]]
[2022.11.08-07.01.50:556][  0]LogConfig: Setting CVar [[r.SSS.Scale:1]]
[2022.11.08-07.01.50:556][  0]LogConfig: Setting CVar [[r.SSS.SampleSet:2]]
[2022.11.08-07.01.50:556][  0]LogConfig: Setting CVar [[r.SSS.Quality:1]]
[2022.11.08-07.01.50:556][  0]LogConfig: Setting CVar [[r.SSS.HalfRes:0]]
[2022.11.08-07.01.50:556][  0]LogConfig: Setting CVar [[r.SSGI.Quality:3]]
[2022.11.08-07.01.50:556][  0]LogConfig: Setting CVar [[r.EmitterSpawnRateScale:1.0]]
[2022.11.08-07.01.50:556][  0]LogConfig: Setting CVar [[r.ParticleLightQuality:2]]
[2022.11.08-07.01.50:556][  0]LogConfig: Setting CVar [[r.SkyAtmosphere.AerialPerspectiveLUT.FastApplyOnOpaque:1 ; Always have FastSkyLUT 1 in this case to avoid wrong sky]]
[2022.11.08-07.01.50:556][  0]LogConfig: Setting CVar [[r.SkyAtmosphere.AerialPerspectiveLUT.SampleCountMaxPerSlice:4]]
[2022.11.08-07.01.50:556][  0]LogConfig: Setting CVar [[r.SkyAtmosphere.AerialPerspectiveLUT.DepthResolution:16.0]]
[2022.11.08-07.01.50:556][  0]LogConfig: Setting CVar [[r.SkyAtmosphere.FastSkyLUT:1]]
[2022.11.08-07.01.50:556][  0]LogConfig: Setting CVar [[r.SkyAtmosphere.FastSkyLUT.SampleCountMin:4.0]]
[2022.11.08-07.01.50:556][  0]LogConfig: Setting CVar [[r.SkyAtmosphere.FastSkyLUT.SampleCountMax:128.0]]
[2022.11.08-07.01.50:556][  0]LogConfig: Setting CVar [[r.SkyAtmosphere.SampleCountMin:4.0]]
[2022.11.08-07.01.50:556][  0]LogConfig: Setting CVar [[r.SkyAtmosphere.SampleCountMax:128.0]]
[2022.11.08-07.01.50:556][  0]LogConfig: Setting CVar [[r.SkyAtmosphere.TransmittanceLUT.UseSmallFormat:0]]
[2022.11.08-07.01.50:556][  0]LogConfig: Setting CVar [[r.SkyAtmosphere.TransmittanceLUT.SampleCount:10.0]]
[2022.11.08-07.01.50:556][  0]LogConfig: Setting CVar [[r.SkyAtmosphere.MultiScatteringLUT.SampleCount:15.0]]
[2022.11.08-07.01.50:556][  0]LogConfig: Setting CVar [[r.SkyLight.RealTimeReflectionCapture:1]]
[2022.11.08-07.01.50:556][  0]LogConfig: Applying CVar settings from Section [FoliageQuality@3] File [C:/Users/Anastasia/Documents/Unreal Projects/UE_Course_HW2/Saved/Config/Windows/Scalability.ini]
[2022.11.08-07.01.50:556][  0]LogConfig: Setting CVar [[foliage.DensityScale:1.0]]
[2022.11.08-07.01.50:556][  0]LogConfig: Setting CVar [[grass.DensityScale:1.0]]
[2022.11.08-07.01.50:556][  0]LogConfig: Applying CVar settings from Section [ShadingQuality@3] File [C:/Users/Anastasia/Documents/Unreal Projects/UE_Course_HW2/Saved/Config/Windows/Scalability.ini]
[2022.11.08-07.01.50:556][  0]LogConfig: Setting CVar [[r.HairStrands.SkyLighting.IntegrationType:2]]
[2022.11.08-07.01.50:556][  0]LogConfig: Setting CVar [[r.HairStrands.SkyAO.SampleCount:4]]
[2022.11.08-07.01.50:556][  0]LogConfig: Setting CVar [[r.HairStrands.Visibility.MSAA.SamplePerPixel:4]]
[2022.11.08-07.01.50:556][  0]LogConfig: Applying CVar settings from Section [Startup] File [../../../Engine/Config/ConsoleVariables.ini]
[2022.11.08-07.01.50:557][  0]LogConfig: Setting CVar [[net.UseAdaptiveNetUpdateFrequency:0]]
[2022.11.08-07.01.50:557][  0]LogConfig: Setting CVar [[p.chaos.AllowCreatePhysxBodies:1]]
[2022.11.08-07.01.50:557][  0]LogConfig: Setting CVar [[fx.SkipVectorVMBackendOptimizations:1]]
[2022.11.08-07.01.50:557][  0]LogConfig: Applying CVar settings from Section [ConsoleVariables] File [C:/Users/Anastasia/Documents/Unreal Projects/UE_Course_HW2/Saved/Config/Windows/Engine.ini]
[2022.11.08-07.01.50:557][  0]LogConfig: Applying CVar settings from Section [ConsoleVariables] File [C:/Users/Anastasia/Documents/Unreal Projects/UE_Course_HW2/Saved/Config/Windows/Editor.ini]
[2022.11.08-07.01.50:557][  0]LogInit: Computer: DESKTOP-69AEL7H
[2022.11.08-07.01.50:557][  0]LogInit: User: Anastasia
[2022.11.08-07.01.50:557][  0]LogInit: CPU Page size=4096, Cores=4
[2022.11.08-07.01.50:557][  0]LogInit: High frequency timer resolution =10.000000 MHz
[2022.11.08-07.01.50:557][  0]LogMemory: Memory total: Physical=15.7GB (16GB approx)
[2022.11.08-07.01.50:557][  0]LogMemory: Platform Memory Stats for Windows
[2022.11.08-07.01.50:557][  0]LogMemory: Process Physical Memory: 139.28 MB used, 139.29 MB peak
[2022.11.08-07.01.50:557][  0]LogMemory: Process Virtual Memory: 111.41 MB used, 111.41 MB peak
[2022.11.08-07.01.50:557][  0]LogMemory: Physical Memory: 11820.83 MB used,  4257.72 MB free, 16078.55 MB total
[2022.11.08-07.01.50:557][  0]LogMemory: Virtual Memory: 134213360.00 MB used,  4366.94 MB free, 134217728.00 MB total
[2022.11.08-07.01.50:563][  0]LogWindows: WindowsPlatformFeatures enabled
[2022.11.08-07.01.50:583][  0]LogInit: Physics initialised using underlying interface: PhysX
[2022.11.08-07.01.50:584][  0]LogInit: Using OS detected language (en-US).
[2022.11.08-07.01.50:584][  0]LogInit: Using OS detected locale (en-US).
[2022.11.08-07.01.50:588][  0]LogTextLocalizationManager: No specific localization for 'en-US' exists, so the 'en' localization will be used.
[2022.11.08-07.01.50:807][  0]LogInit: Setting process to per monitor DPI aware
[2022.11.08-07.01.50:820][  0]LogWindowsTextInputMethodSystem: Display: IME system deactivated.
[2022.11.08-07.01.50:837][  0]LogSlate: New Slate User Created.  User Index 0, Is Virtual User: 0
[2022.11.08-07.01.50:837][  0]LogSlate: Slate User Registered.  User Index 0, Is Virtual User: 0
[2022.11.08-07.01.50:979][  0]LogD3D11RHI: Loaded GFSDK_Aftermath_Lib.x64.dll
[2022.11.08-07.01.50:983][  0]LogHMD: Failed to initialize OpenVR with code 110
[2022.11.08-07.01.50:983][  0]LogD3D11RHI: D3D11 min allowed feature level: 11_0
[2022.11.08-07.01.50:983][  0]LogD3D11RHI: D3D11 max allowed feature level: 11_0
[2022.11.08-07.01.50:983][  0]LogD3D11RHI: D3D11 adapters:
[2022.11.08-07.01.51:151][  0]LogD3D11RHI:    0. 'Intel(R) Iris(R) Xe Graphics' (Feature Level 11_0)
[2022.11.08-07.01.51:152][  0]LogD3D11RHI:       128/0/8039 MB DedicatedVideo/DedicatedSystem/SharedSystem, Outputs:1, VendorId:0x8086
[2022.11.08-07.01.51:154][  0]LogD3D11RHI:    1. 'Microsoft Basic Render Driver' (Feature Level 11_0)
[2022.11.08-07.01.51:154][  0]LogD3D11RHI:       0/0/8039 MB DedicatedVideo/DedicatedSystem/SharedSystem, Outputs:0, VendorId:0x1414
[2022.11.08-07.01.51:154][  0]LogD3D11RHI: Chosen D3D11 Adapter:
[2022.11.08-07.01.51:154][  0]LogD3D11RHI:     Description : Intel(R) Iris(R) Xe Graphics
[2022.11.08-07.01.51:154][  0]LogD3D11RHI:     VendorId    : 8086
[2022.11.08-07.01.51:154][  0]LogD3D11RHI:     DeviceId    : 9a49
[2022.11.08-07.01.51:154][  0]LogD3D11RHI:     SubSysId    : 15cc1043
[2022.11.08-07.01.51:155][  0]LogD3D11RHI:     Revision    : 0001
[2022.11.08-07.01.51:155][  0]LogD3D11RHI:     DedicatedVideoMemory : 134217728 bytes
[2022.11.08-07.01.51:155][  0]LogD3D11RHI:     DedicatedSystemMemory : 0 bytes
[2022.11.08-07.01.51:155][  0]LogD3D11RHI:     SharedSystemMemory : 8429793280 bytes
[2022.11.08-07.01.51:155][  0]LogD3D11RHI:     AdapterLuid : 0 62433
[2022.11.08-07.01.51:160][  0]LogD3D11RHI: Creating new Direct3DDevice
[2022.11.08-07.01.51:160][  0]LogD3D11RHI:     GPU DeviceId: 0x9a49 (for the marketing name, search the web for "GPU Device Id")
[2022.11.08-07.01.51:160][  0]LogWindows: EnumDisplayDevices:
[2022.11.08-07.01.51:161][  0]LogWindows:    0. 'Intel(R) Iris(R) Xe Graphics' (P:1 D:1)
[2022.11.08-07.01.51:161][  0]LogWindows:    1. 'Intel(R) Iris(R) Xe Graphics' (P:0 D:0)
[2022.11.08-07.01.51:161][  0]LogWindows:    2. 'Intel(R) Iris(R) Xe Graphics' (P:0 D:0)
[2022.11.08-07.01.51:161][  0]LogWindows:    3. 'Intel(R) Iris(R) Xe Graphics' (P:0 D:0)
[2022.11.08-07.01.51:161][  0]LogWindows: DebugString: FoundDriverCount:4 
[2022.11.08-07.01.51:161][  0]LogD3D11RHI:     Adapter Name: Intel(R) Iris(R) Xe Graphics
[2022.11.08-07.01.51:161][  0]LogD3D11RHI:   Driver Version: 27.20.100.9268 (internal:27.20.100.9268, unified:27.20.100.9268)
[2022.11.08-07.01.51:161][  0]LogD3D11RHI:      Driver Date: 2-5-2021
[2022.11.08-07.01.51:161][  0]LogRHI: Texture pool is 1523 MB (70% of 2176 MB)
[2022.11.08-07.01.51:172][  0]LogD3D11RHI: Creating D3DDevice using adapter:
[2022.11.08-07.01.51:172][  0]LogD3D11RHI:     Description : Intel(R) Iris(R) Xe Graphics
[2022.11.08-07.01.51:172][  0]LogD3D11RHI:     VendorId    : 8086
[2022.11.08-07.01.51:172][  0]LogD3D11RHI:     DeviceId    : 9a49
[2022.11.08-07.01.51:172][  0]LogD3D11RHI:     SubSysId    : 15cc1043
[2022.11.08-07.01.51:172][  0]LogD3D11RHI:     Revision    : 0001
[2022.11.08-07.01.51:172][  0]LogD3D11RHI:     DedicatedVideoMemory : 134217728 bytes
[2022.11.08-07.01.51:172][  0]LogD3D11RHI:     DedicatedSystemMemory : 0 bytes
[2022.11.08-07.01.51:172][  0]LogD3D11RHI:     SharedSystemMemory : 8429793280 bytes
[2022.11.08-07.01.51:172][  0]LogD3D11RHI:     AdapterLuid : 0 62433
[2022.11.08-07.01.51:296][  0]LogD3D11RHI: RHI does not have support for 64 bit atomics
[2022.11.08-07.01.51:306][  0]LogD3D11RHI: Intel Extensions support version Full=16777216, Major=1, Minor=0, Revision=0
[2022.11.08-07.01.51:306][  0]LogD3D11RHI: Intel Extensions support version Full=16777217, Major=1, Minor=0, Revision=1
[2022.11.08-07.01.51:307][  0]LogD3D11RHI: Intel Extensions Framework enabled
[2022.11.08-07.01.51:307][  0]LogD3D11RHI: [IntelMetricsDiscovery] Started
[2022.11.08-07.01.51:307][  0]LogD3D11RHI: Async texture creation enabled
[2022.11.08-07.01.51:307][  0]LogD3D11RHI: Array index from any shader is supported
[2022.11.08-07.01.51:332][  0]LogD3D11RHI: GPU Timing Frequency: 19.200000 (Debug: 2 0)
[2022.11.08-07.01.51:697][  0]LogTargetPlatformManager: Display: Loaded TargetPlatform 'AllDesktop'
[2022.11.08-07.01.51:728][  0]LogTargetPlatformManager: Display: Loaded TargetPlatform 'Android'
[2022.11.08-07.01.51:728][  0]LogTargetPlatformManager: Display: Loaded TargetPlatform 'Android_ASTC'
[2022.11.08-07.01.51:728][  0]LogTargetPlatformManager: Display: Loaded TargetPlatform 'Android_DXT'
[2022.11.08-07.01.51:728][  0]LogTargetPlatformManager: Display: Loaded TargetPlatform 'Android_ETC2'
[2022.11.08-07.01.51:728][  0]LogTargetPlatformManager: Display: Loaded TargetPlatform 'AndroidClient'
[2022.11.08-07.01.51:728][  0]LogTargetPlatformManager: Display: Loaded TargetPlatform 'Android_ASTCClient'
[2022.11.08-07.01.51:728][  0]LogTargetPlatformManager: Display: Loaded TargetPlatform 'Android_DXTClient'
[2022.11.08-07.01.51:728][  0]LogTargetPlatformManager: Display: Loaded TargetPlatform 'Android_ETC2Client'
[2022.11.08-07.01.51:728][  0]LogTargetPlatformManager: Display: Loaded TargetPlatform 'Android_Multi'
[2022.11.08-07.01.51:728][  0]LogTargetPlatformManager: Display: Loaded TargetPlatform 'Android_MultiClient'
[2022.11.08-07.01.51:754][  0]LogTargetPlatformManager: Display: Loaded TargetPlatform 'IOSClient'
[2022.11.08-07.01.51:754][  0]LogTargetPlatformManager: Display: Loaded TargetPlatform 'IOS'
[2022.11.08-07.01.51:767][  0]LogTargetPlatformManager: Display: Loaded TargetPlatform 'Linux'
[2022.11.08-07.01.51:772][  0]LogTargetPlatformManager: Display: Loaded TargetPlatform 'LinuxNoEditor'
[2022.11.08-07.01.51:777][  0]LogTargetPlatformManager: Display: Loaded TargetPlatform 'LinuxClient'
[2022.11.08-07.01.51:782][  0]LogTargetPlatformManager: Display: Loaded TargetPlatform 'LinuxServer'
[2022.11.08-07.01.51:796][  0]LogTargetPlatformManager: Display: Loaded TargetPlatform 'LinuxAArch64NoEditor'
[2022.11.08-07.01.51:801][  0]LogTargetPlatformManager: Display: Loaded TargetPlatform 'LinuxAArch64Client'
[2022.11.08-07.01.51:806][  0]LogTargetPlatformManager: Display: Loaded TargetPlatform 'LinuxAArch64Server'
[2022.11.08-07.01.51:841][  0]LogTargetPlatformManager: Display: Loaded TargetPlatform 'Lumin'
[2022.11.08-07.01.51:841][  0]LogTargetPlatformManager: Display: Loaded TargetPlatform 'LuminClient'
[2022.11.08-07.01.51:852][  0]LogTargetPlatformManager: Display: Loaded TargetPlatform 'MacNoEditor'
[2022.11.08-07.01.51:856][  0]LogTargetPlatformManager: Display: Loaded TargetPlatform 'Mac'
[2022.11.08-07.01.51:861][  0]LogTargetPlatformManager: Display: Loaded TargetPlatform 'MacClient'
[2022.11.08-07.01.51:865][  0]LogTargetPlatformManager: Display: Loaded TargetPlatform 'MacServer'
[2022.11.08-07.01.51:882][  0]LogTargetPlatformManager: Display: Loaded TargetPlatform 'TVOSClient'
[2022.11.08-07.01.51:882][  0]LogTargetPlatformManager: Display: Loaded TargetPlatform 'TVOS'
[2022.11.08-07.01.51:894][  0]LogTargetPlatformManager: Display: Loaded TargetPlatform 'WindowsNoEditor'
[2022.11.08-07.01.51:900][  0]LogTargetPlatformManager: Display: Loaded TargetPlatform 'Windows'
[2022.11.08-07.01.51:904][  0]LogTargetPlatformManager: Display: Loaded TargetPlatform 'WindowsClient'
[2022.11.08-07.01.51:909][  0]LogTargetPlatformManager: Display: Loaded TargetPlatform 'WindowsServer'
[2022.11.08-07.01.51:909][  0]LogTargetPlatformManager: Display: Building Assets For Windows
[2022.11.08-07.01.51:916][  0]LogAudioDebug: Display: Lib vorbis DLL was dynamically loaded.
[2022.11.08-07.01.51:947][  0]LogTextureFormatOodle: Display: Oodle Texture 2.9.0 init RDO Off
[2022.11.08-07.01.51:980][  0]LogRendererCore: Ray tracing is disabled. Reason: r.RayTracing=0.
[2022.11.08-07.01.51:980][  0]LogShaderCompilers: Guid format shader working directory is -24 characters bigger than the processId version (../../../../../../Users/Anastasia/Documents/Unreal Projects/UE_Course_HW2/Intermediate/Shaders/WorkingDirectory/18144/).
[2022.11.08-07.01.51:980][  0]LogShaderCompilers: Cleaned the shader compiler working directory 'C:/Users/Anastasia/AppData/Local/Temp/UnrealShaderWorkingDir/4FE8A98E4934FFB3084394816F13218E/'.
[2022.11.08-07.01.51:980][  0]LogXGEController: Cannot use XGE Controller as Incredibuild is not installed on this machine.
[2022.11.08-07.01.51:980][  0]LogShaderCompilers: Cannot use XGE Shader Compiler as Incredibuild is not installed on this machine.
[2022.11.08-07.01.51:980][  0]LogShaderCompilers: Display: Using Local Shader Compiler.
[2022.11.08-07.01.52:834][  0]LogDerivedDataCache: Display: Max Cache Size: 512 MB
[2022.11.08-07.01.52:902][  0]LogDerivedDataCache: Loaded boot cache 0.07s 103MB C:/Users/Anastasia/AppData/Local/UnrealEngine/4.27/DerivedDataCache/Boot.ddc.
[2022.11.08-07.01.52:903][  0]LogDerivedDataCache: Display: Loaded Boot cache: C:/Users/Anastasia/AppData/Local/UnrealEngine/4.27/DerivedDataCache/Boot.ddc
[2022.11.08-07.01.52:903][  0]LogDerivedDataCache: FDerivedDataBackendGraph:  Pak pak cache file ../../../../../../Users/Anastasia/Documents/Unreal Projects/UE_Course_HW2/DerivedDataCache/DDC.ddp not found, will not use a pak cache.
[2022.11.08-07.01.52:903][  0]LogDerivedDataCache: Unable to find inner node Pak for hierarchical cache Hierarchy.
[2022.11.08-07.01.52:903][  0]LogDerivedDataCache: FDerivedDataBackendGraph:  CompressedPak pak cache file ../../../../../../Users/Anastasia/Documents/Unreal Projects/UE_Course_HW2/DerivedDataCache/Compressed.ddp not found, will not use a pak cache.
[2022.11.08-07.01.52:903][  0]LogDerivedDataCache: Unable to find inner node CompressedPak for hierarchical cache Hierarchy.
[2022.11.08-07.01.52:924][  0]LogDerivedDataCache: Display: Pak cache opened for reading ../../../Engine/DerivedDataCache/Compressed.ddp.
[2022.11.08-07.01.52:924][  0]LogDerivedDataCache: FDerivedDataBackendGraph:  EnterprisePak pak cache file ../../../Enterprise/DerivedDataCache/Compressed.ddp not found, will not use a pak cache.
[2022.11.08-07.01.52:924][  0]LogDerivedDataCache: Unable to find inner node EnterprisePak for hierarchical cache Hierarchy.
[2022.11.08-07.01.52:936][  0]LogDerivedDataCache: Speed tests for C:/Users/Anastasia/AppData/Local/UnrealEngine/Common/DerivedDataCache took 0.01 seconds
[2022.11.08-07.01.52:936][  0]LogDerivedDataCache: Display: Performance to C:/Users/Anastasia/AppData/Local/UnrealEngine/Common/DerivedDataCache: Latency=0.02ms. RandomReadSpeed=152.36MBs, RandomWriteSpeed=171.06MBs. Assigned SpeedClass 'Local'
[2022.11.08-07.01.52:937][  0]LogDerivedDataCache: Using Local data cache path C:/Users/Anastasia/AppData/Local/UnrealEngine/Common/DerivedDataCache: Writable
[2022.11.08-07.01.52:937][  0]LogDerivedDataCache: Shared data cache path not found in *engine.ini, will not use an Shared cache.
[2022.11.08-07.01.52:937][  0]LogDerivedDataCache: Unable to find inner node Shared for hierarchical cache Hierarchy.
[2022.11.08-07.01.52:990][  0]LogSlate: Using FreeType 2.10.0
[2022.11.08-07.01.52:991][  0]LogSlate: SlateFontServices - WITH_FREETYPE: 1, WITH_HARFBUZZ: 1
[2022.11.08-07.01.53:023][  0]LogAssetRegistry: FAssetRegistry took 0.0044 seconds to start up
[2022.11.08-07.01.53:317][  0]LogInit: Selected Device Profile: [Windows]
[2022.11.08-07.01.53:317][  0]LogInit: Active device profile: [0000016AED00ED00][0000016AE1871840 49] Windows
[2022.11.08-07.01.53:317][  0]LogInit: Profiles: [0000016AED00ED00][0000016AE1871840 49] Windows, [0000016AECFA5D00][0000016AE186D9C0 49] WindowsNoEditor, [0000016AED00FC00][0000016AE1869B40 49] WindowsServer, [0000016AECFA6A00][0000016AE4EF4140 49] WindowsClient, [0000016AED00D800][0000016AE4EF82C0 49] IOS, [0000016AECFA5300][0000016AE4EFC440 49] iPadAir, [0000016AED00E500][0000016AE4F005C0 49] iPadAir2, [0000016AECF4D300][0000016AE4F08880 49] IPadPro, [0000016AECF4D400][0000016AE4F048C0 49] iPadAir3, [0000016AECFA7A00][0000016AE1874A00 49] iPadAir4, [0000016AECF4E100][0000016AE1884B40 49] iPadMini2, [0000016AECFA6F00][0000016AE655AC80 49] iPadMini3, [0000016AECF4EC00][0000016AE0AB0DC0 49] iPadMini4, [0000016AECFA5E00][0000016AE4CC2F40 49] iPadMini5, [0000016AECF70C00][0000016AE4CCB200 49] iPhone6, [0000016AECF70D00][0000016AE4CC7240 49] iPodTouch6, [0000016AED00DB00][0000016AE4CD3500 49] iPhone7, [0000016AED00DA00][0000016AE4CCF540 49] iPodTouch7, [0000016AECF4D100][0000016AE4CD76C0 49] iPhone5S, [0000016AECF4C800][0000016AE4CDB840 49] iPhone6Plus, [0000016AECF73E00][0000016AE4CDF9C0 49] iPhone6S, [0000016AECF4CD00][0000016AE0AB5B40 49] iPhone6SPlus, [0000016AECF73700][0000016AE0AB8140 49] iPhone7Plus, [0000016AECF4EE00][0000016AE0ABC2C0 49] iPhoneSE, [0000016AECF72200][0000016AE0AC0440 49] iPhone8, [0000016AECF4DB00][0000016AE0AC45C0 49] iPhone8Plus, [0000016AECF72900][0000016AE0AC8740 49] iPhoneX, [0000016AECF4E500][0000016AE0ACC8C0 49] iPhoneXS, [0000016AECF70F00][0000016AE0AD0A40 49] iPhoneXSMax, [0000016AED00F500][0000016AE4F0CB80 49] iPhoneXR, [0000016AECF73F00][0000016AE0AD4CC0 49] iPhone11, [0000016AED00E200][0000016AE0AD8E00 49] iPhone11Pro, [0000016AECF73400][0000016AE4E76F40 49] iPhone11ProMax, [0000016AED00C100][0000016AE4E7F0C0 49] iPhoneSE2, [0000016AECF72E00][0000016AE4E83240 49] iPhone12Mini, [0000016AED00FB00][0000016AE4E873C0 49] iPhone12, [0000016AECF73000][0000016AE4E8B540 49] iPhone12Pro, [0000016AED00C900][0000016AE4E8F6C0 49] iPhone12ProMax, [0000016AECF70800][0000016AE4E93840 49] iPadPro105, [0000016AED00C500][0000016AE4E979C0 49] iPadPro129, [0000016AECF70700][0000016AE4E9BB40 49] iPadPro97, [0000016AED00FF00][0000016AE4E9E140 49] iPadPro2_129, [0000016AECF71800][0000016AE4EA22C0 49] iPad5, [0000016AED00F600][0000016AE4EA6440 49] iPad6, [0000016AECF71000][0000016AE4EAA5C0 49] iPad7, [0000016AED00DF00][0000016AE4EAE740 49] iPad8, [0000016AECF73900][0000016AEC0828C0 49] iPadPro11, [0000016AED00CE00][0000016AEC086A40 49] iPadPro2_11, [0000016AECF73500][0000016AEC08ABC0 49] iPadPro3_129, [0000016AED00F400][0000016AEC08ED40 49] iPadPro4_129, [0000016AECF70500][0000016AE4E7AE80 49] AppleTV, [0000016AED00E900][0000016AEC092FC0 49] AppleTV4K, [0000016AECF71700][0000016AEC097100 49] TVOS, [0000016AED00D700][0000016AEC09F280 49] Mac, [0000016AECF70300][0000016AEC0A3400 49] MacClient, [0000016AED00F100][0000016AEC0A7580 49] MacNoEditor, [0000016AECF73B00][0000016AEC0AB700 49] MacServer, [0000016AED00EB00][0000016AEC0AF880 49] Linux, [0000016AECF71500][0000016AEC0B3A00 49] LinuxAArch64, [0000016AED00CA00][0000016AEC0B7B80 49] LinuxNoEditor, [0000016AECF70A00][0000016AEC0BA180 49] LinuxAArch64NoEditor, [0000016AED00D500][0000016AEC0BE300 49] LinuxClient, [0000016AECF72F00][0000016AEC0C2480 49] LinuxAArch64Client, [0000016AED00C300][0000016AEC0C6600 49] LinuxServer, [0000016AECF72600][0000016AEC0CA780 49] LinuxAArch64Server, [0000016AED00F700][0000016AEC0CE900 49] Android, [0000016AECF70B00][0000016AEC0D2A80 49] Android_Low, [0000016AED00CB00][0000016AEC0D6C00 49] Android_Mid, [0000016AECF72500][0000016AEC0DAD80 49] Android_High, [0000016AED00E000][0000016AEC0DEF00 49] Android_Default, [0000016AECF71900][0000016AEC09B040 49] Android_Adreno4xx, [0000016AED00C400][0000016AEC0E3180 49] Android_Adreno5xx_Low, [0000016AECF72D00][0000016AEC0E72C0 49] Android_Adreno5xx, [0000016AECF4CC00][0000016AEC0EF440 49] Android_Adreno6xx, [0000016AECFA4300][0000016AEC0F35C0 49] Android_Adreno6xx_Vulkan, [0000016AECF4D800][0000016AEC0F7740 49] Android_Mali_T6xx, [0000016AECFA6500][0000016AEC0FB8C0 49] Android_Mali_T7xx, [0000016AECF4F700][0000016AEC0FFA40 49] Android_Mali_T8xx, [0000016AECFA4600][0000016AEC103BC0 49] Android_Mali_G71, [0000016AECF4F200][0000016AEC1061C0 49] Android_Mali_G72, [0000016AECFA6800][0000016AEC10A340 49] Android_Mali_G72_Vulkan, [0000016AECF4E900][0000016AEC10E4C0 49] Android_Mali_G76, [0000016AECFA7B00][0000016AEC112640 49] Android_Mali_G76_Vulkan, [0000016AECF4E000][0000016AEC1167C0 49] Android_Mali_G77, [0000016AECFA7100][0000016AEC11A940 49] Android_Mali_G77_Vulkan, [0000016AECF4DE00][0000016AEC11EAC0 49] Android_Mali_G78, [0000016AECFA6900][0000016AEC122C40 49] Android_Mali_G78_Vulkan, [0000016AECF4CF00][0000016AEC126DC0 49] Android_Mali_G710, [0000016AECFA6E00][0000016AEC12AF40 49] Android_Mali_G710_Vulkan, [0000016AECF4F100][0000016AEC12F0C0 49] Android_Vulkan_SM5, [0000016AECFA5800][0000016AEC0EB200 49] Android_PowerVR_G6xxx, [0000016AECF4DA00][0000016AEC133340 49] Android_PowerVR_GT7xxx, [0000016AECFA4900][0000016AEC137480 49] Android_PowerVR_GE8xxx, [0000016AECF4DF00][0000016AEC13B5C0 49] Android_PowerVR_GM9xxx, [0000016AECFA5600][0000016AEC143740 49] Android_PowerVR_GM9xxx_Vulkan, [0000016AECF4DD00][0000016AEC1478C0 49] Android_TegraK1, [0000016AECFA4C00][0000016AEC14BA40 49] Android_Unknown_Vulkan, [0000016AECF4D000][0000016AEC5D5BC0 49] Lumin, [0000016AECFA7700][0000016AEC5D81C0 49] Lumin_Desktop, [0000016AECF4F900][0000016AEC5DC340 49] HoloLens, 
[2022.11.08-07.01.53:479][  0]LogMeshReduction: Using QuadricMeshReduction for automatic static mesh reduction
[2022.11.08-07.01.53:479][  0]LogMeshReduction: Using SimplygonMeshReduction for automatic skeletal mesh reduction
[2022.11.08-07.01.53:479][  0]LogMeshReduction: Using ProxyLODMeshReduction for automatic mesh merging
[2022.11.08-07.01.53:479][  0]LogMeshReduction: No distributed automatic mesh merging module available
[2022.11.08-07.01.53:479][  0]LogMeshMerging: No distributed automatic mesh merging module available
[2022.11.08-07.01.53:495][  0]LogNetVersion: UE_Course_HW2 1.0.0, NetCL: 17155196, EngineNetVer: 17, GameNetVer: 0 (Checksum: 1455760978)
[2022.11.08-07.01.53:935][  0]LogTexture: Default maximum texture size for cubemaps generated from long-lat sources has been changed from 512 to unlimited. In order to preserve old behaiour for '/Engine/MapTemplates/Sky/DaylightAmbientCubemap.DaylightAmbientCubemap', its maximum texture size has been explicitly set to 512.
[2022.11.08-07.01.54:051][  0]LogHMD: PokeAHoleMaterial loaded successfully
[2022.11.08-07.01.54:058][  0]LogUObjectArray: 17178 objects as part of root set at end of initial load.
[2022.11.08-07.01.54:058][  0]LogUObjectAllocator: 4302048 out of 0 bytes used by permanent object pool.
[2022.11.08-07.01.54:058][  0]LogUObjectArray: CloseDisregardForGC: 0/0 objects in disregard for GC pool
[2022.11.08-07.01.54:353][  0]LogNiagaraDebuggerClient: Niagara Debugger Client Initialized | Session: E9AFF57A43A1A1AF901DD2AA5664F9FE | Instance: B46E98044779E47475992BAC8EA3E325 (DESKTOP-69AEL7H-18144).
[2022.11.08-07.01.54:486][  0]LogPython: Using Python 3.7.7
[2022.11.08-07.01.55:058][  0]LogTcpMessaging: Initializing TcpMessaging bridge
[2022.11.08-07.01.55:064][  0]LogUdpMessaging: Initializing bridge on interface 0.0.0.0:0 to multicast group 230.0.0.1:6666.
[2022.11.08-07.01.55:117][  0]LogOutputDevice: Warning: 

Script Stack (0 frames):

[2022.11.08-07.01.55:117][  0]LogWindows: Windows GetLastError: The operation completed successfully. (0)
[2022.11.08-07.01.55:833][  0]LogWindows: Error: === Critical error: ===
[2022.11.08-07.01.55:833][  0]LogWindows: Error: 
[2022.11.08-07.01.55:833][  0]LogWindows: Error: Fatal error: [File:D:/Build/++UE4/Sync/Engine/Source/Runtime/CoreUObject/Private/UObject/UObjectGlobals.cpp] [Line: 2609] 
[2022.11.08-07.01.55:833][  0]LogWindows: Error: UObject() constructor called but it's not the object that's currently being constructed with NewObject. Maybe you are trying to construct it on the stack, which is not supported.
[2022.11.08-07.01.55:833][  0]LogWindows: Error: 
[2022.11.08-07.01.55:833][  0]LogWindows: Error: 
[2022.11.08-07.01.55:833][  0]LogWindows: Error: [Callstack] 0x00007ffef04acd29 KERNELBASE.dll!UnknownFunction []
[2022.11.08-07.01.55:833][  0]LogWindows: Error: [Callstack] 0x00007ffe64d10216 UE4Editor-Core.dll!UnknownFunction []
[2022.11.08-07.01.55:833][  0]LogWindows: Error: [Callstack] 0x00007ffe64d14218 UE4Editor-Core.dll!UnknownFunction []
[2022.11.08-07.01.55:833][  0]LogWindows: Error: [Callstack] 0x00007ffe64a3242d UE4Editor-Core.dll!UnknownFunction []
[2022.11.08-07.01.55:833][  0]LogWindows: Error: [Callstack] 0x00007ffea0a34ec3 UE4Editor-CoreUObject.dll!UnknownFunction []
[2022.11.08-07.01.55:833][  0]LogWindows: Error: [Callstack] 0x00007ffe596db6a8 UE4Editor-Engine.dll!UnknownFunction []
[2022.11.08-07.01.55:833][  0]LogWindows: Error: [Callstack] 0x00007ffe3e4926ad UE4Editor-UE_Course_HW2-0367.dll!ARadioParent::ARadioParent() [C:\Users\Anastasia\Documents\Unreal Projects\UE_Course_HW2\Source\UE_Course_HW2\Private\RadioParent.cpp:8]
[2022.11.08-07.01.55:833][  0]LogWindows: Error: [Callstack] 0x00007ffe3e4929a1 UE4Editor-UE_Course_HW2-0367.dll!ASecondRadioChild::ASecondRadioChild() [C:\Users\Anastasia\Documents\Unreal Projects\UE_Course_HW2\Source\UE_Course_HW2\Private\SecondRadioChild.cpp:7]
[2022.11.08-07.01.55:834][  0]LogWindows: Error: [Callstack] 0x00007ffea07661d3 UE4Editor-CoreUObject.dll!UnknownFunction []
[2022.11.08-07.01.55:834][  0]LogWindows: Error: [Callstack] 0x00007ffea0a88faf UE4Editor-CoreUObject.dll!UnknownFunction []
[2022.11.08-07.01.55:834][  0]LogWindows: Error: [Callstack] 0x00007ffea0a65411 UE4Editor-CoreUObject.dll!UnknownFunction []
[2022.11.08-07.01.55:834][  0]LogWindows: Error: [Callstack] 0x00007ffea092ddc5 UE4Editor-CoreUObject.dll!UnknownFunction []
[2022.11.08-07.01.55:834][  0]LogWindows: Error: [Callstack] 0x00007ffe64a71bea UE4Editor-Core.dll!UnknownFunction []
[2022.11.08-07.01.55:834][  0]LogWindows: Error: [Callstack] 0x00007ffe64a915a3 UE4Editor-Core.dll!UnknownFunction []
[2022.11.08-07.01.55:834][  0]LogWindows: Error: [Callstack] 0x00007ffeb6de6433 UE4Editor-Projects.dll!UnknownFunction []
[2022.11.08-07.01.55:834][  0]LogWindows: Error: [Callstack] 0x00007ffeb6de674f UE4Editor-Projects.dll!UnknownFunction []
[2022.11.08-07.01.55:834][  0]LogWindows: Error: [Callstack] 0x00007ff68d465642 UE4Editor.exe!UnknownFunction []
[2022.11.08-07.01.55:834][  0]LogWindows: Error: [Callstack] 0x00007ff68d469000 UE4Editor.exe!UnknownFunction []
[2022.11.08-07.01.55:834][  0]LogWindows: Error: [Callstack] 0x00007ff68d460d2c UE4Editor.exe!UnknownFunction []
[2022.11.08-07.01.55:834][  0]LogWindows: Error: [Callstack] 0x00007ff68d4610ba UE4Editor.exe!UnknownFunction []
[2022.11.08-07.01.55:834][  0]LogWindows: Error: [Callstack] 0x00007ff68d4640dd UE4Editor.exe!UnknownFunction []
[2022.11.08-07.01.55:834][  0]LogWindows: Error: [Callstack] 0x00007ff68d475984 UE4Editor.exe!UnknownFunction []
[2022.11.08-07.01.55:834][  0]LogWindows: Error: [Callstack] 0x00007ff68d47853a UE4Editor.exe!UnknownFunction []
[2022.11.08-07.01.55:834][  0]LogWindows: Error: [Callstack] 0x00007ffef25d7034 KERNEL32.DLL!UnknownFunction []
[2022.11.08-07.01.55:834][  0]LogWindows: Error: [Callstack] 0x00007ffef29226a1 ntdll.dll!UnknownFunction []
[2022.11.08-07.01.55:834][  0]LogWindows: Error: 
[2022.11.08-07.01.55:845][  0]LogExit: Executing StaticShutdownAfterError
[2022.11.08-07.01.55:847][  0]LogWindows: FPlatformMisc::RequestExit(1)
[2022.11.08-07.01.55:847][  0]LogWindows: FPlatformMisc::RequestExitWithStatus(1, 3)
[2022.11.08-07.01.55:847][  0]LogCore: Engine exit requested (reason: Win RequestExit)
[2022.11.08-07.01.55:854][  0]Log file closed, 11/08/22 09:01:55
