Log file open, 11/07/22 16:54:19
LogWindows: Failed to load 'aqProf.dll' (GetLastError=126)
LogWindows: File 'aqProf.dll' does not exist
LogWindows: Failed to load 'VtuneApi.dll' (GetLastError=126)
LogWindows: File 'VtuneApi.dll' does not exist
LogWindows: Failed to load 'VtuneApi32e.dll' (GetLastError=126)
LogWindows: File 'VtuneApi32e.dll' does not exist
LogConsoleResponse: Display: Failed to find resolution value strings in scalability ini. Falling back to default.
LogConsoleResponse: Display: Failed to find resolution value strings in scalability ini. Falling back to default.
LogInit: Display: Running engine for game: UE_Course_HW2
LogPlatformFile: Not using cached read wrapper
LogTaskGraph: Started task graph with 5 named threads and 23 total threads with 3 sets of task threads.
LogStats: Stats thread started at 0.953391
LogICUInternationalization: ICU TimeZone Detection - Raw Offset: +2:00, Platform Override: ''
LogInit: Display: Loading text-based GConfig....
LogPluginManager: Mounting plugin MeshPainting
LogPluginManager: Mounting plugin XGEController
LogPluginManager: Mounting plugin Paper2D
LogPluginManager: Mounting plugin EnvironmentQueryEditor
LogPluginManager: Mounting plugin LightPropagationVolume
LogPluginManager: Mounting plugin CameraShakePreviewer
LogPluginManager: Mounting plugin AISupport
LogPluginManager: Mounting plugin GameplayCameras
LogPluginManager: Mounting plugin LiveLink
LogPluginManager: Mounting plugin AnimationSharing
LogPluginManager: Mounting plugin CodeLiteSourceCodeAccess
LogPluginManager: Mounting plugin GitSourceControl
LogPluginManager: Mounting plugin CLionSourceCodeAccess
LogPluginManager: Mounting plugin OodleNetwork
LogPluginManager: Mounting plugin KDevelopSourceCodeAccess
LogPluginManager: Mounting plugin NullSourceCodeAccess
LogPluginManager: Mounting plugin PerforceSourceControl
LogPluginManager: Mounting plugin PlasticSourceControl
LogPluginManager: Mounting plugin PluginUtils
LogPluginManager: Mounting plugin PropertyAccessNode
LogPluginManager: Mounting plugin RiderSourceCodeAccess
LogPluginManager: Mounting plugin SubversionSourceControl
LogPluginManager: Mounting plugin TextureFormatOodle
LogPluginManager: Mounting plugin PixWinPlugin
LogPluginManager: Mounting plugin UObjectPlugin
LogPluginManager: Mounting plugin VisualStudioCodeSourceCodeAccess
LogPluginManager: Mounting plugin XCodeSourceCodeAccess
LogPluginManager: Mounting plugin VisualStudioSourceCodeAccess
LogPluginManager: Mounting plugin AssetManagerEditor
LogPluginManager: Mounting plugin CryptoKeys
LogPluginManager: Mounting plugin CurveEditorTools
LogPluginManager: Mounting plugin DataValidation
LogPluginManager: Mounting plugin FacialAnimation
LogPluginManager: Mounting plugin GameplayTagsEditor
LogPluginManager: Mounting plugin GeometryMode
LogPluginManager: Mounting plugin MacGraphicsSwitching
LogPluginManager: Mounting plugin MaterialAnalyzer
LogPluginManager: Mounting plugin MobileLauncherProfileWizard
LogPluginManager: Mounting plugin PluginBrowser
LogPluginManager: Mounting plugin SpeedTreeImporter
LogPluginManager: Mounting plugin DatasmithContent
LogPluginManager: Mounting plugin VariantManagerContent
LogPluginManager: Mounting plugin Niagara
LogPluginManager: Mounting plugin LuminPlatformFeatures
LogPluginManager: Mounting plugin MagicLeap
LogPluginManager: Mounting plugin MagicLeapLightEstimation
LogPluginManager: Mounting plugin MagicLeapMedia
LogPluginManager: Mounting plugin AlembicImporter
LogPluginManager: Mounting plugin AutomationUtils
LogPluginManager: Mounting plugin MagicLeapPassableWorld
LogPluginManager: Mounting plugin BackChannel
LogPluginManager: Mounting plugin ChaosCloth
LogPluginManager: Mounting plugin MLSDK
LogPluginManager: Mounting plugin ChaosClothEditor
LogPluginManager: Mounting plugin ChaosEditor
LogPluginManager: Mounting plugin ChaosNiagara
LogPluginManager: Mounting plugin ChaosSolverPlugin
LogPluginManager: Mounting plugin CharacterAI
LogPluginManager: Mounting plugin GeometryCache
LogPluginManager: Mounting plugin GeometryCollectionPlugin
LogPluginManager: Mounting plugin OodleData
LogPluginManager: Mounting plugin AvfMedia
LogPluginManager: Mounting plugin ImgMedia
LogPluginManager: Mounting plugin AndroidMedia
LogPluginManager: Mounting plugin MediaPlayerEditor
LogPluginManager: Mounting plugin WebMMedia
LogPluginManager: Mounting plugin WmfMedia
LogPluginManager: Mounting plugin MediaCompositing
LogPluginManager: Mounting plugin MotoSynth
LogPluginManager: Mounting plugin GeometryProcessing
LogPluginManager: Mounting plugin PlanarCut
LogPluginManager: Mounting plugin OpenImageDenoise
LogPluginManager: Mounting plugin PlatformCrypto
LogPluginManager: Mounting plugin PythonScriptPlugin
LogPluginManager: Mounting plugin ProxyLODPlugin
LogPluginManager: Mounting plugin SkeletalReduction
LogPluginManager: Mounting plugin ActorSequence
LogPluginManager: Mounting plugin MatineeToLevelSequence
LogPluginManager: Mounting plugin LevelSequenceEditor
LogPluginManager: Mounting plugin TcpMessaging
LogPluginManager: Mounting plugin UdpMessaging
LogPluginManager: Mounting plugin TemplateSequence
LogPluginManager: Mounting plugin OnlineSubsystem
LogPluginManager: Mounting plugin OnlineSubsystemNull
LogPluginManager: Mounting plugin OnlineSubsystemUtils
LogPluginManager: Mounting plugin LauncherChunkInstaller
LogPluginManager: Mounting plugin ActorLayerUtilities
LogPluginManager: Mounting plugin AndroidDeviceProfileSelector
LogPluginManager: Mounting plugin AndroidMoviePlayer
LogPluginManager: Mounting plugin AndroidPermission
LogPluginManager: Mounting plugin AppleImageUtils
LogPluginManager: Mounting plugin AppleMoviePlayer
LogPluginManager: Mounting plugin AudioSynesthesia
LogPluginManager: Mounting plugin ArchVisCharacter
LogPluginManager: Mounting plugin AudioCapture
LogPluginManager: Mounting plugin CableComponent
LogPluginManager: Mounting plugin ChunkDownloader
LogPluginManager: Mounting plugin CustomMeshComponent
LogPluginManager: Mounting plugin EditableMesh
LogPluginManager: Mounting plugin ExampleDeviceProfileSelector
LogPluginManager: Mounting plugin GoogleCloudMessaging
LogPluginManager: Mounting plugin GooglePAD
LogPluginManager: Mounting plugin AssetTags
LogPluginManager: Mounting plugin ScreenshotTools
LogPluginManager: Mounting plugin LinuxDeviceProfileSelector
LogPluginManager: Mounting plugin IOSDeviceProfileSelector
LogPluginManager: Mounting plugin LocationServicesBPLibrary
LogPluginManager: Mounting plugin MobilePatchingUtils
LogPluginManager: Mounting plugin OpenXR
LogPluginManager: Mounting plugin OpenXREyeTracker
LogPluginManager: Mounting plugin OpenXRHandTracking
LogPluginManager: Mounting plugin PostSplashScreen
LogPluginManager: Mounting plugin PhysXVehicles
LogPluginManager: Mounting plugin PropertyAccessEditor
LogPluginManager: Mounting plugin ProceduralMeshComponent
LogPluginManager: Mounting plugin RuntimePhysXCooking
LogPluginManager: Mounting plugin SignificanceManager
LogPluginManager: Mounting plugin SoundFields
LogPluginManager: Mounting plugin Synthesis
LogPluginManager: Mounting plugin WebMMoviePlayer
LogPluginManager: Mounting plugin WindowsMoviePlayer
LogPluginManager: Mounting plugin Takes
LogPluginManager: Mounting plugin ContentBrowserClassDataSource
LogPluginManager: Mounting plugin ContentBrowserFileDataSource
LogPluginManager: Mounting plugin ContentBrowserAssetDataSource
LogPluginManager: Mounting plugin OnlineSubsystemGooglePlay
LogPluginManager: Mounting plugin OnlineSubsystemIOS
LogPluginManager: Mounting plugin OculusVR
LogPluginManager: Mounting plugin SteamVR
PixWinPlugin: PIX capture plugin failed to initialize! Check that the process is launched from PIX.
LogInit: Using libcurl 7.55.1-DEV
LogInit:  - built for x86_64-pc-win32
LogInit:  - supports SSL with OpenSSL/1.1.1
LogInit:  - supports HTTP deflate (compression) using libz 1.2.8
LogInit:  - other features:
LogInit:      CURL_VERSION_SSL
LogInit:      CURL_VERSION_LIBZ
LogInit:      CURL_VERSION_IPV6
LogInit:      CURL_VERSION_ASYNCHDNS
LogInit:      CURL_VERSION_LARGEFILE
LogInit:      CURL_VERSION_IDN
LogInit:  CurlRequestOptions (configurable via config and command line):
LogInit:  - bVerifyPeer = true  - Libcurl will verify peer certificate
LogInit:  - bUseHttpProxy = false  - Libcurl will NOT use HTTP proxy
LogInit:  - bDontReuseConnections = false  - Libcurl will reuse connections
LogInit:  - MaxHostConnections = 16  - Libcurl will limit the number of connections to a host
LogInit:  - LocalHostAddr = Default
LogInit:  - BufferSize = 65536
LogOnline: OSS: Creating online subsystem instance for: NULL
LogInit: WinSock: version 1.1 (2.2), MaxSocks=32767, MaxUdp=65467
LogOnline: OSS: TryLoadSubsystemAndSetDefault: Loaded subsystem for module [NULL]
LogOculusPluginWrapper: OculusPlugin initialized successfully
LogHMD: Failed initializing OVRPlugin 1.59.0
LogInit: Build: ++UE4+Release-4.27-CL-18319896
LogInit: Engine Version: 4.27.2-18319896+++UE4+Release-4.27
LogInit: Compatible Engine Version: 4.27.0-17155196+++UE4+Release-4.27
LogInit: Net CL: 17155196
LogInit: OS: Windows 10 (Release 2009) (), CPU: 11th Gen Intel(R) Core(TM) i5-1135G7 @ 2.40GHz, GPU: Intel(R) Iris(R) Xe Graphics
LogInit: Compiled (64-bit): Nov 30 2021 07:12:08
LogInit: Compiled with Visual C++: 19.24.28315.00
LogInit: Build Configuration: Development
LogInit: Branch Name: ++UE4+Release-4.27
LogInit: Command Line:  -skipcompile
LogInit: Base Directory: C:/Program Files/Epic Games/UE_4.27/Engine/Binaries/Win64/
LogInit: Allocator: TBB
LogInit: Installed Engine Build: 1
LogDevObjectVersion: Number of dev versions registered: 29
LogDevObjectVersion:   Dev-Blueprints (B0D832E4-1F89-4F0D-ACCF-7EB736FD4AA2): 10
LogDevObjectVersion:   Dev-Build (E1C64328-A22C-4D53-A36C-8E866417BD8C): 0
LogDevObjectVersion:   Dev-Core (375EC13C-06E4-48FB-B500-84F0262A717E): 4
LogDevObjectVersion:   Dev-Editor (E4B068ED-F494-42E9-A231-DA0B2E46BB41): 40
LogDevObjectVersion:   Dev-Framework (CFFC743F-43B0-4480-9391-14DF171D2073): 37
LogDevObjectVersion:   Dev-Mobile (B02B49B5-BB20-44E9-A304-32B752E40360): 3
LogDevObjectVersion:   Dev-Networking (A4E4105C-59A1-49B5-A7C5-40C4547EDFEE): 0
LogDevObjectVersion:   Dev-Online (39C831C9-5AE6-47DC-9A44-9C173E1C8E7C): 0
LogDevObjectVersion:   Dev-Physics (78F01B33-EBEA-4F98-B9B4-84EACCB95AA2): 14
LogDevObjectVersion:   Dev-Platform (6631380F-2D4D-43E0-8009-CF276956A95A): 0
LogDevObjectVersion:   Dev-Rendering (12F88B9F-8875-4AFC-A67C-D90C383ABD29): 45
LogDevObjectVersion:   Dev-Sequencer (7B5AE74C-D270-4C10-A958-57980B212A5A): 13
LogDevObjectVersion:   Dev-VR (D7296918-1DD6-4BDD-9DE2-64A83CC13884): 3
LogDevObjectVersion:   Dev-LoadTimes (C2A15278-BFE7-4AFE-6C17-90FF531DF755): 1
LogDevObjectVersion:   Private-Geometry (6EACA3D4-40EC-4CC1-B786-8BED09428FC5): 3
LogDevObjectVersion:   Dev-AnimPhys (29E575DD-E0A3-4627-9D10-D276232CDCEA): 17
LogDevObjectVersion:   Dev-Anim (AF43A65D-7FD3-4947-9873-3E8ED9C1BB05): 15
LogDevObjectVersion:   Dev-ReflectionCapture (6B266CEC-1EC7-4B8F-A30B-E4D90942FC07): 1
LogDevObjectVersion:   Dev-Automation (0DF73D61-A23F-47EA-B727-89E90C41499A): 1
LogDevObjectVersion:   FortniteMain (601D1886-AC64-4F84-AA16-D3DE0DEAC7D6): 47
LogDevObjectVersion:   FortniteRelease (E7086368-6B23-4C58-8439-1B7016265E91): 1
LogDevObjectVersion:   Dev-Enterprise (9DFFBCD6-494F-0158-E221-12823C92A888): 10
LogDevObjectVersion:   Dev-Niagara (F2AED0AC-9AFE-416F-8664-AA7FFA26D6FC): 1
LogDevObjectVersion:   Dev-Destruction (174F1F0B-B4C6-45A5-B13F-2EE8D0FB917D): 10
LogDevObjectVersion:   Dev-Physics-Ext (35F94A83-E258-406C-A318-09F59610247C): 41
LogDevObjectVersion:   Dev-PhysicsMaterial-Chaos (B68FC16E-8B1B-42E2-B453-215C058844FE): 1
LogDevObjectVersion:   Dev-CineCamera (B2E18506-4273-CFC2-A54E-F4BB758BBA07): 1
LogDevObjectVersion:   Dev-VirtualProduction (64F58936-FD1B-42BA-BA96-7289D5D0FA4E): 1
LogDevObjectVersion:   Dev-MediaFramework (6F0ED827-A609-4895-9C91-998D90180EA4): 2
LogInit: Presizing for max 25165824 objects, including 0 objects not considered by GC, pre-allocating 0 bytes for permanent pool.
LogConfig: Applying CVar settings from Section [/Script/Engine.StreamingSettings] File [C:/Users/Anastasia/Documents/Unreal Projects/UE_Course_HW2/Saved/Config/Windows/Engine.ini]
LogConfig: Setting CVar [[s.MinBulkDataSizeForAsyncLoading:131072]]
LogConfig: Setting CVar [[s.AsyncLoadingThreadEnabled:0]]
LogConfig: Setting CVar [[s.EventDrivenLoaderEnabled:1]]
LogConfig: Setting CVar [[s.WarnIfTimeLimitExceeded:0]]
LogConfig: Setting CVar [[s.TimeLimitExceededMultiplier:1.5]]
LogConfig: Setting CVar [[s.TimeLimitExceededMinTime:0.005]]
LogConfig: Setting CVar [[s.UseBackgroundLevelStreaming:1]]
LogConfig: Setting CVar [[s.PriorityAsyncLoadingExtraTime:15.0]]
LogConfig: Setting CVar [[s.LevelStreamingActorsUpdateTimeLimit:5.0]]
LogConfig: Setting CVar [[s.PriorityLevelStreamingActorsUpdateExtraTime:5.0]]
LogConfig: Setting CVar [[s.LevelStreamingComponentsRegistrationGranularity:10]]
LogConfig: Setting CVar [[s.UnregisterComponentsTimeLimit:1.0]]
LogConfig: Setting CVar [[s.LevelStreamingComponentsUnregistrationGranularity:5]]
LogConfig: Setting CVar [[s.FlushStreamingOnExit:1]]
LogInit: Object subsystem initialized
LogConfig: Setting CVar [[con.DebugEarlyDefault:1]]
LogConfig: Setting CVar [[r.setres:1280x720]]
[2022.11.07-14.54.20:905][  0]LogConfig: Setting CVar [[r.VSync:0]]
[2022.11.07-14.54.20:905][  0]LogConfig: Setting CVar [[r.RHICmdBypass:0]]
[2022.11.07-14.54.20:906][  0]LogConfig: Applying CVar settings from Section [/Script/Engine.RendererSettings] File [C:/Users/Anastasia/Documents/Unreal Projects/UE_Course_HW2/Saved/Config/Windows/Engine.ini]
[2022.11.07-14.54.20:906][  0]LogConfig: Setting CVar [[r.GPUCrashDebugging:0]]
[2022.11.07-14.54.20:906][  0]LogConfig: Applying CVar settings from Section [/Script/Engine.RendererOverrideSettings] File [C:/Users/Anastasia/Documents/Unreal Projects/UE_Course_HW2/Saved/Config/Windows/Engine.ini]
[2022.11.07-14.54.20:906][  0]LogConfig: Applying CVar settings from Section [/Script/Engine.StreamingSettings] File [C:/Users/Anastasia/Documents/Unreal Projects/UE_Course_HW2/Saved/Config/Windows/Engine.ini]
[2022.11.07-14.54.20:906][  0]LogConfig: Setting CVar [[s.MinBulkDataSizeForAsyncLoading:131072]]
[2022.11.07-14.54.20:906][  0]LogConfig: Setting CVar [[s.AsyncLoadingThreadEnabled:0]]
[2022.11.07-14.54.20:906][  0]LogConfig: Setting CVar [[s.EventDrivenLoaderEnabled:1]]
[2022.11.07-14.54.20:906][  0]LogConfig: Setting CVar [[s.WarnIfTimeLimitExceeded:0]]
[2022.11.07-14.54.20:906][  0]LogConfig: Setting CVar [[s.TimeLimitExceededMultiplier:1.5]]
[2022.11.07-14.54.20:906][  0]LogConfig: Setting CVar [[s.TimeLimitExceededMinTime:0.005]]
[2022.11.07-14.54.20:906][  0]LogConfig: Setting CVar [[s.UseBackgroundLevelStreaming:1]]
[2022.11.07-14.54.20:907][  0]LogConfig: Setting CVar [[s.PriorityAsyncLoadingExtraTime:15.0]]
[2022.11.07-14.54.20:907][  0]LogConfig: Setting CVar [[s.LevelStreamingActorsUpdateTimeLimit:5.0]]
[2022.11.07-14.54.20:907][  0]LogConfig: Setting CVar [[s.PriorityLevelStreamingActorsUpdateExtraTime:5.0]]
[2022.11.07-14.54.20:907][  0]LogConfig: Setting CVar [[s.LevelStreamingComponentsRegistrationGranularity:10]]
[2022.11.07-14.54.20:907][  0]LogConfig: Setting CVar [[s.UnregisterComponentsTimeLimit:1.0]]
[2022.11.07-14.54.20:907][  0]LogConfig: Setting CVar [[s.LevelStreamingComponentsUnregistrationGranularity:5]]
[2022.11.07-14.54.20:907][  0]LogConfig: Setting CVar [[s.FlushStreamingOnExit:1]]
[2022.11.07-14.54.20:907][  0]LogConfig: Applying CVar settings from Section [/Script/Engine.GarbageCollectionSettings] File [C:/Users/Anastasia/Documents/Unreal Projects/UE_Course_HW2/Saved/Config/Windows/Engine.ini]
[2022.11.07-14.54.20:907][  0]LogConfig: Setting CVar [[gc.MaxObjectsNotConsideredByGC:1]]
[2022.11.07-14.54.20:907][  0]LogConfig: Setting CVar [[gc.SizeOfPermanentObjectPool:0]]
[2022.11.07-14.54.20:907][  0]LogConfig: Setting CVar [[gc.FlushStreamingOnGC:0]]
[2022.11.07-14.54.20:907][  0]LogConfig: Setting CVar [[gc.NumRetriesBeforeForcingGC:10]]
[2022.11.07-14.54.20:907][  0]LogConfig: Setting CVar [[gc.AllowParallelGC:1]]
[2022.11.07-14.54.20:907][  0]LogConfig: Setting CVar [[gc.TimeBetweenPurgingPendingKillObjects:61.1]]
[2022.11.07-14.54.20:907][  0]LogConfig: Setting CVar [[gc.MaxObjectsInEditor:25165824]]
[2022.11.07-14.54.20:907][  0]LogConfig: Setting CVar [[gc.IncrementalBeginDestroyEnabled:1]]
[2022.11.07-14.54.20:907][  0]LogConfig: Setting CVar [[gc.CreateGCClusters:1]]
[2022.11.07-14.54.20:907][  0]LogConfig: Setting CVar [[gc.MinGCClusterSize:5]]
[2022.11.07-14.54.20:907][  0]LogConfig: Setting CVar [[gc.ActorClusteringEnabled:0]]
[2022.11.07-14.54.20:907][  0]LogConfig: Setting CVar [[gc.BlueprintClusteringEnabled:0]]
[2022.11.07-14.54.20:908][  0]LogConfig: Setting CVar [[gc.UseDisregardForGCOnDedicatedServers:0]]
[2022.11.07-14.54.20:908][  0]LogConfig: Setting CVar [[gc.MultithreadedDestructionEnabled:1]]
[2022.11.07-14.54.20:908][  0]LogConfig: Applying CVar settings from Section [/Script/Engine.NetworkSettings] File [C:/Users/Anastasia/Documents/Unreal Projects/UE_Course_HW2/Saved/Config/Windows/Engine.ini]
[2022.11.07-14.54.20:908][  0]LogConfig: Applying CVar settings from Section [/Script/UnrealEd.CookerSettings] File [C:/Users/Anastasia/Documents/Unreal Projects/UE_Course_HW2/Saved/Config/Windows/Engine.ini]
[2022.11.07-14.54.20:920][  0]LogConfig: Applying CVar settings from Section [ViewDistanceQuality@3] File [C:/Users/Anastasia/Documents/Unreal Projects/UE_Course_HW2/Saved/Config/Windows/Scalability.ini]
[2022.11.07-14.54.20:921][  0]LogConfig: Setting CVar [[r.SkeletalMeshLODBias:0]]
[2022.11.07-14.54.20:921][  0]LogConfig: Setting CVar [[r.ViewDistanceScale:1.0]]
[2022.11.07-14.54.20:921][  0]LogConfig: Applying CVar settings from Section [AntiAliasingQuality@3] File [C:/Users/Anastasia/Documents/Unreal Projects/UE_Course_HW2/Saved/Config/Windows/Scalability.ini]
[2022.11.07-14.54.20:921][  0]LogConfig: Setting CVar [[r.PostProcessAAQuality:4]]
[2022.11.07-14.54.20:921][  0]LogConfig: Applying CVar settings from Section [ShadowQuality@3] File [C:/Users/Anastasia/Documents/Unreal Projects/UE_Course_HW2/Saved/Config/Windows/Scalability.ini]
[2022.11.07-14.54.20:921][  0]LogConfig: Setting CVar [[r.LightFunctionQuality:1]]
[2022.11.07-14.54.20:921][  0]LogConfig: Setting CVar [[r.ShadowQuality:5]]
[2022.11.07-14.54.20:921][  0]LogConfig: Setting CVar [[r.Shadow.CSM.MaxCascades:10]]
[2022.11.07-14.54.20:921][  0]LogConfig: Setting CVar [[r.Shadow.MaxResolution:2048]]
[2022.11.07-14.54.20:921][  0]LogConfig: Setting CVar [[r.Shadow.MaxCSMResolution:2048]]
[2022.11.07-14.54.20:921][  0]LogConfig: Setting CVar [[r.Shadow.RadiusThreshold:0.01]]
[2022.11.07-14.54.20:922][  0]LogConfig: Setting CVar [[r.Shadow.DistanceScale:1.0]]
[2022.11.07-14.54.20:922][  0]LogConfig: Setting CVar [[r.Shadow.CSM.TransitionScale:1.0]]
[2022.11.07-14.54.20:922][  0]LogConfig: Setting CVar [[r.Shadow.PreShadowResolutionFactor:1.0]]
[2022.11.07-14.54.20:922][  0]LogConfig: Setting CVar [[r.DistanceFieldShadowing:1]]
[2022.11.07-14.54.20:922][  0]LogConfig: Setting CVar [[r.DistanceFieldAO:1]]
[2022.11.07-14.54.20:922][  0]LogConfig: Setting CVar [[r.AOQuality:2]]
[2022.11.07-14.54.20:922][  0]LogConfig: Setting CVar [[r.VolumetricFog:1]]
[2022.11.07-14.54.20:922][  0]LogConfig: Setting CVar [[r.VolumetricFog.GridPixelSize:8]]
[2022.11.07-14.54.20:922][  0]LogConfig: Setting CVar [[r.VolumetricFog.GridSizeZ:128]]
[2022.11.07-14.54.20:922][  0]LogConfig: Setting CVar [[r.VolumetricFog.HistoryMissSupersampleCount:4]]
[2022.11.07-14.54.20:922][  0]LogConfig: Setting CVar [[r.LightMaxDrawDistanceScale:1]]
[2022.11.07-14.54.20:922][  0]LogConfig: Setting CVar [[r.CapsuleShadows:1]]
[2022.11.07-14.54.20:922][  0]LogConfig: Applying CVar settings from Section [PostProcessQuality@3] File [C:/Users/Anastasia/Documents/Unreal Projects/UE_Course_HW2/Saved/Config/Windows/Scalability.ini]
[2022.11.07-14.54.20:922][  0]LogConfig: Setting CVar [[r.MotionBlurQuality:4]]
[2022.11.07-14.54.20:922][  0]LogConfig: Setting CVar [[r.AmbientOcclusionMipLevelFactor:0.4]]
[2022.11.07-14.54.20:922][  0]LogConfig: Setting CVar [[r.AmbientOcclusionMaxQuality:100]]
[2022.11.07-14.54.20:922][  0]LogConfig: Setting CVar [[r.AmbientOcclusionLevels:-1]]
[2022.11.07-14.54.20:922][  0]LogConfig: Setting CVar [[r.AmbientOcclusionRadiusScale:1.0]]
[2022.11.07-14.54.20:922][  0]LogConfig: Setting CVar [[r.DepthOfFieldQuality:2]]
[2022.11.07-14.54.20:922][  0]LogConfig: Setting CVar [[r.RenderTargetPoolMin:400]]
[2022.11.07-14.54.20:923][  0]LogConfig: Setting CVar [[r.LensFlareQuality:2]]
[2022.11.07-14.54.20:923][  0]LogConfig: Setting CVar [[r.SceneColorFringeQuality:1]]
[2022.11.07-14.54.20:923][  0]LogConfig: Setting CVar [[r.EyeAdaptationQuality:2]]
[2022.11.07-14.54.20:923][  0]LogConfig: Setting CVar [[r.BloomQuality:5]]
[2022.11.07-14.54.20:923][  0]LogConfig: Setting CVar [[r.FastBlurThreshold:100]]
[2022.11.07-14.54.20:923][  0]LogConfig: Setting CVar [[r.Upscale.Quality:3]]
[2022.11.07-14.54.20:923][  0]LogConfig: Setting CVar [[r.Tonemapper.GrainQuantization:1]]
[2022.11.07-14.54.20:923][  0]LogConfig: Setting CVar [[r.LightShaftQuality:1]]
[2022.11.07-14.54.20:923][  0]LogConfig: Setting CVar [[r.Filter.SizeScale:1]]
[2022.11.07-14.54.20:923][  0]LogConfig: Setting CVar [[r.Tonemapper.Quality:5]]
[2022.11.07-14.54.20:923][  0]LogConfig: Setting CVar [[r.DOF.Gather.AccumulatorQuality:1        ; higher gathering accumulator quality]]
[2022.11.07-14.54.20:923][  0]LogConfig: Setting CVar [[r.DOF.Gather.PostfilterMethod:1          ; Median3x3 postfilering method]]
[2022.11.07-14.54.20:923][  0]LogConfig: Setting CVar [[r.DOF.Gather.EnableBokehSettings:0       ; no bokeh simulation when gathering]]
[2022.11.07-14.54.20:923][  0]LogConfig: Setting CVar [[r.DOF.Gather.RingCount:4                 ; medium number of samples when gathering]]
[2022.11.07-14.54.20:923][  0]LogConfig: Setting CVar [[r.DOF.Scatter.ForegroundCompositing:1    ; additive foreground scattering]]
[2022.11.07-14.54.20:923][  0]LogConfig: Setting CVar [[r.DOF.Scatter.BackgroundCompositing:2    ; additive background scattering]]
[2022.11.07-14.54.20:923][  0]LogConfig: Setting CVar [[r.DOF.Scatter.EnableBokehSettings:1      ; bokeh simulation when scattering]]
[2022.11.07-14.54.20:923][  0]LogConfig: Setting CVar [[r.DOF.Scatter.MaxSpriteRatio:0.1         ; only a maximum of 10% of scattered bokeh]]
[2022.11.07-14.54.20:923][  0]LogConfig: Setting CVar [[r.DOF.Recombine.Quality:1                ; cheap slight out of focus]]
[2022.11.07-14.54.20:923][  0]LogConfig: Setting CVar [[r.DOF.Recombine.EnableBokehSettings:0    ; no bokeh simulation on slight out of focus]]
[2022.11.07-14.54.20:923][  0]LogConfig: Setting CVar [[r.DOF.TemporalAAQuality:1                ; more stable temporal accumulation]]
[2022.11.07-14.54.20:924][  0]LogConfig: Setting CVar [[r.DOF.Kernel.MaxForegroundRadius:0.025]]
[2022.11.07-14.54.20:924][  0]LogConfig: Setting CVar [[r.DOF.Kernel.MaxBackgroundRadius:0.025]]
[2022.11.07-14.54.20:924][  0]LogConfig: Applying CVar settings from Section [TextureQuality@3] File [C:/Users/Anastasia/Documents/Unreal Projects/UE_Course_HW2/Saved/Config/Windows/Scalability.ini]
[2022.11.07-14.54.20:924][  0]LogConfig: Setting CVar [[r.Streaming.MipBias:0]]
[2022.11.07-14.54.20:924][  0]LogConfig: Setting CVar [[r.Streaming.AmortizeCPUToGPUCopy:0]]
[2022.11.07-14.54.20:924][  0]LogConfig: Setting CVar [[r.Streaming.MaxNumTexturesToStreamPerFrame:0]]
[2022.11.07-14.54.20:924][  0]LogConfig: Setting CVar [[r.Streaming.Boost:1]]
[2022.11.07-14.54.20:924][  0]LogConfig: Setting CVar [[r.MaxAnisotropy:8]]
[2022.11.07-14.54.20:924][  0]LogConfig: Setting CVar [[r.VT.MaxAnisotropy:8]]
[2022.11.07-14.54.20:924][  0]LogConfig: Setting CVar [[r.Streaming.LimitPoolSizeToVRAM:0]]
[2022.11.07-14.54.20:924][  0]LogConfig: Setting CVar [[r.Streaming.PoolSize:1000]]
[2022.11.07-14.54.20:924][  0]LogConfig: Setting CVar [[r.Streaming.MaxEffectiveScreenSize:0]]
[2022.11.07-14.54.20:924][  0]LogConfig: Applying CVar settings from Section [EffectsQuality@3] File [C:/Users/Anastasia/Documents/Unreal Projects/UE_Course_HW2/Saved/Config/Windows/Scalability.ini]
[2022.11.07-14.54.20:924][  0]LogConfig: Setting CVar [[r.TranslucencyLightingVolumeDim:64]]
[2022.11.07-14.54.20:924][  0]LogConfig: Setting CVar [[r.RefractionQuality:2]]
[2022.11.07-14.54.20:924][  0]LogConfig: Setting CVar [[r.SSR.Quality:3]]
[2022.11.07-14.54.20:925][  0]LogConfig: Setting CVar [[r.SSR.HalfResSceneColor:0]]
[2022.11.07-14.54.20:925][  0]LogConfig: Setting CVar [[r.SceneColorFormat:4]]
[2022.11.07-14.54.20:925][  0]LogConfig: Setting CVar [[r.DetailMode:2]]
[2022.11.07-14.54.20:925][  0]LogConfig: Setting CVar [[r.TranslucencyVolumeBlur:1]]
[2022.11.07-14.54.20:925][  0]LogConfig: Setting CVar [[r.MaterialQualityLevel:1 ; High quality]]
[2022.11.07-14.54.20:925][  0]LogConfig: Setting CVar [[r.AnisotropicMaterials:1]]
[2022.11.07-14.54.20:925][  0]LogConfig: Setting CVar [[r.SSS.Scale:1]]
[2022.11.07-14.54.20:925][  0]LogConfig: Setting CVar [[r.SSS.SampleSet:2]]
[2022.11.07-14.54.20:925][  0]LogConfig: Setting CVar [[r.SSS.Quality:1]]
[2022.11.07-14.54.20:925][  0]LogConfig: Setting CVar [[r.SSS.HalfRes:0]]
[2022.11.07-14.54.20:925][  0]LogConfig: Setting CVar [[r.SSGI.Quality:3]]
[2022.11.07-14.54.20:925][  0]LogConfig: Setting CVar [[r.EmitterSpawnRateScale:1.0]]
[2022.11.07-14.54.20:925][  0]LogConfig: Setting CVar [[r.ParticleLightQuality:2]]
[2022.11.07-14.54.20:925][  0]LogConfig: Setting CVar [[r.SkyAtmosphere.AerialPerspectiveLUT.FastApplyOnOpaque:1 ; Always have FastSkyLUT 1 in this case to avoid wrong sky]]
[2022.11.07-14.54.20:925][  0]LogConfig: Setting CVar [[r.SkyAtmosphere.AerialPerspectiveLUT.SampleCountMaxPerSlice:4]]
[2022.11.07-14.54.20:925][  0]LogConfig: Setting CVar [[r.SkyAtmosphere.AerialPerspectiveLUT.DepthResolution:16.0]]
[2022.11.07-14.54.20:925][  0]LogConfig: Setting CVar [[r.SkyAtmosphere.FastSkyLUT:1]]
[2022.11.07-14.54.20:925][  0]LogConfig: Setting CVar [[r.SkyAtmosphere.FastSkyLUT.SampleCountMin:4.0]]
[2022.11.07-14.54.20:925][  0]LogConfig: Setting CVar [[r.SkyAtmosphere.FastSkyLUT.SampleCountMax:128.0]]
[2022.11.07-14.54.20:925][  0]LogConfig: Setting CVar [[r.SkyAtmosphere.SampleCountMin:4.0]]
[2022.11.07-14.54.20:925][  0]LogConfig: Setting CVar [[r.SkyAtmosphere.SampleCountMax:128.0]]
[2022.11.07-14.54.20:925][  0]LogConfig: Setting CVar [[r.SkyAtmosphere.TransmittanceLUT.UseSmallFormat:0]]
[2022.11.07-14.54.20:925][  0]LogConfig: Setting CVar [[r.SkyAtmosphere.TransmittanceLUT.SampleCount:10.0]]
[2022.11.07-14.54.20:926][  0]LogConfig: Setting CVar [[r.SkyAtmosphere.MultiScatteringLUT.SampleCount:15.0]]
[2022.11.07-14.54.20:926][  0]LogConfig: Setting CVar [[r.SkyLight.RealTimeReflectionCapture:1]]
[2022.11.07-14.54.20:926][  0]LogConfig: Applying CVar settings from Section [FoliageQuality@3] File [C:/Users/Anastasia/Documents/Unreal Projects/UE_Course_HW2/Saved/Config/Windows/Scalability.ini]
[2022.11.07-14.54.20:926][  0]LogConfig: Setting CVar [[foliage.DensityScale:1.0]]
[2022.11.07-14.54.20:926][  0]LogConfig: Setting CVar [[grass.DensityScale:1.0]]
[2022.11.07-14.54.20:926][  0]LogConfig: Applying CVar settings from Section [ShadingQuality@3] File [C:/Users/Anastasia/Documents/Unreal Projects/UE_Course_HW2/Saved/Config/Windows/Scalability.ini]
[2022.11.07-14.54.20:926][  0]LogConfig: Setting CVar [[r.HairStrands.SkyLighting.IntegrationType:2]]
[2022.11.07-14.54.20:926][  0]LogConfig: Setting CVar [[r.HairStrands.SkyAO.SampleCount:4]]
[2022.11.07-14.54.20:926][  0]LogConfig: Setting CVar [[r.HairStrands.Visibility.MSAA.SamplePerPixel:4]]
[2022.11.07-14.54.20:927][  0]LogInit: Selected Device Profile: [Windows]
[2022.11.07-14.54.20:927][  0]LogInit: Applying CVar settings loaded from the selected device profile: [Windows]
[2022.11.07-14.54.20:927][  0]LogHAL: Display: Platform has ~ 16 GB [16859586560 / 17179869184 / 16], which maps to Larger [LargestMinGB=32, LargerMinGB=12, DefaultMinGB=8, SmallerMinGB=6, SmallestMinGB=0)
[2022.11.07-14.54.20:927][  0]LogInit: Going up to parent DeviceProfile []
[2022.11.07-14.54.20:928][  0]LogConfig: Applying CVar settings from Section [ViewDistanceQuality@3] File [C:/Users/Anastasia/Documents/Unreal Projects/UE_Course_HW2/Saved/Config/Windows/Scalability.ini]
[2022.11.07-14.54.20:928][  0]LogConfig: Setting CVar [[r.SkeletalMeshLODBias:0]]
[2022.11.07-14.54.20:928][  0]LogConfig: Setting CVar [[r.ViewDistanceScale:1.0]]
[2022.11.07-14.54.20:928][  0]LogConfig: Applying CVar settings from Section [AntiAliasingQuality@3] File [C:/Users/Anastasia/Documents/Unreal Projects/UE_Course_HW2/Saved/Config/Windows/Scalability.ini]
[2022.11.07-14.54.20:928][  0]LogConfig: Setting CVar [[r.PostProcessAAQuality:4]]
[2022.11.07-14.54.20:928][  0]LogConfig: Applying CVar settings from Section [ShadowQuality@3] File [C:/Users/Anastasia/Documents/Unreal Projects/UE_Course_HW2/Saved/Config/Windows/Scalability.ini]
[2022.11.07-14.54.20:928][  0]LogConfig: Setting CVar [[r.LightFunctionQuality:1]]
[2022.11.07-14.54.20:928][  0]LogConfig: Setting CVar [[r.ShadowQuality:5]]
[2022.11.07-14.54.20:928][  0]LogConfig: Setting CVar [[r.Shadow.CSM.MaxCascades:10]]
[2022.11.07-14.54.20:928][  0]LogConfig: Setting CVar [[r.Shadow.MaxResolution:2048]]
[2022.11.07-14.54.20:928][  0]LogConfig: Setting CVar [[r.Shadow.MaxCSMResolution:2048]]
[2022.11.07-14.54.20:928][  0]LogConfig: Setting CVar [[r.Shadow.RadiusThreshold:0.01]]
[2022.11.07-14.54.20:928][  0]LogConfig: Setting CVar [[r.Shadow.DistanceScale:1.0]]
[2022.11.07-14.54.20:928][  0]LogConfig: Setting CVar [[r.Shadow.CSM.TransitionScale:1.0]]
[2022.11.07-14.54.20:928][  0]LogConfig: Setting CVar [[r.Shadow.PreShadowResolutionFactor:1.0]]
[2022.11.07-14.54.20:928][  0]LogConfig: Setting CVar [[r.DistanceFieldShadowing:1]]
[2022.11.07-14.54.20:928][  0]LogConfig: Setting CVar [[r.DistanceFieldAO:1]]
[2022.11.07-14.54.20:929][  0]LogConfig: Setting CVar [[r.AOQuality:2]]
[2022.11.07-14.54.20:929][  0]LogConfig: Setting CVar [[r.VolumetricFog:1]]
[2022.11.07-14.54.20:929][  0]LogConfig: Setting CVar [[r.VolumetricFog.GridPixelSize:8]]
[2022.11.07-14.54.20:929][  0]LogConfig: Setting CVar [[r.VolumetricFog.GridSizeZ:128]]
[2022.11.07-14.54.20:929][  0]LogConfig: Setting CVar [[r.VolumetricFog.HistoryMissSupersampleCount:4]]
[2022.11.07-14.54.20:929][  0]LogConfig: Setting CVar [[r.LightMaxDrawDistanceScale:1]]
[2022.11.07-14.54.20:929][  0]LogConfig: Setting CVar [[r.CapsuleShadows:1]]
[2022.11.07-14.54.20:929][  0]LogConfig: Applying CVar settings from Section [PostProcessQuality@3] File [C:/Users/Anastasia/Documents/Unreal Projects/UE_Course_HW2/Saved/Config/Windows/Scalability.ini]
[2022.11.07-14.54.20:929][  0]LogConfig: Setting CVar [[r.MotionBlurQuality:4]]
[2022.11.07-14.54.20:929][  0]LogConfig: Setting CVar [[r.AmbientOcclusionMipLevelFactor:0.4]]
[2022.11.07-14.54.20:929][  0]LogConfig: Setting CVar [[r.AmbientOcclusionMaxQuality:100]]
[2022.11.07-14.54.20:929][  0]LogConfig: Setting CVar [[r.AmbientOcclusionLevels:-1]]
[2022.11.07-14.54.20:929][  0]LogConfig: Setting CVar [[r.AmbientOcclusionRadiusScale:1.0]]
[2022.11.07-14.54.20:929][  0]LogConfig: Setting CVar [[r.DepthOfFieldQuality:2]]
[2022.11.07-14.54.20:929][  0]LogConfig: Setting CVar [[r.RenderTargetPoolMin:400]]
[2022.11.07-14.54.20:929][  0]LogConfig: Setting CVar [[r.LensFlareQuality:2]]
[2022.11.07-14.54.20:929][  0]LogConfig: Setting CVar [[r.SceneColorFringeQuality:1]]
[2022.11.07-14.54.20:929][  0]LogConfig: Setting CVar [[r.EyeAdaptationQuality:2]]
[2022.11.07-14.54.20:930][  0]LogConfig: Setting CVar [[r.BloomQuality:5]]
[2022.11.07-14.54.20:930][  0]LogConfig: Setting CVar [[r.FastBlurThreshold:100]]
[2022.11.07-14.54.20:930][  0]LogConfig: Setting CVar [[r.Upscale.Quality:3]]
[2022.11.07-14.54.20:930][  0]LogConfig: Setting CVar [[r.Tonemapper.GrainQuantization:1]]
[2022.11.07-14.54.20:930][  0]LogConfig: Setting CVar [[r.LightShaftQuality:1]]
[2022.11.07-14.54.20:930][  0]LogConfig: Setting CVar [[r.Filter.SizeScale:1]]
[2022.11.07-14.54.20:930][  0]LogConfig: Setting CVar [[r.Tonemapper.Quality:5]]
[2022.11.07-14.54.20:930][  0]LogConfig: Setting CVar [[r.DOF.Gather.AccumulatorQuality:1        ; higher gathering accumulator quality]]
[2022.11.07-14.54.20:930][  0]LogConfig: Setting CVar [[r.DOF.Gather.PostfilterMethod:1          ; Median3x3 postfilering method]]
[2022.11.07-14.54.20:930][  0]LogConfig: Setting CVar [[r.DOF.Gather.EnableBokehSettings:0       ; no bokeh simulation when gathering]]
[2022.11.07-14.54.20:930][  0]LogConfig: Setting CVar [[r.DOF.Gather.RingCount:4                 ; medium number of samples when gathering]]
[2022.11.07-14.54.20:930][  0]LogConfig: Setting CVar [[r.DOF.Scatter.ForegroundCompositing:1    ; additive foreground scattering]]
[2022.11.07-14.54.20:930][  0]LogConfig: Setting CVar [[r.DOF.Scatter.BackgroundCompositing:2    ; additive background scattering]]
[2022.11.07-14.54.20:930][  0]LogConfig: Setting CVar [[r.DOF.Scatter.EnableBokehSettings:1      ; bokeh simulation when scattering]]
[2022.11.07-14.54.20:930][  0]LogConfig: Setting CVar [[r.DOF.Scatter.MaxSpriteRatio:0.1         ; only a maximum of 10% of scattered bokeh]]
[2022.11.07-14.54.20:930][  0]LogConfig: Setting CVar [[r.DOF.Recombine.Quality:1                ; cheap slight out of focus]]
[2022.11.07-14.54.20:930][  0]LogConfig: Setting CVar [[r.DOF.Recombine.EnableBokehSettings:0    ; no bokeh simulation on slight out of focus]]
[2022.11.07-14.54.20:930][  0]LogConfig: Setting CVar [[r.DOF.TemporalAAQuality:1                ; more stable temporal accumulation]]
[2022.11.07-14.54.20:930][  0]LogConfig: Setting CVar [[r.DOF.Kernel.MaxForegroundRadius:0.025]]
[2022.11.07-14.54.20:930][  0]LogConfig: Setting CVar [[r.DOF.Kernel.MaxBackgroundRadius:0.025]]
[2022.11.07-14.54.20:931][  0]LogConfig: Applying CVar settings from Section [TextureQuality@3] File [C:/Users/Anastasia/Documents/Unreal Projects/UE_Course_HW2/Saved/Config/Windows/Scalability.ini]
[2022.11.07-14.54.20:931][  0]LogConfig: Setting CVar [[r.Streaming.MipBias:0]]
[2022.11.07-14.54.20:931][  0]LogConfig: Setting CVar [[r.Streaming.AmortizeCPUToGPUCopy:0]]
[2022.11.07-14.54.20:931][  0]LogConfig: Setting CVar [[r.Streaming.MaxNumTexturesToStreamPerFrame:0]]
[2022.11.07-14.54.20:931][  0]LogConfig: Setting CVar [[r.Streaming.Boost:1]]
[2022.11.07-14.54.20:931][  0]LogConfig: Setting CVar [[r.MaxAnisotropy:8]]
[2022.11.07-14.54.20:931][  0]LogConfig: Setting CVar [[r.VT.MaxAnisotropy:8]]
[2022.11.07-14.54.20:931][  0]LogConfig: Setting CVar [[r.Streaming.LimitPoolSizeToVRAM:0]]
[2022.11.07-14.54.20:931][  0]LogConfig: Setting CVar [[r.Streaming.PoolSize:1000]]
[2022.11.07-14.54.20:931][  0]LogConfig: Setting CVar [[r.Streaming.MaxEffectiveScreenSize:0]]
[2022.11.07-14.54.20:931][  0]LogConfig: Applying CVar settings from Section [EffectsQuality@3] File [C:/Users/Anastasia/Documents/Unreal Projects/UE_Course_HW2/Saved/Config/Windows/Scalability.ini]
[2022.11.07-14.54.20:931][  0]LogConfig: Setting CVar [[r.TranslucencyLightingVolumeDim:64]]
[2022.11.07-14.54.20:931][  0]LogConfig: Setting CVar [[r.RefractionQuality:2]]
[2022.11.07-14.54.20:931][  0]LogConfig: Setting CVar [[r.SSR.Quality:3]]
[2022.11.07-14.54.20:931][  0]LogConfig: Setting CVar [[r.SSR.HalfResSceneColor:0]]
[2022.11.07-14.54.20:931][  0]LogConfig: Setting CVar [[r.SceneColorFormat:4]]
[2022.11.07-14.54.20:931][  0]LogConfig: Setting CVar [[r.DetailMode:2]]
[2022.11.07-14.54.20:931][  0]LogConfig: Setting CVar [[r.TranslucencyVolumeBlur:1]]
[2022.11.07-14.54.20:931][  0]LogConfig: Setting CVar [[r.MaterialQualityLevel:1 ; High quality]]
[2022.11.07-14.54.20:931][  0]LogConfig: Setting CVar [[r.AnisotropicMaterials:1]]
[2022.11.07-14.54.20:932][  0]LogConfig: Setting CVar [[r.SSS.Scale:1]]
[2022.11.07-14.54.20:932][  0]LogConfig: Setting CVar [[r.SSS.SampleSet:2]]
[2022.11.07-14.54.20:932][  0]LogConfig: Setting CVar [[r.SSS.Quality:1]]
[2022.11.07-14.54.20:932][  0]LogConfig: Setting CVar [[r.SSS.HalfRes:0]]
[2022.11.07-14.54.20:932][  0]LogConfig: Setting CVar [[r.SSGI.Quality:3]]
[2022.11.07-14.54.20:932][  0]LogConfig: Setting CVar [[r.EmitterSpawnRateScale:1.0]]
[2022.11.07-14.54.20:932][  0]LogConfig: Setting CVar [[r.ParticleLightQuality:2]]
[2022.11.07-14.54.20:932][  0]LogConfig: Setting CVar [[r.SkyAtmosphere.AerialPerspectiveLUT.FastApplyOnOpaque:1 ; Always have FastSkyLUT 1 in this case to avoid wrong sky]]
[2022.11.07-14.54.20:932][  0]LogConfig: Setting CVar [[r.SkyAtmosphere.AerialPerspectiveLUT.SampleCountMaxPerSlice:4]]
[2022.11.07-14.54.20:932][  0]LogConfig: Setting CVar [[r.SkyAtmosphere.AerialPerspectiveLUT.DepthResolution:16.0]]
[2022.11.07-14.54.20:932][  0]LogConfig: Setting CVar [[r.SkyAtmosphere.FastSkyLUT:1]]
[2022.11.07-14.54.20:932][  0]LogConfig: Setting CVar [[r.SkyAtmosphere.FastSkyLUT.SampleCountMin:4.0]]
[2022.11.07-14.54.20:932][  0]LogConfig: Setting CVar [[r.SkyAtmosphere.FastSkyLUT.SampleCountMax:128.0]]
[2022.11.07-14.54.20:932][  0]LogConfig: Setting CVar [[r.SkyAtmosphere.SampleCountMin:4.0]]
[2022.11.07-14.54.20:932][  0]LogConfig: Setting CVar [[r.SkyAtmosphere.SampleCountMax:128.0]]
[2022.11.07-14.54.20:932][  0]LogConfig: Setting CVar [[r.SkyAtmosphere.TransmittanceLUT.UseSmallFormat:0]]
[2022.11.07-14.54.20:932][  0]LogConfig: Setting CVar [[r.SkyAtmosphere.TransmittanceLUT.SampleCount:10.0]]
[2022.11.07-14.54.20:932][  0]LogConfig: Setting CVar [[r.SkyAtmosphere.MultiScatteringLUT.SampleCount:15.0]]
[2022.11.07-14.54.20:932][  0]LogConfig: Setting CVar [[r.SkyLight.RealTimeReflectionCapture:1]]
[2022.11.07-14.54.20:932][  0]LogConfig: Applying CVar settings from Section [FoliageQuality@3] File [C:/Users/Anastasia/Documents/Unreal Projects/UE_Course_HW2/Saved/Config/Windows/Scalability.ini]
[2022.11.07-14.54.20:933][  0]LogConfig: Setting CVar [[foliage.DensityScale:1.0]]
[2022.11.07-14.54.20:933][  0]LogConfig: Setting CVar [[grass.DensityScale:1.0]]
[2022.11.07-14.54.20:933][  0]LogConfig: Applying CVar settings from Section [ShadingQuality@3] File [C:/Users/Anastasia/Documents/Unreal Projects/UE_Course_HW2/Saved/Config/Windows/Scalability.ini]
[2022.11.07-14.54.20:933][  0]LogConfig: Setting CVar [[r.HairStrands.SkyLighting.IntegrationType:2]]
[2022.11.07-14.54.20:933][  0]LogConfig: Setting CVar [[r.HairStrands.SkyAO.SampleCount:4]]
[2022.11.07-14.54.20:933][  0]LogConfig: Setting CVar [[r.HairStrands.Visibility.MSAA.SamplePerPixel:4]]
[2022.11.07-14.54.20:933][  0]LogConfig: Applying CVar settings from Section [Startup] File [../../../Engine/Config/ConsoleVariables.ini]
[2022.11.07-14.54.20:935][  0]LogConfig: Setting CVar [[net.UseAdaptiveNetUpdateFrequency:0]]
[2022.11.07-14.54.20:935][  0]LogConfig: Setting CVar [[p.chaos.AllowCreatePhysxBodies:1]]
[2022.11.07-14.54.20:936][  0]LogConfig: Setting CVar [[fx.SkipVectorVMBackendOptimizations:1]]
[2022.11.07-14.54.20:936][  0]LogConfig: Applying CVar settings from Section [ConsoleVariables] File [C:/Users/Anastasia/Documents/Unreal Projects/UE_Course_HW2/Saved/Config/Windows/Engine.ini]
[2022.11.07-14.54.20:936][  0]LogConfig: Applying CVar settings from Section [ConsoleVariables] File [C:/Users/Anastasia/Documents/Unreal Projects/UE_Course_HW2/Saved/Config/Windows/Editor.ini]
[2022.11.07-14.54.20:936][  0]LogInit: Computer: DESKTOP-69AEL7H
[2022.11.07-14.54.20:937][  0]LogInit: User: Anastasia
[2022.11.07-14.54.20:937][  0]LogInit: CPU Page size=4096, Cores=4
[2022.11.07-14.54.20:937][  0]LogInit: High frequency timer resolution =10.000000 MHz
[2022.11.07-14.54.20:937][  0]LogMemory: Memory total: Physical=15.7GB (16GB approx)
[2022.11.07-14.54.20:937][  0]LogMemory: Platform Memory Stats for Windows
[2022.11.07-14.54.20:937][  0]LogMemory: Process Physical Memory: 139.75 MB used, 139.75 MB peak
[2022.11.07-14.54.20:937][  0]LogMemory: Process Virtual Memory: 111.30 MB used, 111.30 MB peak
[2022.11.07-14.54.20:937][  0]LogMemory: Physical Memory: 11752.89 MB used,  4325.67 MB free, 16078.55 MB total
[2022.11.07-14.54.20:937][  0]LogMemory: Virtual Memory: 134211768.00 MB used,  5962.64 MB free, 134217728.00 MB total
[2022.11.07-14.54.20:951][  0]LogWindows: WindowsPlatformFeatures enabled
[2022.11.07-14.54.21:411][  0]LogInit: Physics initialised using underlying interface: PhysX
[2022.11.07-14.54.21:413][  0]LogInit: Using OS detected language (en-US).
[2022.11.07-14.54.21:413][  0]LogInit: Using OS detected locale (en-US).
[2022.11.07-14.54.21:437][  0]LogTextLocalizationManager: No specific localization for 'en-US' exists, so the 'en' localization will be used.
[2022.11.07-14.54.22:067][  0]LogInit: Setting process to per monitor DPI aware
[2022.11.07-14.54.22:142][  0]LogWindowsTextInputMethodSystem: Display: IME system deactivated.
[2022.11.07-14.54.22:227][  0]LogSlate: New Slate User Created.  User Index 0, Is Virtual User: 0
[2022.11.07-14.54.22:228][  0]LogSlate: Slate User Registered.  User Index 0, Is Virtual User: 0
[2022.11.07-14.54.27:066][  0]LogD3D11RHI: Loaded GFSDK_Aftermath_Lib.x64.dll
[2022.11.07-14.54.27:075][  0]LogHMD: Failed to initialize OpenVR with code 110
[2022.11.07-14.54.27:075][  0]LogD3D11RHI: D3D11 min allowed feature level: 11_0
[2022.11.07-14.54.27:076][  0]LogD3D11RHI: D3D11 max allowed feature level: 11_0
[2022.11.07-14.54.27:076][  0]LogD3D11RHI: D3D11 adapters:
[2022.11.07-14.54.27:427][  0]LogD3D11RHI:    0. 'Intel(R) Iris(R) Xe Graphics' (Feature Level 11_0)
[2022.11.07-14.54.27:428][  0]LogD3D11RHI:       128/0/8039 MB DedicatedVideo/DedicatedSystem/SharedSystem, Outputs:1, VendorId:0x8086
[2022.11.07-14.54.27:441][  0]LogD3D11RHI:    1. 'Microsoft Basic Render Driver' (Feature Level 11_0)
[2022.11.07-14.54.27:442][  0]LogD3D11RHI:       0/0/8039 MB DedicatedVideo/DedicatedSystem/SharedSystem, Outputs:0, VendorId:0x1414
[2022.11.07-14.54.27:442][  0]LogD3D11RHI: Chosen D3D11 Adapter:
[2022.11.07-14.54.27:442][  0]LogD3D11RHI:     Description : Intel(R) Iris(R) Xe Graphics
[2022.11.07-14.54.27:442][  0]LogD3D11RHI:     VendorId    : 8086
[2022.11.07-14.54.27:442][  0]LogD3D11RHI:     DeviceId    : 9a49
[2022.11.07-14.54.27:442][  0]LogD3D11RHI:     SubSysId    : 15cc1043
[2022.11.07-14.54.27:442][  0]LogD3D11RHI:     Revision    : 0001
[2022.11.07-14.54.27:442][  0]LogD3D11RHI:     DedicatedVideoMemory : 134217728 bytes
[2022.11.07-14.54.27:442][  0]LogD3D11RHI:     DedicatedSystemMemory : 0 bytes
[2022.11.07-14.54.27:442][  0]LogD3D11RHI:     SharedSystemMemory : 8429793280 bytes
[2022.11.07-14.54.27:442][  0]LogD3D11RHI:     AdapterLuid : 0 55719
[2022.11.07-14.54.27:451][  0]LogD3D11RHI: Creating new Direct3DDevice
[2022.11.07-14.54.27:451][  0]LogD3D11RHI:     GPU DeviceId: 0x9a49 (for the marketing name, search the web for "GPU Device Id")
[2022.11.07-14.54.27:451][  0]LogWindows: EnumDisplayDevices:
[2022.11.07-14.54.27:451][  0]LogWindows:    0. 'Intel(R) Iris(R) Xe Graphics' (P:1 D:1)
[2022.11.07-14.54.27:452][  0]LogWindows:    1. 'Intel(R) Iris(R) Xe Graphics' (P:0 D:0)
[2022.11.07-14.54.27:452][  0]LogWindows:    2. 'Intel(R) Iris(R) Xe Graphics' (P:0 D:0)
[2022.11.07-14.54.27:452][  0]LogWindows:    3. 'Intel(R) Iris(R) Xe Graphics' (P:0 D:0)
[2022.11.07-14.54.27:452][  0]LogWindows: DebugString: FoundDriverCount:4 
[2022.11.07-14.54.27:453][  0]LogD3D11RHI:     Adapter Name: Intel(R) Iris(R) Xe Graphics
[2022.11.07-14.54.27:453][  0]LogD3D11RHI:   Driver Version: 27.20.100.9268 (internal:27.20.100.9268, unified:27.20.100.9268)
[2022.11.07-14.54.27:453][  0]LogD3D11RHI:      Driver Date: 2-5-2021
[2022.11.07-14.54.27:453][  0]LogRHI: Texture pool is 1523 MB (70% of 2176 MB)
[2022.11.07-14.54.27:550][  0]LogD3D11RHI: Creating D3DDevice using adapter:
[2022.11.07-14.54.27:550][  0]LogD3D11RHI:     Description : Intel(R) Iris(R) Xe Graphics
[2022.11.07-14.54.27:550][  0]LogD3D11RHI:     VendorId    : 8086
[2022.11.07-14.54.27:550][  0]LogD3D11RHI:     DeviceId    : 9a49
[2022.11.07-14.54.27:550][  0]LogD3D11RHI:     SubSysId    : 15cc1043
[2022.11.07-14.54.27:550][  0]LogD3D11RHI:     Revision    : 0001
[2022.11.07-14.54.27:550][  0]LogD3D11RHI:     DedicatedVideoMemory : 134217728 bytes
[2022.11.07-14.54.27:551][  0]LogD3D11RHI:     DedicatedSystemMemory : 0 bytes
[2022.11.07-14.54.27:551][  0]LogD3D11RHI:     SharedSystemMemory : 8429793280 bytes
[2022.11.07-14.54.27:551][  0]LogD3D11RHI:     AdapterLuid : 0 55719
[2022.11.07-14.54.27:731][  0]LogD3D11RHI: RHI does not have support for 64 bit atomics
[2022.11.07-14.54.27:750][  0]LogD3D11RHI: Intel Extensions support version Full=16777216, Major=1, Minor=0, Revision=0
[2022.11.07-14.54.27:750][  0]LogD3D11RHI: Intel Extensions support version Full=16777217, Major=1, Minor=0, Revision=1
[2022.11.07-14.54.27:751][  0]LogD3D11RHI: Intel Extensions Framework enabled
[2022.11.07-14.54.27:755][  0]LogD3D11RHI: [IntelMetricsDiscovery] Started
[2022.11.07-14.54.27:755][  0]LogD3D11RHI: Async texture creation enabled
[2022.11.07-14.54.27:755][  0]LogD3D11RHI: Array index from any shader is supported
[2022.11.07-14.54.27:793][  0]LogD3D11RHI: GPU Timing Frequency: 19.200000 (Debug: 2 0)
[2022.11.07-14.54.28:213][  0]LogTargetPlatformManager: Display: Loaded TargetPlatform 'AllDesktop'
[2022.11.07-14.54.28:256][  0]LogTargetPlatformManager: Display: Loaded TargetPlatform 'Android'
[2022.11.07-14.54.28:257][  0]LogTargetPlatformManager: Display: Loaded TargetPlatform 'Android_ASTC'
[2022.11.07-14.54.28:257][  0]LogTargetPlatformManager: Display: Loaded TargetPlatform 'Android_DXT'
[2022.11.07-14.54.28:257][  0]LogTargetPlatformManager: Display: Loaded TargetPlatform 'Android_ETC2'
[2022.11.07-14.54.28:257][  0]LogTargetPlatformManager: Display: Loaded TargetPlatform 'AndroidClient'
[2022.11.07-14.54.28:257][  0]LogTargetPlatformManager: Display: Loaded TargetPlatform 'Android_ASTCClient'
[2022.11.07-14.54.28:257][  0]LogTargetPlatformManager: Display: Loaded TargetPlatform 'Android_DXTClient'
[2022.11.07-14.54.28:257][  0]LogTargetPlatformManager: Display: Loaded TargetPlatform 'Android_ETC2Client'
[2022.11.07-14.54.28:257][  0]LogTargetPlatformManager: Display: Loaded TargetPlatform 'Android_Multi'
[2022.11.07-14.54.28:257][  0]LogTargetPlatformManager: Display: Loaded TargetPlatform 'Android_MultiClient'
[2022.11.07-14.54.28:301][  0]LogTargetPlatformManager: Display: Loaded TargetPlatform 'IOSClient'
[2022.11.07-14.54.28:301][  0]LogTargetPlatformManager: Display: Loaded TargetPlatform 'IOS'
[2022.11.07-14.54.28:323][  0]LogTargetPlatformManager: Display: Loaded TargetPlatform 'Linux'
[2022.11.07-14.54.28:336][  0]LogTargetPlatformManager: Display: Loaded TargetPlatform 'LinuxNoEditor'
[2022.11.07-14.54.28:348][  0]LogTargetPlatformManager: Display: Loaded TargetPlatform 'LinuxClient'
[2022.11.07-14.54.28:359][  0]LogTargetPlatformManager: Display: Loaded TargetPlatform 'LinuxServer'
[2022.11.07-14.54.28:377][  0]LogTargetPlatformManager: Display: Loaded TargetPlatform 'LinuxAArch64NoEditor'
[2022.11.07-14.54.28:386][  0]LogTargetPlatformManager: Display: Loaded TargetPlatform 'LinuxAArch64Client'
[2022.11.07-14.54.28:393][  0]LogTargetPlatformManager: Display: Loaded TargetPlatform 'LinuxAArch64Server'
[2022.11.07-14.54.28:442][  0]LogTargetPlatformManager: Display: Loaded TargetPlatform 'Lumin'
[2022.11.07-14.54.28:442][  0]LogTargetPlatformManager: Display: Loaded TargetPlatform 'LuminClient'
[2022.11.07-14.54.28:458][  0]LogTargetPlatformManager: Display: Loaded TargetPlatform 'MacNoEditor'
[2022.11.07-14.54.28:468][  0]LogTargetPlatformManager: Display: Loaded TargetPlatform 'Mac'
[2022.11.07-14.54.28:475][  0]LogTargetPlatformManager: Display: Loaded TargetPlatform 'MacClient'
[2022.11.07-14.54.28:485][  0]LogTargetPlatformManager: Display: Loaded TargetPlatform 'MacServer'
[2022.11.07-14.54.28:503][  0]LogTargetPlatformManager: Display: Loaded TargetPlatform 'TVOSClient'
[2022.11.07-14.54.28:503][  0]LogTargetPlatformManager: Display: Loaded TargetPlatform 'TVOS'
[2022.11.07-14.54.28:518][  0]LogTargetPlatformManager: Display: Loaded TargetPlatform 'WindowsNoEditor'
[2022.11.07-14.54.28:527][  0]LogTargetPlatformManager: Display: Loaded TargetPlatform 'Windows'
[2022.11.07-14.54.28:535][  0]LogTargetPlatformManager: Display: Loaded TargetPlatform 'WindowsClient'
[2022.11.07-14.54.28:546][  0]LogTargetPlatformManager: Display: Loaded TargetPlatform 'WindowsServer'
[2022.11.07-14.54.28:546][  0]LogTargetPlatformManager: Display: Building Assets For Windows
[2022.11.07-14.54.28:626][  0]LogAudioDebug: Display: Lib vorbis DLL was dynamically loaded.
[2022.11.07-14.54.28:784][  0]LogTextureFormatOodle: Display: Oodle Texture 2.9.0 init RDO Off
[2022.11.07-14.54.29:041][  0]LogRendererCore: Ray tracing is disabled. Reason: r.RayTracing=0.
[2022.11.07-14.54.29:043][  0]LogShaderCompilers: Guid format shader working directory is -24 characters bigger than the processId version (../../../../../../Users/Anastasia/Documents/Unreal Projects/UE_Course_HW2/Intermediate/Shaders/WorkingDirectory/27432/).
[2022.11.07-14.54.29:043][  0]LogShaderCompilers: Cleaned the shader compiler working directory 'C:/Users/Anastasia/AppData/Local/Temp/UnrealShaderWorkingDir/2D523EFE4965C1292213139AD4C52EF2/'.
[2022.11.07-14.54.29:044][  0]LogXGEController: Cannot use XGE Controller as Incredibuild is not installed on this machine.
[2022.11.07-14.54.29:044][  0]LogShaderCompilers: Cannot use XGE Shader Compiler as Incredibuild is not installed on this machine.
[2022.11.07-14.54.29:044][  0]LogShaderCompilers: Display: Using Local Shader Compiler.
[2022.11.07-14.54.33:576][  0]LogDerivedDataCache: Display: Max Cache Size: 512 MB
[2022.11.07-14.54.33:698][  0]LogDerivedDataCache: Loaded boot cache 0.12s 103MB C:/Users/Anastasia/AppData/Local/UnrealEngine/4.27/DerivedDataCache/Boot.ddc.
[2022.11.07-14.54.33:698][  0]LogDerivedDataCache: Display: Loaded Boot cache: C:/Users/Anastasia/AppData/Local/UnrealEngine/4.27/DerivedDataCache/Boot.ddc
[2022.11.07-14.54.33:699][  0]LogDerivedDataCache: FDerivedDataBackendGraph:  Pak pak cache file ../../../../../../Users/Anastasia/Documents/Unreal Projects/UE_Course_HW2/DerivedDataCache/DDC.ddp not found, will not use a pak cache.
[2022.11.07-14.54.33:699][  0]LogDerivedDataCache: Unable to find inner node Pak for hierarchical cache Hierarchy.
[2022.11.07-14.54.33:699][  0]LogDerivedDataCache: FDerivedDataBackendGraph:  CompressedPak pak cache file ../../../../../../Users/Anastasia/Documents/Unreal Projects/UE_Course_HW2/DerivedDataCache/Compressed.ddp not found, will not use a pak cache.
[2022.11.07-14.54.33:699][  0]LogDerivedDataCache: Unable to find inner node CompressedPak for hierarchical cache Hierarchy.
[2022.11.07-14.54.33:738][  0]LogDerivedDataCache: Display: Pak cache opened for reading ../../../Engine/DerivedDataCache/Compressed.ddp.
[2022.11.07-14.54.33:738][  0]LogDerivedDataCache: FDerivedDataBackendGraph:  EnterprisePak pak cache file ../../../Enterprise/DerivedDataCache/Compressed.ddp not found, will not use a pak cache.
[2022.11.07-14.54.33:739][  0]LogDerivedDataCache: Unable to find inner node EnterprisePak for hierarchical cache Hierarchy.
[2022.11.07-14.54.33:757][  0]LogDerivedDataCache: Speed tests for C:/Users/Anastasia/AppData/Local/UnrealEngine/Common/DerivedDataCache took 0.02 seconds
[2022.11.07-14.54.33:757][  0]LogDerivedDataCache: Display: Performance to C:/Users/Anastasia/AppData/Local/UnrealEngine/Common/DerivedDataCache: Latency=0.15ms. RandomReadSpeed=93.26MBs, RandomWriteSpeed=163.40MBs. Assigned SpeedClass 'Local'
[2022.11.07-14.54.33:759][  0]LogDerivedDataCache: Using Local data cache path C:/Users/Anastasia/AppData/Local/UnrealEngine/Common/DerivedDataCache: Writable
[2022.11.07-14.54.33:759][  0]LogDerivedDataCache: Shared data cache path not found in *engine.ini, will not use an Shared cache.
[2022.11.07-14.54.33:759][  0]LogDerivedDataCache: Unable to find inner node Shared for hierarchical cache Hierarchy.
[2022.11.07-14.54.33:834][  0]LogSlate: Using FreeType 2.10.0
[2022.11.07-14.54.33:853][  0]LogSlate: SlateFontServices - WITH_FREETYPE: 1, WITH_HARFBUZZ: 1
[2022.11.07-14.54.33:914][  0]LogAssetRegistry: FAssetRegistry took 0.0089 seconds to start up
[2022.11.07-14.54.34:459][  0]LogInit: Selected Device Profile: [Windows]
[2022.11.07-14.54.34:460][  0]LogInit: Active device profile: [000001D84402B900][000001D8424FD640 49] Windows
[2022.11.07-14.54.34:460][  0]LogInit: Profiles: [000001D84402B900][000001D8424FD640 49] Windows, [000001D843FE0900][000001D8447DD7C0 49] WindowsNoEditor, [000001D844028900][000001D8447E1940 49] WindowsServer, [000001D843FE3100][000001D8447E5AC0 49] WindowsClient, [000001D84402B000][000001D8447E80C0 49] IOS, [000001D843FE1200][000001D8447EC240 49] iPadAir, [000001D844029100][000001D8447F03C0 49] iPadAir2, [000001D843F94100][000001D8447F8680 49] IPadPro, [000001D843F93F00][000001D8447F46C0 49] iPadAir3, [000001D84402AB00][000001D8447FC840 49] iPadAir4, [000001D843F90E00][000001D83C69E980 49] iPadMini2, [000001D844029500][000001D844800AC0 49] iPadMini3, [000001D843F92C00][000001D844804C00 49] iPadMini4, [000001D84402A300][000001D844808D40 49] iPadMini5, [000001D843FE2B00][000001D844815000 49] iPhone6, [000001D843FE2A00][000001D844811040 49] iPodTouch6, [000001D843F91000][000001D84481D300 49] iPhone7, [000001D843F91100][000001D844819340 49] iPodTouch7, [000001D843FE0B00][000001D8421AD4C0 49] iPhone5S, [000001D843F93000][000001D8421BD640 49] iPhone6Plus, [000001D843FE1400][000001D8421C17C0 49] iPhone6S, [000001D843F91F00][000001D8421C5940 49] iPhone6SPlus, [000001D843FE2100][000001D8421C9AC0 49] iPhone7Plus, [000001D843F93D00][000001D8421CC0C0 49] iPhoneSE, [000001D843FE1B00][000001D8421D0240 49] iPhone8, [000001D843F91B00][000001D8421D43C0 49] iPhone8Plus, [000001D843FE0400][000001D8421D8540 49] iPhoneX, [000001D843F90400][000001D8421DC6C0 49] iPhoneXS, [000001D843FE1C00][000001D8421E0840 49] iPhoneXSMax, [000001D843F92E00][000001D8421E49C0 49] iPhoneXR, [000001D843FE1500][000001D8448A2B40 49] iPhone11, [000001D843F92000][000001D84480CC80 49] iPhone11Pro, [000001D843FE3500][000001D8448A6DC0 49] iPhone11ProMax, [000001D843F93400][000001D8448AAF00 49] iPhoneSE2, [000001D843FE3800][000001D8448B3080 49] iPhone12Mini, [000001D843F90B00][000001D8448B7200 49] iPhone12, [000001D843FE2400][000001D8448BB380 49] iPhone12Pro, [000001D843F92400][000001D8448BF500 49] iPhone12ProMax, [000001D843FE1000][000001D8448C3680 49] iPadPro105, [000001D843F90300][000001D8448C7800 49] iPadPro129, [000001D843FE3000][000001D8448CB980 49] iPadPro97, [000001D843F92100][000001D8448CFB00 49] iPadPro2_129, [000001D843FE3C00][000001D8448D2100 49] iPad5, [000001D843F91A00][000001D8448D6280 49] iPad6, [000001D843FE1100][000001D8448DA400 49] iPad7, [000001D843F92F00][000001D8448DE580 49] iPad8, [000001D843FE0C00][000001D8448E2700 49] iPadPro11, [000001D843F92800][000001D8448E6880 49] iPadPro2_11, [000001D843FE0600][000001D8448EAA00 49] iPadPro3_129, [000001D843F91D00][000001D8448EEB80 49] iPadPro4_129, [000001D843FE0D00][000001D8448F2D00 49] AppleTV, [000001D843F91200][000001D8448AEE40 49] AppleTV4K, [000001D843FE1700][000001D8448F6F80 49] TVOS, [000001D843F93500][000001D8448FB0C0 49] Mac, [000001D843FE3D00][000001D844903240 49] MacClient, [000001D843F90800][000001D8449073C0 49] MacNoEditor, [000001D843FE2D00][000001D84490B540 49] MacServer, [000001D843F93100][000001D838F1D6C0 49] Linux, [000001D843FE3600][000001D838F21840 49] LinuxAArch64, [000001D843F91E00][000001D838F259C0 49] LinuxNoEditor, [000001D843FE1D00][000001D838F29B40 49] LinuxAArch64NoEditor, [000001D8440A0800][000001D838F2C140 49] LinuxClient, [000001D843F94200][000001D838F302C0 49] LinuxAArch64Client, [000001D8440A0300][000001D838F34440 49] LinuxServer, [000001D843F97B00][000001D838F385C0 49] LinuxAArch64Server, [000001D8440A0100][000001D838F3C740 49] Android, [000001D843F95000][000001D838F408C0 49] Android_Low, [000001D8440A2000][000001D838F44A40 49] Android_Mid, [000001D843F96A00][000001D838F48BC0 49] Android_High, [000001D8440A1100][000001D838F4CD40 49] Android_Default, [000001D843F95300][000001D838F50EC0 49] Android_Adreno4xx, [000001D8440A2100][000001D8448FF000 49] Android_Adreno5xx_Low, [000001D843F94F00][000001D838F55140 49] Android_Adreno5xx, [000001D8440A0B00][000001D838F59280 49] Android_Adreno6xx, [000001D843F94A00][000001D838F5D3C0 49] Android_Adreno6xx_Vulkan, [000001D8440A1F00][000001D838F65540 49] Android_Mali_T6xx, [000001D843F96200][000001D838F696C0 49] Android_Mali_T7xx, [000001D8440A0700][000001D838F7B840 49] Android_Mali_T8xx, [000001D843F94700][000001D838F7F9C0 49] Android_Mali_G71, [000001D8440A2300][000001D838F91B40 49] Android_Mali_G72, [000001D843F95F00][000001D838F94140 49] Android_Mali_G72_Vulkan, [000001D8440A1900][000001D838F982C0 49] Android_Mali_G76, [000001D843F96400][000001D838F9C440 49] Android_Mali_G76_Vulkan, [000001D843FE2600][000001D838FA05C0 49] Android_Mali_G77, [000001D843F92D00][000001D83E200740 49] Android_Mali_G77_Vulkan, [000001D843FE2200][000001D83E2048C0 49] Android_Mali_G78, [000001D843F92600][000001D83E208A40 49] Android_Mali_G78_Vulkan, [000001D843FE2800][000001D83E20CBC0 49] Android_Mali_G710, [000001D843F93300][000001D839266D40 49] Android_Mali_G710_Vulkan, [000001D843F96D00][000001D83926AEC0 49] Android_Vulkan_SM5, [000001D8440A1B00][000001D83926F040 49] Android_PowerVR_G6xxx, [000001D843FE1600][000001D838F61180 49] Android_PowerVR_GT7xxx, [000001D8440A1500][000001D8392732C0 49] Android_PowerVR_GE8xxx, [000001D843FE3B00][000001D83927B400 49] Android_PowerVR_GM9xxx, [000001D8440A1300][000001D839283540 49] Android_PowerVR_GM9xxx_Vulkan, [000001D843FE1800][000001D8392936C0 49] Android_TegraK1, [000001D8440A1200][000001D839297840 49] Android_Unknown_Vulkan, [000001D843FE0200][000001D83929B9C0 49] Lumin, [000001D8440A1700][000001D83929FB40 49] Lumin_Desktop, [000001D843FE0800][000001D8392A2140 49] HoloLens, 
[2022.11.07-14.54.34:971][  0]LogMeshReduction: Using QuadricMeshReduction for automatic static mesh reduction
[2022.11.07-14.54.34:971][  0]LogMeshReduction: Using SimplygonMeshReduction for automatic skeletal mesh reduction
[2022.11.07-14.54.34:971][  0]LogMeshReduction: Using ProxyLODMeshReduction for automatic mesh merging
[2022.11.07-14.54.34:971][  0]LogMeshReduction: No distributed automatic mesh merging module available
[2022.11.07-14.54.34:972][  0]LogMeshMerging: No distributed automatic mesh merging module available
[2022.11.07-14.54.35:066][  0]LogNetVersion: UE_Course_HW2 1.0.0, NetCL: 17155196, EngineNetVer: 17, GameNetVer: 0 (Checksum: 1455760978)
[2022.11.07-14.54.36:993][  0]LogTexture: Default maximum texture size for cubemaps generated from long-lat sources has been changed from 512 to unlimited. In order to preserve old behaiour for '/Engine/MapTemplates/Sky/DaylightAmbientCubemap.DaylightAmbientCubemap', its maximum texture size has been explicitly set to 512.
[2022.11.07-14.54.37:216][  0]LogHMD: PokeAHoleMaterial loaded successfully
[2022.11.07-14.54.37:226][  0]LogUObjectArray: 17178 objects as part of root set at end of initial load.
[2022.11.07-14.54.37:227][  0]LogUObjectAllocator: 4302048 out of 0 bytes used by permanent object pool.
[2022.11.07-14.54.37:227][  0]LogUObjectArray: CloseDisregardForGC: 0/0 objects in disregard for GC pool
[2022.11.07-14.54.38:364][  0]LogNiagaraDebuggerClient: Niagara Debugger Client Initialized | Session: 33A579B841BCAC74257D4BB3F0F60C28 | Instance: 49D1DA2444631F4609C9348BE8C21654 (DESKTOP-69AEL7H-27432).
[2022.11.07-14.54.38:776][  0]LogPython: Using Python 3.7.7
[2022.11.07-14.54.40:083][  0]LogTcpMessaging: Initializing TcpMessaging bridge
[2022.11.07-14.54.40:096][  0]LogUdpMessaging: Initializing bridge on interface 0.0.0.0:0 to multicast group 230.0.0.1:6666.
[2022.11.07-14.54.41:073][  0]SourceControl: Source control is disabled
[2022.11.07-14.54.41:073][  0]SourceControl: Source control is disabled
[2022.11.07-14.54.41:113][  0]SourceControl: Source control is disabled
[2022.11.07-14.54.41:122][  0]SourceControl: Source control is disabled
[2022.11.07-14.54.41:152][  0]SourceControl: Source control is disabled
[2022.11.07-14.54.41:165][  0]LogUProjectInfo: Found projects:
[2022.11.07-14.54.41:907][  0]LogOpenImageDenoise: OIDN starting up
[2022.11.07-14.54.41:939][  0]LogAndroidPermission: UAndroidPermissionCallbackProxy::GetInstance
[2022.11.07-14.54.41:982][  0]LogAudioCaptureCore: Display: No Audio Capture implementations found. Audio input will be silent.
[2022.11.07-14.54.41:983][  0]LogAudioCaptureCore: Display: No Audio Capture implementations found. Audio input will be silent.
[2022.11.07-14.54.42:607][  0]LogCollectionManager: Loaded 0 collections in 0.003480 seconds
[2022.11.07-14.54.42:683][  0]LogFileCache: Scanning file cache for directory 'C:/Users/Anastasia/Documents/Unreal Projects/UE_Course_HW2/Saved/Collections/' took 0.00s
[2022.11.07-14.54.42:683][  0]LogFileCache: Scanning file cache for directory 'C:/Users/Anastasia/Documents/Unreal Projects/UE_Course_HW2/Content/Developers/Anastasia/Collections/' took 0.00s
[2022.11.07-14.54.42:684][  0]LogFileCache: Scanning file cache for directory 'C:/Users/Anastasia/Documents/Unreal Projects/UE_Course_HW2/Content/Collections/' took 0.00s
[2022.11.07-14.54.42:684][  0]LogOcInput: OculusInput pre-init called
[2022.11.07-14.54.43:233][  0]LogEngine: Initializing Engine...
[2022.11.07-14.54.43:306][  0]LogHMD: Failed to enumerate extensions. Please check that you have a valid OpenXR runtime installed.
[2022.11.07-14.54.43:306][  0]LogHMD: Failed to initialize OpenVR with code 110
[2022.11.07-14.54.43:307][  0]LogMagicLeap: Warning: VR disabled because ZI is not enabled.  To enable, in the editor, Edit -> Project Settings -> Plugins -> Magic Leap Plugin -> Enable Zero Iteration
[2022.11.07-14.54.43:311][  0]LogStats: UGameplayTagsManager::InitializeManager -  0.001 s
[2022.11.07-14.54.43:810][  0]LogInit: Initializing FReadOnlyCVARCache
[2022.11.07-14.54.43:845][  0]LogAIModule: Creating AISystem for world Untitled
[2022.11.07-14.54.43:847][  0]LogAudio: Display: Initializing Audio Device Manager...
[2022.11.07-14.54.43:855][  0]LogAudio: Display: Loading Default Audio Settings Objects...
[2022.11.07-14.54.43:862][  0]LogAudio: Display: No default SoundConcurrencyObject specified (or failed to load).
[2022.11.07-14.54.43:863][  0]LogAudio: Display: Audio Device Manager Initialized
[2022.11.07-14.54.43:864][  0]LogAudio: Display: Creating Audio Device:                 Id: 1, Scope: Shared, Realtime: True
[2022.11.07-14.54.43:864][  0]LogAudioMixer: Display: Audio Mixer Platform Settings:
[2022.11.07-14.54.43:864][  0]LogAudioMixer: Display: 	Sample Rate:						  48000
[2022.11.07-14.54.43:865][  0]LogAudioMixer: Display: 	Callback Buffer Frame Size Requested: 1024
[2022.11.07-14.54.43:865][  0]LogAudioMixer: Display: 	Callback Buffer Frame Size To Use:	  1024
[2022.11.07-14.54.43:865][  0]LogAudioMixer: Display: 	Number of buffers to queue:			  2
[2022.11.07-14.54.43:865][  0]LogAudioMixer: Display: 	Max Channels (voices):				  32
[2022.11.07-14.54.43:865][  0]LogAudioMixer: Display: 	Number of Async Source Workers:		  0
[2022.11.07-14.54.43:865][  0]LogAudio: Display: AudioDevice MaxSources: 32
[2022.11.07-14.54.43:865][  0]LogAudio: Display: Audio Spatialization Plugin: None (built-in).
[2022.11.07-14.54.43:865][  0]LogAudio: Display: Audio Reverb Plugin: None (built-in).
[2022.11.07-14.54.43:866][  0]LogAudio: Display: Audio Occlusion Plugin: None (built-in).
[2022.11.07-14.54.43:866][  0]LogAudioMixer: Display: Initializing audio mixer.
[2022.11.07-14.54.43:896][  0]LogAudioMixer: Display: 0: FrontLeft
[2022.11.07-14.54.43:896][  0]LogAudioMixer: Display: 1: FrontRight
[2022.11.07-14.54.44:328][  0]LogAudioMixer: Display: Using Audio Device Speakers (Realtek(R) Audio)
[2022.11.07-14.54.44:328][  0]LogAudioMixer: Display: Initializing Sound Submixes...
[2022.11.07-14.54.44:357][  0]LogAudioMixer: Display: Creating Master Submix 'MasterSubmixDefault'
[2022.11.07-14.54.44:357][  0]LogAudioMixer: Display: Creating Master Submix 'MasterReverbSubmixDefault'
[2022.11.07-14.54.44:358][  0]LogAudioMixer: Display: Creating Master Submix 'MasterEQSubmixDefault'
[2022.11.07-14.54.44:358][  0]LogAudioMixer: FMixerPlatformXAudio2::StartAudioStream() called
[2022.11.07-14.54.44:359][  0]LogAudioMixer: Display: Output buffers initialized: Frames=1024, Channels=2, Samples=2048
[2022.11.07-14.54.44:361][  0]LogAudioMixer: Display: Starting AudioMixerPlatformInterface::RunInternal()
[2022.11.07-14.54.44:361][  0]LogAudioMixer: Display: FMixerPlatformXAudio2::SubmitBuffer() called for the first time
[2022.11.07-14.54.44:361][  0]LogInit: FAudioDevice initialized.
[2022.11.07-14.54.44:361][  0]LogAudio: Display: Audio Device (ID: 1) registered with world 'Untitled'.
[2022.11.07-14.54.44:361][  0]LogNetVersion: Set ProjectVersion to 1.0.0.0. Version Checksum will be recalculated on next use.
[2022.11.07-14.54.44:441][  0]LogDerivedDataCache: Saved boot cache 0.08s 103MB C:/Users/Anastasia/AppData/Local/UnrealEngine/4.27/DerivedDataCache/Boot.ddc.
[2022.11.07-14.54.44:442][  0]LogInit: Texture streaming: Enabled
[2022.11.07-14.54.44:465][  0]LogAnalytics: Display: [UEEditor.Rocket.Release] APIServer = https://datarouter.ol.epicgames.com/. AppVersion = 4.27.2-18319896+++UE4+Release-4.27
[2022.11.07-14.54.44:473][  0]LogEngineSessionManager: EngineSessionManager initialized
[2022.11.07-14.54.44:473][  0]LogEditorSessionSummary: Verbose: Initializing EditorSessionSummaryWriter for editor session tracking
[2022.11.07-14.54.44:476][  0]LogEditorSessionSummary: EditorSessionSummaryWriter initialized
[2022.11.07-14.54.44:509][  0]LogInit: Transaction tracking system initialized
[2022.11.07-14.54.44:574][  0]BlueprintLog: New page: Editor Load
[2022.11.07-14.54.44:717][  0]LocalizationService: Localization service is disabled
[2022.11.07-14.54.44:786][  0]TimingProfiler: Initialize
[2022.11.07-14.54.44:788][  0]TimingProfiler: OnSessionChanged
[2022.11.07-14.54.44:788][  0]LoadingProfiler: Initialize
[2022.11.07-14.54.44:788][  0]LoadingProfiler: OnSessionChanged
[2022.11.07-14.54.44:789][  0]NetworkingProfiler: Initialize
[2022.11.07-14.54.44:789][  0]NetworkingProfiler: OnSessionChanged
[2022.11.07-14.54.44:789][  0]MemoryProfiler: Initialize
[2022.11.07-14.54.44:789][  0]MemoryProfiler: OnSessionChanged
[2022.11.07-14.54.45:369][  0]LogCook: Display: CookSettings for Memory: MemoryMaxUsedVirtual 0MiB, MemoryMaxUsedPhysical 16384MiB, MemoryMinFreeVirtual 0MiB, MemoryMinFreePhysical 1024MiB
[2022.11.07-14.54.45:370][  0]LogCook: Display: Mobile HDR setting 1
[2022.11.07-14.54.45:383][  0]LogFileCache: Scanning file cache for directory 'C:/Users/Anastasia/Documents/Unreal Projects/UE_Course_HW2/Content/' took 0.01s
[2022.11.07-14.54.46:063][  0]LogInit: Display: Engine is initialized. Leaving FEngineLoop::Init()
[2022.11.07-14.54.46:071][  0]SourceControl: Source control is disabled
[2022.11.07-14.54.46:131][  0]LogWindowsTextInputMethodSystem: Display: IME system deactivated.
[2022.11.07-14.54.46:131][  0]LogWindowsTextInputMethodSystem: Display: IME system deactivated.
[2022.11.07-14.54.46:197][  0]LogSlate: Took 0.008550 seconds to synchronously load lazily loaded font '../../../Engine/Content/Slate/Fonts/Roboto-Regular.ttf' (155K)
[2022.11.07-14.54.55:886][  0]LogSlate: Window 'Restore Packages' being destroyed
[2022.11.07-14.54.55:888][  0]LogWindowsTextInputMethodSystem: Display: IME system deactivated.
[2022.11.07-14.54.55:903][  0]LogUnrealEdMisc: Loading editor; pre map load, took 39.521
[2022.11.07-14.54.55:905][  0]Cmd: MAP LOAD FILE="../../../../../../Users/Anastasia/Documents/Unreal Projects/UE_Course_HW2/Content/ThirdPersonCPP/Maps/ThirdPersonExampleMap.umap" TEMPLATE=0 SHOWPROGRESS=1 FEATURELEVEL=3
[2022.11.07-14.54.55:908][  0]LightingResults: New page: Lighting Build
[2022.11.07-14.54.55:920][  0]LogWorld: UWorld::CleanupWorld for Untitled, bSessionEnded=true, bCleanupResources=true
[2022.11.07-14.54.55:921][  0]LogSlate: InvalidateAllWidgets triggered.  All widgets were invalidated
[2022.11.07-14.54.55:923][  0]MapCheck: New page: Map Check
[2022.11.07-14.54.55:923][  0]LightingResults: New page: Lighting Build
[2022.11.07-14.54.55:932][  0]LogAudio: Display: Audio Device unregistered from world 'None'.
[2022.11.07-14.54.55:965][  0]LogUObjectHash: Compacting FUObjectHashTables data took   1.04ms
[2022.11.07-14.54.56:306][  0]LogTexture: Display: Building textures: HQ_Lightmap0_3 (OODLE_AutoDXT, 64X64)
[2022.11.07-14.54.56:306][  0]LogTexture: Display: Building textures: LQ_Lightmap_0_3 (OODLE_DXT1, 64X64)
[2022.11.07-14.54.56:306][  0]LogTexture: Display: Building textures: LQ_Lightmap_0_2 (OODLE_DXT1, 512X512)
[2022.11.07-14.54.56:306][  0]LogTexture: Display: Building textures: HQ_Lightmap0_2 (OODLE_AutoDXT, 512X512)
[2022.11.07-14.54.56:306][  0]LogTexture: Display: Building textures: SkyOcclusion0_1 (OODLE_AutoDXT, 1024X512)
[2022.11.07-14.54.56:306][  0]LogTexture: Display: Building textures: LQ_Lightmap_0_1 (OODLE_DXT1, 1024X1024)
[2022.11.07-14.54.56:306][  0]LogTexture: Display: Building textures: HQ_Lightmap0_1 (OODLE_AutoDXT, 1024X1024)
[2022.11.07-14.54.56:306][  0]LogTextureFormatOodle: Display: non-RDO encode 1024 x 1024 x 1 to format OODLE_AutoDXT (Oodle OodleTex_BC3) lambda=0 effort=20 
[2022.11.07-14.54.56:306][  0]LogTexture: Display: Building textures: SkyOcclusion0_2 (OODLE_AutoDXT, 512X256)
[2022.11.07-14.54.56:307][  0]LogTextureFormatOodle: Display: non-RDO encode 1024 x 512 x 1 to format OODLE_AutoDXT (Oodle OodleTex_BC3) lambda=0 effort=20 
[2022.11.07-14.54.56:307][  0]LogTextureFormatOodle: Display: non-RDO encode 1024 x 1024 x 1 to format OODLE_DXT1 (Oodle OodleTex_BC1_WithTransparency) lambda=0 effort=20 
[2022.11.07-14.54.56:307][  0]LogTexture: Display: Building textures: SkyOcclusion0_3 (OODLE_AutoDXT, 64X32)
[2022.11.07-14.54.56:312][  0]LogAudio: Display: Audio Device (ID: 1) registered with world 'ThirdPersonExampleMap'.
[2022.11.07-14.54.56:314][  0]LogAIModule: Creating AISystem for world ThirdPersonExampleMap
[2022.11.07-14.54.56:336][  0]LogEditorServer: Finished looking for orphan Actors (0.000 secs)
[2022.11.07-14.54.56:365][  0]LogUObjectHash: Compacting FUObjectHashTables data took   0.75ms
[2022.11.07-14.54.56:372][  0]Cmd: MAP CHECKDEP NOCLEARLOG
[2022.11.07-14.54.56:373][  0]MapCheck: Map check complete: 0 Error(s), 0 Warning(s), took 0.232ms to complete.
[2022.11.07-14.54.56:373][  0]LogFileHelpers: Loading map 'ThirdPersonExampleMap' took 0.468
[2022.11.07-14.54.56:384][  0]LogUnrealEdMisc: Total Editor Startup Time, took 40.002
[2022.11.07-14.54.56:413][  0]LogWindowsTextInputMethodSystem: Display: IME system deactivated.
[2022.11.07-14.54.56:518][  0]LogSlate: Updating window title bar state: overlay mode, drag disabled, window buttons hidden, title bar hidden
[2022.11.07-14.54.56:525][  0]LogSlate: Updating window title bar state: overlay mode, drag disabled, window buttons hidden, title bar hidden
[2022.11.07-14.54.56:536][  0]LogSlate: Updating window title bar state: overlay mode, drag disabled, window buttons hidden, title bar hidden
[2022.11.07-14.54.56:543][  0]LogSlate: Updating window title bar state: overlay mode, drag disabled, window buttons hidden, title bar hidden
[2022.11.07-14.54.56:584][  0]LogNativeClassHierarchy: Verbose: Native class hierarchy populated in 0.0091 seconds. Added 3825 classes and 931 folders.
[2022.11.07-14.54.56:594][  0]LogNativeClassHierarchy: Verbose: Native class hierarchy updated for 'WidgetCarousel' in 0.0003 seconds. Added 0 classes and 0 folders.
[2022.11.07-14.54.56:609][  0]LogPakFile: PakFile PrimaryIndexSize=187
[2022.11.07-14.54.56:609][  0]LogPakFile: PakFile PathHashIndexSize=101
[2022.11.07-14.54.56:609][  0]LogPakFile: PakFile FullDirectoryIndexSize=148
[2022.11.07-14.54.56:610][  0]LogShaderLibrary: Display: ShaderCodeLibraryPakFileMountedCallback: PakFile 'C:/Program Files/Epic Games/UE_4.27/FeaturePacks/FP_FirstPerson.upack' (chunk index -1, root 'root:/') mounted
[2022.11.07-14.54.56:610][  0]LogShaderLibrary: Display: ShaderCodeLibraryPakFileMountedCallback: pending pak file info (ChunkID:-1 Root:root:/ File:C:/Program Files/Epic Games/UE_4.27/FeaturePacks/FP_FirstPerson.upack)
[2022.11.07-14.54.56:610][  0]LogPakFile: OnPakFileMounted2Time == 0.000944
[2022.11.07-14.54.56:621][  0]LogPakFile: PakFile PrimaryIndexSize=189
[2022.11.07-14.54.56:621][  0]LogPakFile: PakFile PathHashIndexSize=101
[2022.11.07-14.54.56:621][  0]LogPakFile: PakFile FullDirectoryIndexSize=152
[2022.11.07-14.54.56:622][  0]LogShaderLibrary: Display: ShaderCodeLibraryPakFileMountedCallback: PakFile 'C:/Program Files/Epic Games/UE_4.27/FeaturePacks/FP_FirstPersonBP.upack' (chunk index -1, root 'root:/') mounted
[2022.11.07-14.54.56:622][  0]LogShaderLibrary: Display: ShaderCodeLibraryPakFileMountedCallback: pending pak file info (ChunkID:-1 Root:root:/ File:C:/Program Files/Epic Games/UE_4.27/FeaturePacks/FP_FirstPersonBP.upack)
[2022.11.07-14.54.56:622][  0]LogPakFile: OnPakFileMounted2Time == 0.000197
[2022.11.07-14.54.56:627][  0]LogPakFile: PakFile PrimaryIndexSize=191
[2022.11.07-14.54.56:627][  0]LogPakFile: PakFile PathHashIndexSize=101
[2022.11.07-14.54.56:627][  0]LogPakFile: PakFile FullDirectoryIndexSize=160
[2022.11.07-14.54.56:628][  0]LogShaderLibrary: Display: ShaderCodeLibraryPakFileMountedCallback: PakFile 'C:/Program Files/Epic Games/UE_4.27/FeaturePacks/MobileStarterContent.upack' (chunk index -1, root 'root:/') mounted
[2022.11.07-14.54.56:628][  0]LogShaderLibrary: Display: ShaderCodeLibraryPakFileMountedCallback: pending pak file info (ChunkID:-1 Root:root:/ File:C:/Program Files/Epic Games/UE_4.27/FeaturePacks/MobileStarterContent.upack)
[2022.11.07-14.54.56:628][  0]LogPakFile: OnPakFileMounted2Time == 0.000344
[2022.11.07-14.54.56:635][  0]LogPakFile: PakFile PrimaryIndexSize=185
[2022.11.07-14.54.56:636][  0]LogPakFile: PakFile PathHashIndexSize=101
[2022.11.07-14.54.56:636][  0]LogPakFile: PakFile FullDirectoryIndexSize=148
[2022.11.07-14.54.56:636][  0]LogShaderLibrary: Display: ShaderCodeLibraryPakFileMountedCallback: PakFile 'C:/Program Files/Epic Games/UE_4.27/FeaturePacks/StarterContent.upack' (chunk index -1, root 'root:/') mounted
[2022.11.07-14.54.56:636][  0]LogShaderLibrary: Display: ShaderCodeLibraryPakFileMountedCallback: pending pak file info (ChunkID:-1 Root:root:/ File:C:/Program Files/Epic Games/UE_4.27/FeaturePacks/StarterContent.upack)
[2022.11.07-14.54.56:636][  0]LogPakFile: OnPakFileMounted2Time == 0.000134
[2022.11.07-14.54.56:642][  0]LogPakFile: PakFile PrimaryIndexSize=190
[2022.11.07-14.54.56:642][  0]LogPakFile: PakFile PathHashIndexSize=101
[2022.11.07-14.54.56:643][  0]LogPakFile: PakFile FullDirectoryIndexSize=154
[2022.11.07-14.54.56:643][  0]LogShaderLibrary: Display: ShaderCodeLibraryPakFileMountedCallback: PakFile 'C:/Program Files/Epic Games/UE_4.27/FeaturePacks/TP_2DSideScroller.upack' (chunk index -1, root 'root:/') mounted
[2022.11.07-14.54.56:643][  0]LogShaderLibrary: Display: ShaderCodeLibraryPakFileMountedCallback: pending pak file info (ChunkID:-1 Root:root:/ File:C:/Program Files/Epic Games/UE_4.27/FeaturePacks/TP_2DSideScroller.upack)
[2022.11.07-14.54.56:643][  0]LogPakFile: OnPakFileMounted2Time == 0.000201
[2022.11.07-14.54.56:648][  0]LogPakFile: PakFile PrimaryIndexSize=192
[2022.11.07-14.54.56:649][  0]LogPakFile: PakFile PathHashIndexSize=101
[2022.11.07-14.54.56:649][  0]LogPakFile: PakFile FullDirectoryIndexSize=158
[2022.11.07-14.54.56:649][  0]LogShaderLibrary: Display: ShaderCodeLibraryPakFileMountedCallback: PakFile 'C:/Program Files/Epic Games/UE_4.27/FeaturePacks/TP_2DSideScrollerBP.upack' (chunk index -1, root 'root:/') mounted
[2022.11.07-14.54.56:649][  0]LogShaderLibrary: Display: ShaderCodeLibraryPakFileMountedCallback: pending pak file info (ChunkID:-1 Root:root:/ File:C:/Program Files/Epic Games/UE_4.27/FeaturePacks/TP_2DSideScrollerBP.upack)
[2022.11.07-14.54.56:649][  0]LogPakFile: OnPakFileMounted2Time == 0.000142
[2022.11.07-14.54.56:656][  0]LogPakFile: PakFile PrimaryIndexSize=182
[2022.11.07-14.54.56:657][  0]LogPakFile: PakFile PathHashIndexSize=101
[2022.11.07-14.54.56:657][  0]LogPakFile: PakFile FullDirectoryIndexSize=138
[2022.11.07-14.54.56:657][  0]LogShaderLibrary: Display: ShaderCodeLibraryPakFileMountedCallback: PakFile 'C:/Program Files/Epic Games/UE_4.27/FeaturePacks/TP_Flying.upack' (chunk index -1, root 'root:/') mounted
[2022.11.07-14.54.56:657][  0]LogShaderLibrary: Display: ShaderCodeLibraryPakFileMountedCallback: pending pak file info (ChunkID:-1 Root:root:/ File:C:/Program Files/Epic Games/UE_4.27/FeaturePacks/TP_Flying.upack)
[2022.11.07-14.54.56:657][  0]LogPakFile: OnPakFileMounted2Time == 0.000245
[2022.11.07-14.54.56:663][  0]LogPakFile: PakFile PrimaryIndexSize=184
[2022.11.07-14.54.56:664][  0]LogPakFile: PakFile PathHashIndexSize=101
[2022.11.07-14.54.56:664][  0]LogPakFile: PakFile FullDirectoryIndexSize=142
[2022.11.07-14.54.56:664][  0]LogShaderLibrary: Display: ShaderCodeLibraryPakFileMountedCallback: PakFile 'C:/Program Files/Epic Games/UE_4.27/FeaturePacks/TP_FlyingBP.upack' (chunk index -1, root 'root:/') mounted
[2022.11.07-14.54.56:664][  0]LogShaderLibrary: Display: ShaderCodeLibraryPakFileMountedCallback: pending pak file info (ChunkID:-1 Root:root:/ File:C:/Program Files/Epic Games/UE_4.27/FeaturePacks/TP_FlyingBP.upack)
[2022.11.07-14.54.56:664][  0]LogPakFile: OnPakFileMounted2Time == 0.000169
[2022.11.07-14.54.56:672][  0]LogPakFile: PakFile PrimaryIndexSize=188
[2022.11.07-14.54.56:672][  0]LogPakFile: PakFile PathHashIndexSize=101
[2022.11.07-14.54.56:672][  0]LogPakFile: PakFile FullDirectoryIndexSize=150
[2022.11.07-14.54.56:672][  0]LogShaderLibrary: Display: ShaderCodeLibraryPakFileMountedCallback: PakFile 'C:/Program Files/Epic Games/UE_4.27/FeaturePacks/TP_HandheldARBP.upack' (chunk index -1, root 'root:/') mounted
[2022.11.07-14.54.56:672][  0]LogShaderLibrary: Display: ShaderCodeLibraryPakFileMountedCallback: pending pak file info (ChunkID:-1 Root:root:/ File:C:/Program Files/Epic Games/UE_4.27/FeaturePacks/TP_HandheldARBP.upack)
[2022.11.07-14.54.56:672][  0]LogPakFile: OnPakFileMounted2Time == 0.000204
[2022.11.07-14.54.56:680][  0]LogPakFile: PakFile PrimaryIndexSize=182
[2022.11.07-14.54.56:680][  0]LogPakFile: PakFile PathHashIndexSize=101
[2022.11.07-14.54.56:681][  0]LogPakFile: PakFile FullDirectoryIndexSize=138
[2022.11.07-14.54.56:681][  0]LogShaderLibrary: Display: ShaderCodeLibraryPakFileMountedCallback: PakFile 'C:/Program Files/Epic Games/UE_4.27/FeaturePacks/TP_Puzzle.upack' (chunk index -1, root 'root:/') mounted
[2022.11.07-14.54.56:681][  0]LogShaderLibrary: Display: ShaderCodeLibraryPakFileMountedCallback: pending pak file info (ChunkID:-1 Root:root:/ File:C:/Program Files/Epic Games/UE_4.27/FeaturePacks/TP_Puzzle.upack)
[2022.11.07-14.54.56:681][  0]LogPakFile: OnPakFileMounted2Time == 0.000197
[2022.11.07-14.54.56:687][  0]LogPakFile: PakFile PrimaryIndexSize=184
[2022.11.07-14.54.56:688][  0]LogPakFile: PakFile PathHashIndexSize=101
[2022.11.07-14.54.56:688][  0]LogPakFile: PakFile FullDirectoryIndexSize=142
[2022.11.07-14.54.56:688][  0]LogShaderLibrary: Display: ShaderCodeLibraryPakFileMountedCallback: PakFile 'C:/Program Files/Epic Games/UE_4.27/FeaturePacks/TP_PuzzleBP.upack' (chunk index -1, root 'root:/') mounted
[2022.11.07-14.54.56:688][  0]LogShaderLibrary: Display: ShaderCodeLibraryPakFileMountedCallback: pending pak file info (ChunkID:-1 Root:root:/ File:C:/Program Files/Epic Games/UE_4.27/FeaturePacks/TP_PuzzleBP.upack)
[2022.11.07-14.54.56:688][  0]LogPakFile: OnPakFileMounted2Time == 0.000160
[2022.11.07-14.54.56:695][  0]LogPakFile: PakFile PrimaryIndexSize=183
[2022.11.07-14.54.56:695][  0]LogPakFile: PakFile PathHashIndexSize=101
[2022.11.07-14.54.56:695][  0]LogPakFile: PakFile FullDirectoryIndexSize=140
[2022.11.07-14.54.56:695][  0]LogShaderLibrary: Display: ShaderCodeLibraryPakFileMountedCallback: PakFile 'C:/Program Files/Epic Games/UE_4.27/FeaturePacks/TP_Rolling.upack' (chunk index -1, root 'root:/') mounted
[2022.11.07-14.54.56:695][  0]LogShaderLibrary: Display: ShaderCodeLibraryPakFileMountedCallback: pending pak file info (ChunkID:-1 Root:root:/ File:C:/Program Files/Epic Games/UE_4.27/FeaturePacks/TP_Rolling.upack)
[2022.11.07-14.54.56:695][  0]LogPakFile: OnPakFileMounted2Time == 0.000168
[2022.11.07-14.54.56:703][  0]LogPakFile: PakFile PrimaryIndexSize=185
[2022.11.07-14.54.56:703][  0]LogPakFile: PakFile PathHashIndexSize=101
[2022.11.07-14.54.56:703][  0]LogPakFile: PakFile FullDirectoryIndexSize=144
[2022.11.07-14.54.56:703][  0]LogShaderLibrary: Display: ShaderCodeLibraryPakFileMountedCallback: PakFile 'C:/Program Files/Epic Games/UE_4.27/FeaturePacks/TP_RollingBP.upack' (chunk index -1, root 'root:/') mounted
[2022.11.07-14.54.56:703][  0]LogShaderLibrary: Display: ShaderCodeLibraryPakFileMountedCallback: pending pak file info (ChunkID:-1 Root:root:/ File:C:/Program Files/Epic Games/UE_4.27/FeaturePacks/TP_RollingBP.upack)
[2022.11.07-14.54.56:703][  0]LogPakFile: OnPakFileMounted2Time == 0.000131
[2022.11.07-14.54.56:710][  0]LogPakFile: PakFile PrimaryIndexSize=188
[2022.11.07-14.54.56:710][  0]LogPakFile: PakFile PathHashIndexSize=101
[2022.11.07-14.54.56:710][  0]LogPakFile: PakFile FullDirectoryIndexSize=150
[2022.11.07-14.54.56:710][  0]LogShaderLibrary: Display: ShaderCodeLibraryPakFileMountedCallback: PakFile 'C:/Program Files/Epic Games/UE_4.27/FeaturePacks/TP_SideScroller.upack' (chunk index -1, root 'root:/') mounted
[2022.11.07-14.54.56:710][  0]LogShaderLibrary: Display: ShaderCodeLibraryPakFileMountedCallback: pending pak file info (ChunkID:-1 Root:root:/ File:C:/Program Files/Epic Games/UE_4.27/FeaturePacks/TP_SideScroller.upack)
[2022.11.07-14.54.56:710][  0]LogPakFile: OnPakFileMounted2Time == 0.000175
[2022.11.07-14.54.56:718][  0]LogPakFile: PakFile PrimaryIndexSize=190
[2022.11.07-14.54.56:718][  0]LogPakFile: PakFile PathHashIndexSize=101
[2022.11.07-14.54.56:718][  0]LogPakFile: PakFile FullDirectoryIndexSize=154
[2022.11.07-14.54.56:718][  0]LogShaderLibrary: Display: ShaderCodeLibraryPakFileMountedCallback: PakFile 'C:/Program Files/Epic Games/UE_4.27/FeaturePacks/TP_SideScrollerBP.upack' (chunk index -1, root 'root:/') mounted
[2022.11.07-14.54.56:718][  0]LogShaderLibrary: Display: ShaderCodeLibraryPakFileMountedCallback: pending pak file info (ChunkID:-1 Root:root:/ File:C:/Program Files/Epic Games/UE_4.27/FeaturePacks/TP_SideScrollerBP.upack)
[2022.11.07-14.54.56:718][  0]LogPakFile: OnPakFileMounted2Time == 0.000162
[2022.11.07-14.54.56:726][  0]LogPakFile: PakFile PrimaryIndexSize=187
[2022.11.07-14.54.56:726][  0]LogPakFile: PakFile PathHashIndexSize=101
[2022.11.07-14.54.56:726][  0]LogPakFile: PakFile FullDirectoryIndexSize=148
[2022.11.07-14.54.56:726][  0]LogShaderLibrary: Display: ShaderCodeLibraryPakFileMountedCallback: PakFile 'C:/Program Files/Epic Games/UE_4.27/FeaturePacks/TP_ThirdPerson.upack' (chunk index -1, root 'root:/') mounted
[2022.11.07-14.54.56:726][  0]LogShaderLibrary: Display: ShaderCodeLibraryPakFileMountedCallback: pending pak file info (ChunkID:-1 Root:root:/ File:C:/Program Files/Epic Games/UE_4.27/FeaturePacks/TP_ThirdPerson.upack)
[2022.11.07-14.54.56:726][  0]LogPakFile: OnPakFileMounted2Time == 0.000160
[2022.11.07-14.54.56:732][  0]LogPakFile: PakFile PrimaryIndexSize=189
[2022.11.07-14.54.56:733][  0]LogPakFile: PakFile PathHashIndexSize=101
[2022.11.07-14.54.56:733][  0]LogPakFile: PakFile FullDirectoryIndexSize=152
[2022.11.07-14.54.56:733][  0]LogShaderLibrary: Display: ShaderCodeLibraryPakFileMountedCallback: PakFile 'C:/Program Files/Epic Games/UE_4.27/FeaturePacks/TP_ThirdPersonBP.upack' (chunk index -1, root 'root:/') mounted
[2022.11.07-14.54.56:733][  0]LogShaderLibrary: Display: ShaderCodeLibraryPakFileMountedCallback: pending pak file info (ChunkID:-1 Root:root:/ File:C:/Program Files/Epic Games/UE_4.27/FeaturePacks/TP_ThirdPersonBP.upack)
[2022.11.07-14.54.56:733][  0]LogPakFile: OnPakFileMounted2Time == 0.000146
[2022.11.07-14.54.56:741][  0]LogPakFile: PakFile PrimaryIndexSize=183
[2022.11.07-14.54.56:742][  0]LogPakFile: PakFile PathHashIndexSize=101
[2022.11.07-14.54.56:742][  0]LogPakFile: PakFile FullDirectoryIndexSize=140
[2022.11.07-14.54.56:742][  0]LogShaderLibrary: Display: ShaderCodeLibraryPakFileMountedCallback: PakFile 'C:/Program Files/Epic Games/UE_4.27/FeaturePacks/TP_TopDown.upack' (chunk index -1, root 'root:/') mounted
[2022.11.07-14.54.56:742][  0]LogShaderLibrary: Display: ShaderCodeLibraryPakFileMountedCallback: pending pak file info (ChunkID:-1 Root:root:/ File:C:/Program Files/Epic Games/UE_4.27/FeaturePacks/TP_TopDown.upack)
[2022.11.07-14.54.56:742][  0]LogPakFile: OnPakFileMounted2Time == 0.000218
[2022.11.07-14.54.56:748][  0]LogPakFile: PakFile PrimaryIndexSize=185
[2022.11.07-14.54.56:748][  0]LogPakFile: PakFile PathHashIndexSize=101
[2022.11.07-14.54.56:749][  0]LogPakFile: PakFile FullDirectoryIndexSize=144
[2022.11.07-14.54.56:749][  0]LogShaderLibrary: Display: ShaderCodeLibraryPakFileMountedCallback: PakFile 'C:/Program Files/Epic Games/UE_4.27/FeaturePacks/TP_TopDownBP.upack' (chunk index -1, root 'root:/') mounted
[2022.11.07-14.54.56:749][  0]LogShaderLibrary: Display: ShaderCodeLibraryPakFileMountedCallback: pending pak file info (ChunkID:-1 Root:root:/ File:C:/Program Files/Epic Games/UE_4.27/FeaturePacks/TP_TopDownBP.upack)
[2022.11.07-14.54.56:749][  0]LogPakFile: OnPakFileMounted2Time == 0.000167
[2022.11.07-14.54.56:758][  0]LogPakFile: PakFile PrimaryIndexSize=185
[2022.11.07-14.54.56:758][  0]LogPakFile: PakFile PathHashIndexSize=101
[2022.11.07-14.54.56:758][  0]LogPakFile: PakFile FullDirectoryIndexSize=144
[2022.11.07-14.54.56:759][  0]LogShaderLibrary: Display: ShaderCodeLibraryPakFileMountedCallback: PakFile 'C:/Program Files/Epic Games/UE_4.27/FeaturePacks/TP_TwinStick.upack' (chunk index -1, root 'root:/') mounted
[2022.11.07-14.54.56:759][  0]LogShaderLibrary: Display: ShaderCodeLibraryPakFileMountedCallback: pending pak file info (ChunkID:-1 Root:root:/ File:C:/Program Files/Epic Games/UE_4.27/FeaturePacks/TP_TwinStick.upack)
[2022.11.07-14.54.56:759][  0]LogPakFile: OnPakFileMounted2Time == 0.000137
[2022.11.07-14.54.56:765][  0]LogPakFile: PakFile PrimaryIndexSize=187
[2022.11.07-14.54.56:765][  0]LogPakFile: PakFile PathHashIndexSize=101
[2022.11.07-14.54.56:765][  0]LogPakFile: PakFile FullDirectoryIndexSize=148
[2022.11.07-14.54.56:765][  0]LogShaderLibrary: Display: ShaderCodeLibraryPakFileMountedCallback: PakFile 'C:/Program Files/Epic Games/UE_4.27/FeaturePacks/TP_TwinStickBP.upack' (chunk index -1, root 'root:/') mounted
[2022.11.07-14.54.56:765][  0]LogShaderLibrary: Display: ShaderCodeLibraryPakFileMountedCallback: pending pak file info (ChunkID:-1 Root:root:/ File:C:/Program Files/Epic Games/UE_4.27/FeaturePacks/TP_TwinStickBP.upack)
[2022.11.07-14.54.56:765][  0]LogPakFile: OnPakFileMounted2Time == 0.000149
[2022.11.07-14.54.56:771][  0]LogPakFile: PakFile PrimaryIndexSize=183
[2022.11.07-14.54.56:772][  0]LogPakFile: PakFile PathHashIndexSize=101
[2022.11.07-14.54.56:772][  0]LogPakFile: PakFile FullDirectoryIndexSize=140
[2022.11.07-14.54.56:772][  0]LogShaderLibrary: Display: ShaderCodeLibraryPakFileMountedCallback: PakFile 'C:/Program Files/Epic Games/UE_4.27/FeaturePacks/TP_Vehicle.upack' (chunk index -1, root 'root:/') mounted
[2022.11.07-14.54.56:772][  0]LogShaderLibrary: Display: ShaderCodeLibraryPakFileMountedCallback: pending pak file info (ChunkID:-1 Root:root:/ File:C:/Program Files/Epic Games/UE_4.27/FeaturePacks/TP_Vehicle.upack)
[2022.11.07-14.54.56:772][  0]LogPakFile: OnPakFileMounted2Time == 0.000147
[2022.11.07-14.54.56:778][  0]LogPakFile: PakFile PrimaryIndexSize=186
[2022.11.07-14.54.56:779][  0]LogPakFile: PakFile PathHashIndexSize=101
[2022.11.07-14.54.56:779][  0]LogPakFile: PakFile FullDirectoryIndexSize=146
[2022.11.07-14.54.56:779][  0]LogShaderLibrary: Display: ShaderCodeLibraryPakFileMountedCallback: PakFile 'C:/Program Files/Epic Games/UE_4.27/FeaturePacks/TP_VehicleAdv.upack' (chunk index -1, root 'root:/') mounted
[2022.11.07-14.54.56:779][  0]LogShaderLibrary: Display: ShaderCodeLibraryPakFileMountedCallback: pending pak file info (ChunkID:-1 Root:root:/ File:C:/Program Files/Epic Games/UE_4.27/FeaturePacks/TP_VehicleAdv.upack)
[2022.11.07-14.54.56:779][  0]LogPakFile: OnPakFileMounted2Time == 0.000146
[2022.11.07-14.54.56:785][  0]LogPakFile: PakFile PrimaryIndexSize=188
[2022.11.07-14.54.56:786][  0]LogPakFile: PakFile PathHashIndexSize=101
[2022.11.07-14.54.56:786][  0]LogPakFile: PakFile FullDirectoryIndexSize=150
[2022.11.07-14.54.56:786][  0]LogShaderLibrary: Display: ShaderCodeLibraryPakFileMountedCallback: PakFile 'C:/Program Files/Epic Games/UE_4.27/FeaturePacks/TP_VehicleAdvBP.upack' (chunk index -1, root 'root:/') mounted
[2022.11.07-14.54.56:786][  0]LogShaderLibrary: Display: ShaderCodeLibraryPakFileMountedCallback: pending pak file info (ChunkID:-1 Root:root:/ File:C:/Program Files/Epic Games/UE_4.27/FeaturePacks/TP_VehicleAdvBP.upack)
[2022.11.07-14.54.56:786][  0]LogPakFile: OnPakFileMounted2Time == 0.000163
[2022.11.07-14.54.56:793][  0]LogPakFile: PakFile PrimaryIndexSize=185
[2022.11.07-14.54.56:793][  0]LogPakFile: PakFile PathHashIndexSize=101
[2022.11.07-14.54.56:793][  0]LogPakFile: PakFile FullDirectoryIndexSize=144
[2022.11.07-14.54.56:793][  0]LogShaderLibrary: Display: ShaderCodeLibraryPakFileMountedCallback: PakFile 'C:/Program Files/Epic Games/UE_4.27/FeaturePacks/TP_VehicleBP.upack' (chunk index -1, root 'root:/') mounted
[2022.11.07-14.54.56:793][  0]LogShaderLibrary: Display: ShaderCodeLibraryPakFileMountedCallback: pending pak file info (ChunkID:-1 Root:root:/ File:C:/Program Files/Epic Games/UE_4.27/FeaturePacks/TP_VehicleBP.upack)
[2022.11.07-14.54.56:793][  0]LogPakFile: OnPakFileMounted2Time == 0.000151
[2022.11.07-14.54.56:799][  0]LogPakFile: PakFile PrimaryIndexSize=192
[2022.11.07-14.54.56:800][  0]LogPakFile: PakFile PathHashIndexSize=101
[2022.11.07-14.54.56:800][  0]LogPakFile: PakFile FullDirectoryIndexSize=158
[2022.11.07-14.54.56:800][  0]LogShaderLibrary: Display: ShaderCodeLibraryPakFileMountedCallback: PakFile 'C:/Program Files/Epic Games/UE_4.27/FeaturePacks/TP_VirtualRealityBP.upack' (chunk index -1, root 'root:/') mounted
[2022.11.07-14.54.56:800][  0]LogShaderLibrary: Display: ShaderCodeLibraryPakFileMountedCallback: pending pak file info (ChunkID:-1 Root:root:/ File:C:/Program Files/Epic Games/UE_4.27/FeaturePacks/TP_VirtualRealityBP.upack)
[2022.11.07-14.54.56:800][  0]LogPakFile: OnPakFileMounted2Time == 0.000167
[2022.11.07-14.54.57:048][  0]LogNativeClassHierarchy: Verbose: Native class hierarchy updated for 'AddContentDialog' in 0.0003 seconds. Added 0 classes and 0 folders.
[2022.11.07-14.54.57:050][  0]LogNativeClassHierarchy: Verbose: Native class hierarchy updated for 'SceneOutliner' in 0.0003 seconds. Added 2 classes and 0 folders.
[2022.11.07-14.54.57:133][  0]LogSlate: Took 0.007729 seconds to synchronously load lazily loaded font '../../../Engine/Content/Editor/Slate/Fonts/FontAwesome.ttf' (139K)
[2022.11.07-14.54.57:140][  0]LogSlate: Took 0.005321 seconds to synchronously load lazily loaded font '../../../Engine/Content/Slate/Fonts/Roboto-Bold.ttf' (160K)
[2022.11.07-14.54.57:307][  0]LogRenderer: Reallocating scene render targets to support 964x432 Format 10 NumSamples 1 (Frame:1).
[2022.11.07-14.54.57:425][  0]LogSlate: Took 0.007378 seconds to synchronously load lazily loaded font '../../../Engine/Content/Slate/Fonts/Roboto-Light.ttf' (167K)
[2022.11.07-14.54.57:475][  0]LogNativeClassHierarchy: Verbose: Native class hierarchy updated for 'HierarchicalLODOutliner' in 0.0004 seconds. Added 0 classes and 0 folders.
[2022.11.07-14.54.57:476][  0]LogInput: Warning: Action Jump uses invalid key OculusGo_Left_Trigger_Click.
[2022.11.07-14.54.57:476][  0]LogInput: Warning: Action ResetVR uses invalid key OculusGo_Left_Trackpad_Click.
[2022.11.07-14.54.57:477][  0]LogInput: Warning: Use -RemoveInvalidKeys to remove instances of these keys from the action mapping.
[2022.11.07-14.54.57:477][  0]LogLoad: (Engine Initialization) Total time: 41.10 seconds
[2022.11.07-14.54.57:477][  0]LogLoad: (Engine Initialization) Total Blueprint compile time: 0.00 seconds
[2022.11.07-14.54.57:536][  0]LogAssetRegistry: Asset discovery search completed in 23.6252 seconds
[2022.11.07-14.54.57:577][  0]LogCollectionManager: Fixed up redirectors for 0 collections in 0.000004 seconds (updated 0 objects)
[2022.11.07-14.54.57:578][  0]LogContentStreaming: Texture pool size now 1000 MB
[2022.11.07-14.56.46:951][143]LogSlate: Took 0.000176 seconds to synchronously load lazily loaded font '../../../Engine/Content/Slate/Fonts/Roboto-Light.ttf' (167K)
[2022.11.07-14.56.46:991][143]LogEditorClassViewer: Warning: Class /Engine/Tutorial/InWorldBlueprintEditing/TutorialAssets/IWBE_Blutility.IWBE_Blutility_C has parent /Script/Blutility.PlacedEditorUtilityBase, but this parent is not found. The Class will not be shown in ClassViewer.
[2022.11.07-14.56.47:081][143]LogSlate: Took 0.010236 seconds to synchronously load lazily loaded font '../../../Engine/Content/Slate/Fonts/Roboto-BoldCondensed.ttf' (158K)
[2022.11.07-14.56.51:547][360]LogWindowsTextInputMethodSystem: Display: IME system deactivated.
[2022.11.07-14.56.51:548][360]LogWindowsTextInputMethodSystem: Display: IME system deactivated.
[2022.11.07-14.57.03:152][861]Running C:/Program Files/Epic Games/UE_4.27/Engine/Binaries/DotNET/UnrealBuildTool.exe  -projectfiles -project="C:/Users/Anastasia/Documents/Unreal Projects/UE_Course_HW2/UE_Course_HW2.uproject" -game -rocket -progress
[2022.11.07-14.57.03:663][861]Discovering modules, targets and source code for project...
[2022.11.07-14.57.09:696][861]Binding IntelliSense data...
[2022.11.07-14.57.23:097][861]Binding IntelliSense data... 50%
[2022.11.07-14.57.23:098][861]Binding IntelliSense data... 100%
[2022.11.07-14.57.23:098][861]Writing project files...
[2022.11.07-14.57.30:139][861]Writing project files... 100%
[2022.11.07-14.57.30:409][861]Candidate modules for hot reload:
[2022.11.07-14.57.30:410][861]  UE_Course_HW2
[2022.11.07-14.57.30:411][861]Launching UnrealBuildTool... [C:/Program Files/Epic Games/UE_4.27/Engine/Binaries/DotNET/UnrealBuildTool.exe  -ModuleWithSuffix=UE_Course_HW2,5859 UE_Course_HW2Editor Win64 Development -Project="C:/Users/Anastasia/Documents/Unreal Projects/UE_Course_HW2/UE_Course_HW2.uproject" "C:/Users/Anastasia/Documents/Unreal Projects/UE_Course_HW2/UE_Course_HW2.uproject"  -IgnoreJunk]
[2022.11.07-14.58.08:912][861]CompilerResultsLog: New page: Compilation - Nov 7, 2022, 6:58:08 PM
[2022.11.07-14.58.08:912][861]CompilerResultsLog: Using 'git status' to determine working set for adaptive non-unity build (C:\Users\Anastasia\Documents\Unreal Projects).
[2022.11.07-14.58.08:912][861]CompilerResultsLog: Creating makefile for UE_Course_HW2Editor (no existing makefile)
[2022.11.07-14.58.08:912][861]CompilerResultsLog: Parsing headers for UE_Course_HW2Editor
[2022.11.07-14.58.08:912][861]CompilerResultsLog:   Running UnrealHeaderTool "C:\Users\Anastasia\Documents\Unreal Projects\UE_Course_HW2\UE_Course_HW2.uproject" "C:\Users\Anastasia\Documents\Unreal Projects\UE_Course_HW2\Intermediate\Build\Win64\UE_Course_HW2Editor\Development\UE_Course_HW2Editor.uhtmanifest" -LogCmds="loginit warning, logexit warning, logdatabase error" -Unattended -WarningsAsErrors -abslog="C:\Users\Anastasia\AppData\Local\UnrealBuildTool\Log_UHT.txt" -installed
[2022.11.07-14.58.08:913][861]CompilerResultsLog: LogInit: Display: Loading text-based GConfig....
[2022.11.07-14.58.08:913][861]CompilerResultsLog: Reflection code generated for UE_Course_HW2Editor in 25.4740189 seconds
[2022.11.07-14.58.08:913][861]CompilerResultsLog: Building UE_Course_HW2Editor...
[2022.11.07-14.58.08:913][861]CompilerResultsLog: Using Visual Studio 2022 14.33.31630 toolchain (C:\Program Files\Microsoft Visual Studio\2022\Community\VC\Tools\MSVC\14.33.31629) and Windows 10.0.19041.0 SDK (C:\Program Files (x86)\Windows Kits\10).
[2022.11.07-14.58.08:913][861]CompilerResultsLog: Building 6 actions with 8 processes...
[2022.11.07-14.58.08:913][861]CompilerResultsLog:   [1/6] UE_Course_HW2.init.gen.cpp
[2022.11.07-14.58.08:913][861]CompilerResultsLog:   [2/6] FirstRadioChild.cpp
[2022.11.07-14.58.08:913][861]CompilerResultsLog:   [3/6] FirstRadioChild.gen.cpp
[2022.11.07-14.58.08:913][861]CompilerResultsLog:   [4/6] UE4Editor-UE_Course_HW2-5859.lib
[2022.11.07-14.58.08:913][861]CompilerResultsLog:      Creating library C:\Users\Anastasia\Documents\Unreal Projects\UE_Course_HW2\Intermediate\Build\Win64\UE4Editor\Development\UE_Course_HW2\UE4Editor-UE_Course_HW2-5859.lib and object C:\Users\Anastasia\Documents\Unreal Projects\UE_Course_HW2\Intermediate\Build\Win64\UE4Editor\Development\UE_Course_HW2\UE4Editor-UE_Course_HW2-5859.exp
[2022.11.07-14.58.08:913][861]CompilerResultsLog:   [5/6] UE4Editor-UE_Course_HW2-5859.dll
[2022.11.07-14.58.08:913][861]CompilerResultsLog:      Creating library C:\Users\Anastasia\Documents\Unreal Projects\UE_Course_HW2\Intermediate\Build\Win64\UE4Editor\Development\UE_Course_HW2\UE4Editor-UE_Course_HW2-5859.suppressed.lib and object C:\Users\Anastasia\Documents\Unreal Projects\UE_Course_HW2\Intermediate\Build\Win64\UE4Editor\Development\UE_Course_HW2\UE4Editor-UE_Course_HW2-5859.suppressed.exp
[2022.11.07-14.58.08:913][861]CompilerResultsLog:   [6/6] UE_Course_HW2Editor.target
[2022.11.07-14.58.08:914][861]CompilerResultsLog: Total time in Parallel executor: 9.61 seconds
[2022.11.07-14.58.08:914][861]CompilerResultsLog: Total execution time: 38.39 seconds
[2022.11.07-14.58.08:914][861]LogMainFrame: MainFrame: Module compiling took 38.532 seconds
[2022.11.07-14.58.08:990][861]LogClass: Could not find existing class FirstRadioChild in package /Script/UE_Course_HW2 for HotReload, assuming new class
[2022.11.07-14.58.09:001][861]LogNativeClassHierarchy: Verbose: Native class hierarchy updated for 'UE_Course_HW2' in 0.0005 seconds. Added 4 classes and 3 folders.
[2022.11.07-14.58.09:005][861]Display: HotReload successful (1 functions remapped  0 scriptstructs remapped)
[2022.11.07-14.58.09:088][861]LogNativeClassHierarchy: Verbose: Native class hierarchy populated in 0.0143 seconds. Added 3826 classes and 931 folders.
[2022.11.07-14.58.09:090][861]Display: HotReload took 38.7s.
[2022.11.07-14.58.09:101][861]Warning: HotReload operation took 38.8s.
[2022.11.07-14.58.10:007][861]LogVSAccessor: Warning: Couldn't goto line number '1' in 'C:/Users/Anastasia/Documents/Unreal Projects/UE_Course_HW2/Source/UE_Course_HW2/Public/FirstRadioChild.h'
[2022.11.07-14.58.10:015][861]LogVSAccessor: Warning: Couldn't open file 'C:/Users/Anastasia/Documents/Unreal Projects/UE_Course_HW2/Source/UE_Course_HW2/Private/FirstRadioChild.cpp'.
[2022.11.07-14.58.10:023][861]LogSlate: Window 'Add C++ Class' being destroyed
[2022.11.07-14.58.10:038][861]LogHotReload: New module detected: UE4Editor-UE_Course_HW2-5859.dll
[2022.11.07-14.58.10:115][862]LogHotReload: Starting Hot-Reload from IDE
[2022.11.07-14.58.10:147][862]LogNativeClassHierarchy: Verbose: Native class hierarchy updated for 'UE_Course_HW2' in 0.0003 seconds. Added 4 classes and 3 folders.
[2022.11.07-14.58.10:149][862]Display: HotReload successful (0 functions remapped  0 scriptstructs remapped)
[2022.11.07-14.58.10:163][862]LogNativeClassHierarchy: Verbose: Native class hierarchy populated in 0.0107 seconds. Added 3826 classes and 931 folders.
[2022.11.07-14.58.10:167][862]Display: HotReload took  0.1s.
